{"/home/katja/Dokumente/alo/main/alo.full.js":{"path":"/home/katja/Dokumente/alo/main/alo.full.js","statementMap":{"0":{"start":{"line":3,"column":10},"end":{"line":3,"column":36}},"1":{"start":{"line":4,"column":16},"end":{"line":4,"column":48}},"2":{"start":{"line":6,"column":0},"end":{"line":6,"column":32}}},"fnMap":{},"branchMap":{},"s":{"0":1,"1":1,"2":1},"f":{},"b":{},"_coverageSchema":"332fd63041d2c1bcb487cc26dd0d5f7d97098a6c","hash":"2b374c5bed86e858028fcbcb7e4aad69bc131d76","contentHash":"e7c2ce36f833dd54b0d1106f814c9be2_10.0.0"},"/home/katja/Dokumente/alo/lib/alo.js":{"path":"/home/katja/Dokumente/alo/lib/alo.js","statementMap":{"0":{"start":{"line":3,"column":10},"end":{"line":13,"column":1}},"1":{"start":{"line":4,"column":13},"end":{"line":4,"column":38}},"2":{"start":{"line":11,"column":2},"end":{"line":11,"column":25}},"3":{"start":{"line":12,"column":2},"end":{"line":12,"column":77}},"4":{"start":{"line":15,"column":0},"end":{"line":20,"column":2}},"5":{"start":{"line":16,"column":21},"end":{"line":16,"column":62}},"6":{"start":{"line":17,"column":21},"end":{"line":17,"column":58}},"7":{"start":{"line":18,"column":2},"end":{"line":18,"column":46}},"8":{"start":{"line":19,"column":2},"end":{"line":19,"column":22}},"9":{"start":{"line":22,"column":0},"end":{"line":25,"column":2}},"10":{"start":{"line":23,"column":21},"end":{"line":23,"column":62}},"11":{"start":{"line":24,"column":2},"end":{"line":24,"column":46}},"12":{"start":{"line":27,"column":0},"end":{"line":32,"column":2}},"13":{"start":{"line":28,"column":19},"end":{"line":28,"column":56}},"14":{"start":{"line":29,"column":19},"end":{"line":29,"column":54}},"15":{"start":{"line":30,"column":2},"end":{"line":30,"column":42}},"16":{"start":{"line":31,"column":2},"end":{"line":31,"column":20}},"17":{"start":{"line":34,"column":0},"end":{"line":37,"column":2}},"18":{"start":{"line":35,"column":19},"end":{"line":35,"column":56}},"19":{"start":{"line":36,"column":2},"end":{"line":36,"column":42}},"20":{"start":{"line":39,"column":0},"end":{"line":44,"column":2}},"21":{"start":{"line":40,"column":15},"end":{"line":40,"column":44}},"22":{"start":{"line":41,"column":15},"end":{"line":41,"column":46}},"23":{"start":{"line":42,"column":2},"end":{"line":42,"column":34}},"24":{"start":{"line":43,"column":2},"end":{"line":43,"column":16}},"25":{"start":{"line":46,"column":0},"end":{"line":49,"column":2}},"26":{"start":{"line":47,"column":15},"end":{"line":47,"column":44}},"27":{"start":{"line":48,"column":2},"end":{"line":48,"column":34}},"28":{"start":{"line":74,"column":0},"end":{"line":79,"column":2}},"29":{"start":{"line":75,"column":16},"end":{"line":75,"column":47}},"30":{"start":{"line":76,"column":16},"end":{"line":76,"column":48}},"31":{"start":{"line":77,"column":2},"end":{"line":77,"column":36}},"32":{"start":{"line":78,"column":2},"end":{"line":78,"column":17}},"33":{"start":{"line":88,"column":0},"end":{"line":91,"column":2}},"34":{"start":{"line":89,"column":16},"end":{"line":89,"column":47}},"35":{"start":{"line":90,"column":2},"end":{"line":90,"column":36}},"36":{"start":{"line":97,"column":0},"end":{"line":103,"column":2}},"37":{"start":{"line":98,"column":14},"end":{"line":98,"column":41}},"38":{"start":{"line":99,"column":14},"end":{"line":99,"column":44}},"39":{"start":{"line":100,"column":2},"end":{"line":100,"column":32}},"40":{"start":{"line":101,"column":2},"end":{"line":101,"column":20}},"41":{"start":{"line":102,"column":2},"end":{"line":102,"column":15}},"42":{"start":{"line":112,"column":0},"end":{"line":118,"column":2}},"43":{"start":{"line":113,"column":2},"end":{"line":113,"column":35}},"44":{"start":{"line":114,"column":14},"end":{"line":114,"column":41}},"45":{"start":{"line":115,"column":16},"end":{"line":115,"column":38}},"46":{"start":{"line":116,"column":16},"end":{"line":116,"column":72}},"47":{"start":{"line":117,"column":2},"end":{"line":117,"column":28}},"48":{"start":{"line":120,"column":0},"end":{"line":123,"column":2}},"49":{"start":{"line":121,"column":19},"end":{"line":121,"column":56}},"50":{"start":{"line":122,"column":2},"end":{"line":122,"column":42}},"51":{"start":{"line":125,"column":0},"end":{"line":130,"column":2}},"52":{"start":{"line":126,"column":19},"end":{"line":126,"column":56}},"53":{"start":{"line":127,"column":19},"end":{"line":127,"column":54}},"54":{"start":{"line":128,"column":2},"end":{"line":128,"column":42}},"55":{"start":{"line":129,"column":2},"end":{"line":129,"column":20}},"56":{"start":{"line":132,"column":0},"end":{"line":132,"column":21}}},"fnMap":{"0":{"name":"Alo","decl":{"start":{"line":3,"column":19},"end":{"line":3,"column":22}},"loc":{"start":{"line":3,"column":27},"end":{"line":13,"column":1}}},"1":{"name":"createSubscription","decl":{"start":{"line":15,"column":44},"end":{"line":15,"column":62}},"loc":{"start":{"line":15,"column":65},"end":{"line":20,"column":1}}},"2":{"name":"isSubscription","decl":{"start":{"line":22,"column":40},"end":{"line":22,"column":54}},"loc":{"start":{"line":22,"column":69},"end":{"line":25,"column":1}}},"3":{"name":"createDependency","decl":{"start":{"line":27,"column":42},"end":{"line":27,"column":58}},"loc":{"start":{"line":27,"column":61},"end":{"line":32,"column":1}}},"4":{"name":"isDependency","decl":{"start":{"line":34,"column":38},"end":{"line":34,"column":50}},"loc":{"start":{"line":34,"column":63},"end":{"line":37,"column":1}}},"5":{"name":"createMember","decl":{"start":{"line":39,"column":38},"end":{"line":39,"column":50}},"loc":{"start":{"line":39,"column":53},"end":{"line":44,"column":1}}},"6":{"name":"isMember","decl":{"start":{"line":46,"column":34},"end":{"line":46,"column":42}},"loc":{"start":{"line":46,"column":51},"end":{"line":49,"column":1}}},"7":{"name":"createReducer","decl":{"start":{"line":74,"column":39},"end":{"line":74,"column":52}},"loc":{"start":{"line":74,"column":55},"end":{"line":79,"column":1}}},"8":{"name":"isReducer","decl":{"start":{"line":88,"column":35},"end":{"line":88,"column":44}},"loc":{"start":{"line":88,"column":54},"end":{"line":91,"column":1}}},"9":{"name":"createStore","decl":{"start":{"line":97,"column":37},"end":{"line":97,"column":48}},"loc":{"start":{"line":97,"column":51},"end":{"line":103,"column":1}}},"10":{"name":"isStore","decl":{"start":{"line":112,"column":33},"end":{"line":112,"column":40}},"loc":{"start":{"line":112,"column":60},"end":{"line":118,"column":1}}},"11":{"name":"isMiddleware","decl":{"start":{"line":120,"column":38},"end":{"line":120,"column":50}},"loc":{"start":{"line":120,"column":63},"end":{"line":123,"column":1}}},"12":{"name":"createMiddleware","decl":{"start":{"line":125,"column":42},"end":{"line":125,"column":58}},"loc":{"start":{"line":125,"column":61},"end":{"line":130,"column":1}}}},"branchMap":{"0":{"loc":{"start":{"line":12,"column":13},"end":{"line":12,"column":76}},"type":"cond-expr","locations":[{"start":{"line":12,"column":51},"end":{"line":12,"column":53}},{"start":{"line":12,"column":56},"end":{"line":12,"column":76}}]},"1":{"loc":{"start":{"line":12,"column":13},"end":{"line":12,"column":48}},"type":"binary-expr","locations":[{"start":{"line":12,"column":13},"end":{"line":12,"column":35}},{"start":{"line":12,"column":39},"end":{"line":12,"column":48}}]},"2":{"loc":{"start":{"line":116,"column":16},"end":{"line":116,"column":72}},"type":"binary-expr","locations":[{"start":{"line":116,"column":16},"end":{"line":116,"column":27}},{"start":{"line":116,"column":31},"end":{"line":116,"column":41}},{"start":{"line":116,"column":45},"end":{"line":116,"column":72}}]},"3":{"loc":{"start":{"line":117,"column":9},"end":{"line":117,"column":27}},"type":"binary-expr","locations":[{"start":{"line":117,"column":9},"end":{"line":117,"column":16}},{"start":{"line":117,"column":20},"end":{"line":117,"column":27}}]}},"s":{"0":1,"1":16,"2":16,"3":16,"4":1,"5":13,"6":13,"7":13,"8":13,"9":1,"10":23,"11":23,"12":1,"13":4,"14":4,"15":4,"16":4,"17":1,"18":16,"19":16,"20":1,"21":4,"22":4,"23":4,"24":4,"25":1,"26":5,"27":5,"28":1,"29":14,"30":14,"31":14,"32":14,"33":1,"34":27,"35":27,"36":1,"37":18,"38":18,"39":18,"40":18,"41":18,"42":1,"43":75,"44":75,"45":75,"46":75,"47":75,"48":1,"49":15,"50":15,"51":1,"52":5,"53":5,"54":5,"55":5,"56":1},"f":{"0":16,"1":13,"2":23,"3":4,"4":16,"5":4,"6":5,"7":14,"8":27,"9":18,"10":75,"11":15,"12":5},"b":{"0":[0,16],"1":[16,0],"2":[75,0,0],"3":[75,42]},"_coverageSchema":"332fd63041d2c1bcb487cc26dd0d5f7d97098a6c","hash":"a1628a1565f4b4e8a7a878f7261a0635d59c496d","contentHash":"919fc9c142f61f53c4f33370ac50ca17_10.0.0"},"/home/katja/Dokumente/alo/main/extend/addExtras.js":{"path":"/home/katja/Dokumente/alo/main/extend/addExtras.js","statementMap":{"0":{"start":{"line":3,"column":16},"end":{"line":15,"column":1}},"1":{"start":{"line":4,"column":15},"end":{"line":4,"column":54}},"2":{"start":{"line":13,"column":2},"end":{"line":13,"column":32}},"3":{"start":{"line":14,"column":2},"end":{"line":14,"column":13}},"4":{"start":{"line":17,"column":0},"end":{"line":17,"column":27}}},"fnMap":{"0":{"name":"addExtras","decl":{"start":{"line":3,"column":25},"end":{"line":3,"column":34}},"loc":{"start":{"line":3,"column":40},"end":{"line":15,"column":1}}}},"branchMap":{},"s":{"0":1,"1":2,"2":2,"3":2,"4":1},"f":{"0":2},"b":{},"_coverageSchema":"332fd63041d2c1bcb487cc26dd0d5f7d97098a6c","hash":"a272713448bd2d6cd2133b8288e120ee8c2bc343","contentHash":"51edfa71d7df6c59c1998d3d130d5630_10.0.0"},"/home/katja/Dokumente/alo/lib/extras/extras.js":{"path":"/home/katja/Dokumente/alo/lib/extras/extras.js","statementMap":{"0":{"start":{"line":6,"column":13},"end":{"line":6,"column":15}},"1":{"start":{"line":11,"column":0},"end":{"line":11,"column":43}},"2":{"start":{"line":15,"column":0},"end":{"line":15,"column":49}},"3":{"start":{"line":17,"column":0},"end":{"line":17,"column":24}}},"fnMap":{},"branchMap":{},"s":{"0":1,"1":1,"2":1,"3":1},"f":{},"b":{},"_coverageSchema":"332fd63041d2c1bcb487cc26dd0d5f7d97098a6c","hash":"90d66d31b53f2c5e28f8a94036e6496f370d14c8","contentHash":"02747ad43d7159bc035dc005bdd49c45_10.0.0"},"/home/katja/Dokumente/alo/lib/extras/reducers.js":{"path":"/home/katja/Dokumente/alo/lib/extras/reducers.js","statementMap":{"0":{"start":{"line":3,"column":10},"end":{"line":3,"column":32}},"1":{"start":{"line":4,"column":10},"end":{"line":4,"column":19}},"2":{"start":{"line":7,"column":15},"end":{"line":7,"column":17}},"3":{"start":{"line":14,"column":0},"end":{"line":25,"column":2}},"4":{"start":{"line":15,"column":15},"end":{"line":22,"column":3}},"5":{"start":{"line":16,"column":4},"end":{"line":20,"column":5}},"6":{"start":{"line":17,"column":6},"end":{"line":19,"column":7}},"7":{"start":{"line":18,"column":8},"end":{"line":18,"column":30}},"8":{"start":{"line":21,"column":4},"end":{"line":21,"column":17}},"9":{"start":{"line":24,"column":2},"end":{"line":24,"column":35}},"10":{"start":{"line":27,"column":0},"end":{"line":27,"column":26}}},"fnMap":{"0":{"name":"(anonymous_0)","decl":{"start":{"line":14,"column":32},"end":{"line":14,"column":33}},"loc":{"start":{"line":14,"column":44},"end":{"line":25,"column":1}}},"1":{"name":"reduce","decl":{"start":{"line":15,"column":24},"end":{"line":15,"column":30}},"loc":{"start":{"line":15,"column":46},"end":{"line":22,"column":3}}}},"branchMap":{"0":{"loc":{"start":{"line":16,"column":4},"end":{"line":20,"column":5}},"type":"if","locations":[{"start":{"line":16,"column":4},"end":{"line":20,"column":5}},{"start":{"line":16,"column":4},"end":{"line":20,"column":5}}]},"1":{"loc":{"start":{"line":16,"column":8},"end":{"line":16,"column":79}},"type":"binary-expr","locations":[{"start":{"line":16,"column":8},"end":{"line":16,"column":33}},{"start":{"line":16,"column":37},"end":{"line":16,"column":57}},{"start":{"line":16,"column":61},"end":{"line":16,"column":79}}]},"2":{"loc":{"start":{"line":17,"column":6},"end":{"line":19,"column":7}},"type":"if","locations":[{"start":{"line":17,"column":6},"end":{"line":19,"column":7}},{"start":{"line":17,"column":6},"end":{"line":19,"column":7}}]}},"s":{"0":1,"1":1,"2":1,"3":1,"4":3,"5":3,"6":3,"7":3,"8":0,"9":3,"10":1},"f":{"0":3,"1":3},"b":{"0":[3,0],"1":[3,3,0],"2":[3,0]},"_coverageSchema":"332fd63041d2c1bcb487cc26dd0d5f7d97098a6c","hash":"e5f60818899ab2583d5ca6cf5e742803cf1eb771","contentHash":"d914a42baa472a014044465bf84707ce_10.0.0"},"/home/katja/Dokumente/alo/lib/util/util.js":{"path":"/home/katja/Dokumente/alo/lib/util/util.js","statementMap":{"0":{"start":{"line":9,"column":11},"end":{"line":9,"column":29}},"1":{"start":{"line":18,"column":0},"end":{"line":18,"column":55}},"2":{"start":{"line":20,"column":0},"end":{"line":20,"column":49}},"3":{"start":{"line":27,"column":0},"end":{"line":27,"column":49}},"4":{"start":{"line":34,"column":0},"end":{"line":34,"column":51}},"5":{"start":{"line":41,"column":0},"end":{"line":41,"column":57}},"6":{"start":{"line":48,"column":0},"end":{"line":48,"column":53}},"7":{"start":{"line":55,"column":0},"end":{"line":55,"column":53}},"8":{"start":{"line":57,"column":0},"end":{"line":57,"column":47}},"9":{"start":{"line":64,"column":0},"end":{"line":64,"column":51}},"10":{"start":{"line":71,"column":0},"end":{"line":71,"column":63}},"11":{"start":{"line":78,"column":0},"end":{"line":78,"column":51}},"12":{"start":{"line":80,"column":0},"end":{"line":80,"column":43}},"13":{"start":{"line":87,"column":0},"end":{"line":87,"column":55}},"14":{"start":{"line":89,"column":0},"end":{"line":89,"column":55}},"15":{"start":{"line":96,"column":0},"end":{"line":96,"column":53}},"16":{"start":{"line":98,"column":0},"end":{"line":98,"column":51}},"17":{"start":{"line":100,"column":11},"end":{"line":100,"column":26}},"18":{"start":{"line":106,"column":0},"end":{"line":106,"column":42}},"19":{"start":{"line":113,"column":0},"end":{"line":113,"column":45}},"20":{"start":{"line":120,"column":0},"end":{"line":120,"column":40}},"21":{"start":{"line":127,"column":0},"end":{"line":127,"column":48}},"22":{"start":{"line":134,"column":0},"end":{"line":134,"column":42}},"23":{"start":{"line":141,"column":0},"end":{"line":141,"column":36}},"24":{"start":{"line":148,"column":0},"end":{"line":148,"column":34}},"25":{"start":{"line":155,"column":0},"end":{"line":155,"column":38}},"26":{"start":{"line":162,"column":0},"end":{"line":162,"column":40}},"27":{"start":{"line":169,"column":0},"end":{"line":169,"column":48}},"28":{"start":{"line":176,"column":0},"end":{"line":176,"column":58}},"29":{"start":{"line":178,"column":0},"end":{"line":178,"column":41}},"30":{"start":{"line":180,"column":0},"end":{"line":182,"column":2}},"31":{"start":{"line":181,"column":2},"end":{"line":181,"column":43}},"32":{"start":{"line":188,"column":0},"end":{"line":193,"column":2}},"33":{"start":{"line":189,"column":12},"end":{"line":189,"column":34}},"34":{"start":{"line":190,"column":12},"end":{"line":190,"column":40}},"35":{"start":{"line":191,"column":2},"end":{"line":191,"column":28}},"36":{"start":{"line":192,"column":2},"end":{"line":192,"column":13}},"37":{"start":{"line":195,"column":0},"end":{"line":200,"column":2}},"38":{"start":{"line":196,"column":23},"end":{"line":196,"column":54}},"39":{"start":{"line":197,"column":23},"end":{"line":197,"column":62}},"40":{"start":{"line":198,"column":2},"end":{"line":198,"column":50}},"41":{"start":{"line":199,"column":2},"end":{"line":199,"column":24}},"42":{"start":{"line":202,"column":0},"end":{"line":202,"column":22}}},"fnMap":{"0":{"name":"Util","decl":{"start":{"line":9,"column":20},"end":{"line":9,"column":24}},"loc":{"start":{"line":9,"column":27},"end":{"line":9,"column":29}}},"1":{"name":"createPromise","decl":{"start":{"line":180,"column":40},"end":{"line":180,"column":53}},"loc":{"start":{"line":180,"column":71},"end":{"line":182,"column":1}}},"2":{"name":"createAlo","decl":{"start":{"line":188,"column":36},"end":{"line":188,"column":45}},"loc":{"start":{"line":188,"column":48},"end":{"line":193,"column":1}}},"3":{"name":"createObjectRelation","decl":{"start":{"line":195,"column":47},"end":{"line":195,"column":67}},"loc":{"start":{"line":195,"column":70},"end":{"line":200,"column":1}}}},"branchMap":{},"s":{"0":1,"1":1,"2":1,"3":1,"4":1,"5":1,"6":1,"7":1,"8":1,"9":1,"10":1,"11":1,"12":1,"13":1,"14":1,"15":1,"16":1,"17":1,"18":1,"19":1,"20":1,"21":1,"22":1,"23":1,"24":1,"25":1,"26":1,"27":1,"28":1,"29":1,"30":1,"31":12,"32":1,"33":0,"34":0,"35":0,"36":0,"37":1,"38":22,"39":22,"40":22,"41":22,"42":1},"f":{"0":18,"1":12,"2":0,"3":22},"b":{},"_coverageSchema":"332fd63041d2c1bcb487cc26dd0d5f7d97098a6c","hash":"31c29f2dc6daf14d329cb3a6660f67425d44eedf","contentHash":"956c905ce4b1106903d85d416d8865b7_10.0.0"},"/home/katja/Dokumente/alo/lib/extras/middlewares.js":{"path":"/home/katja/Dokumente/alo/lib/extras/middlewares.js","statementMap":{"0":{"start":{"line":3,"column":10},"end":{"line":3,"column":32}},"1":{"start":{"line":4,"column":10},"end":{"line":4,"column":19}},"2":{"start":{"line":5,"column":8},"end":{"line":5,"column":16}},"3":{"start":{"line":7,"column":18},"end":{"line":7,"column":20}},"4":{"start":{"line":14,"column":0},"end":{"line":43,"column":2}},"5":{"start":{"line":15,"column":19},"end":{"line":40,"column":4}},"6":{"start":{"line":16,"column":15},"end":{"line":16,"column":34}},"7":{"start":{"line":17,"column":14},"end":{"line":17,"column":21}},"8":{"start":{"line":18,"column":15},"end":{"line":32,"column":5}},"9":{"start":{"line":19,"column":16},"end":{"line":19,"column":23}},"10":{"start":{"line":20,"column":6},"end":{"line":20,"column":24}},"11":{"start":{"line":21,"column":6},"end":{"line":31,"column":9}},"12":{"start":{"line":22,"column":8},"end":{"line":22,"column":37}},"13":{"start":{"line":24,"column":8},"end":{"line":30,"column":9}},"14":{"start":{"line":25,"column":10},"end":{"line":25,"column":33}},"15":{"start":{"line":26,"column":10},"end":{"line":26,"column":28}},"16":{"start":{"line":28,"column":10},"end":{"line":28,"column":33}},"17":{"start":{"line":29,"column":10},"end":{"line":29,"column":22}},"18":{"start":{"line":34,"column":4},"end":{"line":39,"column":5}},"19":{"start":{"line":35,"column":6},"end":{"line":35,"column":24}},"20":{"start":{"line":37,"column":6},"end":{"line":37,"column":24}},"21":{"start":{"line":38,"column":6},"end":{"line":38,"column":18}},"22":{"start":{"line":42,"column":2},"end":{"line":42,"column":20}},"23":{"start":{"line":45,"column":0},"end":{"line":45,"column":29}}},"fnMap":{"0":{"name":"createThunk","decl":{"start":{"line":14,"column":35},"end":{"line":14,"column":46}},"loc":{"start":{"line":14,"column":49},"end":{"line":43,"column":1}}},"1":{"name":"(anonymous_1)","decl":{"start":{"line":15,"column":40},"end":{"line":15,"column":41}},"loc":{"start":{"line":15,"column":52},"end":{"line":40,"column":3}}},"2":{"name":"walk","decl":{"start":{"line":18,"column":24},"end":{"line":18,"column":28}},"loc":{"start":{"line":18,"column":35},"end":{"line":32,"column":5}}},"3":{"name":"(anonymous_3)","decl":{"start":{"line":21,"column":38},"end":{"line":21,"column":39}},"loc":{"start":{"line":21,"column":50},"end":{"line":23,"column":7}}},"4":{"name":"(anonymous_4)","decl":{"start":{"line":23,"column":14},"end":{"line":23,"column":15}},"loc":{"start":{"line":23,"column":29},"end":{"line":31,"column":7}}}},"branchMap":{"0":{"loc":{"start":{"line":24,"column":8},"end":{"line":30,"column":9}},"type":"if","locations":[{"start":{"line":24,"column":8},"end":{"line":30,"column":9}},{"start":{"line":24,"column":8},"end":{"line":30,"column":9}}]},"1":{"loc":{"start":{"line":34,"column":4},"end":{"line":39,"column":5}},"type":"if","locations":[{"start":{"line":34,"column":4},"end":{"line":39,"column":5}},{"start":{"line":34,"column":4},"end":{"line":39,"column":5}}]}},"s":{"0":1,"1":1,"2":1,"3":1,"4":1,"5":1,"6":1,"7":1,"8":1,"9":2,"10":2,"11":2,"12":2,"13":2,"14":1,"15":1,"16":1,"17":1,"18":1,"19":1,"20":0,"21":0,"22":1,"23":1},"f":{"0":1,"1":1,"2":2,"3":2,"4":2},"b":{"0":[1,1],"1":[1,0]},"_coverageSchema":"332fd63041d2c1bcb487cc26dd0d5f7d97098a6c","hash":"e1fe4cec22382919db45805c8868327f6127e0e6","contentHash":"81cf9fad548c0d2194bb567c7633bc9a_10.0.0"},"/home/katja/Dokumente/alo/main/alo.full.dev.js":{"path":"/home/katja/Dokumente/alo/main/alo.full.dev.js","statementMap":{"0":{"start":{"line":3,"column":10},"end":{"line":3,"column":36}},"1":{"start":{"line":4,"column":16},"end":{"line":4,"column":45}},"2":{"start":{"line":5,"column":13},"end":{"line":5,"column":42}},"3":{"start":{"line":7,"column":0},"end":{"line":7,"column":40}}},"fnMap":{},"branchMap":{},"s":{"0":1,"1":1,"2":1,"3":1},"f":{},"b":{},"_coverageSchema":"332fd63041d2c1bcb487cc26dd0d5f7d97098a6c","hash":"b7bba44c5788486e34c14e23e7a179de6f463626","contentHash":"db6fd50260f96f208853ae4d38b45a49_10.0.0"},"/home/katja/Dokumente/alo/main/extend/addDev.js":{"path":"/home/katja/Dokumente/alo/main/extend/addDev.js","statementMap":{"0":{"start":{"line":3,"column":13},"end":{"line":22,"column":1}},"1":{"start":{"line":4,"column":23},"end":{"line":6,"column":3}},"2":{"start":{"line":5,"column":4},"end":{"line":5,"column":36}},"3":{"start":{"line":8,"column":15},"end":{"line":18,"column":3}},"4":{"start":{"line":9,"column":4},"end":{"line":9,"column":34}},"5":{"start":{"line":10,"column":4},"end":{"line":10,"column":45}},"6":{"start":{"line":11,"column":4},"end":{"line":11,"column":58}},"7":{"start":{"line":12,"column":4},"end":{"line":16,"column":6}},"8":{"start":{"line":13,"column":16},"end":{"line":13,"column":47}},"9":{"start":{"line":14,"column":6},"end":{"line":14,"column":35}},"10":{"start":{"line":15,"column":6},"end":{"line":15,"column":17}},"11":{"start":{"line":17,"column":4},"end":{"line":17,"column":20}},"12":{"start":{"line":19,"column":2},"end":{"line":19,"column":38}},"13":{"start":{"line":20,"column":2},"end":{"line":20,"column":51}},"14":{"start":{"line":21,"column":2},"end":{"line":21,"column":16}},"15":{"start":{"line":24,"column":0},"end":{"line":24,"column":24}}},"fnMap":{"0":{"name":"addDev","decl":{"start":{"line":3,"column":22},"end":{"line":3,"column":28}},"loc":{"start":{"line":3,"column":37},"end":{"line":22,"column":1}}},"1":{"name":"catchLongStack","decl":{"start":{"line":4,"column":32},"end":{"line":4,"column":46}},"loc":{"start":{"line":4,"column":55},"end":{"line":6,"column":3}}},"2":{"name":"Alo","decl":{"start":{"line":8,"column":24},"end":{"line":8,"column":27}},"loc":{"start":{"line":8,"column":30},"end":{"line":18,"column":3}}},"3":{"name":"createAlo","decl":{"start":{"line":12,"column":35},"end":{"line":12,"column":44}},"loc":{"start":{"line":12,"column":47},"end":{"line":16,"column":5}}}},"branchMap":{},"s":{"0":1,"1":2,"2":0,"3":2,"4":4,"5":4,"6":4,"7":4,"8":0,"9":0,"10":0,"11":4,"12":2,"13":2,"14":2,"15":1},"f":{"0":2,"1":0,"2":4,"3":0},"b":{},"_coverageSchema":"332fd63041d2c1bcb487cc26dd0d5f7d97098a6c","hash":"43b00eddf53a8cd1f026cf9a54ff42bcbfe696f0","contentHash":"4fe6aee361eca94e6d177e9ce661c745_10.0.0"},"/home/katja/Dokumente/alo/main/alo.js":{"path":"/home/katja/Dokumente/alo/main/alo.js","statementMap":{"0":{"start":{"line":3,"column":0},"end":{"line":3,"column":44}}},"fnMap":{},"branchMap":{},"s":{"0":1},"f":{},"b":{},"_coverageSchema":"332fd63041d2c1bcb487cc26dd0d5f7d97098a6c","hash":"ae1d57597b15cbb496bc2cf3baed7bfb34f0c851","contentHash":"37c255f1c5bc6f20088099d1cfa6e170_10.0.0"},"/home/katja/Dokumente/alo/main/alo.dev.js":{"path":"/home/katja/Dokumente/alo/main/alo.dev.js","statementMap":{"0":{"start":{"line":3,"column":10},"end":{"line":3,"column":36}},"1":{"start":{"line":4,"column":13},"end":{"line":4,"column":42}},"2":{"start":{"line":6,"column":0},"end":{"line":6,"column":29}}},"fnMap":{},"branchMap":{},"s":{"0":1,"1":1,"2":1},"f":{},"b":{},"_coverageSchema":"332fd63041d2c1bcb487cc26dd0d5f7d97098a6c","hash":"cac28c42ce4ef34c014990fbef0be800ba62d44e","contentHash":"23e8485ee8cc45c444135b667b8ccdc0_10.0.0"},"/home/katja/Dokumente/alo/lib/store/store.js":{"path":"/home/katja/Dokumente/alo/lib/store/store.js","statementMap":{"0":{"start":{"line":3,"column":10},"end":{"line":3,"column":32}},"1":{"start":{"line":4,"column":10},"end":{"line":4,"column":19}},"2":{"start":{"line":5,"column":8},"end":{"line":5,"column":16}},"3":{"start":{"line":7,"column":22},"end":{"line":7,"column":79}},"4":{"start":{"line":8,"column":27},"end":{"line":8,"column":94}},"5":{"start":{"line":9,"column":25},"end":{"line":9,"column":88}},"6":{"start":{"line":10,"column":31},"end":{"line":10,"column":100}},"7":{"start":{"line":19,"column":12},"end":{"line":71,"column":1}},"8":{"start":{"line":20,"column":2},"end":{"line":22,"column":3}},"9":{"start":{"line":21,"column":4},"end":{"line":21,"column":15}},"10":{"start":{"line":23,"column":2},"end":{"line":27,"column":4}},"11":{"start":{"line":37,"column":2},"end":{"line":37,"column":18}},"12":{"start":{"line":38,"column":2},"end":{"line":43,"column":3}},"13":{"start":{"line":39,"column":4},"end":{"line":39,"column":19}},"14":{"start":{"line":40,"column":4},"end":{"line":42,"column":5}},"15":{"start":{"line":41,"column":6},"end":{"line":41,"column":20}},"16":{"start":{"line":48,"column":2},"end":{"line":48,"column":39}},"17":{"start":{"line":53,"column":2},"end":{"line":53,"column":32}},"18":{"start":{"line":58,"column":2},"end":{"line":58,"column":35}},"19":{"start":{"line":63,"column":2},"end":{"line":63,"column":37}},"20":{"start":{"line":65,"column":2},"end":{"line":65,"column":30}},"21":{"start":{"line":67,"column":2},"end":{"line":67,"column":40}},"22":{"start":{"line":68,"column":2},"end":{"line":68,"column":43}},"23":{"start":{"line":69,"column":2},"end":{"line":69,"column":45}},"24":{"start":{"line":70,"column":2},"end":{"line":70,"column":49}},"25":{"start":{"line":82,"column":0},"end":{"line":82,"column":29}},"26":{"start":{"line":90,"column":0},"end":{"line":90,"column":34}},"27":{"start":{"line":100,"column":0},"end":{"line":100,"column":34}},"28":{"start":{"line":110,"column":0},"end":{"line":110,"column":37}},"29":{"start":{"line":120,"column":0},"end":{"line":120,"column":37}},"30":{"start":{"line":128,"column":0},"end":{"line":128,"column":37}},"31":{"start":{"line":138,"column":0},"end":{"line":138,"column":33}},"32":{"start":{"line":145,"column":0},"end":{"line":145,"column":39}},"33":{"start":{"line":152,"column":0},"end":{"line":152,"column":39}},"34":{"start":{"line":159,"column":0},"end":{"line":159,"column":42}},"35":{"start":{"line":161,"column":0},"end":{"line":161,"column":57}},"36":{"start":{"line":162,"column":0},"end":{"line":162,"column":60}},"37":{"start":{"line":163,"column":0},"end":{"line":163,"column":62}},"38":{"start":{"line":164,"column":0},"end":{"line":164,"column":66}},"39":{"start":{"line":176,"column":0},"end":{"line":181,"column":2}},"40":{"start":{"line":177,"column":16},"end":{"line":177,"column":56}},"41":{"start":{"line":178,"column":2},"end":{"line":178,"column":27}},"42":{"start":{"line":180,"column":2},"end":{"line":180,"column":17}},"43":{"start":{"line":183,"column":0},"end":{"line":189,"column":2}},"44":{"start":{"line":184,"column":2},"end":{"line":188,"column":3}},"45":{"start":{"line":185,"column":4},"end":{"line":185,"column":59}},"46":{"start":{"line":187,"column":4},"end":{"line":187,"column":40}},"47":{"start":{"line":191,"column":0},"end":{"line":197,"column":2}},"48":{"start":{"line":192,"column":2},"end":{"line":196,"column":3}},"49":{"start":{"line":193,"column":4},"end":{"line":193,"column":59}},"50":{"start":{"line":195,"column":4},"end":{"line":195,"column":39}},"51":{"start":{"line":199,"column":0},"end":{"line":205,"column":2}},"52":{"start":{"line":200,"column":2},"end":{"line":204,"column":3}},"53":{"start":{"line":201,"column":4},"end":{"line":201,"column":59}},"54":{"start":{"line":203,"column":4},"end":{"line":203,"column":47}},"55":{"start":{"line":212,"column":0},"end":{"line":215,"column":2}},"56":{"start":{"line":214,"column":2},"end":{"line":214,"column":22}},"57":{"start":{"line":222,"column":0},"end":{"line":224,"column":2}},"58":{"start":{"line":223,"column":2},"end":{"line":223,"column":41}},"59":{"start":{"line":226,"column":0},"end":{"line":228,"column":2}},"60":{"start":{"line":227,"column":2},"end":{"line":227,"column":30}},"61":{"start":{"line":230,"column":0},"end":{"line":235,"column":2}},"62":{"start":{"line":231,"column":19},"end":{"line":231,"column":62}},"63":{"start":{"line":232,"column":2},"end":{"line":232,"column":39}},"64":{"start":{"line":234,"column":2},"end":{"line":234,"column":20}},"65":{"start":{"line":237,"column":0},"end":{"line":241,"column":2}},"66":{"start":{"line":238,"column":21},"end":{"line":238,"column":66}},"67":{"start":{"line":239,"column":2},"end":{"line":239,"column":37}},"68":{"start":{"line":240,"column":2},"end":{"line":240,"column":22}},"69":{"start":{"line":242,"column":0},"end":{"line":242,"column":63}},"70":{"start":{"line":252,"column":0},"end":{"line":327,"column":2}},"71":{"start":{"line":253,"column":13},"end":{"line":253,"column":17}},"72":{"start":{"line":254,"column":26},"end":{"line":254,"column":45}},"73":{"start":{"line":256,"column":21},"end":{"line":265,"column":3}},"74":{"start":{"line":258,"column":4},"end":{"line":260,"column":5}},"75":{"start":{"line":259,"column":6},"end":{"line":259,"column":25}},"76":{"start":{"line":261,"column":4},"end":{"line":263,"column":5}},"77":{"start":{"line":262,"column":6},"end":{"line":262,"column":28}},"78":{"start":{"line":264,"column":4},"end":{"line":264,"column":18}},"79":{"start":{"line":267,"column":2},"end":{"line":326,"column":5}},"80":{"start":{"line":271,"column":22},"end":{"line":271,"column":47}},"81":{"start":{"line":272,"column":4},"end":{"line":285,"column":5}},"82":{"start":{"line":273,"column":6},"end":{"line":273,"column":38}},"83":{"start":{"line":274,"column":6},"end":{"line":282,"column":9}},"84":{"start":{"line":275,"column":8},"end":{"line":275,"column":78}},"85":{"start":{"line":277,"column":8},"end":{"line":281,"column":9}},"86":{"start":{"line":278,"column":10},"end":{"line":278,"column":31}},"87":{"start":{"line":280,"column":10},"end":{"line":280,"column":28}},"88":{"start":{"line":284,"column":6},"end":{"line":284,"column":34}},"89":{"start":{"line":290,"column":4},"end":{"line":325,"column":5}},"90":{"start":{"line":291,"column":6},"end":{"line":291,"column":19}},"91":{"start":{"line":293,"column":6},"end":{"line":293,"column":36}},"92":{"start":{"line":294,"column":18},"end":{"line":294,"column":32}},"93":{"start":{"line":295,"column":21},"end":{"line":295,"column":32}},"94":{"start":{"line":296,"column":6},"end":{"line":300,"column":9}},"95":{"start":{"line":297,"column":8},"end":{"line":299,"column":9}},"96":{"start":{"line":298,"column":10},"end":{"line":298,"column":67}},"97":{"start":{"line":302,"column":6},"end":{"line":306,"column":8}},"98":{"start":{"line":308,"column":6},"end":{"line":324,"column":9}},"99":{"start":{"line":312,"column":33},"end":{"line":312,"column":64}},"100":{"start":{"line":313,"column":8},"end":{"line":317,"column":9}},"101":{"start":{"line":314,"column":10},"end":{"line":314,"column":112}},"102":{"start":{"line":316,"column":10},"end":{"line":316,"column":35}},"103":{"start":{"line":319,"column":8},"end":{"line":319,"column":37}},"104":{"start":{"line":322,"column":21},"end":{"line":322,"column":37}},"105":{"start":{"line":323,"column":8},"end":{"line":323,"column":25}},"106":{"start":{"line":329,"column":0},"end":{"line":329,"column":23}}},"fnMap":{"0":{"name":"Store","decl":{"start":{"line":19,"column":21},"end":{"line":19,"column":26}},"loc":{"start":{"line":19,"column":38},"end":{"line":71,"column":1}}},"1":{"name":"createReducer","decl":{"start":{"line":176,"column":41},"end":{"line":176,"column":54}},"loc":{"start":{"line":176,"column":57},"end":{"line":181,"column":1}}},"2":{"name":"mapState","decl":{"start":{"line":183,"column":36},"end":{"line":183,"column":44}},"loc":{"start":{"line":183,"column":51},"end":{"line":189,"column":1}}},"3":{"name":"mapData","decl":{"start":{"line":191,"column":35},"end":{"line":191,"column":42}},"loc":{"start":{"line":191,"column":49},"end":{"line":197,"column":1}}},"4":{"name":"mapStream","decl":{"start":{"line":199,"column":37},"end":{"line":199,"column":46}},"loc":{"start":{"line":199,"column":53},"end":{"line":205,"column":1}}},"5":{"name":"getStream","decl":{"start":{"line":212,"column":37},"end":{"line":212,"column":46}},"loc":{"start":{"line":212,"column":49},"end":{"line":215,"column":1}}},"6":{"name":"getData","decl":{"start":{"line":222,"column":35},"end":{"line":222,"column":42}},"loc":{"start":{"line":222,"column":45},"end":{"line":224,"column":1}}},"7":{"name":"getState","decl":{"start":{"line":226,"column":36},"end":{"line":226,"column":44}},"loc":{"start":{"line":226,"column":47},"end":{"line":228,"column":1}}},"8":{"name":"createComputedProperty","decl":{"start":{"line":230,"column":50},"end":{"line":230,"column":72}},"loc":{"start":{"line":230,"column":75},"end":{"line":235,"column":1}}},"9":{"name":"createSubscription","decl":{"start":{"line":237,"column":46},"end":{"line":237,"column":64}},"loc":{"start":{"line":237,"column":67},"end":{"line":241,"column":1}}},"10":{"name":"(anonymous_10)","decl":{"start":{"line":252,"column":27},"end":{"line":252,"column":28}},"loc":{"start":{"line":252,"column":39},"end":{"line":327,"column":1}}},"11":{"name":"formatAction","decl":{"start":{"line":256,"column":30},"end":{"line":256,"column":42}},"loc":{"start":{"line":256,"column":51},"end":{"line":265,"column":3}}},"12":{"name":"(anonymous_12)","decl":{"start":{"line":267,"column":34},"end":{"line":267,"column":35}},"loc":{"start":{"line":267,"column":46},"end":{"line":286,"column":3}}},"13":{"name":"(anonymous_13)","decl":{"start":{"line":274,"column":38},"end":{"line":274,"column":39}},"loc":{"start":{"line":274,"column":50},"end":{"line":276,"column":7}}},"14":{"name":"(anonymous_14)","decl":{"start":{"line":276,"column":14},"end":{"line":276,"column":15}},"loc":{"start":{"line":276,"column":36},"end":{"line":282,"column":7}}},"15":{"name":"(anonymous_15)","decl":{"start":{"line":286,"column":10},"end":{"line":286,"column":11}},"loc":{"start":{"line":286,"column":28},"end":{"line":326,"column":3}}},"16":{"name":"(anonymous_16)","decl":{"start":{"line":296,"column":40},"end":{"line":296,"column":41}},"loc":{"start":{"line":296,"column":59},"end":{"line":300,"column":7}}},"17":{"name":"(anonymous_17)","decl":{"start":{"line":308,"column":38},"end":{"line":308,"column":39}},"loc":{"start":{"line":308,"column":50},"end":{"line":318,"column":7}}},"18":{"name":"(anonymous_18)","decl":{"start":{"line":318,"column":14},"end":{"line":318,"column":15}},"loc":{"start":{"line":318,"column":34},"end":{"line":324,"column":7}}}},"branchMap":{"0":{"loc":{"start":{"line":20,"column":2},"end":{"line":22,"column":3}},"type":"if","locations":[{"start":{"line":20,"column":2},"end":{"line":22,"column":3}},{"start":{"line":20,"column":2},"end":{"line":22,"column":3}}]},"1":{"loc":{"start":{"line":20,"column":6},"end":{"line":20,"column":43}},"type":"binary-expr","locations":[{"start":{"line":20,"column":6},"end":{"line":20,"column":25}},{"start":{"line":20,"column":29},"end":{"line":20,"column":43}}]},"2":{"loc":{"start":{"line":38,"column":2},"end":{"line":43,"column":3}},"type":"if","locations":[{"start":{"line":38,"column":2},"end":{"line":43,"column":3}},{"start":{"line":38,"column":2},"end":{"line":43,"column":3}}]},"3":{"loc":{"start":{"line":38,"column":6},"end":{"line":38,"column":34}},"type":"binary-expr","locations":[{"start":{"line":38,"column":6},"end":{"line":38,"column":16}},{"start":{"line":38,"column":20},"end":{"line":38,"column":34}}]},"4":{"loc":{"start":{"line":40,"column":4},"end":{"line":42,"column":5}},"type":"if","locations":[{"start":{"line":40,"column":4},"end":{"line":42,"column":5}},{"start":{"line":40,"column":4},"end":{"line":42,"column":5}}]},"5":{"loc":{"start":{"line":184,"column":2},"end":{"line":188,"column":3}},"type":"if","locations":[{"start":{"line":184,"column":2},"end":{"line":188,"column":3}},{"start":{"line":184,"column":2},"end":{"line":188,"column":3}}]},"6":{"loc":{"start":{"line":192,"column":2},"end":{"line":196,"column":3}},"type":"if","locations":[{"start":{"line":192,"column":2},"end":{"line":196,"column":3}},{"start":{"line":192,"column":2},"end":{"line":196,"column":3}}]},"7":{"loc":{"start":{"line":200,"column":2},"end":{"line":204,"column":3}},"type":"if","locations":[{"start":{"line":200,"column":2},"end":{"line":204,"column":3}},{"start":{"line":200,"column":2},"end":{"line":204,"column":3}}]},"8":{"loc":{"start":{"line":258,"column":4},"end":{"line":260,"column":5}},"type":"if","locations":[{"start":{"line":258,"column":4},"end":{"line":260,"column":5}},{"start":{"line":258,"column":4},"end":{"line":260,"column":5}}]},"9":{"loc":{"start":{"line":261,"column":4},"end":{"line":263,"column":5}},"type":"if","locations":[{"start":{"line":261,"column":4},"end":{"line":263,"column":5}},{"start":{"line":261,"column":4},"end":{"line":263,"column":5}}]},"10":{"loc":{"start":{"line":272,"column":4},"end":{"line":285,"column":5}},"type":"if","locations":[{"start":{"line":272,"column":4},"end":{"line":285,"column":5}},{"start":{"line":272,"column":4},"end":{"line":285,"column":5}}]},"11":{"loc":{"start":{"line":272,"column":8},"end":{"line":272,"column":66}},"type":"binary-expr","locations":[{"start":{"line":272,"column":8},"end":{"line":272,"column":30}},{"start":{"line":272,"column":34},"end":{"line":272,"column":66}}]},"12":{"loc":{"start":{"line":277,"column":8},"end":{"line":281,"column":9}},"type":"if","locations":[{"start":{"line":277,"column":8},"end":{"line":281,"column":9}},{"start":{"line":277,"column":8},"end":{"line":281,"column":9}}]},"13":{"loc":{"start":{"line":290,"column":4},"end":{"line":325,"column":5}},"type":"if","locations":[{"start":{"line":290,"column":4},"end":{"line":325,"column":5}},{"start":{"line":290,"column":4},"end":{"line":325,"column":5}}]},"14":{"loc":{"start":{"line":297,"column":8},"end":{"line":299,"column":9}},"type":"if","locations":[{"start":{"line":297,"column":8},"end":{"line":299,"column":9}},{"start":{"line":297,"column":8},"end":{"line":299,"column":9}}]},"15":{"loc":{"start":{"line":313,"column":8},"end":{"line":317,"column":9}},"type":"if","locations":[{"start":{"line":313,"column":8},"end":{"line":317,"column":9}},{"start":{"line":313,"column":8},"end":{"line":317,"column":9}}]}},"s":{"0":1,"1":1,"2":1,"3":1,"4":1,"5":1,"6":1,"7":1,"8":18,"9":10,"10":18,"11":18,"12":18,"13":3,"14":3,"15":3,"16":18,"17":18,"18":18,"19":18,"20":18,"21":18,"22":18,"23":18,"24":18,"25":1,"26":1,"27":1,"28":1,"29":1,"30":1,"31":1,"32":1,"33":1,"34":1,"35":1,"36":1,"37":1,"38":1,"39":1,"40":4,"41":4,"42":4,"43":1,"44":0,"45":0,"46":0,"47":1,"48":0,"49":0,"50":0,"51":1,"52":0,"53":0,"54":0,"55":1,"56":38,"57":1,"58":15,"59":1,"60":4,"61":1,"62":1,"63":1,"64":1,"65":1,"66":12,"67":12,"68":12,"69":1,"70":1,"71":11,"72":11,"73":11,"74":11,"75":7,"76":11,"77":5,"78":11,"79":11,"80":11,"81":11,"82":2,"83":2,"84":2,"85":2,"86":2,"87":0,"88":9,"89":11,"90":0,"91":11,"92":11,"93":11,"94":11,"95":10,"96":10,"97":11,"98":11,"99":11,"100":11,"101":3,"102":8,"103":11,"104":11,"105":11,"106":1},"f":{"0":18,"1":4,"2":0,"3":0,"4":0,"5":38,"6":15,"7":4,"8":1,"9":12,"10":11,"11":11,"12":11,"13":2,"14":2,"15":11,"16":10,"17":11,"18":11},"b":{"0":[10,8],"1":[18,8],"2":[3,15],"3":[18,3],"4":[3,0],"5":[0,0],"6":[0,0],"7":[0,0],"8":[7,4],"9":[5,6],"10":[2,9],"11":[11,2],"12":[2,0],"13":[0,11],"14":[10,0],"15":[3,8]},"_coverageSchema":"332fd63041d2c1bcb487cc26dd0d5f7d97098a6c","hash":"725a0da92f56315f1240e0feceb96e2c57aefc9b","contentHash":"eb2ab3428bad9a877c1569b8efea1d60_10.0.0"},"/home/katja/Dokumente/alo/lib/util/object-relation.js":{"path":"/home/katja/Dokumente/alo/lib/util/object-relation.js","statementMap":{"0":{"start":{"line":3,"column":11},"end":{"line":3,"column":39}},"1":{"start":{"line":4,"column":8},"end":{"line":4,"column":18}},"2":{"start":{"line":6,"column":16},"end":{"line":26,"column":1}},"3":{"start":{"line":28,"column":25},"end":{"line":33,"column":1}},"4":{"start":{"line":29,"column":2},"end":{"line":29,"column":24}},"5":{"start":{"line":30,"column":2},"end":{"line":30,"column":34}},"6":{"start":{"line":31,"column":2},"end":{"line":31,"column":23}},"7":{"start":{"line":32,"column":2},"end":{"line":32,"column":23}},"8":{"start":{"line":35,"column":21},"end":{"line":37,"column":1}},"9":{"start":{"line":36,"column":2},"end":{"line":36,"column":40}},"10":{"start":{"line":38,"column":21},"end":{"line":38,"column":42}},"11":{"start":{"line":39,"column":0},"end":{"line":63,"column":3}},"12":{"start":{"line":40,"column":13},"end":{"line":40,"column":17}},"13":{"start":{"line":41,"column":2},"end":{"line":62,"column":3}},"14":{"start":{"line":42,"column":4},"end":{"line":42,"column":58}},"15":{"start":{"line":44,"column":4},"end":{"line":44,"column":32}},"16":{"start":{"line":45,"column":4},"end":{"line":45,"column":33}},"17":{"start":{"line":46,"column":4},"end":{"line":46,"column":37}},"18":{"start":{"line":47,"column":4},"end":{"line":47,"column":73}},"19":{"start":{"line":48,"column":4},"end":{"line":48,"column":65}},"20":{"start":{"line":49,"column":4},"end":{"line":49,"column":45}},"21":{"start":{"line":51,"column":4},"end":{"line":51,"column":24}},"22":{"start":{"line":52,"column":4},"end":{"line":61,"column":7}},"23":{"start":{"line":53,"column":6},"end":{"line":56,"column":8}},"24":{"start":{"line":57,"column":6},"end":{"line":60,"column":7}},"25":{"start":{"line":58,"column":8},"end":{"line":58,"column":87}},"26":{"start":{"line":59,"column":8},"end":{"line":59,"column":91}},"27":{"start":{"line":68,"column":0},"end":{"line":75,"column":2}},"28":{"start":{"line":69,"column":2},"end":{"line":72,"column":3}},"29":{"start":{"line":70,"column":13},"end":{"line":70,"column":25}},"30":{"start":{"line":71,"column":4},"end":{"line":71,"column":43}},"31":{"start":{"line":73,"column":2},"end":{"line":73,"column":51}},"32":{"start":{"line":74,"column":2},"end":{"line":74,"column":47}},"33":{"start":{"line":77,"column":0},"end":{"line":102,"column":2}},"34":{"start":{"line":78,"column":13},"end":{"line":78,"column":17}},"35":{"start":{"line":79,"column":21},"end":{"line":93,"column":3}},"36":{"start":{"line":80,"column":4},"end":{"line":92,"column":6}},"37":{"start":{"line":81,"column":19},"end":{"line":81,"column":23}},"38":{"start":{"line":82,"column":17},"end":{"line":82,"column":36}},"39":{"start":{"line":83,"column":6},"end":{"line":83,"column":25}},"40":{"start":{"line":84,"column":6},"end":{"line":86,"column":9}},"41":{"start":{"line":85,"column":8},"end":{"line":85,"column":32}},"42":{"start":{"line":87,"column":19},"end":{"line":87,"column":43}},"43":{"start":{"line":88,"column":6},"end":{"line":90,"column":9}},"44":{"start":{"line":89,"column":8},"end":{"line":89,"column":31}},"45":{"start":{"line":91,"column":6},"end":{"line":91,"column":20}},"46":{"start":{"line":95,"column":2},"end":{"line":101,"column":5}},"47":{"start":{"line":96,"column":32},"end":{"line":96,"column":40}},"48":{"start":{"line":97,"column":4},"end":{"line":99,"column":5}},"49":{"start":{"line":98,"column":6},"end":{"line":98,"column":48}},"50":{"start":{"line":100,"column":4},"end":{"line":100,"column":91}},"51":{"start":{"line":104,"column":0},"end":{"line":106,"column":2}},"52":{"start":{"line":105,"column":2},"end":{"line":105,"column":37}},"53":{"start":{"line":108,"column":0},"end":{"line":108,"column":61}},"54":{"start":{"line":109,"column":10},"end":{"line":109,"column":46}},"55":{"start":{"line":110,"column":0},"end":{"line":122,"column":3}},"56":{"start":{"line":111,"column":13},"end":{"line":111,"column":17}},"57":{"start":{"line":113,"column":2},"end":{"line":121,"column":3}},"58":{"start":{"line":114,"column":4},"end":{"line":114,"column":49}},"59":{"start":{"line":116,"column":17},"end":{"line":116,"column":19}},"60":{"start":{"line":117,"column":4},"end":{"line":119,"column":7}},"61":{"start":{"line":118,"column":6},"end":{"line":118,"column":48}},"62":{"start":{"line":120,"column":4},"end":{"line":120,"column":18}},"63":{"start":{"line":123,"column":0},"end":{"line":133,"column":3}},"64":{"start":{"line":124,"column":2},"end":{"line":132,"column":3}},"65":{"start":{"line":125,"column":4},"end":{"line":125,"column":68}},"66":{"start":{"line":127,"column":4},"end":{"line":131,"column":5}},"67":{"start":{"line":128,"column":6},"end":{"line":128,"column":55}},"68":{"start":{"line":130,"column":6},"end":{"line":130,"column":19}},"69":{"start":{"line":135,"column":0},"end":{"line":135,"column":61}},"70":{"start":{"line":136,"column":10},"end":{"line":136,"column":46}},"71":{"start":{"line":137,"column":0},"end":{"line":158,"column":3}},"72":{"start":{"line":138,"column":2},"end":{"line":155,"column":3}},"73":{"start":{"line":139,"column":4},"end":{"line":139,"column":70}},"74":{"start":{"line":141,"column":13},"end":{"line":141,"column":35}},"75":{"start":{"line":142,"column":4},"end":{"line":154,"column":5}},"76":{"start":{"line":143,"column":6},"end":{"line":143,"column":53}},"77":{"start":{"line":145,"column":6},"end":{"line":147,"column":7}},"78":{"start":{"line":146,"column":8},"end":{"line":146,"column":72}},"79":{"start":{"line":148,"column":6},"end":{"line":148,"column":65}},"80":{"start":{"line":149,"column":6},"end":{"line":153,"column":7}},"81":{"start":{"line":150,"column":8},"end":{"line":150,"column":63}},"82":{"start":{"line":152,"column":8},"end":{"line":152,"column":51}},"83":{"start":{"line":157,"column":2},"end":{"line":157,"column":14}},"84":{"start":{"line":159,"column":0},"end":{"line":167,"column":3}},"85":{"start":{"line":160,"column":13},"end":{"line":160,"column":17}},"86":{"start":{"line":162,"column":2},"end":{"line":164,"column":5}},"87":{"start":{"line":163,"column":4},"end":{"line":163,"column":47}},"88":{"start":{"line":166,"column":2},"end":{"line":166,"column":14}},"89":{"start":{"line":168,"column":0},"end":{"line":172,"column":3}},"90":{"start":{"line":169,"column":24},"end":{"line":169,"column":58}},"91":{"start":{"line":171,"column":2},"end":{"line":171,"column":66}},"92":{"start":{"line":174,"column":0},"end":{"line":174,"column":64}},"93":{"start":{"line":175,"column":13},"end":{"line":175,"column":52}},"94":{"start":{"line":176,"column":0},"end":{"line":193,"column":3}},"95":{"start":{"line":177,"column":2},"end":{"line":190,"column":3}},"96":{"start":{"line":178,"column":4},"end":{"line":178,"column":58}},"97":{"start":{"line":180,"column":4},"end":{"line":184,"column":5}},"98":{"start":{"line":181,"column":6},"end":{"line":183,"column":7}},"99":{"start":{"line":182,"column":8},"end":{"line":182,"column":106}},"100":{"start":{"line":185,"column":4},"end":{"line":185,"column":53}},"101":{"start":{"line":186,"column":19},"end":{"line":186,"column":64}},"102":{"start":{"line":187,"column":4},"end":{"line":189,"column":5}},"103":{"start":{"line":188,"column":6},"end":{"line":188,"column":60}},"104":{"start":{"line":192,"column":2},"end":{"line":192,"column":14}},"105":{"start":{"line":194,"column":0},"end":{"line":201,"column":3}},"106":{"start":{"line":195,"column":2},"end":{"line":200,"column":3}},"107":{"start":{"line":196,"column":4},"end":{"line":196,"column":70}},"108":{"start":{"line":198,"column":13},"end":{"line":198,"column":35}},"109":{"start":{"line":199,"column":4},"end":{"line":199,"column":55}},"110":{"start":{"line":202,"column":0},"end":{"line":210,"column":3}},"111":{"start":{"line":203,"column":13},"end":{"line":203,"column":17}},"112":{"start":{"line":205,"column":2},"end":{"line":207,"column":5}},"113":{"start":{"line":206,"column":4},"end":{"line":206,"column":34}},"114":{"start":{"line":209,"column":2},"end":{"line":209,"column":14}},"115":{"start":{"line":212,"column":0},"end":{"line":214,"column":2}},"116":{"start":{"line":213,"column":2},"end":{"line":213,"column":45}},"117":{"start":{"line":216,"column":0},"end":{"line":228,"column":2}},"118":{"start":{"line":217,"column":11},"end":{"line":217,"column":15}},"119":{"start":{"line":219,"column":2},"end":{"line":225,"column":3}},"120":{"start":{"line":220,"column":4},"end":{"line":220,"column":21}},"121":{"start":{"line":221,"column":9},"end":{"line":225,"column":3}},"122":{"start":{"line":222,"column":4},"end":{"line":222,"column":82}},"123":{"start":{"line":224,"column":4},"end":{"line":224,"column":29}},"124":{"start":{"line":227,"column":2},"end":{"line":227,"column":55}},"125":{"start":{"line":229,"column":14},"end":{"line":229,"column":54}},"126":{"start":{"line":231,"column":0},"end":{"line":253,"column":2}},"127":{"start":{"line":232,"column":2},"end":{"line":252,"column":3}},"128":{"start":{"line":233,"column":4},"end":{"line":233,"column":63}},"129":{"start":{"line":235,"column":13},"end":{"line":235,"column":17}},"130":{"start":{"line":237,"column":4},"end":{"line":243,"column":5}},"131":{"start":{"line":238,"column":6},"end":{"line":238,"column":23}},"132":{"start":{"line":239,"column":11},"end":{"line":243,"column":5}},"133":{"start":{"line":240,"column":6},"end":{"line":240,"column":84}},"134":{"start":{"line":242,"column":6},"end":{"line":242,"column":31}},"135":{"start":{"line":245,"column":19},"end":{"line":245,"column":64}},"136":{"start":{"line":246,"column":4},"end":{"line":249,"column":5}},"137":{"start":{"line":247,"column":6},"end":{"line":247,"column":57}},"138":{"start":{"line":248,"column":6},"end":{"line":248,"column":61}},"139":{"start":{"line":251,"column":4},"end":{"line":251,"column":17}},"140":{"start":{"line":255,"column":0},"end":{"line":255,"column":56}},"141":{"start":{"line":256,"column":13},"end":{"line":256,"column":44}},"142":{"start":{"line":257,"column":0},"end":{"line":259,"column":3}},"143":{"start":{"line":258,"column":2},"end":{"line":258,"column":49}},"144":{"start":{"line":261,"column":0},"end":{"line":261,"column":55}},"145":{"start":{"line":262,"column":12},"end":{"line":262,"column":42}},"146":{"start":{"line":263,"column":0},"end":{"line":265,"column":3}},"147":{"start":{"line":264,"column":2},"end":{"line":264,"column":48}},"148":{"start":{"line":267,"column":0},"end":{"line":267,"column":32}}},"fnMap":{"0":{"name":"formatFunctionName","decl":{"start":{"line":28,"column":34},"end":{"line":28,"column":52}},"loc":{"start":{"line":28,"column":67},"end":{"line":33,"column":1}}},"1":{"name":"ObjectRelation","decl":{"start":{"line":35,"column":30},"end":{"line":35,"column":44}},"loc":{"start":{"line":35,"column":47},"end":{"line":37,"column":1}}},"2":{"name":"(anonymous_2)","decl":{"start":{"line":39,"column":53},"end":{"line":39,"column":54}},"loc":{"start":{"line":39,"column":107},"end":{"line":63,"column":1}}},"3":{"name":"(anonymous_3)","decl":{"start":{"line":52,"column":25},"end":{"line":52,"column":26}},"loc":{"start":{"line":52,"column":51},"end":{"line":61,"column":5}}},"4":{"name":"(anonymous_4)","decl":{"start":{"line":68,"column":43},"end":{"line":68,"column":44}},"loc":{"start":{"line":68,"column":67},"end":{"line":75,"column":1}}},"5":{"name":"(anonymous_5)","decl":{"start":{"line":77,"column":51},"end":{"line":77,"column":52}},"loc":{"start":{"line":77,"column":72},"end":{"line":102,"column":1}}},"6":{"name":"createCaller","decl":{"start":{"line":79,"column":30},"end":{"line":79,"column":42}},"loc":{"start":{"line":79,"column":59},"end":{"line":93,"column":3}}},"7":{"name":"(anonymous_7)","decl":{"start":{"line":80,"column":11},"end":{"line":80,"column":12}},"loc":{"start":{"line":80,"column":23},"end":{"line":92,"column":5}}},"8":{"name":"(anonymous_8)","decl":{"start":{"line":84,"column":49},"end":{"line":84,"column":50}},"loc":{"start":{"line":84,"column":71},"end":{"line":86,"column":7}}},"9":{"name":"(anonymous_9)","decl":{"start":{"line":88,"column":48},"end":{"line":88,"column":49}},"loc":{"start":{"line":88,"column":69},"end":{"line":90,"column":7}}},"10":{"name":"(anonymous_10)","decl":{"start":{"line":95,"column":28},"end":{"line":95,"column":29}},"loc":{"start":{"line":95,"column":54},"end":{"line":101,"column":3}}},"11":{"name":"getId","decl":{"start":{"line":104,"column":50},"end":{"line":104,"column":55}},"loc":{"start":{"line":104,"column":64},"end":{"line":106,"column":1}}},"12":{"name":"(anonymous_12)","decl":{"start":{"line":110,"column":40},"end":{"line":110,"column":41}},"loc":{"start":{"line":110,"column":64},"end":{"line":122,"column":1}}},"13":{"name":"(anonymous_13)","decl":{"start":{"line":117,"column":49},"end":{"line":117,"column":50}},"loc":{"start":{"line":117,"column":65},"end":{"line":119,"column":5}}},"14":{"name":"(anonymous_14)","decl":{"start":{"line":123,"column":32},"end":{"line":123,"column":33}},"loc":{"start":{"line":123,"column":54},"end":{"line":133,"column":1}}},"15":{"name":"(anonymous_15)","decl":{"start":{"line":137,"column":63},"end":{"line":137,"column":64}},"loc":{"start":{"line":137,"column":118},"end":{"line":158,"column":1}}},"16":{"name":"(anonymous_16)","decl":{"start":{"line":159,"column":31},"end":{"line":159,"column":32}},"loc":{"start":{"line":159,"column":66},"end":{"line":167,"column":1}}},"17":{"name":"(anonymous_17)","decl":{"start":{"line":162,"column":29},"end":{"line":162,"column":30}},"loc":{"start":{"line":162,"column":55},"end":{"line":164,"column":3}}},"18":{"name":"(anonymous_18)","decl":{"start":{"line":168,"column":45},"end":{"line":168,"column":46}},"loc":{"start":{"line":168,"column":103},"end":{"line":172,"column":1}}},"19":{"name":"(anonymous_19)","decl":{"start":{"line":176,"column":52},"end":{"line":176,"column":53}},"loc":{"start":{"line":176,"column":88},"end":{"line":193,"column":1}}},"20":{"name":"(anonymous_20)","decl":{"start":{"line":194,"column":52},"end":{"line":194,"column":53}},"loc":{"start":{"line":194,"column":100},"end":{"line":201,"column":1}}},"21":{"name":"(anonymous_21)","decl":{"start":{"line":202,"column":27},"end":{"line":202,"column":28}},"loc":{"start":{"line":202,"column":45},"end":{"line":210,"column":1}}},"22":{"name":"(anonymous_22)","decl":{"start":{"line":205,"column":47},"end":{"line":205,"column":48}},"loc":{"start":{"line":205,"column":61},"end":{"line":207,"column":3}}},"23":{"name":"(anonymous_23)","decl":{"start":{"line":212,"column":45},"end":{"line":212,"column":46}},"loc":{"start":{"line":212,"column":76},"end":{"line":214,"column":1}}},"24":{"name":"(anonymous_24)","decl":{"start":{"line":216,"column":43},"end":{"line":216,"column":44}},"loc":{"start":{"line":216,"column":74},"end":{"line":228,"column":1}}},"25":{"name":"(anonymous_25)","decl":{"start":{"line":231,"column":46},"end":{"line":231,"column":47}},"loc":{"start":{"line":231,"column":84},"end":{"line":253,"column":1}}},"26":{"name":"(anonymous_26)","decl":{"start":{"line":257,"column":37},"end":{"line":257,"column":38}},"loc":{"start":{"line":257,"column":67},"end":{"line":259,"column":1}}},"27":{"name":"(anonymous_27)","decl":{"start":{"line":263,"column":36},"end":{"line":263,"column":37}},"loc":{"start":{"line":263,"column":66},"end":{"line":265,"column":1}}}},"branchMap":{"0":{"loc":{"start":{"line":41,"column":2},"end":{"line":62,"column":3}},"type":"if","locations":[{"start":{"line":41,"column":2},"end":{"line":62,"column":3}},{"start":{"line":41,"column":2},"end":{"line":62,"column":3}}]},"1":{"loc":{"start":{"line":41,"column":6},"end":{"line":41,"column":46}},"type":"binary-expr","locations":[{"start":{"line":41,"column":6},"end":{"line":41,"column":23}},{"start":{"line":41,"column":27},"end":{"line":41,"column":46}}]},"2":{"loc":{"start":{"line":57,"column":6},"end":{"line":60,"column":7}},"type":"if","locations":[{"start":{"line":57,"column":6},"end":{"line":60,"column":7}},{"start":{"line":57,"column":6},"end":{"line":60,"column":7}}]},"3":{"loc":{"start":{"line":69,"column":2},"end":{"line":72,"column":3}},"type":"if","locations":[{"start":{"line":69,"column":2},"end":{"line":72,"column":3}},{"start":{"line":69,"column":2},"end":{"line":72,"column":3}}]},"4":{"loc":{"start":{"line":69,"column":6},"end":{"line":69,"column":99}},"type":"binary-expr","locations":[{"start":{"line":69,"column":6},"end":{"line":69,"column":48}},{"start":{"line":69,"column":52},"end":{"line":69,"column":99}}]},"5":{"loc":{"start":{"line":97,"column":4},"end":{"line":99,"column":5}},"type":"if","locations":[{"start":{"line":97,"column":4},"end":{"line":99,"column":5}},{"start":{"line":97,"column":4},"end":{"line":99,"column":5}}]},"6":{"loc":{"start":{"line":97,"column":8},"end":{"line":97,"column":65}},"type":"binary-expr","locations":[{"start":{"line":97,"column":8},"end":{"line":97,"column":37}},{"start":{"line":97,"column":41},"end":{"line":97,"column":65}}]},"7":{"loc":{"start":{"line":113,"column":2},"end":{"line":121,"column":3}},"type":"if","locations":[{"start":{"line":113,"column":2},"end":{"line":121,"column":3}},{"start":{"line":113,"column":2},"end":{"line":121,"column":3}}]},"8":{"loc":{"start":{"line":124,"column":2},"end":{"line":132,"column":3}},"type":"if","locations":[{"start":{"line":124,"column":2},"end":{"line":132,"column":3}},{"start":{"line":124,"column":2},"end":{"line":132,"column":3}}]},"9":{"loc":{"start":{"line":127,"column":4},"end":{"line":131,"column":5}},"type":"if","locations":[{"start":{"line":127,"column":4},"end":{"line":131,"column":5}},{"start":{"line":127,"column":4},"end":{"line":131,"column":5}}]},"10":{"loc":{"start":{"line":138,"column":2},"end":{"line":155,"column":3}},"type":"if","locations":[{"start":{"line":138,"column":2},"end":{"line":155,"column":3}},{"start":{"line":138,"column":2},"end":{"line":155,"column":3}}]},"11":{"loc":{"start":{"line":142,"column":4},"end":{"line":154,"column":5}},"type":"if","locations":[{"start":{"line":142,"column":4},"end":{"line":154,"column":5}},{"start":{"line":142,"column":4},"end":{"line":154,"column":5}}]},"12":{"loc":{"start":{"line":142,"column":8},"end":{"line":142,"column":36}},"type":"binary-expr","locations":[{"start":{"line":142,"column":8},"end":{"line":142,"column":23}},{"start":{"line":142,"column":27},"end":{"line":142,"column":36}}]},"13":{"loc":{"start":{"line":145,"column":6},"end":{"line":147,"column":7}},"type":"if","locations":[{"start":{"line":145,"column":6},"end":{"line":147,"column":7}},{"start":{"line":145,"column":6},"end":{"line":147,"column":7}}]},"14":{"loc":{"start":{"line":149,"column":6},"end":{"line":153,"column":7}},"type":"if","locations":[{"start":{"line":149,"column":6},"end":{"line":153,"column":7}},{"start":{"line":149,"column":6},"end":{"line":153,"column":7}}]},"15":{"loc":{"start":{"line":177,"column":2},"end":{"line":190,"column":3}},"type":"if","locations":[{"start":{"line":177,"column":2},"end":{"line":190,"column":3}},{"start":{"line":177,"column":2},"end":{"line":190,"column":3}}]},"16":{"loc":{"start":{"line":180,"column":4},"end":{"line":184,"column":5}},"type":"if","locations":[{"start":{"line":180,"column":4},"end":{"line":184,"column":5}},{"start":{"line":180,"column":4},"end":{"line":184,"column":5}}]},"17":{"loc":{"start":{"line":180,"column":8},"end":{"line":180,"column":59}},"type":"binary-expr","locations":[{"start":{"line":180,"column":8},"end":{"line":180,"column":34}},{"start":{"line":180,"column":38},"end":{"line":180,"column":59}}]},"18":{"loc":{"start":{"line":181,"column":6},"end":{"line":183,"column":7}},"type":"if","locations":[{"start":{"line":181,"column":6},"end":{"line":183,"column":7}},{"start":{"line":181,"column":6},"end":{"line":183,"column":7}}]},"19":{"loc":{"start":{"line":187,"column":4},"end":{"line":189,"column":5}},"type":"if","locations":[{"start":{"line":187,"column":4},"end":{"line":189,"column":5}},{"start":{"line":187,"column":4},"end":{"line":189,"column":5}}]},"20":{"loc":{"start":{"line":195,"column":2},"end":{"line":200,"column":3}},"type":"if","locations":[{"start":{"line":195,"column":2},"end":{"line":200,"column":3}},{"start":{"line":195,"column":2},"end":{"line":200,"column":3}}]},"21":{"loc":{"start":{"line":219,"column":2},"end":{"line":225,"column":3}},"type":"if","locations":[{"start":{"line":219,"column":2},"end":{"line":225,"column":3}},{"start":{"line":219,"column":2},"end":{"line":225,"column":3}}]},"22":{"loc":{"start":{"line":219,"column":6},"end":{"line":219,"column":57}},"type":"binary-expr","locations":[{"start":{"line":219,"column":6},"end":{"line":219,"column":29}},{"start":{"line":219,"column":33},"end":{"line":219,"column":57}}]},"23":{"loc":{"start":{"line":221,"column":9},"end":{"line":225,"column":3}},"type":"if","locations":[{"start":{"line":221,"column":9},"end":{"line":225,"column":3}},{"start":{"line":221,"column":9},"end":{"line":225,"column":3}}]},"24":{"loc":{"start":{"line":232,"column":2},"end":{"line":252,"column":3}},"type":"if","locations":[{"start":{"line":232,"column":2},"end":{"line":252,"column":3}},{"start":{"line":232,"column":2},"end":{"line":252,"column":3}}]},"25":{"loc":{"start":{"line":237,"column":4},"end":{"line":243,"column":5}},"type":"if","locations":[{"start":{"line":237,"column":4},"end":{"line":243,"column":5}},{"start":{"line":237,"column":4},"end":{"line":243,"column":5}}]},"26":{"loc":{"start":{"line":237,"column":8},"end":{"line":237,"column":59}},"type":"binary-expr","locations":[{"start":{"line":237,"column":8},"end":{"line":237,"column":31}},{"start":{"line":237,"column":35},"end":{"line":237,"column":59}}]},"27":{"loc":{"start":{"line":239,"column":11},"end":{"line":243,"column":5}},"type":"if","locations":[{"start":{"line":239,"column":11},"end":{"line":243,"column":5}},{"start":{"line":239,"column":11},"end":{"line":243,"column":5}}]},"28":{"loc":{"start":{"line":246,"column":4},"end":{"line":249,"column":5}},"type":"if","locations":[{"start":{"line":246,"column":4},"end":{"line":249,"column":5}},{"start":{"line":246,"column":4},"end":{"line":249,"column":5}}]},"29":{"loc":{"start":{"line":246,"column":8},"end":{"line":246,"column":45}},"type":"binary-expr","locations":[{"start":{"line":246,"column":8},"end":{"line":246,"column":23}},{"start":{"line":246,"column":27},"end":{"line":246,"column":45}}]}},"s":{"0":1,"1":1,"2":1,"3":1,"4":264,"5":264,"6":264,"7":264,"8":1,"9":22,"10":1,"11":1,"12":22,"13":22,"14":0,"15":22,"16":22,"17":22,"18":22,"19":22,"20":22,"21":22,"22":22,"23":154,"24":154,"25":132,"26":132,"27":1,"28":200,"29":59,"30":59,"31":200,"32":200,"33":1,"34":24,"35":24,"36":162,"37":380,"38":380,"39":380,"40":380,"41":0,"42":380,"43":380,"44":12,"45":380,"46":24,"47":162,"48":162,"49":132,"50":162,"51":1,"52":112,"53":1,"54":1,"55":1,"56":108,"57":108,"58":12,"59":96,"60":96,"61":35,"62":96,"63":1,"64":35,"65":0,"66":35,"67":35,"68":0,"69":1,"70":1,"71":1,"72":76,"73":0,"74":76,"75":76,"76":0,"77":76,"78":38,"79":76,"80":76,"81":0,"82":76,"83":76,"84":1,"85":1,"86":1,"87":3,"88":1,"89":1,"90":0,"91":0,"92":1,"93":1,"94":1,"95":1,"96":0,"97":1,"98":1,"99":0,"100":1,"101":1,"102":1,"103":1,"104":1,"105":1,"106":0,"107":0,"108":0,"109":0,"110":1,"111":1,"112":1,"113":1,"114":1,"115":1,"116":4,"117":1,"118":9,"119":9,"120":5,"121":4,"122":0,"123":4,"124":9,"125":1,"126":1,"127":1,"128":0,"129":1,"130":1,"131":0,"132":1,"133":0,"134":1,"135":1,"136":1,"137":1,"138":1,"139":1,"140":1,"141":1,"142":1,"143":0,"144":1,"145":1,"146":1,"147":2,"148":1},"f":{"0":264,"1":22,"2":22,"3":154,"4":200,"5":24,"6":162,"7":380,"8":0,"9":12,"10":162,"11":112,"12":108,"13":35,"14":35,"15":76,"16":1,"17":3,"18":0,"19":1,"20":0,"21":1,"22":1,"23":4,"24":9,"25":1,"26":0,"27":2},"b":{"0":[0,22],"1":[22,22],"2":[132,22],"3":[59,141],"4":[200,158],"5":[132,30],"6":[162,132],"7":[12,96],"8":[0,35],"9":[35,0],"10":[0,76],"11":[0,76],"12":[76,76],"13":[38,38],"14":[0,76],"15":[0,1],"16":[1,0],"17":[1,1],"18":[0,1],"19":[1,0],"20":[0,0],"21":[5,4],"22":[9,4],"23":[0,4],"24":[0,1],"25":[0,1],"26":[1,1],"27":[0,1],"28":[1,0],"29":[1,1]},"_coverageSchema":"332fd63041d2c1bcb487cc26dd0d5f7d97098a6c","hash":"76486fa4abcb5b0b138dfda70a4b09d27005b910","contentHash":"b2bb38f4a2f747ba0364eb2b0c86446c_10.0.0"},"/home/katja/Dokumente/alo/lib/reducer/reducer.js":{"path":"/home/katja/Dokumente/alo/lib/reducer/reducer.js","statementMap":{"0":{"start":{"line":3,"column":10},"end":{"line":3,"column":32}},"1":{"start":{"line":4,"column":17},"end":{"line":4,"column":51}},"2":{"start":{"line":6,"column":10},"end":{"line":6,"column":19}},"3":{"start":{"line":7,"column":8},"end":{"line":7,"column":16}},"4":{"start":{"line":9,"column":17},"end":{"line":9,"column":38}},"5":{"start":{"line":11,"column":20},"end":{"line":11,"column":75}},"6":{"start":{"line":12,"column":22},"end":{"line":12,"column":87}},"7":{"start":{"line":13,"column":28},"end":{"line":13,"column":93}},"8":{"start":{"line":21,"column":14},"end":{"line":64,"column":1}},"9":{"start":{"line":29,"column":2},"end":{"line":29,"column":23}},"10":{"start":{"line":38,"column":2},"end":{"line":38,"column":18}},"11":{"start":{"line":47,"column":2},"end":{"line":47,"column":32}},"12":{"start":{"line":56,"column":2},"end":{"line":56,"column":30}},"13":{"start":{"line":58,"column":2},"end":{"line":58,"column":35}},"14":{"start":{"line":59,"column":2},"end":{"line":59,"column":38}},"15":{"start":{"line":60,"column":2},"end":{"line":60,"column":40}},"16":{"start":{"line":61,"column":2},"end":{"line":61,"column":46}},"17":{"start":{"line":63,"column":2},"end":{"line":63,"column":33}},"18":{"start":{"line":65,"column":14},"end":{"line":65,"column":35}},"19":{"start":{"line":66,"column":0},"end":{"line":66,"column":38}},"20":{"start":{"line":67,"column":0},"end":{"line":69,"column":3}},"21":{"start":{"line":68,"column":2},"end":{"line":68,"column":49}},"22":{"start":{"line":70,"column":0},"end":{"line":72,"column":3}},"23":{"start":{"line":71,"column":2},"end":{"line":71,"column":28}},"24":{"start":{"line":73,"column":0},"end":{"line":76,"column":3}},"25":{"start":{"line":74,"column":2},"end":{"line":74,"column":49}},"26":{"start":{"line":75,"column":2},"end":{"line":75,"column":39}},"27":{"start":{"line":77,"column":0},"end":{"line":80,"column":3}},"28":{"start":{"line":78,"column":2},"end":{"line":78,"column":49}},"29":{"start":{"line":79,"column":2},"end":{"line":79,"column":28}},"30":{"start":{"line":81,"column":0},"end":{"line":85,"column":3}},"31":{"start":{"line":82,"column":2},"end":{"line":82,"column":49}},"32":{"start":{"line":83,"column":2},"end":{"line":83,"column":39}},"33":{"start":{"line":84,"column":2},"end":{"line":84,"column":28}},"34":{"start":{"line":92,"column":0},"end":{"line":92,"column":31}},"35":{"start":{"line":104,"column":0},"end":{"line":104,"column":34}},"36":{"start":{"line":116,"column":0},"end":{"line":116,"column":37}},"37":{"start":{"line":118,"column":0},"end":{"line":118,"column":54}},"38":{"start":{"line":119,"column":0},"end":{"line":119,"column":57}},"39":{"start":{"line":120,"column":0},"end":{"line":120,"column":59}},"40":{"start":{"line":121,"column":0},"end":{"line":121,"column":65}},"41":{"start":{"line":123,"column":0},"end":{"line":128,"column":2}},"42":{"start":{"line":124,"column":16},"end":{"line":124,"column":56}},"43":{"start":{"line":125,"column":2},"end":{"line":125,"column":27}},"44":{"start":{"line":127,"column":2},"end":{"line":127,"column":17}},"45":{"start":{"line":141,"column":0},"end":{"line":157,"column":2}},"46":{"start":{"line":142,"column":2},"end":{"line":154,"column":3}},"47":{"start":{"line":143,"column":27},"end":{"line":143,"column":85}},"48":{"start":{"line":144,"column":4},"end":{"line":146,"column":5}},"49":{"start":{"line":145,"column":6},"end":{"line":145,"column":31}},"50":{"start":{"line":147,"column":4},"end":{"line":149,"column":7}},"51":{"start":{"line":148,"column":6},"end":{"line":148,"column":54}},"52":{"start":{"line":150,"column":4},"end":{"line":150,"column":83}},"53":{"start":{"line":151,"column":4},"end":{"line":153,"column":5}},"54":{"start":{"line":152,"column":6},"end":{"line":152,"column":31}},"55":{"start":{"line":156,"column":2},"end":{"line":156,"column":15}},"56":{"start":{"line":164,"column":0},"end":{"line":168,"column":2}},"57":{"start":{"line":165,"column":2},"end":{"line":165,"column":24}},"58":{"start":{"line":167,"column":2},"end":{"line":167,"column":14}},"59":{"start":{"line":175,"column":0},"end":{"line":179,"column":2}},"60":{"start":{"line":176,"column":2},"end":{"line":176,"column":23}},"61":{"start":{"line":178,"column":2},"end":{"line":178,"column":14}},"62":{"start":{"line":181,"column":0},"end":{"line":183,"column":2}},"63":{"start":{"line":182,"column":2},"end":{"line":182,"column":23}},"64":{"start":{"line":190,"column":0},"end":{"line":194,"column":2}},"65":{"start":{"line":191,"column":2},"end":{"line":191,"column":21}},"66":{"start":{"line":192,"column":2},"end":{"line":192,"column":17}},"67":{"start":{"line":193,"column":2},"end":{"line":193,"column":14}},"68":{"start":{"line":196,"column":0},"end":{"line":196,"column":25}}},"fnMap":{"0":{"name":"Reducer","decl":{"start":{"line":21,"column":23},"end":{"line":21,"column":30}},"loc":{"start":{"line":21,"column":33},"end":{"line":64,"column":1}}},"1":{"name":"(anonymous_1)","decl":{"start":{"line":66,"column":22},"end":{"line":66,"column":23}},"loc":{"start":{"line":66,"column":34},"end":{"line":66,"column":36}}},"2":{"name":"(anonymous_2)","decl":{"start":{"line":67,"column":30},"end":{"line":67,"column":31}},"loc":{"start":{"line":67,"column":57},"end":{"line":69,"column":1}}},"3":{"name":"(anonymous_3)","decl":{"start":{"line":70,"column":27},"end":{"line":70,"column":28}},"loc":{"start":{"line":70,"column":47},"end":{"line":72,"column":1}}},"4":{"name":"(anonymous_4)","decl":{"start":{"line":73,"column":40},"end":{"line":73,"column":41}},"loc":{"start":{"line":73,"column":85},"end":{"line":76,"column":1}}},"5":{"name":"(anonymous_5)","decl":{"start":{"line":77,"column":37},"end":{"line":77,"column":38}},"loc":{"start":{"line":77,"column":74},"end":{"line":80,"column":1}}},"6":{"name":"(anonymous_6)","decl":{"start":{"line":81,"column":47},"end":{"line":81,"column":48}},"loc":{"start":{"line":81,"column":102},"end":{"line":85,"column":1}}},"7":{"name":"(anonymous_7)","decl":{"start":{"line":123,"column":34},"end":{"line":123,"column":35}},"loc":{"start":{"line":123,"column":46},"end":{"line":128,"column":1}}},"8":{"name":"reduce","decl":{"start":{"line":141,"column":36},"end":{"line":141,"column":42}},"loc":{"start":{"line":141,"column":58},"end":{"line":157,"column":1}}},"9":{"name":"(anonymous_9)","decl":{"start":{"line":147,"column":38},"end":{"line":147,"column":39}},"loc":{"start":{"line":147,"column":54},"end":{"line":149,"column":5}}},"10":{"name":"disable","decl":{"start":{"line":164,"column":37},"end":{"line":164,"column":44}},"loc":{"start":{"line":164,"column":47},"end":{"line":168,"column":1}}},"11":{"name":"enable","decl":{"start":{"line":175,"column":36},"end":{"line":175,"column":42}},"loc":{"start":{"line":175,"column":45},"end":{"line":179,"column":1}}},"12":{"name":"isEnabled","decl":{"start":{"line":181,"column":39},"end":{"line":181,"column":48}},"loc":{"start":{"line":181,"column":51},"end":{"line":183,"column":1}}},"13":{"name":"stop","decl":{"start":{"line":190,"column":34},"end":{"line":190,"column":38}},"loc":{"start":{"line":190,"column":41},"end":{"line":194,"column":1}}}},"branchMap":{"0":{"loc":{"start":{"line":142,"column":2},"end":{"line":154,"column":3}},"type":"if","locations":[{"start":{"line":142,"column":2},"end":{"line":154,"column":3}},{"start":{"line":142,"column":2},"end":{"line":154,"column":3}}]},"1":{"loc":{"start":{"line":144,"column":4},"end":{"line":146,"column":5}},"type":"if","locations":[{"start":{"line":144,"column":4},"end":{"line":146,"column":5}},{"start":{"line":144,"column":4},"end":{"line":146,"column":5}}]},"2":{"loc":{"start":{"line":151,"column":4},"end":{"line":153,"column":5}},"type":"if","locations":[{"start":{"line":151,"column":4},"end":{"line":153,"column":5}},{"start":{"line":151,"column":4},"end":{"line":153,"column":5}}]}},"s":{"0":1,"1":1,"2":1,"3":1,"4":1,"5":1,"6":1,"7":1,"8":1,"9":14,"10":14,"11":14,"12":14,"13":14,"14":14,"15":14,"16":14,"17":14,"18":1,"19":1,"20":1,"21":8,"22":1,"23":1,"24":1,"25":0,"26":0,"27":1,"28":0,"29":0,"30":1,"31":0,"32":0,"33":0,"34":1,"35":1,"36":1,"37":1,"38":1,"39":1,"40":1,"41":1,"42":0,"43":0,"44":0,"45":1,"46":10,"47":10,"48":10,"49":8,"50":10,"51":0,"52":10,"53":10,"54":0,"55":10,"56":1,"57":0,"58":0,"59":1,"60":0,"61":0,"62":1,"63":10,"64":1,"65":0,"66":0,"67":0,"68":1},"f":{"0":14,"1":5,"2":8,"3":1,"4":0,"5":0,"6":0,"7":0,"8":10,"9":0,"10":0,"11":0,"12":10,"13":0},"b":{"0":[10,0],"1":[8,2],"2":[0,10]},"_coverageSchema":"332fd63041d2c1bcb487cc26dd0d5f7d97098a6c","hash":"8e037560e4ed273c1edf32197092fc2a1df7a9f6","contentHash":"d21ae69afd121c0dc0e655d43b7893c0_10.0.0"},"/home/katja/Dokumente/alo/lib/util/customizer.js":{"path":"/home/katja/Dokumente/alo/lib/util/customizer.js","statementMap":{"0":{"start":{"line":3,"column":11},"end":{"line":3,"column":31}},"1":{"start":{"line":4,"column":8},"end":{"line":4,"column":18}},"2":{"start":{"line":5,"column":21},"end":{"line":5,"column":52}},"3":{"start":{"line":7,"column":16},"end":{"line":12,"column":1}},"4":{"start":{"line":14,"column":22},"end":{"line":14,"column":45}},"5":{"start":{"line":16,"column":17},"end":{"line":27,"column":1}},"6":{"start":{"line":17,"column":13},"end":{"line":17,"column":17}},"7":{"start":{"line":19,"column":2},"end":{"line":19,"column":30}},"8":{"start":{"line":21,"column":2},"end":{"line":21,"column":22}},"9":{"start":{"line":22,"column":2},"end":{"line":26,"column":5}},"10":{"start":{"line":23,"column":4},"end":{"line":25,"column":6}},"11":{"start":{"line":29,"column":0},"end":{"line":34,"column":2}},"12":{"start":{"line":30,"column":2},"end":{"line":30,"column":27}},"13":{"start":{"line":31,"column":2},"end":{"line":33,"column":5}},"14":{"start":{"line":32,"column":4},"end":{"line":32,"column":38}},"15":{"start":{"line":36,"column":0},"end":{"line":38,"column":2}},"16":{"start":{"line":37,"column":2},"end":{"line":37,"column":76}},"17":{"start":{"line":43,"column":0},"end":{"line":43,"column":67}},"18":{"start":{"line":44,"column":10},"end":{"line":44,"column":52}},"19":{"start":{"line":45,"column":0},"end":{"line":53,"column":3}},"20":{"start":{"line":46,"column":2},"end":{"line":50,"column":3}},"21":{"start":{"line":47,"column":4},"end":{"line":47,"column":52}},"22":{"start":{"line":49,"column":4},"end":{"line":49,"column":35}},"23":{"start":{"line":52,"column":2},"end":{"line":52,"column":14}},"24":{"start":{"line":55,"column":0},"end":{"line":71,"column":2}},"25":{"start":{"line":56,"column":13},"end":{"line":56,"column":17}},"26":{"start":{"line":58,"column":2},"end":{"line":68,"column":3}},"27":{"start":{"line":59,"column":4},"end":{"line":59,"column":71}},"28":{"start":{"line":61,"column":4},"end":{"line":67,"column":5}},"29":{"start":{"line":62,"column":6},"end":{"line":64,"column":9}},"30":{"start":{"line":63,"column":8},"end":{"line":63,"column":35}},"31":{"start":{"line":66,"column":6},"end":{"line":66,"column":38}},"32":{"start":{"line":70,"column":2},"end":{"line":70,"column":14}},"33":{"start":{"line":73,"column":0},"end":{"line":73,"column":67}},"34":{"start":{"line":74,"column":10},"end":{"line":74,"column":52}},"35":{"start":{"line":75,"column":0},"end":{"line":81,"column":3}},"36":{"start":{"line":76,"column":2},"end":{"line":80,"column":3}},"37":{"start":{"line":77,"column":4},"end":{"line":77,"column":52}},"38":{"start":{"line":79,"column":4},"end":{"line":79,"column":35}},"39":{"start":{"line":83,"column":0},"end":{"line":109,"column":2}},"40":{"start":{"line":84,"column":2},"end":{"line":108,"column":3}},"41":{"start":{"line":85,"column":4},"end":{"line":85,"column":60}},"42":{"start":{"line":87,"column":15},"end":{"line":87,"column":39}},"43":{"start":{"line":88,"column":4},"end":{"line":107,"column":5}},"44":{"start":{"line":89,"column":6},"end":{"line":89,"column":23}},"45":{"start":{"line":91,"column":17},"end":{"line":91,"column":36}},"46":{"start":{"line":96,"column":6},"end":{"line":98,"column":7}},"47":{"start":{"line":97,"column":8},"end":{"line":97,"column":62}},"48":{"start":{"line":99,"column":6},"end":{"line":99,"column":27}},"49":{"start":{"line":100,"column":6},"end":{"line":106,"column":7}},"50":{"start":{"line":101,"column":8},"end":{"line":103,"column":11}},"51":{"start":{"line":102,"column":10},"end":{"line":102,"column":40}},"52":{"start":{"line":105,"column":8},"end":{"line":105,"column":38}},"53":{"start":{"line":111,"column":0},"end":{"line":111,"column":28}}},"fnMap":{"0":{"name":"Customizer","decl":{"start":{"line":16,"column":26},"end":{"line":16,"column":36}},"loc":{"start":{"line":16,"column":44},"end":{"line":27,"column":1}}},"1":{"name":"(anonymous_1)","decl":{"start":{"line":22,"column":23},"end":{"line":22,"column":24}},"loc":{"start":{"line":22,"column":49},"end":{"line":26,"column":3}}},"2":{"name":"(anonymous_2)","decl":{"start":{"line":29,"column":39},"end":{"line":29,"column":40}},"loc":{"start":{"line":29,"column":57},"end":{"line":34,"column":1}}},"3":{"name":"(anonymous_3)","decl":{"start":{"line":31,"column":29},"end":{"line":31,"column":30}},"loc":{"start":{"line":31,"column":45},"end":{"line":33,"column":3}}},"4":{"name":"(anonymous_4)","decl":{"start":{"line":36,"column":47},"end":{"line":36,"column":48}},"loc":{"start":{"line":36,"column":64},"end":{"line":38,"column":1}}},"5":{"name":"(anonymous_5)","decl":{"start":{"line":45,"column":53},"end":{"line":45,"column":54}},"loc":{"start":{"line":45,"column":83},"end":{"line":53,"column":1}}},"6":{"name":"(anonymous_6)","decl":{"start":{"line":55,"column":47},"end":{"line":55,"column":48}},"loc":{"start":{"line":55,"column":71},"end":{"line":71,"column":1}}},"7":{"name":"(anonymous_7)","decl":{"start":{"line":62,"column":35},"end":{"line":62,"column":36}},"loc":{"start":{"line":62,"column":57},"end":{"line":64,"column":7}}},"8":{"name":"(anonymous_8)","decl":{"start":{"line":75,"column":43},"end":{"line":75,"column":44}},"loc":{"start":{"line":75,"column":67},"end":{"line":81,"column":1}}},"9":{"name":"(anonymous_9)","decl":{"start":{"line":83,"column":46},"end":{"line":83,"column":47}},"loc":{"start":{"line":83,"column":70},"end":{"line":109,"column":1}}},"10":{"name":"(anonymous_10)","decl":{"start":{"line":101,"column":40},"end":{"line":101,"column":41}},"loc":{"start":{"line":101,"column":52},"end":{"line":103,"column":9}}}},"branchMap":{"0":{"loc":{"start":{"line":46,"column":2},"end":{"line":50,"column":3}},"type":"if","locations":[{"start":{"line":46,"column":2},"end":{"line":50,"column":3}},{"start":{"line":46,"column":2},"end":{"line":50,"column":3}}]},"1":{"loc":{"start":{"line":58,"column":2},"end":{"line":68,"column":3}},"type":"if","locations":[{"start":{"line":58,"column":2},"end":{"line":68,"column":3}},{"start":{"line":58,"column":2},"end":{"line":68,"column":3}}]},"2":{"loc":{"start":{"line":58,"column":6},"end":{"line":58,"column":64}},"type":"binary-expr","locations":[{"start":{"line":58,"column":6},"end":{"line":58,"column":24}},{"start":{"line":58,"column":28},"end":{"line":58,"column":64}}]},"3":{"loc":{"start":{"line":61,"column":4},"end":{"line":67,"column":5}},"type":"if","locations":[{"start":{"line":61,"column":4},"end":{"line":67,"column":5}},{"start":{"line":61,"column":4},"end":{"line":67,"column":5}}]},"4":{"loc":{"start":{"line":76,"column":2},"end":{"line":80,"column":3}},"type":"if","locations":[{"start":{"line":76,"column":2},"end":{"line":80,"column":3}},{"start":{"line":76,"column":2},"end":{"line":80,"column":3}}]},"5":{"loc":{"start":{"line":84,"column":2},"end":{"line":108,"column":3}},"type":"if","locations":[{"start":{"line":84,"column":2},"end":{"line":108,"column":3}},{"start":{"line":84,"column":2},"end":{"line":108,"column":3}}]},"6":{"loc":{"start":{"line":88,"column":4},"end":{"line":107,"column":5}},"type":"if","locations":[{"start":{"line":88,"column":4},"end":{"line":107,"column":5}},{"start":{"line":88,"column":4},"end":{"line":107,"column":5}}]},"7":{"loc":{"start":{"line":96,"column":6},"end":{"line":98,"column":7}},"type":"if","locations":[{"start":{"line":96,"column":6},"end":{"line":98,"column":7}},{
[...]
umn":5}},"65":{"start":{"line":106,"column":4},"end":{"line":129,"column":5}},"66":{"start":{"line":107,"column":16},"end":{"line":107,"column":17}},"67":{"start":{"line":108,"column":19},"end":{"line":125,"column":7}},"68":{"start":{"line":109,"column":8},"end":{"line":124,"column":9}},"69":{"start":{"line":110,"column":10},"end":{"line":121,"column":11}},"70":{"start":{"line":111,"column":12},"end":{"line":117,"column":15}},"71":{"start":{"line":112,"column":14},"end":{"line":112,"column":56}},"72":{"start":{"line":114,"column":14},"end":{"line":114,"column":39}},"73":{"start":{"line":115,"column":14},"end":{"line":115,"column":20}},"74":{"start":{"line":116,"column":14},"end":{"line":116,"column":30}},"75":{"start":{"line":119,"column":12},"end":{"line":119,"column":18}},"76":{"start":{"line":120,"column":12},"end":{"line":120,"column":28}},"77":{"start":{"line":123,"column":10},"end":{"line":123,"column":31}},"78":{"start":{"line":126,"column":6},"end":{"line":126,"column":22}},"79":{"start":{"line":128,"column":6},"end":{"line":128,"column":16}},"80":{"start":{"line":133,"column":0},"end":{"line":245,"column":2}},"81":{"start":{"line":134,"column":13},"end":{"line":134,"column":17}},"82":{"start":{"line":135,"column":2},"end":{"line":135,"column":42}},"83":{"start":{"line":137,"column":25},"end":{"line":157,"column":3}},"84":{"start":{"line":138,"column":16},"end":{"line":138,"column":39}},"85":{"start":{"line":139,"column":4},"end":{"line":141,"column":5}},"86":{"start":{"line":140,"column":6},"end":{"line":140,"column":18}},"87":{"start":{"line":142,"column":14},"end":{"line":142,"column":15}},"88":{"start":{"line":143,"column":17},"end":{"line":155,"column":5}},"89":{"start":{"line":144,"column":6},"end":{"line":154,"column":7}},"90":{"start":{"line":145,"column":8},"end":{"line":151,"column":11}},"91":{"start":{"line":146,"column":10},"end":{"line":146,"column":66}},"92":{"start":{"line":148,"column":10},"end":{"line":148,"column":29}},"93":{"start":{"line":149,"column":10},"end":{"line":149,"column":16}},"94":{"start":{"line":150,"column":10},"end":{"line":150,"column":26}},"95":{"start":{"line":153,"column":8},"end":{"line":153,"column":22}},"96":{"start":{"line":156,"column":4},"end":{"line":156,"column":20}},"97":{"start":{"line":159,"column":23},"end":{"line":208,"column":3}},"98":{"start":{"line":160,"column":15},"end":{"line":160,"column":28}},"99":{"start":{"line":161,"column":15},"end":{"line":161,"column":31}},"100":{"start":{"line":162,"column":15},"end":{"line":162,"column":31}},"101":{"start":{"line":163,"column":4},"end":{"line":207,"column":5}},"102":{"start":{"line":164,"column":6},"end":{"line":204,"column":9}},"103":{"start":{"line":165,"column":8},"end":{"line":176,"column":9}},"104":{"start":{"line":166,"column":29},"end":{"line":168,"column":12}},"105":{"start":{"line":167,"column":12},"end":{"line":167,"column":53}},"106":{"start":{"line":169,"column":29},"end":{"line":169,"column":31}},"107":{"start":{"line":170,"column":10},"end":{"line":172,"column":13}},"108":{"start":{"line":171,"column":12},"end":{"line":171,"column":52}},"109":{"start":{"line":173,"column":10},"end":{"line":173,"column":56}},"110":{"start":{"line":175,"column":10},"end":{"line":175,"column":24}},"111":{"start":{"line":178,"column":26},"end":{"line":178,"column":30}},"112":{"start":{"line":179,"column":8},"end":{"line":187,"column":9}},"113":{"start":{"line":180,"column":10},"end":{"line":180,"column":30}},"114":{"start":{"line":181,"column":10},"end":{"line":186,"column":13}},"115":{"start":{"line":182,"column":12},"end":{"line":185,"column":13}},"116":{"start":{"line":183,"column":14},"end":{"line":183,"column":33}},"117":{"start":{"line":184,"column":14},"end":{"line":184,"column":27}},"118":{"start":{"line":188,"column":8},"end":{"line":196,"column":9}},"119":{"start":{"line":189,"column":10},"end":{"line":193,"column":11}},"120":{"start":{"line":190,"column":12},"end":{"line":190,"column":64}},"121":{"start":{"line":192,"column":12},"end":{"line":192,"column":24}},"122":{"start":{"line":195,"column":10},"end":{"line":195,"column":39}},"123":{"start":{"line":198,"column":8},"end":{"line":200,"column":9}},"124":{"start":{"line":199,"column":10},"end":{"line":199,"column":24}},"125":{"start":{"line":201,"column":8},"end":{"line":201,"column":37}},"126":{"start":{"line":202,"column":8},"end":{"line":202,"column":26}},"127":{"start":{"line":203,"column":8},"end":{"line":203,"column":22}},"128":{"start":{"line":206,"column":6},"end":{"line":206,"column":20}},"129":{"start":{"line":210,"column":25},"end":{"line":213,"column":3}},"130":{"start":{"line":215,"column":2},"end":{"line":244,"column":5}},"131":{"start":{"line":216,"column":4},"end":{"line":216,"column":57}},"132":{"start":{"line":218,"column":14},"end":{"line":218,"column":15}},"133":{"start":{"line":219,"column":31},"end":{"line":219,"column":56}},"134":{"start":{"line":220,"column":17},"end":{"line":237,"column":5}},"135":{"start":{"line":221,"column":6},"end":{"line":236,"column":7}},"136":{"start":{"line":222,"column":8},"end":{"line":233,"column":9}},"137":{"start":{"line":223,"column":10},"end":{"line":229,"column":13}},"138":{"start":{"line":224,"column":12},"end":{"line":224,"column":72}},"139":{"start":{"line":226,"column":12},"end":{"line":226,"column":37}},"140":{"start":{"line":227,"column":12},"end":{"line":227,"column":18}},"141":{"start":{"line":228,"column":12},"end":{"line":228,"column":28}},"142":{"start":{"line":231,"column":10},"end":{"line":231,"column":16}},"143":{"start":{"line":232,"column":10},"end":{"line":232,"column":26}},"144":{"start":{"line":235,"column":8},"end":{"line":235,"column":20}},"145":{"start":{"line":238,"column":4},"end":{"line":238,"column":20}},"146":{"start":{"line":240,"column":4},"end":{"line":240,"column":56}},"147":{"start":{"line":242,"column":4},"end":{"line":242,"column":36}},"148":{"start":{"line":243,"column":4},"end":{"line":243,"column":25}},"149":{"start":{"line":247,"column":0},"end":{"line":247,"column":28}}},"fnMap":{"0":{"name":"Dependency","decl":{"start":{"line":13,"column":26},"end":{"line":13,"column":36}},"loc":{"start":{"line":13,"column":39},"end":{"line":26,"column":1}}},"1":{"name":"(anonymous_1)","decl":{"start":{"line":36,"column":32},"end":{"line":36,"column":33}},"loc":{"start":{"line":36,"column":48},"end":{"line":45,"column":1}}},"2":{"name":"(anonymous_2)","decl":{"start":{"line":49,"column":18},"end":{"line":49,"column":19}},"loc":{"start":{"line":49,"column":30},"end":{"line":49,"column":32}}},"3":{"name":"(anonymous_3)","decl":{"start":{"line":50,"column":40},"end":{"line":50,"column":41}},"loc":{"start":{"line":50,"column":70},"end":{"line":65,"column":1}}},"4":{"name":"(anonymous_4)","decl":{"start":{"line":55,"column":28},"end":{"line":55,"column":29}},"loc":{"start":{"line":55,"column":56},"end":{"line":61,"column":5}}},"5":{"name":"(anonymous_5)","decl":{"start":{"line":66,"column":57},"end":{"line":66,"column":58}},"loc":{"start":{"line":66,"column":99},"end":{"line":84,"column":1}}},"6":{"name":"(anonymous_6)","decl":{"start":{"line":67,"column":26},"end":{"line":67,"column":27}},"loc":{"start":{"line":67,"column":48},"end":{"line":71,"column":3}}},"7":{"name":"(anonymous_7)","decl":{"start":{"line":85,"column":50},"end":{"line":85,"column":51}},"loc":{"start":{"line":85,"column":78},"end":{"line":87,"column":1}}},"8":{"name":"remove","decl":{"start":{"line":89,"column":39},"end":{"line":89,"column":45}},"loc":{"start":{"line":89,"column":58},"end":{"line":102,"column":1}}},"9":{"name":"reduceRecursive","decl":{"start":{"line":104,"column":48},"end":{"line":104,"column":63}},"loc":{"start":{"line":104,"column":88},"end":{"line":131,"column":1}}},"10":{"name":"(anonymous_10)","decl":{"start":{"line":105,"column":34},"end":{"line":105,"column":35}},"loc":{"start":{"line":105,"column":46},"end":{"line":130,"column":3}}},"11":{"name":"walker","decl":{"start":{"line":108,"column":28},"end":{"line":108,"column":34}},"loc":{"start":{"line":108,"column":37},"end":{"line":125,"column":7}}},"12":{"name":"(anonymous_12)","decl":{"start":{"line":111,"column":44},"end":{"line":111,"column":45}},"loc":{"start":{"line":111,"column":56},"end":{"line":113,"column":13}}},"13":{"name":"(anonymous_13)","decl":{"start":{"line":113,"column":20},"end":{"line":113,"column":21}},"loc":{"start":{"line":113,"column":40},"end":{"line":117,"column":13}}},"14":{"name":"reduce","decl":{"start":{"line":133,"column":39},"end":{"line":133,"column":45}},"loc":{"start":{"line":133,"column":56},"end":{"line":245,"column":1}}},"15":{"name":"walkDependencies","decl":{"start":{"line":137,"column":34},"end":{"line":137,"column":50}},"loc":{"start":{"line":137,"column":73},"end":{"line":157,"column":3}}},"16":{"name":"walker","decl":{"start":{"line":143,"column":26},"end":{"line":143,"column":32}},"loc":{"start":{"line":143,"column":35},"end":{"line":155,"column":5}}},"17":{"name":"(anonymous_17)","decl":{"start":{"line":145,"column":40},"end":{"line":145,"column":41}},"loc":{"start":{"line":145,"column":52},"end":{"line":147,"column":9}}},"18":{"name":"(anonymous_18)","decl":{"start":{"line":147,"column":16},"end":{"line":147,"column":17}},"loc":{"start":{"line":147,"column":37},"end":{"line":151,"column":9}}},"19":{"name":"walkDependency","decl":{"start":{"line":159,"column":32},"end":{"line":159,"column":46}},"loc":{"start":{"line":159,"column":81},"end":{"line":208,"column":3}}},"20":{"name":"(anonymous_20)","decl":{"start":{"line":164,"column":38},"end":{"line":164,"column":39}},"loc":{"start":{"line":164,"column":50},"end":{"line":177,"column":7}}},"21":{"name":"(anonymous_21)","decl":{"start":{"line":166,"column":44},"end":{"line":166,"column":45}},"loc":{"start":{"line":166,"column":60},"end":{"line":168,"column":11}}},"22":{"name":"(anonymous_22)","decl":{"start":{"line":170,"column":34},"end":{"line":170,"column":35}},"loc":{"start":{"line":170,"column":50},"end":{"line":172,"column":11}}},"23":{"name":"(anonymous_23)","decl":{"start":{"line":177,"column":14},"end":{"line":177,"column":15}},"loc":{"start":{"line":177,"column":32},"end":{"line":197,"column":7}}},"24":{"name":"(anonymous_24)","decl":{"start":{"line":181,"column":26},"end":{"line":181,"column":27}},"loc":{"start":{"line":181,"column":42},"end":{"line":186,"column":11}}},"25":{"name":"(anonymous_25)","decl":{"start":{"line":197,"column":14},"end":{"line":197,"column":15}},"loc":{"start":{"line":197,"column":32},"end":{"line":204,"column":7}}},"26":{"name":"(anonymous_26)","decl":{"start":{"line":215,"column":34},"end":{"line":215,"column":35}},"loc":{"start":{"line":215,"column":46},"end":{"line":217,"column":3}}},"27":{"name":"(anonymous_27)","decl":{"start":{"line":217,"column":10},"end":{"line":217,"column":11}},"loc":{"start":{"line":217,"column":28},"end":{"line":239,"column":3}}},"28":{"name":"walker","decl":{"start":{"line":220,"column":26},"end":{"line":220,"column":32}},"loc":{"start":{"line":220,"column":35},"end":{"line":237,"column":5}}},"29":{"name":"(anonymous_29)","decl":{"start":{"line":223,"column":42},"end":{"line":223,"column":43}},"loc":{"start":{"line":223,"column":54},"end":{"line":225,"column":11}}},"30":{"name":"(anonymous_30)","decl":{"start":{"line":225,"column":18},"end":{"line":225,"column":19}},"loc":{"start":{"line":225,"column":46},"end":{"line":229,"column":11}}},"31":{"name":"(anonymous_31)","decl":{"start":{"line":239,"column":10},"end":{"line":239,"column":11}},"loc":{"start":{"line":239,"column":22},"end":{"line":241,"column":3}}},"32":{"name":"(anonymous_32)","decl":{"start":{"line":241,"column":10},"end":{"line":241,"column":11}},"loc":{"start":{"line":241,"column":22},"end":{"line":244,"column":3}}}},"branchMap":{"0":{"loc":{"start":{"line":37,"column":2},"end":{"line":44,"column":3}},"type":"switch","locations":[{"start":{"line":38,"column":4},"end":{"line":39,"column":38}},{"start":{"line":40,"column":4},"end":{"line":41,"column":37}},{"start":{"line":42,"column":4},"end":{"line":43,"column":69}}]},"1":{"loc":{"start":{"line":52,"column":2},"end":{"line":62,"column":3}},"type":"if","locations":[{"start":{"line":52,"column":2},"end":{"line":62,"column":3}},{"start":{"line":52,"column":2},"end":{"line":62,"column":3}}]},"2":{"loc":{"start":{"line":56,"column":6},"end":{"line":60,"column":7}},"type":"if","locations":[{"start":{"line":56,"column":6},"end":{"line":60,"column":7}},{"start":{"line":56,"column":6},"end":{"line":60,"column":7}}]},"3":{"loc":{"start":{"line":68,"column":4},"end":{"line":70,"column":5}},"type":"if","locations":[{"start":{"line":68,"column":4},"end":{"line":70,"column":5}},{"start":{"line":68,"column":4},"end":{"line":70,"column":5}}]},"4":{"loc":{"start":{"line":68,"column":8},"end":{"line":68,"column":52}},"type":"binary-expr","locations":[{"start":{"line":68,"column":8},"end":{"line":68,"column":31}},{"start":{"line":68,"column":35},"end":{"line":68,"column":52}}]},"5":{"loc":{"start":{"line":72,"column":2},"end":{"line":81,"column":3}},"type":"switch","locations":[{"start":{"line":73,"column":4},"end":{"line":75,"column":12}},{"start":{"line":76,"column":4},"end":{"line":78,"column":12}},{"start":{"line":79,"column":4},"end":{"line":80,"column":56}}]},"6":{"loc":{"start":{"line":90,"column":2},"end":{"line":99,"column":3}},"type":"if","locations":[{"start":{"line":90,"column":2},"end":{"line":99,"column":3}},{"start":{"line":90,"column":2},"end":{"line":99,"column":3}}]},"7":{"loc":{"start":{"line":90,"column":6},"end":{"line":90,"column":68}},"type":"binary-expr","locations":[{"start":{"line":90,"column":6},"end":{"line":90,"column":24}},{"start":{"line":90,"column":28},"end":{"line":90,"column":68}}]},"8":{"loc":{"start":{"line":93,"column":4},"end":{"line":95,"column":5}},"type":"if","locations":[{"start":{"line":93,"column":4},"end":{"line":95,"column":5}},{"start":{"line":93,"column":4},"end":{"line":95,"column":5}}]},"9":{"loc":{"start":{"line":93,"column":8},"end":{"line":93,"column":47}},"type":"binary-expr","locations":[{"start":{"line":93,"column":8},"end":{"line":93,"column":26}},{"start":{"line":93,"column":30},"end":{"line":93,"column":47}}]},"10":{"loc":{"start":{"line":96,"column":4},"end":{"line":98,"column":5}},"type":"if","locations":[{"start":{"line":96,"column":4},"end":{"line":98,"column":5}},{"start":{"line":96,"column":4},"end":{"line":98,"column":5}}]},"11":{"loc":{"start":{"line":96,"column":8},"end":{"line":96,"column":46}},"type":"binary-expr","locations":[{"start":{"line":96,"column":8},"end":{"line":96,"column":26}},{"start":{"line":96,"column":30},"end":{"line":96,"column":46}}]},"12":{"loc":{"start":{"line":106,"column":4},"end":{"line":129,"column":5}},"type":"if","locations":[{"start":{"line":106,"column":4},"end":{"line":129,"column":5}},{"start":{"line":106,"column":4},"end":{"line":129,"column":5}}]},"13":{"loc":{"start":{"line":109,"column":8},"end":{"line":124,"column":9}},"type":"if","locations":[{"start":{"line":109,"column":8},"end":{"line":124,"column":9}},{"start":{"line":109,"column":8},"end":{"line":124,"column":9}}]},"14":{"loc":{"start":{"line":110,"column":10},"end":{"line":121,"column":11}},"type":"if","locations":[{"start":{"line":110,"column":10},"end":{"line":121,"column":11}},{"start":{"line":110,"column":10},"end":{"line":121,"column":11}}]},"15":{"loc":{"start":{"line":135,"column":20},"end":{"line":135,"column":41}},"type":"binary-expr","locations":[{"start":{"line":135,"column":20},"end":{"line":135,"column":35}},{"start":{"line":135,"column":39},"end":{"line":135,"column":41}}]},"16":{"loc":{"start":{"line":139,"column":4},"end":{"line":141,"column":5}},"type":"if","locations":[{"start":{"line":139,"column":4},"end":{"line":141,"column":5}},{"start":{"line":139,"column":4},"end":{"line":141,"column":5}}]},"17":{"loc":{"start":{"line":144,"column":6},"end":{"line":154,"column":7}},"type":"if","locations":[{"start":{"line":144,"column":6},"end":{"line":154,"column":7}},{"start":{"line":144,"column":6},"end":{"line":154,"column":7}}]},"18":{"loc":{"start":{"line":163,"column":4},"end":{"line":207,"column":5}},"type":"if","locations":[{"start":{"line":163,"column":4},"end":{"line":207,"column":5}},{"start":{"line":163,"column":4},"end":{"line":207,"column":5}}]},"19":{"loc":{"start":{"line":165,"column":8},"end":{"line":176,"column":9}},"type":"if","locations":[{"start":{"line":165,"column":8},"end":{"line":176,"column":9}},{"start":{"line":165,"column":8},"end":{"line":176,"column":9}}]},"20":{"loc":{"start":{"line":179,"column":8},"end":{"line":187,"column":9}},"type":"if","locations":[{"start":{"line":179,"column":8},"end":{"line":187,"column":9}},{"start":{"line":179,"column":8},"end":{"line":187,"column":9}}]},"21":{"loc":{"start":{"line":182,"column":12},"end":{"line":185,"column":13}},"type":"if","locations":[{"start":{"line":182,"column":12},"end":{"line":185,"column":13}},{"start":{"line":182,"column":12},"end":{"line":185,"column":13}}]},"22":{"loc":{"start":{"line":188,"column":8},"end":{"line":196,"column":9}},"type":"if","locations":[{"start":{"line":188,"column":8},"end":{"line":196,"column":9}},{"start":{"line":188,"column":8},"end":{"line":196,"column":9}}]},"23":{"loc":{"start":{"line":189,"column":10},"end":{"line":193,"column":11}},"type":"if","locations":[{"start":{"line":189,"column":10},"end":{"line":193,"column":11}},{"start":{"line":189,"column":10},"end":{"line":193,"column":11}}]},"24":{"loc":{"start":{"line":198,"column":8},"end":{"line":200,"column":9}},"type":"if","locations":[{"start":{"line":198,"column":8},"end":{"line":200,"column":9}},{"start":{"line":198,"column":8},"end":{"line":200,"column":9}}]},"25":{"loc":{"start":{"line":221,"column":6},"end":{"line":236,"column":7}},"type":"if","locations":[{"start":{"line":221,"column":6},"end":{"line":236,"column":7}},{"start":{"line":221,"column":6},"end":{"line":236,"column":7}}]},"26":{"loc":{"start":{"line":222,"column":8},"end":{"line":233,"column":9}},"type":"if","locations":[{"start":{"line":222,"column":8},"end":{"line":233,"column":9}},{"start":{"line":222,"column":8},"end":{"line":233,"column":9}}]}},"s":{"0":1,"1":1,"2":1,"3":1,"4":1,"5":1,"6":1,"7":1,"8":1,"9":4,"10":4,"11":4,"12":4,"13":4,"14":4,"15":4,"16":4,"17":4,"18":1,"19":1,"20":1,"21":1,"22":1,"23":1,"24":1,"25":1,"26":22,"27":11,"28":11,"29":0,"30":1,"31":1,"32":1,"33":1,"34":5,"35":5,"36":0,"37":5,"38":8,"39":2,"40":6,"41":5,"42":1,"43":8,"44":3,"45":0,"46":8,"47":1,"48":1,"49":7,"50":7,"51":0,"52":8,"53":1,"54":6,"55":1,"56":0,"57":0,"58":0,"59":0,"60":0,"61":0,"62":0,"63":1,"64":8,"65":8,"66":8,"67":8,"68":16,"69":8,"70":8,"71":8,"72":8,"73":8,"74":8,"75":0,"76":0,"77":8,"78":8,"79":0,"80":1,"81":11,"82":11,"83":11,"84":28,"85":28,"86":0,"87":28,"88":28,"89":57,"90":29,"91":29,"92":29,"93":29,"94":29,"95":28,"96":28,"97":11,"98":29,"99":29,"100":29,"101":29,"102":23,"103":23,"104":6,"105":9,"106":6,"107":6,"108":6,"109":6,"110":17,"111":23,"112":23,"113":6,"114":6,"115":7,"116":4,"117":4,"118":23,"119":21,"120":21,"121":0,"122":2,"123":23,"124":0,"125":23,"126":23,"127":23,"128":6,"129":11,"130":11,"131":11,"132":11,"133":11,"134":11,"135":14,"136":3,"137":3,"138":3,"139":3,"140":3,"141":3,"142":0,"143":0,"144":11,"145":11,"146":11,"147":11,"148":11,"149":1},"f":{"0":4,"1":22,"2":0,"3":5,"4":8,"5":8,"6":3,"7":6,"8":0,"9":8,"10":8,"11":16,"12":8,"13":8,"14":11,"15":28,"16":57,"17":29,"18":29,"19":29,"20":23,"21":9,"22":6,"23":23,"24":7,"25":23,"26":11,"27":11,"28":14,"29":3,"30":3,"31":11,"32":11},"b":{"0":[11,11,0],"1":[0,5],"2":[2,6],"3":[0,3],"4":[3,3],"5":[1,7,0],"6":[0,0],"7":[0,0],"8":[0,0],"9":[0,0],"10":[0,0],"11":[0,0],"12":[8,0],"13":[8,8],"14":[8,0],"15":[11,4],"16":[0,28],"17":[29,28],"18":[23,6],"19":[6,17],"20":[6,17],"21":[4,3],"22":[21,2],"23":[21,0],"24":[0,23],"25":[3,11],"26":[3,0]},"_coverageSchema":"332fd63041d2c1bcb487cc26dd0d5f7d97098a6c","hash":"4cbba79c72f37e48f8e657ab88fedab2d2961218","contentHash":"8b91cede44b06d170a8b9596c3d819a6_10.0.0"}}