{"/home/katja/Dokumente/alo/main/alo.full.dev.js":{"path":"/home/katja/Dokumente/alo/main/alo.full.dev.js","s":{"1":1,"2":1,"3":1,"4":1},"b":{},"f":{},"fnMap":{},"statementMap":{"1":{"start":{"line":1,"column":0},"end":{"line":1,"column":36}},"2":{"start":{"line":2,"column":0},"end":{"line":2,"column":45}},"3":{"start":{"line":3,"column":0},"end":{"line":3,"column":42}},"4":{"start":{"line":5,"column":0},"end":{"line":5,"column":39}}},"branchMap":{}},"/home/katja/Dokumente/alo/lib/alo.js":{"path":"/home/katja/Dokumente/alo/lib/alo.js","s":{"1":1,"2":16,"3":16,"4":16,"5":1,"6":12,"7":12,"8":12,"9":12,"10":1,"11":21,"12":21,"13":1,"14":4,"15":4,"16":4,"17":4,"18":1,"19":16,"20":16,"21":1,"22":3,"23":3,"24":3,"25":3,"26":1,"27":4,"28":4,"29":1,"30":13,"31":13,"32":13,"33":13,"34":1,"35":25,"36":25,"37":1,"38":17,"39":17,"40":17,"41":17,"42":17,"43":1,"44":70,"45":70,"46":70,"47":70,"48":70,"49":1,"50":15,"51":15,"52":1,"53":5,"54":5,"55":5,"56":5,"57":1},"b":{"1":[0,16],"2":[16,0],"3":[70,0,0],"4":[70,39]},"f":{"1":16,"2":12,"3":21,"4":4,"5":16,"6":3,"7":4,"8":13,"9":25,"10":17,"11":70,"12":15,"13":5},"fnMap":{"1":{"name":"Alo","line":1,"loc":{"start":{"line":1,"column":10},"end":{"line":1,"column":28}}},"2":{"name":"createSubscription","line":13,"loc":{"start":{"line":13,"column":35},"end":{"line":13,"column":66}}},"3":{"name":"isSubscription","line":20,"loc":{"start":{"line":20,"column":31},"end":{"line":20,"column":70}}},"4":{"name":"createDependency","line":25,"loc":{"start":{"line":25,"column":33},"end":{"line":25,"column":62}}},"5":{"name":"isDependency","line":32,"loc":{"start":{"line":32,"column":29},"end":{"line":32,"column":64}}},"6":{"name":"createMember","line":37,"loc":{"start":{"line":37,"column":29},"end":{"line":37,"column":54}}},"7":{"name":"isMember","line":44,"loc":{"start":{"line":44,"column":25},"end":{"line":44,"column":52}}},"8":{"name":"createReducer","line":72,"loc":{"start":{"line":72,"column":30},"end":{"line":72,"column":56}}},"9":{"name":"isReducer","line":86,"loc":{"start":{"line":86,"column":26},"end":{"line":86,"column":55}}},"10":{"name":"createStore","line":95,"loc":{"start":{"line":95,"column":28},"end":{"line":95,"column":52}}},"11":{"name":"isStore","line":110,"loc":{"start":{"line":110,"column":24},"end":{"line":110,"column":61}}},"12":{"name":"isMiddleware","line":118,"loc":{"start":{"line":118,"column":29},"end":{"line":118,"column":64}}},"13":{"name":"createMiddleware","line":123,"loc":{"start":{"line":123,"column":33},"end":{"line":123,"column":62}}}},"statementMap":{"1":{"start":{"line":1,"column":0},"end":{"line":11,"column":1}},"2":{"start":{"line":2,"column":2},"end":{"line":2,"column":38}},"3":{"start":{"line":9,"column":2},"end":{"line":9,"column":24}},"4":{"start":{"line":10,"column":2},"end":{"line":10,"column":78}},"5":{"start":{"line":13,"column":0},"end":{"line":18,"column":1}},"6":{"start":{"line":14,"column":2},"end":{"line":14,"column":62}},"7":{"start":{"line":15,"column":2},"end":{"line":15,"column":58}},"8":{"start":{"line":16,"column":2},"end":{"line":16,"column":45}},"9":{"start":{"line":17,"column":2},"end":{"line":17,"column":21}},"10":{"start":{"line":20,"column":0},"end":{"line":23,"column":1}},"11":{"start":{"line":21,"column":2},"end":{"line":21,"column":62}},"12":{"start":{"line":22,"column":2},"end":{"line":22,"column":47}},"13":{"start":{"line":25,"column":0},"end":{"line":30,"column":1}},"14":{"start":{"line":26,"column":2},"end":{"line":26,"column":56}},"15":{"start":{"line":27,"column":2},"end":{"line":27,"column":54}},"16":{"start":{"line":28,"column":2},"end":{"line":28,"column":41}},"17":{"start":{"line":29,"column":2},"end":{"line":29,"column":19}},"18":{"start":{"line":32,"column":0},"end":{"line":35,"column":1}},"19":{"start":{"line":33,"column":2},"end":{"line":33,"column":56}},"20":{"start":{"line":34,"column":2},"end":{"line":34,"column":43}},"21":{"start":{"line":37,"column":0},"end":{"line":42,"column":1}},"22":{"start":{"line":38,"column":2},"end":{"line":38,"column":44}},"23":{"start":{"line":39,"column":2},"end":{"line":39,"column":46}},"24":{"start":{"line":40,"column":2},"end":{"line":40,"column":33}},"25":{"start":{"line":41,"column":2},"end":{"line":41,"column":15}},"26":{"start":{"line":44,"column":0},"end":{"line":47,"column":1}},"27":{"start":{"line":45,"column":2},"end":{"line":45,"column":44}},"28":{"start":{"line":46,"column":2},"end":{"line":46,"column":35}},"29":{"start":{"line":72,"column":0},"end":{"line":77,"column":1}},"30":{"start":{"line":73,"column":2},"end":{"line":73,"column":47}},"31":{"start":{"line":74,"column":2},"end":{"line":74,"column":48}},"32":{"start":{"line":75,"column":2},"end":{"line":75,"column":35}},"33":{"start":{"line":76,"column":2},"end":{"line":76,"column":16}},"34":{"start":{"line":86,"column":0},"end":{"line":89,"column":1}},"35":{"start":{"line":87,"column":2},"end":{"line":87,"column":47}},"36":{"start":{"line":88,"column":2},"end":{"line":88,"column":37}},"37":{"start":{"line":95,"column":0},"end":{"line":101,"column":1}},"38":{"start":{"line":96,"column":2},"end":{"line":96,"column":41}},"39":{"start":{"line":97,"column":2},"end":{"line":97,"column":44}},"40":{"start":{"line":98,"column":2},"end":{"line":98,"column":31}},"41":{"start":{"line":99,"column":2},"end":{"line":99,"column":19}},"42":{"start":{"line":100,"column":2},"end":{"line":100,"column":14}},"43":{"start":{"line":110,"column":0},"end":{"line":116,"column":1}},"44":{"start":{"line":111,"column":2},"end":{"line":111,"column":36}},"45":{"start":{"line":112,"column":2},"end":{"line":112,"column":41}},"46":{"start":{"line":113,"column":2},"end":{"line":113,"column":40}},"47":{"start":{"line":114,"column":2},"end":{"line":114,"column":74}},"48":{"start":{"line":115,"column":2},"end":{"line":115,"column":27}},"49":{"start":{"line":118,"column":0},"end":{"line":121,"column":1}},"50":{"start":{"line":119,"column":2},"end":{"line":119,"column":56}},"51":{"start":{"line":120,"column":2},"end":{"line":120,"column":43}},"52":{"start":{"line":123,"column":0},"end":{"line":128,"column":1}},"53":{"start":{"line":124,"column":2},"end":{"line":124,"column":56}},"54":{"start":{"line":125,"column":2},"end":{"line":125,"column":54}},"55":{"start":{"line":126,"column":2},"end":{"line":126,"column":41}},"56":{"start":{"line":127,"column":2},"end":{"line":127,"column":19}},"57":{"start":{"line":130,"column":0},"end":{"line":130,"column":20}}},"branchMap":{"1":{"line":10,"type":"cond-expr","locations":[{"start":{"line":10,"column":53},"end":{"line":10,"column":55}},{"start":{"line":10,"column":58},"end":{"line":10,"column":78}}]},"2":{"line":10,"type":"binary-expr","locations":[{"start":{"line":10,"column":14},"end":{"line":10,"column":36}},{"start":{"line":10,"column":40},"end":{"line":10,"column":49}}]},"3":{"line":114,"type":"binary-expr","locations":[{"start":{"line":114,"column":16},"end":{"line":114,"column":27}},{"start":{"line":114,"column":32},"end":{"line":114,"column":42}},{"start":{"line":114,"column":46},"end":{"line":114,"column":73}}]},"4":{"line":115,"type":"binary-expr","locations":[{"start":{"line":115,"column":9},"end":{"line":115,"column":16}},{"start":{"line":115,"column":20},"end":{"line":115,"column":27}}]}}},"/home/katja/Dokumente/alo/main/extend/addExtras.js":{"path":"/home/katja/Dokumente/alo/main/extend/addExtras.js","s":{"1":1,"2":2,"3":2,"4":2,"5":1},"b":{},"f":{"1":2},"fnMap":{"1":{"name":"addExtras","line":1,"loc":{"start":{"line":1,"column":16},"end":{"line":1,"column":41}}}},"statementMap":{"1":{"start":{"line":1,"column":0},"end":{"line":13,"column":1}},"2":{"start":{"line":2,"column":2},"end":{"line":2,"column":54}},"3":{"start":{"line":11,"column":2},"end":{"line":11,"column":31}},"4":{"start":{"line":12,"column":2},"end":{"line":12,"column":12}},"5":{"start":{"line":15,"column":0},"end":{"line":15,"column":26}}},"branchMap":{}},"/home/katja/Dokumente/alo/main/extend/addDev.js":{"path":"/home/katja/Dokumente/alo/main/extend/addDev.js","s":{"1":1,"2":2,"3":0,"4":2,"5":4,"6":4,"7":4,"8":4,"9":0,"10":0,"11":0,"12":4,"13":2,"14":2,"15":2,"16":1},"b":{},"f":{"1":2,"2":0,"3":4,"4":0},"fnMap":{"1":{"name":"addDev","line":1,"loc":{"start":{"line":1,"column":13},"end":{"line":1,"column":38}}},"2":{"name":"(anonymous_2)","line":2,"loc":{"start":{"line":2,"column":23},"end":{"line":2,"column":41}}},"3":{"name":"Alo","line":6,"loc":{"start":{"line":6,"column":15},"end":{"line":6,"column":31}}},"4":{"name":"createAlo","line":10,"loc":{"start":{"line":10,"column":26},"end":{"line":10,"column":48}}}},"statementMap":{"1":{"start":{"line":1,"column":0},"end":{"line":20,"column":1}},"2":{"start":{"line":2,"column":2},"end":{"line":4,"column":3}},"3":{"start":{"line":3,"column":4},"end":{"line":3,"column":35}},"4":{"start":{"line":6,"column":2},"end":{"line":16,"column":3}},"5":{"start":{"line":7,"column":4},"end":{"line":7,"column":33}},"6":{"start":{"line":8,"column":4},"end":{"line":8,"column":44}},"7":{"start":{"line":9,"column":4},"end":{"line":9,"column":57}},"8":{"start":{"line":10,"column":4},"end":{"line":14,"column":5}},"9":{"start":{"line":11,"column":6},"end":{"line":11,"column":47}},"10":{"start":{"line":12,"column":6},"end":{"line":12,"column":34}},"11":{"start":{"line":13,"column":6},"end":{"line":13,"column":16}},"12":{"start":{"line":15,"column":4},"end":{"line":15,"column":19}},"13":{"start":{"line":17,"column":2},"end":{"line":17,"column":37}},"14":{"start":{"line":18,"column":2},"end":{"line":18,"column":50}},"15":{"start":{"line":19,"column":2},"end":{"line":19,"column":15}},"16":{"start":{"line":22,"column":0},"end":{"line":22,"column":23}}},"branchMap":{}},"/home/katja/Dokumente/alo/lib/extras/extras.js":{"path":"/home/katja/Dokumente/alo/lib/extras/extras.js","s":{"1":1,"2":1,"3":1,"4":1},"b":{},"f":{},"fnMap":{},"statementMap":{"1":{"start":{"line":6,"column":0},"end":{"line":6,"column":15}},"2":{"start":{"line":11,"column":0},"end":{"line":11,"column":42}},"3":{"start":{"line":15,"column":0},"end":{"line":15,"column":48}},"4":{"start":{"line":17,"column":0},"end":{"line":17,"column":23}}},"branchMap":{}},"/home/katja/Dokumente/alo/lib/extras/reducers.js":{"path":"/home/katja/Dokumente/alo/lib/extras/reducers.js","s":{"1":1,"2":1,"3":1,"4":1,"5":1,"6":2,"7":2,"8":2,"9":2,"10":0,"11":2,"12":1},"b":{"1":[2,0],"2":[2,2,0],"3":[2,0]},"f":{"1":2,"2":2},"fnMap":{"1":{"name":"(anonymous_1)","line":12,"loc":{"start":{"line":12,"column":32},"end":{"line":12,"column":44}}},"2":{"name":"(anonymous_2)","line":13,"loc":{"start":{"line":13,"column":15},"end":{"line":13,"column":40}}}},"statementMap":{"1":{"start":{"line":1,"column":0},"end":{"line":1,"column":32}},"2":{"start":{"line":2,"column":0},"end":{"line":2,"column":19}},"3":{"start":{"line":3,"column":0},"end":{"line":3,"column":16}},"4":{"start":{"line":5,"column":0},"end":{"line":5,"column":17}},"5":{"start":{"line":12,"column":0},"end":{"line":23,"column":1}},"6":{"start":{"line":13,"column":2},"end":{"line":20,"column":3}},"7":{"start":{"line":14,"column":4},"end":{"line":18,"column":5}},"8":{"start":{"line":15,"column":6},"end":{"line":17,"column":7}},"9":{"start":{"line":16,"column":8},"end":{"line":16,"column":29}},"10":{"start":{"line":19,"column":4},"end":{"line":19,"column":16}},"11":{"start":{"line":22,"column":2},"end":{"line":22,"column":34}},"12":{"start":{"line":25,"column":0},"end":{"line":25,"column":25}}},"branchMap":{"1":{"line":14,"type":"if","locations":[{"start":{"line":14,"column":4},"end":{"line":14,"column":4}},{"start":{"line":14,"column":4},"end":{"line":14,"column":4}}]},"2":{"line":14,"type":"binary-expr","locations":[{"start":{"line":14,"column":8},"end":{"line":14,"column":33}},{"start":{"line":14,"column":37},"end":{"line":14,"column":57}},{"start":{"line":14,"column":61},"end":{"line":14,"column":79}}]},"3":{"line":15,"type":"if","locations":[{"start":{"line":15,"column":6},"end":{"line":15,"column":6}},{"start":{"line":15,"column":6},"end":{"line":15,"column":6}}]}}},"/home/katja/Dokumente/alo/lib/util/util.js":{"path":"/home/katja/Dokumente/alo/lib/util/util.js","s":{"1":1,"2":1,"3":1,"4":1,"5":1,"6":1,"7":1,"8":1,"9":1,"10":1,"11":1,"12":1,"13":1,"14":1,"15":1,"16":1,"17":1,"18":1,"19":1,"20":1,"21":1,"22":1,"23":1,"24":1,"25":1,"26":1,"27":1,"28":1,"29":1,"30":1,"31":1,"32":11,"33":1,"34":0,"35":0,"36":0,"37":0,"38":1,"39":22,"40":22,"41":22,"42":22,"43":1},"b":{},"f":{"1":18,"2":11,"3":0,"4":22},"fnMap":{"1":{"name":"(anonymous_1)","line":7,"loc":{"start":{"line":7,"column":11},"end":{"line":7,"column":23}}},"2":{"name":"createPromise","line":178,"loc":{"start":{"line":178,"column":31},"end":{"line":178,"column":72}}},"3":{"name":"createAlo","line":186,"loc":{"start":{"line":186,"column":27},"end":{"line":186,"column":49}}},"4":{"name":"createObjectRelation","line":193,"loc":{"start":{"line":193,"column":38},"end":{"line":193,"column":71}}}},"statementMap":{"1":{"start":{"line":7,"column":0},"end":{"line":7,"column":25}},"2":{"start":{"line":16,"column":0},"end":{"line":16,"column":54}},"3":{"start":{"line":18,"column":0},"end":{"line":18,"column":48}},"4":{"start":{"line":25,"column":0},"end":{"line":25,"column":48}},"5":{"start":{"line":32,"column":0},"end":{"line":32,"column":50}},"6":{"start":{"line":39,"column":0},"end":{"line":39,"column":56}},"7":{"start":{"line":46,"column":0},"end":{"line":46,"column":52}},"8":{"start":{"line":53,"column":0},"end":{"line":53,"column":52}},"9":{"start":{"line":55,"column":0},"end":{"line":55,"column":46}},"10":{"start":{"line":62,"column":0},"end":{"line":62,"column":50}},"11":{"start":{"line":69,"column":0},"end":{"line":69,"column":62}},"12":{"start":{"line":76,"column":0},"end":{"line":76,"column":50}},"13":{"start":{"line":78,"column":0},"end":{"line":78,"column":42}},"14":{"start":{"line":85,"column":0},"end":{"line":85,"column":54}},"15":{"start":{"line":87,"column":0},"end":{"line":87,"column":54}},"16":{"start":{"line":94,"column":0},"end":{"line":94,"column":52}},"17":{"start":{"line":96,"column":0},"end":{"line":96,"column":50}},"18":{"start":{"line":98,"column":0},"end":{"line":98,"column":26}},"19":{"start":{"line":104,"column":0},"end":{"line":104,"column":41}},"20":{"start":{"line":111,"column":0},"end":{"line":111,"column":44}},"21":{"start":{"line":118,"column":0},"end":{"line":118,"column":39}},"22":{"start":{"line":125,"column":0},"end":{"line":125,"column":47}},"23":{"start":{"line":132,"column":0},"end":{"line":132,"column":41}},"24":{"start":{"line":139,"column":0},"end":{"line":139,"column":35}},"25":{"start":{"line":146,"column":0},"end":{"line":146,"column":33}},"26":{"start":{"line":153,"column":0},"end":{"line":153,"column":37}},"27":{"start":{"line":160,"column":0},"end":{"line":160,"column":39}},"28":{"start":{"line":167,"column":0},"end":{"line":167,"column":47}},"29":{"start":{"line":174,"column":0},"end":{"line":174,"column":57}},"30":{"start":{"line":176,"column":0},"end":{"line":176,"column":40}},"31":{"start":{"line":178,"column":0},"end":{"line":180,"column":1}},"32":{"start":{"line":179,"column":2},"end":{"line":179,"column":42}},"33":{"start":{"line":186,"column":0},"end":{"line":191,"column":1}},"34":{"start":{"line":187,"column":2},"end":{"line":187,"column":34}},"35":{"start":{"line":188,"column":2},"end":{"line":188,"column":40}},"36":{"start":{"line":189,"column":2},"end":{"line":189,"column":27}},"37":{"start":{"line":190,"column":2},"end":{"line":190,"column":12}},"38":{"start":{"line":193,"column":0},"end":{"line":198,"column":1}},"39":{"start":{"line":194,"column":2},"end":{"line":194,"column":54}},"40":{"start":{"line":195,"column":2},"end":{"line":195,"column":62}},"41":{"start":{"line":196,"column":2},"end":{"line":196,"column":49}},"42":{"start":{"line":197,"column":2},"end":{"line":197,"column":23}},"43":{"start":{"line":200,"column":0},"end":{"line":200,"column":21}}},"branchMap":{}},"/home/katja/Dokumente/alo/lib/extras/middlewares.js":{"path":"/home/katja/Dokumente/alo/lib/extras/middlewares.js","s":{"1":1,"2":1,"3":1,"4":1,"5":1,"6":1,"7":1,"8":1,"9":1,"10":2,"11":2,"12":2,"13":2,"14":2,"15":1,"16":1,"17":1,"18":1,"19":1,"20":1,"21":0,"22":0,"23":1,"24":1},"b":{"1":[1,1],"2":[1,0]},"f":{"1":1,"2":1,"3":2,"4":2,"5":2},"fnMap":{"1":{"name":"createThunk","line":10,"loc":{"start":{"line":10,"column":26},"end":{"line":10,"column":50}}},"2":{"name":"(anonymous_2)","line":11,"loc":{"start":{"line":11,"column":40},"end":{"line":11,"column":52}}},"3":{"name":"(anonymous_3)","line":14,"loc":{"start":{"line":14,"column":15},"end":{"line":14,"column":31}}},"4":{"name":"(anonymous_4)","line":17,"loc":{"start":{"line":17,"column":38},"end":{"line":17,"column":50}}},"5":{"name":"(anonymous_5)","line":19,"loc":{"start":{"line":19,"column":14},"end":{"line":19,"column":29}}}},"statementMap":{"1":{"start":{"line":1,"column":0},"end":{"line":1,"column":32}},"2":{"start":{"line":2,"column":0},"end":{"line":2,"column":19}},"3":{"start":{"line":3,"column":0},"end":{"line":3,"column":16}},"4":{"start":{"line":8,"column":0},"end":{"line":8,"column":20}},"5":{"start":{"line":10,"column":0},"end":{"line":39,"column":1}},"6":{"start":{"line":11,"column":2},"end":{"line":36,"column":4}},"7":{"start":{"line":12,"column":4},"end":{"line":12,"column":34}},"8":{"start":{"line":13,"column":4},"end":{"line":13,"column":21}},"9":{"start":{"line":14,"column":4},"end":{"line":28,"column":5}},"10":{"start":{"line":15,"column":6},"end":{"line":15,"column":23}},"11":{"start":{"line":16,"column":6},"end":{"line":16,"column":23}},"12":{"start":{"line":17,"column":6},"end":{"line":27,"column":8}},"13":{"start":{"line":18,"column":8},"end":{"line":18,"column":36}},"14":{"start":{"line":20,"column":8},"end":{"line":26,"column":9}},"15":{"start":{"line":21,"column":10},"end":{"line":21,"column":32}},"16":{"start":{"line":22,"column":10},"end":{"line":22,"column":27}},"17":{"start":{"line":24,"column":10},"end":{"line":24,"column":32}},"18":{"start":{"line":25,"column":10},"end":{"line":25,"column":21}},"19":{"start":{"line":30,"column":4},"end":{"line":35,"column":5}},"20":{"start":{"line":31,"column":6},"end":{"line":31,"column":23}},"21":{"start":{"line":33,"column":6},"end":{"line":33,"column":23}},"22":{"start":{"line":34,"column":6},"end":{"line":34,"column":17}},"23":{"start":{"line":38,"column":2},"end":{"line":38,"column":19}},"24":{"start":{"line":41,"column":0},"end":{"line":41,"column":28}}},"branchMap":{"1":{"line":20,"type":"if","locations":[{"start":{"line":20,"column":8},"end":{"line":20,"column":8}},{"start":{"line":20,"column":8},"end":{"line":20,"column":8}}]},"2":{"line":30,"type":"if","locations":[{"start":{"line":30,"column":4},"end":{"line":30,"column":4}},{"start":{"line":30,"column":4},"end":{"line":30,"column":4}}]}}},"/home/katja/Dokumente/alo/main/alo.full.js":{"path":"/home/katja/Dokumente/alo/main/alo.full.js","s":{"1":1,"2":1,"3":1},"b":{},"f":{},"fnMap":{},"statementMap":{"1":{"start":{"line":1,"column":0},"end":{"line":1,"column":36}},"2":{"start":{"line":2,"column":0},"end":{"line":2,"column":48}},"3":{"start":{"line":4,"column":0},"end":{"line":4,"column":31}}},"branchMap":{}},"/home/katja/Dokumente/alo/main/alo.js":{"path":"/home/katja/Dokumente/alo/main/alo.js","s":{"1":1},"b":{},"f":{},"fnMap":{},"statementMap":{"1":{"start":{"line":1,"column":0},"end":{"line":1,"column":43}}},"branchMap":{}},"/home/katja/Dokumente/alo/main/alo.dev.js":{"path":"/home/katja/Dokumente/alo/main/alo.dev.js","s":{"1":1,"2":1,"3":1},"b":{},"f":{},"fnMap":{},"statementMap":{"1":{"start":{"line":1,"column":0},"end":{"line":1,"column":36}},"2":{"start":{"line":2,"column":0},"end":{"line":2,"column":42}},"3":{"start":{"line":4,"column":0},"end":{"line":4,"column":28}}},"branchMap":{}},"/home/katja/Dokumente/alo/lib/store/store.js":{"path":"/home/katja/Dokumente/alo/lib/store/store.js","s":{"1":1,"2":1,"3":1,"4":1,"5":1,"6":1,"7":1,"8":1,"9":17,"10":10,"11":17,"12":17,"13":17,"14":2,"15":2,"16":2,"17":17,"18":17,"19":17,"20":17,"21":17,"22":17,"23":17,"24":17,"25":17,"26":1,"27":1,"28":1,"29":1,"30":1,"31":1,"32":1,"33":1,"34":1,"35":1,"36":1,"37":1,"38":1,"39":1,"40":1,"41":4,"42":4,"43":4,"44":1,"45":0,"46":0,"47":0,"48":1,"49":0,"50":0,"51":0,"52":1,"53":0,"54":0,"55":0,"56":1,"57":35,"58":1,"59":14,"60":1,"61":4,"62":1,"63":1,"64":1,"65":1,"66":1,"67":11,"68":11,"69":11,"70":1,"71":1,"72":10,"73":10,"74":10,"75":10,"76":6,"77":10,"78":5,"79":10,"80":10,"81":10,"82":10,"83":2,"84":2,"85":2,"86":2,"87":2,"88":0,"89":8,"90":10,"91":0,"92":10,"93":10,"94":10,"95":10,"96":9,"97":9,"98":10,"99":10,"100":10,"101":10,"102":3,"103":3,"104":6,"105":3,"106":3,"107":3,"108":3,"109":3,"110":3,"111":0,"112":0,"113":3,"114":3,"115":7,"116":10,"117":10,"118":1},"b":{"1":[10,7],"2":[17,7],"3":[2,15],"4":[2,0],"5":[0,0],"6":[0,0],"7":[0,0],"8":[6,4],"9":[5,5],"10":[2,8],"11":[10,2],"12":[2,0],"13":[0,10],"14":[9,0],"15":[3,7],"16":[3,3],"17":[3,0]},"f":{"1":17,"2":4,"3":0,"4":0,"5":0,"6":35,"7":14,"8":4,"9":1,"10":11,"11":10,"12":10,"13":10,"14":2,"15":2,"16":10,"17":9,"18":10,"19":6,"20":3,"21":3,"22":10},"fnMap":{"1":{"name":"Store","line":17,"loc":{"start":{"line":17,"column":12},"end":{"line":17,"column":39}}},"2":{"name":"createReducer","line":174,"loc":{"start":{"line":174,"column":32},"end":{"line":174,"column":58}}},"3":{"name":"mapState","line":181,"loc":{"start":{"line":181,"column":27},"end":{"line":181,"column":52}}},"4":{"name":"mapData","line":189,"loc":{"start":{"line":189,"column":26},"end":{"line":189,"column":50}}},"5":{"name":"mapStream","line":197,"loc":{"start":{"line":197,"column":28},"end":{"line":197,"column":54}}},"6":{"name":"getStream","line":210,"loc":{"start":{"line":210,"column":28},"end":{"line":210,"column":50}}},"7":{"name":"getData","line":220,"loc":{"start":{"line":220,"column":26},"end":{"line":220,"column":46}}},"8":{"name":"getState","line":224,"loc":{"start":{"line":224,"column":27},"end":{"line":224,"column":48}}},"9":{"name":"createComputedProperty","line":228,"loc":{"start":{"line":228,"column":41},"end":{"line":228,"column":76}}},"10":{"name":"createSubscription","line":235,"loc":{"start":{"line":235,"column":37},"end":{"line":235,"column":68}}},"11":{"name":"(anonymous_11)","line":250,"loc":{"start":{"line":250,"column":27},"end":{"line":250,"column":39}}},"12":{"name":"(anonymous_12)","line":254,"loc":{"start":{"line":254,"column":21},"end":{"line":254,"column":39}}},"13":{"name":"(anonymous_13)","line":265,"loc":{"start":{"line":265,"column":34},"end":{"line":265,"column":46}}},"14":{"name":"(anonymous_14)","line":272,"loc":{"start":{"line":272,"column":38},"end":{"line":272,"column":50}}},"15":{"name":"(anonymous_15)","line":274,"loc":{"start":{"line":274,"column":14},"end":{"line":274,"column":36}}},"16":{"name":"(anonymous_16)","line":284,"loc":{"start":{"line":284,"column":10},"end":{"line":284,"column":28}}},"17":{"name":"(anonymous_17)","line":294,"loc":{"start":{"line":294,"column":40},"end":{"line":294,"column":59}}},"18":{"name":"(anonymous_18)","line":306,"loc":{"start":{"line":306,"column":38},"end":{"line":306,"column":50}}},"19":{"name":"(anonymous_19)","line":313,"loc":{"start":{"line":313,"column":23},"end":{"line":313,"column":35}}},"20":{"name":"(anonymous_20)","line":316,"loc":{"start":{"line":316,"column":48},"end":{"line":316,"column":60}}},"21":{"name":"(anonymous_21)","line":318,"loc":{"start":{"line":318,"column":24},"end":{"line":318,"column":44}}},"22":{"name":"(anonymous_22)","line":335,"loc":{"start":{"line":335,"column":14},"end":{"line":335,"column":34}}}},"statementMap":{"1":{"start":{"line":1,"column":0},"end":{"line":1,"column":32}},"2":{"start":{"line":2,"column":0},"end":{"line":2,"column":19}},"3":{"start":{"line":3,"column":0},"end":{"line":3,"column":16}},"4":{"start":{"line":5,"column":0},"end":{"line":5,"column":79}},"5":{"start":{"line":6,"column":0},"end":{"line":6,"column":94}},"6":{"start":{"line":7,"column":0},"end":{"line":7,"column":88}},"7":{"start":{"line":8,"column":0},"end":{"line":8,"column":100}},"8":{"start":{"line":17,"column":0},"end":{"line":69,"column":1}},"9":{"start":{"line":18,"column":2},"end":{"line":20,"column":3}},"10":{"start":{"line":19,"column":4},"end":{"line":19,"column":14}},"11":{"start":{"line":21,"column":2},"end":{"line":25,"column":3}},"12":{"start":{"line":35,"column":2},"end":{"line":35,"column":17}},"13":{"start":{"line":36,"column":2},"end":{"line":41,"column":3}},"14":{"start":{"line":37,"column":4},"end":{"line":37,"column":18}},"15":{"start":{"line":38,"column":4},"end":{"line":40,"column":5}},"16":{"start":{"line":39,"column":6},"end":{"line":39,"column":19}},"17":{"start":{"line":46,"column":2},"end":{"line":46,"column":38}},"18":{"start":{"line":51,"column":2},"end":{"line":51,"column":31}},"19":{"start":{"line":56,"column":2},"end":{"line":56,"column":34}},"20":{"start":{"line":61,"column":2},"end":{"line":61,"column":36}},"21":{"start":{"line":63,"column":2},"end":{"line":63,"column":29}},"22":{"start":{"line":65,"column":2},"end":{"line":65,"column":39}},"23":{"start":{"line":66,"column":2},"end":{"line":66,"column":42}},"24":{"start":{"line":67,"column":2},"end":{"line":67,"column":44}},"25":{"start":{"line":68,"column":2},"end":{"line":68,"column":48}},"26":{"start":{"line":80,"column":0},"end":{"line":80,"column":28}},"27":{"start":{"line":88,"column":0},"end":{"line":88,"column":33}},"28":{"start":{"line":98,"column":0},"end":{"line":98,"column":33}},"29":{"start":{"line":108,"column":0},"end":{"line":108,"column":36}},"30":{"start":{"line":118,"column":0},"end":{"line":118,"column":36}},"31":{"start":{"line":126,"column":0},"end":{"line":126,"column":36}},"32":{"start":{"line":136,"column":0},"end":{"line":136,"column":32}},"33":{"start":{"line":143,"column":0},"end":{"line":143,"column":38}},"34":{"start":{"line":150,"column":0},"end":{"line":150,"column":38}},"35":{"start":{"line":157,"column":0},"end":{"line":157,"column":41}},"36":{"start":{"line":159,"column":0},"end":{"line":159,"column":56}},"37":{"start":{"line":160,"column":0},"end":{"line":160,"column":59}},"38":{"start":{"line":161,"column":0},"end":{"line":161,"column":61}},"39":{"start":{"line":162,"column":0},"end":{"line":162,"column":65}},"40":{"start":{"line":174,"column":0},"end":{"line":179,"column":1}},"41":{"start":{"line":175,"column":2},"end":{"line":175,"column":56}},"42":{"start":{"line":176,"column":2},"end":{"line":176,"column":26}},"43":{"start":{"line":178,"column":2},"end":{"line":178,"column":16}},"44":{"start":{"line":181,"column":0},"end":{"line":187,"column":1}},"45":{"start":{"line":182,"column":2},"end":{"line":186,"column":3}},"46":{"start":{"line":183,"column":4},"end":{"line":183,"column":58}},"47":{"start":{"line":185,"column":4},"end":{"line":185,"column":39}},"48":{"start":{"line":189,"column":0},"end":{"line":195,"column":1}},"49":{"start":{"line":190,"column":2},"end":{"line":194,"column":3}},"50":{"start":{"line":191,"column":4},"end":{"line":191,"column":58}},"51":{"start":{"line":193,"column":4},"end":{"line":193,"column":38}},"52":{"start":{"line":197,"column":0},"end":{"line":203,"column":1}},"53":{"start":{"line":198,"column":2},"end":{"line":202,"column":3}},"54":{"start":{"line":199,"column":4},"end":{"line":199,"column":58}},"55":{"start":{"line":201,"column":4},"end":{"line":201,"column":46}},"56":{"start":{"line":210,"column":0},"end":{"line":213,"column":1}},"57":{"start":{"line":212,"column":2},"end":{"line":212,"column":21}},"58":{"start":{"line":220,"column":0},"end":{"line":222,"column":1}},"59":{"start":{"line":221,"column":2},"end":{"line":221,"column":40}},"60":{"start":{"line":224,"column":0},"end":{"line":226,"column":1}},"61":{"start":{"line":225,"column":2},"end":{"line":225,"column":29}},"62":{"start":{"line":228,"column":0},"end":{"line":233,"column":1}},"63":{"start":{"line":229,"column":2},"end":{"line":229,"column":62}},"64":{"start":{"line":230,"column":2},"end":{"line":230,"column":38}},"65":{"start":{"line":232,"column":2},"end":{"line":232,"column":19}},"66":{"start":{"line":235,"column":0},"end":{"line":239,"column":1}},"67":{"start":{"line":236,"column":2},"end":{"line":236,"column":66}},"68":{"start":{"line":237,"column":2},"end":{"line":237,"column":36}},"69":{"start":{"line":238,"column":2},"end":{"line":238,"column":21}},"70":{"start":{"line":240,"column":0},"end":{"line":240,"column":62}},"71":{"start":{"line":250,"column":0},"end":{"line":342,"column":1}},"72":{"start":{"line":251,"column":2},"end":{"line":251,"column":17}},"73":{"start":{"line":252,"column":2},"end":{"line":252,"column":45}},"74":{"start":{"line":254,"column":2},"end":{"line":263,"column":3}},"75":{"start":{"line":256,"column":4},"end":{"line":258,"column":5}},"76":{"start":{"line":257,"column":6},"end":{"line":257,"column":24}},"77":{"start":{"line":259,"column":4},"end":{"line":261,"column":5}},"78":{"start":{"line":260,"column":6},"end":{"line":260,"column":27}},"79":{"start":{"line":262,"column":4},"end":{"line":262,"column":17}},"80":{"start":{"line":265,"column":2},"end":{"line":341,"column":4}},"81":{"start":{"line":269,"column":4},"end":{"line":269,"column":47}},"82":{"start":{"line":270,"column":4},"end":{"line":283,"column":5}},"83":{"start":{"line":271,"column":6},"end":{"line":271,"column":37}},"84":{"start":{"line":272,"column":6},"end":{"line":280,"column":8}},"85":{"start":{"line":273,"column":8},"end":{"line":273,"column":77}},"86":{"start":{"line":275,"column":8},"end":{"line":279,"column":9}},"87":{"start":{"line":276,"column":10},"end":{"line":276,"column":30}},"88":{"start":{"line":278,"column":10},"end":{"line":278,"column":27}},"89":{"start":{"line":282,"column":6},"end":{"line":282,"column":33}},"90":{"start":{"line":288,"column":4},"end":{"line":340,"column":5}},"91":{"start":{"line":289,"column":6},"end":{"line":289,"column":18}},"92":{"start":{"line":291,"column":6},"end":{"line":291,"column":35}},"93":{"start":{"line":292,"column":6},"end":{"line":292,"column":32}},"94":{"start":{"line":293,"column":6},"end":{"line":293,"column":32}},"95":{"start":{"line":294,"column":6},"end":{"line":298,"column":8}},"96":{"start":{"line":295,"column":8},"end":{"line":297,"column":9}},"97":{"start":{"line":296,"column":10},"end":{"line":296,"column":66}},"98":{"start":{"line":300,"column":6},"end":{"line":304,"column":7}},"99":{"start":{"line":306,"column":6},"end":{"line":339,"column":8}},"100":{"start":{"line":310,"column":8},"end":{"line":310,"column":64}},"101":{"start":{"line":311,"column":8},"end":{"line":334,"column":9}},"102":{"start":{"line":312,"column":10},"end":{"line":312,"column":21}},"103":{"start":{"line":313,"column":10},"end":{"line":330,"column":11}},"104":{"start":{"line":314,"column":12},"end":{"line":329,"column":13}},"105":{"start":{"line":315,"column":14},"end":{"line":326,"column":15}},"106":{"start":{"line":316,"column":16},"end":{"line":322,"column":18}},"107":{"start":{"line":317,"column":18},"end":{"line":317,"column":92}},"108":{"start":{"line":319,"column":18},"end":{"line":319,"column":46}},"109":{"start":{"line":320,"column":18},"end":{"line":320,"column":23}},"110":{"start":{"line":321,"column":18},"end":{"line":321,"column":33}},"111":{"start":{"line":324,"column":16},"end":{"line":324,"column":21}},"112":{"start":{"line":325,"column":16},"end":{"line":325,"column":31}},"113":{"start":{"line":328,"column":14},"end":{"line":328,"column":29}},"114":{"start":{"line":331,"column":10},"end":{"line":331,"column":25}},"115":{"start":{"line":333,"column":10},"end":{"line":333,"column":25}},"116":{"start":{"line":337,"column":8},"end":{"line":337,"column":37}},"117":{"start":{"line":338,"column":8},"end":{"line":338,"column":24}},"118":{"start":{"line":374,"column":0},"end":{"line":374,"column":22}}},"branchMap":{"1":{"line":18,"type":"if","locations":[{"start":{"line":18,"column":2},"end":{"line":18,"column":2}},{"start":{"line":18,"column":2},"end":{"line":18,"column":2}}]},"2":{"line":18,"type":"binary-expr","locations":[{"start":{"line":18,"column":6},"end":{"line":18,"column":25}},{"start":{"line":18,"column":29},"end":{"line":18,"column":43}}]},"3":{"line":36,"type":"if","locations":[{"start":{"line":36,"column":2},"end":{"line":36,"column":2}},{"start":{"line":36,"column":2},"end":{"line":36,"column":2}}]},"4":{"line":38,"type":"if","locations":[{"start":{"line":38,"column":4},"end":{"line":38,"column":4}},{"start":{"line":38,"column":4},"end":{"line":38,"column":4}}]},"5":{"line":182,"type":"if","locations":[{"start":{"line":182,"column":2},"end":{"line":182,"column":2}},{"start":{"line":182,"column":2},"end":{"line":182,"column":2}}]},"6":{"line":190,"type":"if","locations":[{"start":{"line":190,"column":2},"end":{"line":190,"column":2}},{"start":{"line":190,"column":2},"end":{"line":190,"column":2}}]},"7":{"line":198,"type":"if","locations":[{"start":{"line":198,"column":2},"end":{"line":198,"column":2}},{"start":{"line":198,"column":2},"end":{"line":198,"column":2}}]},"8":{"line":256,"type":"if","locations":[{"start":{"line":256,"column":4},"end":{"line":256,"column":4}},{"start":{"line":256,"column":4},"end":{"line":256,"column":4}}]},"9":{"line":259,"type":"if","locations":[{"start":{"line":259,"column":4},"end":{"line":259,"column":4}},{"start":{"line":259,"column":4},"end":{"line":259,"column":4}}]},"10":{"line":270,"type":"if","locations":[{"start":{"line":270,"column":4},"end":{"line":270,"column":4}},{"start":{"line":270,"column":4},"end":{"line":270,"column":4}}]},"11":{"line":270,"type":"binary-expr","locations":[{"start":{"line":270,"column":8},"end":{"line":270,"column":30}},{"start":{"line":270,"column":34},"end":{"line":270,"column":66}}]},"12":{"line":275,"type":"if","locations":[{"start":{"line":275,"column":8},"end":{"line":275,"column":8}},{"start":{"line":275,"column":8},"end":{"line":275,"column":8}}]},"13":{"line":288,"type":"if","locations":[{"start":{"line":288,"column":4},"end":{"line":288,"column":4}},{"start":{"line":288,"column":4},"end":{"line":288,"column":4}}]},"14":{"line":295,"type":"if","locations":[{"start":{"line":295,"column":8},"end":{"line":295,"column":8}},{"start":{"line":295,"column":8},"end":{"line":295,"column":8}}]},"15":{"line":311,"type":"if","locations":[{"start":{"line":311,"column":8},"end":{"line":311,"column":8}},{"start":{"line":311,"column":8},"end":{"line":311,"column":8}}]},"16":{"line":314,"type":"if","locations":[{"start":{"line":314,"column":12},"end":{"line":314,"column":12}},{"start":{"line":314,"column":12},"end":{"line":314,"column":12}}]},"17":{"line":315,"type":"if","locations":[{"start":{"line":315,"column":14},"end":{"line":315,"column":14}},{"start":{"line":315,"column":14},"end":{"line":315,"column":14}}]}}},"/home/katja/Dokumente/alo/lib/util/object-relation.js":{"path":"/home/katja/Dokumente/alo/lib/util/object-relation.js","s":{"1":1,"2":1,"3":1,"4":1,"5":264,"6":264,"7":264,"8":264,"9":1,"10":22,"11":1,"12":1,"13":22,"14":22,"15":0,"16":22,"17":22,"18":22,"19":22,"20":22,"21":22,"22":22,"23":22,"24":154,"25":154,"26":132,"27":132,"28":1,"29":188,"30":56,"31":56,"32":188,"33":188,"34":1,"35":24,"36":24,"37":162,"38":354,"39":354,"40":354,"41":354,"42":0,"43":354,"44":354,"45":11,"46":354,"47":24,"48":162,"49":162,"50":132,"51":162,"52":1,"53":105,"54":1,"55":1,"56":1,"57":100,"58":100,"59":11,"60":89,"61":89,"62":33,"63":89,"64":1,"65":33,"66":0,"67":33,"68":33,"69":0,"70":1,"71":1,"72":1,"73":70,"74":0,"75":70,"76":70,"77":0,"78":70,"79":35,"80":70,"81":70,"82":0,"83":70,"84":70,"85":1,"86":1,"87":1,"88":3,"89":1,"90":1,"91":0,"92":0,"93":1,"94":1,"95":1,"96":1,"97":0,"98":1,"99":1,"100":0,"101":1,"102":1,"103":1,"104":1,"105":1,"106":1,"107":0,"108":0,"109":0,"110":0,"111":1,"112":1,"113":1,"114":1,"115":1,"116":1,"117":4,"118":1,"119":9,"120":9,"121":5,"122":4,"123":0,"124":4,"125":9,"126":1,"127":1,"128":1,"129":0,"130":1,"131":1,"132":0,"133":1,"134":0,"135":1,"136":1,"137":1,"138":1,"139":1,"140":1,"141":1,"142":1,"143":1,"144":0,"145":1,"146":1,"147":1,"148":2,"149":1},"b":{"1":[0,22],"2":[22,22],"3":[132,22],"4":[56,132],"5":[188,148],"6":[132,30],"7":[162,132],"8":[11,89],"9":[0,33],"10":[33,0],"11":[0,70],"12":[0,70],"13":[70,70],"14":[35,35],"15":[0,70],"16":[0,1],"17":[1,0],"18":[1,1],"19":[0,1],"20":[1,0],"21":[0,0],"22":[5,4],"23":[9,4],"24":[0,4],"25":[0,1],"26":[0,1],"27":[1,1],"28":[0,1],"29":[1,0],"30":[1,1]},"f":{"1":264,"2":22,"3":22,"4":154,"5":188,"6":24,"7":162,"8":354,"9":0,"10":11,"11":162,"12":105,"13":100,"14":33,"15":33,"16":70,"17":1,"18":3,"19":0,"20":1,"21":0,"22":1,"23":1,"24":4,"25":9,"26":1,"27":0,"28":2},"fnMap":{"1":{"name":"(anonymous_1)","line":26,"loc":{"start":{"line":26,"column":25},"end":{"line":26,"column":49}}},"2":{"name":"ObjectRelation","line":33,"loc":{"start":{"line":33,"column":21},"end":{"line":33,"column":48}}},"3":{"name":"(anonymous_3)","line":37,"loc":{"start":{"line":37,"column":53},"end":{"line":37,"column":107}}},"4":{"name":"(anonymous_4)","line":50,"loc":{"start":{"line":50,"column":25},"end":{"line":50,"column":51}}},"5":{"name":"(anonymous_5)","line":66,"loc":{"start":{"line":66,"column":43},"end":{"line":66,"column":67}}},"6":{"name":"(anonymous_6)","line":75,"loc":{"start":{"line":75,"column":51},"end":{"line":75,"column":72}}},"7":{"name":"(anonymous_7)","line":77,"loc":{"start":{"line":77,"column":21},"end":{"line":77,"column":47}}},"8":{"name":"(anonymous_8)","line":78,"loc":{"start":{"line":78,"column":11},"end":{"line":78,"column":23}}},"9":{"name":"(anonymous_9)","line":82,"loc":{"start":{"line":82,"column":49},"end":{"line":82,"column":71}}},"10":{"name":"(anonymous_10)","line":86,"loc":{"start":{"line":86,"column":48},"end":{"line":86,"column":69}}},"11":{"name":"(anonymous_11)","line":93,"loc":{"start":{"line":93,"column":28},"end":{"line":93,"column":54}}},"12":{"name":"getId","line":102,"loc":{"start":{"line":102,"column":41},"end":{"line":102,"column":65}}},"13":{"name":"(anonymous_13)","line":108,"loc":{"start":{"line":108,"column":40},"end":{"line":108,"column":64}}},"14":{"name":"(anonymous_14)","line":115,"loc":{"start":{"line":115,"column":49},"end":{"line":115,"column":65}}},"15":{"name":"(anonymous_15)","line":121,"loc":{"start":{"line":121,"column":32},"end":{"line":121,"column":54}}},"16":{"name":"(anonymous_16)","line":135,"loc":{"start":{"line":135,"column":63},"end":{"line":135,"column":118}}},"17":{"name":"(anonymous_17)","line":157,"loc":{"start":{"line":157,"column":31},"end":{"line":157,"column":66}}},"18":{"name":"(anonymous_18)","line":160,"loc":{"start":{"line":160,"column":29},"end":{"line":160,"column":55}}},"19":{"name":"(anonymous_19)","line":166,"loc":{"start":{"line":166,"column":45},"end":{"line":166,"column":103}}},"20":{"name":"(anonymous_20)","line":174,"loc":{"start":{"line":174,"column":52},"end":{"line":174,"column":88}}},"21":{"name":"(anonymous_21)","line":192,"loc":{"start":{"line":192,"column":52},"end":{"line":192,"column":100}}},"22":{"name":"(anonymous_22)","line":200,"loc":{"start":{"line":200,"column":27},"end":{"line":200,"column":45}}},"23":{"name":"(anonymous_23)","line":203,"loc":{"start":{"line":203,"column":47},"end":{"line":203,"column":61}}},"24":{"name":"(anonymous_24)","line":210,"loc":{"start":{"line":210,"column":45},"end":{"line":210,"column":76}}},"25":{"name":"(anonymous_25)","line":214,"loc":{"start":{"line":214,"column":43},"end":{"line":214,"column":74}}},"26":{"name":"(anonymous_26)","line":229,"loc":{"start":{"line":229,"column":46},"end":{"line":229,"column":84}}},"27":{"name":"(anonymous_27)","line":255,"loc":{"start":{"line":255,"column":37},"end":{"line":255,"column":67}}},"28":{"name":"(anonymous_28)","line":261,"loc":{"start":{"line":261,"column":36},"end":{"line":261,"column":66}}}},"statementMap":{"1":{"start":{"line":1,"column":0},"end":{"line":1,"column":39}},"2":{"start":{"line":2,"column":0},"end":{"line":2,"column":18}},"3":{"start":{"line":4,"column":0},"end":{"line":24,"column":1}},"4":{"start":{"line":26,"column":0},"end":{"line":31,"column":1}},"5":{"start":{"line":27,"column":2},"end":{"line":27,"column":23}},"6":{"start":{"line":28,"column":2},"end":{"line":28,"column":33}},"7":{"start":{"line":29,"column":2},"end":{"line":29,"column":22}},"8":{"start":{"line":30,"column":2},"end":{"line":30,"column":22}},"9":{"start":{"line":33,"column":0},"end":{"line":35,"column":1}},"10":{"start":{"line":34,"column":2},"end":{"line":34,"column":39}},"11":{"start":{"line":36,"column":0},"end":{"line":36,"column":42}},"12":{"start":{"line":37,"column":0},"end":{"line":61,"column":2}},"13":{"start":{"line":38,"column":2},"end":{"line":38,"column":17}},"14":{"start":{"line":39,"column":2},"end":{"line":60,"column":3}},"15":{"start":{"line":40,"column":4},"end":{"line":40,"column":57}},"16":{"start":{"line":42,"column":4},"end":{"line":42,"column":31}},"17":{"start":{"line":43,"column":4},"end":{"line":43,"column":32}},"18":{"start":{"line":44,"column":4},"end":{"line":44,"column":36}},"19":{"start":{"line":45,"column":4},"end":{"line":45,"column":72}},"20":{"start":{"line":46,"column":4},"end":{"line":46,"column":64}},"21":{"start":{"line":47,"column":4},"end":{"line":47,"column":44}},"22":{"start":{"line":49,"column":4},"end":{"line":49,"column":23}},"23":{"start":{"line":50,"column":4},"end":{"line":59,"column":6}},"24":{"start":{"line":51,"column":6},"end":{"line":54,"column":7}},"25":{"start":{"line":55,"column":6},"end":{"line":58,"column":7}},"26":{"start":{"line":56,"column":8},"end":{"line":56,"column":86}},"27":{"start":{"line":57,"column":8},"end":{"line":57,"column":90}},"28":{"start":{"line":66,"column":0},"end":{"line":73,"column":1}},"29":{"start":{"line":67,"column":2},"end":{"line":70,"column":3}},"30":{"start":{"line":68,"column":4},"end":{"line":68,"column":25}},"31":{"start":{"line":69,"column":4},"end":{"line":69,"column":42}},"32":{"start":{"line":71,"column":2},"end":{"line":71,"column":50}},"33":{"start":{"line":72,"column":2},"end":{"line":72,"column":46}},"34":{"start":{"line":75,"column":0},"end":{"line":100,"column":1}},"35":{"start":{"line":76,"column":2},"end":{"line":76,"column":17}},"36":{"start":{"line":77,"column":2},"end":{"line":91,"column":3}},"37":{"start":{"line":78,"column":4},"end":{"line":90,"column":5}},"38":{"start":{"line":79,"column":6},"end":{"line":79,"column":23}},"39":{"start":{"line":80,"column":6},"end":{"line":80,"column":36}},"40":{"start":{"line":81,"column":6},"end":{"line":81,"column":24}},"41":{"start":{"line":82,"column":6},"end":{"line":84,"column":8}},"42":{"start":{"line":83,"column":8},"end":{"line":83,"column":31}},"43":{"start":{"line":85,"column":6},"end":{"line":85,"column":43}},"44":{"start":{"line":86,"column":6},"end":{"line":88,"column":8}},"45":{"start":{"line":87,"column":8},"end":{"line":87,"column":30}},"46":{"start":{"line":89,"column":6},"end":{"line":89,"column":19}},"47":{"start":{"line":93,"column":2},"end":{"line":99,"column":4}},"48":{"start":{"line":94,"column":4},"end":{"line":94,"column":40}},"49":{"start":{"line":95,"column":4},"end":{"line":97,"column":5}},"50":{"start":{"line":96,"column":6},"end":{"line":96,"column":47}},"51":{"start":{"line":98,"column":4},"end":{"line":98,"column":90}},"52":{"start":{"line":102,"column":0},"end":{"line":104,"column":1}},"53":{"start":{"line":103,"column":2},"end":{"line":103,"column":36}},"54":{"start":{"line":106,"column":0},"end":{"line":106,"column":60}},"55":{"start":{"line":107,"column":0},"end":{"line":107,"column":46}},"56":{"start":{"line":108,"column":0},"end":{"line":120,"column":2}},"57":{"start":{"line":109,"column":2},"end":{"line":109,"column":17}},"58":{"start":{"line":111,"column":2},"end":{"line":119,"column":3}},"59":{"start":{"line":112,"column":4},"end":{"line":112,"column":48}},"60":{"start":{"line":114,"column":4},"end":{"line":114,"column":19}},"61":{"start":{"line":115,"column":4},"end":{"line":117,"column":6}},"62":{"start":{"line":116,"column":6},"end":{"line":116,"column":47}},"63":{"start":{"line":118,"column":4},"end":{"line":118,"column":17}},"64":{"start":{"line":121,"column":0},"end":{"line":131,"column":2}},"65":{"start":{"line":122,"column":2},"end":{"line":130,"column":3}},"66":{"start":{"line":123,"column":4},"end":{"line":123,"column":67}},"67":{"start":{"line":125,"column":4},"end":{"line":129,"column":5}},"68":{"start":{"line":126,"column":6},"end":{"line":126,"column":54}},"69":{"start":{"line":128,"column":6},"end":{"line":128,"column":18}},"70":{"start":{"line":133,"column":0},"end":{"line":133,"column":60}},"71":{"start":{"line":134,"column":0},"end":{"line":134,"column":46}},"72":{"start":{"line":135,"column":0},"end":{"line":156,"column":2}},"73":{"start":{"line":136,"column":2},"end":{"line":153,"column":3}},"74":{"start":{"line":137,"column":4},"end":{"line":137,"column":69}},"75":{"start":{"line":139,"column":4},"end":{"line":139,"column":35}},"76":{"start":{"line":140,"column":4},"end":{"line":152,"column":5}},"77":{"start":{"line":141,"column":6},"end":{"line":141,"column":52}},"78":{"start":{"line":143,"column":6},"end":{"line":145,"column":7}},"79":{"start":{"line":144,"column":8},"end":{"line":144,"column":71}},"80":{"start":{"line":146,"column":6},"end":{"line":146,"column":64}},"81":{"start":{"line":147,"column":6},"end":{"line":151,"column":7}},"82":{"start":{"line":148,"column":8},"end":{"line":148,"column":62}},"83":{"start":{"line":150,"column":8},"end":{"line":150,"column":50}},"84":{"start":{"line":155,"column":2},"end":{"line":155,"column":13}},"85":{"start":{"line":157,"column":0},"end":{"line":165,"column":2}},"86":{"start":{"line":158,"column":2},"end":{"line":158,"column":17}},"87":{"start":{"line":160,"column":2},"end":{"line":162,"column":4}},"88":{"start":{"line":161,"column":4},"end":{"line":161,"column":46}},"89":{"start":{"line":164,"column":2},"end":{"line":164,"column":13}},"90":{"start":{"line":166,"column":0},"end":{"line":170,"column":2}},"91":{"start":{"line":167,"column":2},"end":{"line":167,"column":58}},"92":{"start":{"line":169,"column":2},"end":{"line":169,"column":65}},"93":{"start":{"line":172,"column":0},"end":{"line":172,"column":63}},"94":{"start":{"line":173,"column":0},"end":{"line":173,"column":52}},"95":{"start":{"line":174,"column":0},"end":{"line":191,"column":2}},"96":{"start":{"line":175,"column":2},"end":{"line":188,"column":3}},"97":{"start":{"line":176,"column":4},"end":{"line":176,"column":57}},"98":{"start":{"line":178,"column":4},"end":{"line":182,"column":5}},"99":{"start":{"line":179,"column":6},"end":{"line":181,"column":7}},"100":{"start":{"line":180,"column":8},"end":{"line":180,"column":105}},"101":{"start":{"line":183,"column":4},"end":{"line":183,"column":52}},"102":{"start":{"line":184,"column":4},"end":{"line":184,"column":64}},"103":{"start":{"line":185,"column":4},"end":{"line":187,"column":5}},"104":{"start":{"line":186,"column":6},"end":{"line":186,"column":59}},"105":{"start":{"line":190,"column":2},"end":{"line":190,"column":13}},"106":{"start":{"line":192,"column":0},"end":{"line":199,"column":2}},"107":{"start":{"line":193,"column":2},"end":{"line":198,"column":3}},"108":{"start":{"line":194,"column":4},"end":{"line":194,"column":69}},"109":{"start":{"line":196,"column":4},"end":{"line":196,"column":35}},"110":{"start":{"line":197,"column":4},"end":{"line":197,"column":54}},"111":{"start":{"line":200,"column":0},"end":{"line":208,"column":2}},"112":{"start":{"line":201,"column":2},"end":{"line":201,"column":17}},"113":{"start":{"line":203,"column":2},"end":{"line":205,"column":4}},"114":{"start":{"line":204,"column":4},"end":{"line":204,"column":33}},"115":{"start":{"line":207,"column":2},"end":{"line":207,"column":13}},"116":{"start":{"line":210,"column":0},"end":{"line":212,"column":1}},"117":{"start":{"line":211,"column":2},"end":{"line":211,"column":44}},"118":{"start":{"line":214,"column":0},"end":{"line":226,"column":1}},"119":{"start":{"line":215,"column":2},"end":{"line":215,"column":15}},"120":{"start":{"line":217,"column":2},"end":{"line":223,"column":3}},"121":{"start":{"line":218,"column":4},"end":{"line":218,"column":20}},"122":{"start":{"line":219,"column":9},"end":{"line":223,"column":3}},"123":{"start":{"line":220,"column":4},"end":{"line":220,"column":81}},"124":{"start":{"line":222,"column":4},"end":{"line":222,"column":28}},"125":{"start":{"line":225,"column":2},"end":{"line":225,"column":54}},"126":{"start":{"line":227,"column":0},"end":{"line":227,"column":54}},"127":{"start":{"line":229,"column":0},"end":{"line":251,"column":1}},"128":{"start":{"line":230,"column":2},"end":{"line":250,"column":3}},"129":{"start":{"line":231,"column":4},"end":{"line":231,"column":62}},"130":{"start":{"line":233,"column":4},"end":{"line":233,"column":17}},"131":{"start":{"line":235,"column":4},"end":{"line":241,"column":5}},"132":{"start":{"line":236,"column":6},"end":{"line":236,"column":22}},"133":{"start":{"line":237,"column":11},"end":{"line":241,"column":5}},"134":{"start":{"line":238,"column":6},"end":{"line":238,"column":83}},"135":{"start":{"line":240,"column":6},"end":{"line":240,"column":30}},"136":{"start":{"line":243,"column":4},"end":{"line":243,"column":64}},"137":{"start":{"line":244,"column":4},"end":{"line":247,"column":5}},"138":{"start":{"line":245,"column":6},"end":{"line":245,"column":56}},"139":{"start":{"line":246,"column":6},"end":{"line":246,"column":60}},"140":{"start":{"line":249,"column":4},"end":{"line":249,"column":16}},"141":{"start":{"line":253,"column":0},"end":{"line":253,"column":55}},"142":{"start":{"line":254,"column":0},"end":{"line":254,"column":44}},"143":{"start":{"line":255,"column":0},"end":{"line":257,"column":2}},"144":{"start":{"line":256,"column":2},"end":{"line":256,"column":48}},"145":{"start":{"line":259,"column":0},"end":{"line":259,"column":54}},"146":{"start":{"line":260,"column":0},"end":{"line":260,"column":42}},"147":{"start":{"line":261,"column":0},"end":{"line":263,"column":2}},"148":{"start":{"line":262,"column":2},"end":{"line":262,"column":47}},"149":{"start":{"line":265,"column":0},"end":{"line":265,"column":31}}},"branchMap":{"1":{"line":39,"type":"if","locations":[{"start":{"line":39,"column":2},"end":{"line":39,"column":2}},{"start":{"line":39,"column":2},"end":{"line":39,"column":2}}]},"2":{"line":39,"type":"binary-expr","locations":[{"start":{"line":39,"column":6},"end":{"line":39,"column":23}},{"start":{"line":39,"column":27},"end":{"line":39,"column":46}}]},"3":{"line":55,"type":"if","locations":[{"start":{"line":55,"column":6},"end":{"line":55,"column":6}},{"start":{"line":55,"column":6},"end":{"line":55,"column":6}}]},"4":{"line":67,"type":"if","locations":[{"start":{"line":67,"column":2},"end":{"line":67,"column":2}},{"start":{"line":67,"column":2},"end":{"line":67,"column":2}}]},"5":{"line":67,"type":"binary-expr","locations":[{"start":{"line":67,"column":6},"end":{"line":67,"column":48}},{"start":{"line":67,"column":52},"end":{"line":67,"column":99}}]},"6":{"line":95,"type":"if","locations":[{"start":{"line":95,"column":4},"end":{"line":95,"column":4}},{"start":{"line":95,"column":4},"end":{"line":95,"column":4}}]},"7":{"line":95,"type":"binary-expr","locations":[{"start":{"line":95,"column":8},"end":{"line":95,"column":37}},{"start":{"line":95,"column":41},"end":{"line":95,"column":65}}]},"8":{"line":111,"type":"if","locations":[{"start":{"line":111,"column":2},"end":{"line":111,"column":2}},{"start":{"line":111,"column":2},"end":{"line":111,"column":2}}]},"9":{"line":122,"type":"if","locations":[{"start":{"line":122,"column":2},"end":{"line":122,"column":2}},{"start":{"line":122,"column":2},"end":{"line":122,"column":2}}]},"10":{"line":125,"type":"if","locations":[{"start":{"line":125,"column":4},"end":{"line":125,"column":4}},{"start":{"line":125,"column":4},"end":{"line":125,"column":4}}]},"11":{"line":136,"type":"if","locations":[{"start":{"line":136,"column":2},"end":{"line":136,"column":2}},{"start":{"line":136,"column":2},"end":{"line":136,"column":2}}]},"12":{"line":140,"type":"if","locations":[{"start":{"line":140,"column":4},"end":{"line":140,"column":4}},{"start":{"line":140,"column":4},"end":{"line":140,"column":4}}]},"13":{"line":140,"type":"binary-expr","locations":[{"start":{"line":140,"column":8},"end":{"line":140,"column":23}},{"start":{"line":140,"column":27},"end":{"line":140,"column":36}}]},"14":{"line":143,"type":"if","locations":[{"start":{"line":143,"column":6},"end":{"line":143,"column":6}},{"start":{"line":143,"column":6},"end":{"line":143,"column":6}}]},"15":{"line":147,"type":"if","locations":[{"start":{"line":147,"column":6},"end":{"line":147,"column":6}},{"start":{"line":147,"column":6},"end":{"line":147,"column":6}}]},"16":{"line":175,"type":"if","locations":[{"start":{"line":175,"column":2},"end":{"line":175,"column":2}},{"start":{"line":175,"column":2},"end":{"line":175,"column":2}}]},"17":{"line":178,"type":"if","locations":[{"start":{"line":178,"column":4},"end":{"line":178,"column":4}},{"start":{"line":178,"column":4},"end":{"line":178,"column":4}}]},"18":{"line":178,"type":"binary-expr","locations":[{"start":{"line":178,"column":8},"end":{"line":178,"column":34}},{"start":{"line":178,"column":38},"end":{"line":178,"column":59}}]},"19":{"line":179,"type":"if","locations":[{"start":{"line":179,"column":6},"end":{"line":179,"column":6}},{"start":{"line":179,"column":6},"end":{"line":179,"column":6}}]},"20":{"line":185,"type":"if","locations":[{"start":{"line":185,"column":4},"end":{"line":185,"column":4}},{"start":{"line":185,"column":4},"end":{"line":185,"column":4}}]},"21":{"line":193,"type":"if","locations":[{"start":{"line":193,"column":2},"end":{"line":193,"column":2}},{"start":{"line":193,"column":2},"end":{"line":193,"column":2}}]},"22":{"line":217,"type":"if","locations":[{"start":{"line":217,"column":2},"end":{"line":217,"column":2}},{"start":{"line":217,"column":2},"end":{"line":217,"column":2}}]},"23":{"line":217,"type":"binary-expr","locations":[{"start":{"line":217,"column":6},"end":{"line":217,"column":29}},{"start":{"line":217,"column":33},"end":{"line":217,"column":57}}]},"24":{"line":219,"type":"if","locations":[{"start":{"line":219,"column":9},"end":{"line":219,"column":9}},{"start":{"line":219,"column":9},"end":{"line":219,"column":9}}]},"25":{"line":230,"type":"if","locations":[{"start":{"line":230,"column":2},"end":{"line":230,"column":2}},{"start":{"line":230,"column":2},"end":{"line":230,"column":2}}]},"26":{"line":235,"type":"if","locations":[{"start":{"line":235,"column":4},"end":{"line":235,"column":4}},{"start":{"line":235,"column":4},"end":{"line":235,"column":4}}]},"27":{"line":235,"type":"binary-expr","locations":[{"start":{"line":235,"column":8},"end":{"line":235,"column":31}},{"start":{"line":235,"column":35},"end":{"line":235,"column":59}}]},"28":{"line":237,"type":"if","locations":[{"start":{"line":237,"column":11},"end":{"line":237,"column":11}},{"start":{"line":237,"column":11},"end":{"line":237,"column":11}}]},"29":{"line":244,"type":"if","locations":[{"start":{"line":244,"column":4},"end":{"line":244,"column":4}},{"start":{"line":244,"column":4},"end":{"line":244,"column":4}}]},"30":{"line":244,"type":"binary-expr","locations":[{"start":{"line":244,"column":8},"end":{"line":244,"column":23}},{"start":{"line":244,"column":27},"end":{"line":244,"column":45}}]}}},"/home/katja/Dokumente/alo/lib/reducer/reducer.js":{"path":"/home/katja/Dokumente/alo/lib/reducer/reducer.js","s":{"1":1,"2":1,"3":1,"4":1,"5":1,"6":1,"7":1,"8":1,"9":1,"10":13,"11":13,"12":13,"13":13,"14":13,"15":13,"16":13,"17":13,"18":13,"19":1,"20":1,"21":1,"22":7,"23":1,"24":1,"25":1,"26":0,"27":0,"28":1,"29":0,"30":0,"31":1,"32":0,"33":0,"34":0,"35":1,"36":1,"37":1,"38":1,"39":1,"40":1,"41":1,"42":1,"43":0,"44":0,"45":0,"46":1,"47":9,"48":9,"49":9,"50":7,"51":9,"52":0,"53":9,"54":9,"55":0,"56":9,"57":1,"58":0,"59":0,"60":1,"61":0,"62":0,"63":1,"64":9,"65":1,"66":0,"67":0,"68":0,"69":1},"b":{"1":[9,0],"2":[7,2],"3":[0,9]},"f":{"1":13,"2":5,"3":7,"4":1,"5":0,"6":0,"7":0,"8":0,"9":9,"10":0,"11":0,"12":0,"13":9,"14":0},"fnMap":{"1":{"name":"Reducer","line":19,"loc":{"start":{"line":19,"column":14},"end":{"line":19,"column":34}}},"2":{"name":"(anonymous_2)","line":64,"loc":{"start":{"line":64,"column":22},"end":{"line":64,"column":34}}},"3":{"name":"(anonymous_3)","line":65,"loc":{"start":{"line":65,"column":30},"end":{"line":65,"column":57}}},"4":{"name":"(anonymous_4)","line":68,"loc":{"start":{"line":68,"column":27},"end":{"line":68,"column":47}}},"5":{"name":"(anonymous_5)","line":71,"loc":{"start":{"line":71,"column":40},"end":{"line":71,"column":85}}},"6":{"name":"(anonymous_6)","line":75,"loc":{"start":{"line":75,"column":37},"end":{"line":75,"column":74}}},"7":{"name":"(anonymous_7)","line":79,"loc":{"start":{"line":79,"column":47},"end":{"line":79,"column":102}}},"8":{"name":"(anonymous_8)","line":121,"loc":{"start":{"line":121,"column":34},"end":{"line":121,"column":46}}},"9":{"name":"reduce","line":139,"loc":{"start":{"line":139,"column":27},"end":{"line":139,"column":59}}},"10":{"name":"(anonymous_10)","line":145,"loc":{"start":{"line":145,"column":38},"end":{"line":145,"column":54}}},"11":{"name":"disable","line":162,"loc":{"start":{"line":162,"column":28},"end":{"line":162,"column":48}}},"12":{"name":"enable","line":173,"loc":{"start":{"line":173,"column":27},"end":{"line":173,"column":46}}},"13":{"name":"isEnabled","line":179,"loc":{"start":{"line":179,"column":30},"end":{"line":179,"column":52}}},"14":{"name":"stop","line":188,"loc":{"start":{"line":188,"column":25},"end":{"line":188,"column":42}}}},"statementMap":{"1":{"start":{"line":1,"column":0},"end":{"line":1,"column":32}},"2":{"start":{"line":2,"column":0},"end":{"line":2,"column":51}},"3":{"start":{"line":4,"column":0},"end":{"line":4,"column":19}},"4":{"start":{"line":5,"column":0},"end":{"line":5,"column":16}},"5":{"start":{"line":7,"column":0},"end":{"line":7,"column":38}},"6":{"start":{"line":9,"column":0},"end":{"line":9,"column":75}},"7":{"start":{"line":10,"column":0},"end":{"line":10,"column":87}},"8":{"start":{"line":11,"column":0},"end":{"line":11,"column":93}},"9":{"start":{"line":19,"column":0},"end":{"line":62,"column":1}},"10":{"start":{"line":27,"column":2},"end":{"line":27,"column":22}},"11":{"start":{"line":36,"column":2},"end":{"line":36,"column":17}},"12":{"start":{"line":45,"column":2},"end":{"line":45,"column":31}},"13":{"start":{"line":54,"column":2},"end":{"line":54,"column":29}},"14":{"start":{"line":56,"column":2},"end":{"line":56,"column":34}},"15":{"start":{"line":57,"column":2},"end":{"line":57,"column":37}},"16":{"start":{"line":58,"column":2},"end":{"line":58,"column":39}},"17":{"start":{"line":59,"column":2},"end":{"line":59,"column":45}},"18":{"start":{"line":61,"column":2},"end":{"line":61,"column":32}},"19":{"start":{"line":63,"column":0},"end":{"line":63,"column":35}},"20":{"start":{"line":64,"column":0},"end":{"line":64,"column":37}},"21":{"start":{"line":65,"column":0},"end":{"line":67,"column":2}},"22":{"start":{"line":66,"column":2},"end":{"line":66,"column":48}},"23":{"start":{"line":68,"column":0},"end":{"line":70,"column":2}},"24":{"start":{"line":69,"column":2},"end":{"line":69,"column":27}},"25":{"start":{"line":71,"column":0},"end":{"line":74,"column":2}},"26":{"start":{"line":72,"column":2},"end":{"line":72,"column":48}},"27":{"start":{"line":73,"column":2},"end":{"line":73,"column":38}},"28":{"start":{"line":75,"column":0},"end":{"line":78,"column":2}},"29":{"start":{"line":76,"column":2},"end":{"line":76,"column":48}},"30":{"start":{"line":77,"column":2},"end":{"line":77,"column":27}},"31":{"start":{"line":79,"column":0},"end":{"line":83,"column":2}},"32":{"start":{"line":80,"column":2},"end":{"line":80,"column":48}},"33":{"start":{"line":81,"column":2},"end":{"line":81,"column":38}},"34":{"start":{"line":82,"column":2},"end":{"line":82,"column":27}},"35":{"start":{"line":90,"column":0},"end":{"line":90,"column":30}},"36":{"start":{"line":102,"column":0},"end":{"line":102,"column":33}},"37":{"start":{"line":114,"column":0},"end":{"line":114,"column":36}},"38":{"start":{"line":116,"column":0},"end":{"line":116,"column":53}},"39":{"start":{"line":117,"column":0},"end":{"line":117,"column":56}},"40":{"start":{"line":118,"column":0},"end":{"line":118,"column":58}},"41":{"start":{"line":119,"column":0},"end":{"line":119,"column":64}},"42":{"start":{"line":121,"column":0},"end":{"line":126,"column":1}},"43":{"start":{"line":122,"column":2},"end":{"line":122,"column":56}},"44":{"start":{"line":123,"column":2},"end":{"line":123,"column":26}},"45":{"start":{"line":125,"column":2},"end":{"line":125,"column":16}},"46":{"start":{"line":139,"column":0},"end":{"line":155,"column":1}},"47":{"start":{"line":140,"column":2},"end":{"line":152,"column":3}},"48":{"start":{"line":141,"column":4},"end":{"line":141,"column":85}},"49":{"start":{"line":142,"column":4},"end":{"line":144,"column":5}},"50":{"start":{"line":143,"column":6},"end":{"line":143,"column":30}},"51":{"start":{"line":145,"column":4},"end":{"line":147,"column":6}},"52":{"start":{"line":146,"column":6},"end":{"line":146,"column":53}},"53":{"start":{"line":148,"column":4},"end":{"line":148,"column":82}},"54":{"start":{"line":149,"column":4},"end":{"line":151,"column":5}},"55":{"start":{"line":150,"column":6},"end":{"line":150,"column":30}},"56":{"start":{"line":154,"column":2},"end":{"line":154,"column":14}},"57":{"start":{"line":162,"column":0},"end":{"line":166,"column":1}},"58":{"start":{"line":163,"column":2},"end":{"line":163,"column":23}},"59":{"start":{"line":165,"column":2},"end":{"line":165,"column":13}},"60":{"start":{"line":173,"column":0},"end":{"line":177,"column":1}},"61":{"start":{"line":174,"column":2},"end":{"line":174,"column":22}},"62":{"start":{"line":176,"column":2},"end":{"line":176,"column":13}},"63":{"start":{"line":179,"column":0},"end":{"line":181,"column":1}},"64":{"start":{"line":180,"column":2},"end":{"line":180,"column":22}},"65":{"start":{"line":188,"column":0},"end":{"line":192,"column":1}},"66":{"start":{"line":189,"column":2},"end":{"line":189,"column":20}},"67":{"start":{"line":190,"column":2},"end":{"line":190,"column":16}},"68":{"start":{"line":191,"column":2},"end":{"line":191,"column":13}},"69":{"start":{"line":194,"column":0},"end":{"line":194,"column":24}}},"branchMap":{"1":{"line":140,"type":"if","locations":[{"start":{"line":140,"column":2},"end":{"line":140,"column":2}},{"start":{"line":140,"column":2},"end":{"line":140,"column":2}}]},"2":{"line":142,"type":"if","locations":[{"start":{"line":142,"column":4},"end":{"line":142,"column":4}},{"start":{"line":142,"column":4},"end":{"line":142,"column":4}}]},"3":{"line":149,"type":"if","locations":[{"start":{"line":149,"column":4},"end":{"line":149,"column":4}},{"start":{"line":149,"column":4},"end":{"line":149,"column":4}}]}}},"/home/katja/Dokumente/alo/lib/util/customizer.js":{"path":"/home/katja/Dokumente/alo/lib/util/customizer.js","s":{"1":1,"2":1,"3":1,"4":1,"5":1,"6":1,"7":2,"8":2,"9":2,"10":2,"11":8,"12":1,"13":23,"14":23,"15":46,"16":1,"17":2,"18":1,"19":1,"20":1,"21":14,"22":0,"23":14,"24":14,"25":1,"26":0,"27":0,"28":0,"29":0,"30":0,"31":0,"32":0,"33":0,"34":1,"35":1,"36":1,"37":28,"38":0,"39":28,"40":1,"41":28,"42":0,"43":28,"44":28,"45":12,"46":16,"47":16,"48":0,"49":16,"50":16,"51":7,"52":7,"53":9,"54":1},"b":{"1":[0,14],"2":[0,0],"3":[0,0],"4":[0,0],"5":[0,28],"6":[0,28],"7":[12,16],"8":[0,16],"9":[7,9]},"f":{"1":2,"2":8,"3":23,"4":46,"5":2,"6":14,"7":0,"8":0,"9":28,"10":28,"11":7},"fnMap":{"1":{"name":"(anonymous_1)","line":14,"loc":{"start":{"line":14,"column":17},"end":{"line":14,"column":34}}},"2":{"name":"(anonymous_2)","line":20,"loc":{"start":{"line":20,"column":23},"end":{"line":20,"column":49}}},"3":{"name":"(anonymous_3)","line":27,"loc":{"start":{"line":27,"column":39},"end":{"line":27,"column":57}}},"4":{"name":"(anonymous_4)","line":29,"loc":{"start":{"line":29,"column":29},"end":{"line":29,"column":45}}},"5":{"name":"(anonymous_5)","line":34,"loc":{"start":{"line":34,"column":47},"end":{"line":34,"column":64}}},"6":{"name":"(anonymous_6)","line":43,"loc":{"start":{"line":43,"column":53},"end":{"line":43,"column":83}}},"7":{"name":"(anonymous_7)","line":53,"loc":{"start":{"line":53,"column":47},"end":{"line":53,"column":71}}},"8":{"name":"(anonymous_8)","line":60,"loc":{"start":{"line":60,"column":35},"end":{"line":60,"column":57}}},"9":{"name":"(anonymous_9)","line":73,"loc":{"start":{"line":73,"column":43},"end":{"line":73,"column":67}}},"10":{"name":"(anonymous_10)","line":81,"loc":{"start":{"line":81,"column":46},"end":{"line":81,"column":70}}},"11":{"name":"(anonymous_11)","line":99,"loc":{"start":{"line":99,"column":40},"end":{"line":99,"column":52}}}},"statementMap":{"1":{"start":{"line":1,"column":0},"end":{"line":1,"column":31}},"2":{"start":{"line":2,"column":0},"end":{"line":2,"column":18}},"3":{"start":{"line":3,"column":0},"end":{"line":3,"column":52}},"4":{"start":{"line":5,"column":0},"end":{"line":10,"column":1}},"5":{"start":{"line":12,"column":0},"end":{"line":12,"column":45}},"6":{"start":{"line":14,"column":0},"end":{"line":25,"column":1}},"7":{"start":{"line":15,"column":2},"end":{"line":15,"column":17}},"8":{"start":{"line":17,"column":2},"end":{"line":17,"column":31}},"9":{"start":{"line":19,"column":2},"end":{"line":19,"column":21}},"10":{"start":{"line":20,"column":2},"end":{"line":24,"column":4}},"11":{"start":{"line":21,"column":4},"end":{"line":23,"column":5}},"12":{"start":{"line":27,"column":0},"end":{"line":32,"column":1}},"13":{"start":{"line":28,"column":2},"end":{"line":28,"column":26}},"14":{"start":{"line":29,"column":2},"end":{"line":31,"column":4}},"15":{"start":{"line":30,"column":4},"end":{"line":30,"column":37}},"16":{"start":{"line":34,"column":0},"end":{"line":36,"column":1}},"17":{"start":{"line":35,"column":2},"end":{"line":35,"column":75}},"18":{"start":{"line":41,"column":0},"end":{"line":41,"column":66}},"19":{"start":{"line":42,"column":0},"end":{"line":42,"column":52}},"20":{"start":{"line":43,"column":0},"end":{"line":51,"column":2}},"21":{"start":{"line":44,"column":2},"end":{"line":48,"column":3}},"22":{"start":{"line":45,"column":4},"end":{"line":45,"column":51}},"23":{"start":{"line":47,"column":4},"end":{"line":47,"column":34}},"24":{"start":{"line":50,"column":2},"end":{"line":50,"column":13}},"25":{"start":{"line":53,"column":0},"end":{"line":69,"column":1}},"26":{"start":{"line":54,"column":2},"end":{"line":54,"column":17}},"27":{"start":{"line":56,"column":2},"end":{"line":66,"column":3}},"28":{"start":{"line":57,"column":4},"end":{"line":57,"column":70}},"29":{"start":{"line":59,"column":4},"end":{"line":65,"column":5}},"30":{"start":{"line":60,"column":6},"end":{"line":62,"column":8}},"31":{"start":{"line":61,"column":8},"end":{"line":61,"column":34}},"32":{"start":{"line":64,"column":6},"end":{"line":64,"column":37}},"33":{"start":{"line":68,"column":2},"end":{"line":68,"column":13}},"34":{"start":{"line":71,"column":0},"end":{"line":71,"column":66}},"35":{"start":{"line":72,"column":0},"end":{"line":72,"column":52}},"36":{"start":{"line":73,"column":0},"end":{"line":79,"column":2}},"37":{"start":{"line":74,"column":2},"end":{"line":78,"column":3}},"38":{"start":{"line":75,"column":4},"end":{"line":75,"column":51}},"39":{"start":{"line":77,"column":4},"end":{"line":77,"column":34}},"40":{"start":{"line":81,"column":0},"end":{"line":107,"column":1}},"41":{"start":{"line":82,"column":2},"end":{"line":106,"column":3}},"42":{"start":{"line":83,"column":4},"end":{"line":83,"column":59}},"43":{"start":{"line":85,"column":4},"end":{"line":85,"column":39}},"44":{"start":{"line":86,"column":4},"end":{"line":105,"column":5}},"45":{"start":{"line":87,"column":6},"end":{"line":87,"column":22}},"46":{"start":{"line":89,"column":6},"end":{"line":89,"column":36}},"47":{"start":{"line":94,"column":6},"end":{"line":96,"column":7}},"48":{"start":{"line":95,"column":8},"end":{"line":95,"column":61}},"49":{"start":{"line":97,"column":6},"end":{"line":97,"column":26}},"50":{"start":{"line":98,"column":6},"end":{"line":104,"column":7}},"51":{"start":{"line":99,"column":8},"end":{"line":101,"column":10}},"52":{"start":{"line":100,"column":10},"end":{"line":100,"column":39}},"53":{"start":{"line":103,"column":8},"end":{"line":103,"column":37}},"54":{"start":{"line":109,"column":0},"end":{"line":109,"column":27}}},"branchMap":{"1":{"line":44,"type":"if","locations":[{"start":{"line":44,"column":2},"end":{"line":44,"column":2}},{"start":{"line":44,"column":2},"end":{"line":44,"column":2}}]},"2":{"line":56,"type":"if","locations":[{"start":{"line":56,"column":2},"end":{"line":56,"column":2}},{"start":{"line":56,"column":2},"end":{"line":56,"column":2}}]},"3":{"line":56,"type":"binary-expr","locations":[{"start":{"line":56,"column":6},"end":{"line":56,"column":24}},{"start":{"line":56,"column":28},"end":{"line":56,"column":64}}]},"4":{"line":59,"type":"if","locations":[{"start":{"line":59,"column":4},"end":{"line":59,"column":4}},{"start":{"line":59,"column":4},"end":{"line":59,"column":4}}]},"5":{"line":74,"type":"if","locations":[{"start":{"line":74,"column":2},"end":{"line":74,"column":2}},{"start":{"line":74,"column":2},"end":{"line":74,"column":2}}]},"6":{"line":82,"type":"if","locations":[{"start":{"line":82,"column":2},"end":{"line":82,"column":2}},{"start":{"line":82,"column":2},"end":{"line":82,"column":2}}]},"7":{"line":86,"type":"if","locations":[{"start":{"line":86,"column":4},"end":{"line":86,"column":4}},{"start":{"line":86,"column":4},"end":{"line":86,"column":4}}]},"8":{"line":94,"type":"if","locations":[{"start":{"line":94,"column":6},"end":{"line":94,"column":6}},{"start":{"line":94,"column":6},"end":{"line":94,"column":6}}]},"9":{"line":98,"type":"if","locations":[{"start":{"line":98,"column":6},"end":{"line":98,"column":6}},{"start":{"line":98,"column":6},"end":{"line":98,"column":6}}]}}},"/home/katja/Dokumente/alo/lib/middleware/middleware.js":{"path":"/home/katja/Dokumente/alo/lib/middleware/middleware.js","s":{"1":1,"2":1,"3":1,"4":1,"5":1,"6":1,"7":1,"8":1,"9":1,"10":5,"11":5,"12":5,"13":5,"14":5,"15":5,"16":1,"17":1,"18":1,"19":2,"20":1,"21":0,"22":1,"23":0,"24":0,"25":1,"26":0,"27":0,"28":1,"29":0,"30":0,"31":0,"32":1,"33":1,"34":1,"35":1,"36":1,"37":1,"38":1,"39":1,"40":1,"41":12,"42":12,"43":12,"44":12,"45":0,"46":12,"47":7,"48":5,"49":5,"50":5,"51":0,"52":5,"53":5,"54":0,"55":5,"56":5,"57":5,"58":5,"59":1,"60":5,"61":5,"62":5,"63":5,"64":5,"65":15,"66":4,"67":11,"68":1,"69":15,"70":15,"71":5,"72":5,"73":5,"74":5,"75":5,"76":5,"77":5,"78":5,"79":5,"80":5,"81":5,"82":5,"83":5,"84":5,"85":1},"b":{"1":[0,12],"2":[7,5],"3":[5,0],"4":[0,5],"5":[4,11],"6":[1,10]},"f":{"1":5,"2":3,"3":2,"4":0,"5":0,"6":0,"7":0,"8":1,"9":12,"10":5,"11":5,"12":5,"13":15,"14":5,"15":5,"16":5,"17":5,"18":5,"19":5,"20":5},"fnMap":{"1":{"name":"Middleware","line":12,"loc":{"start":{"line":12,"column":17},"end":{"line":12,"column":40}}},"2":{"name":"(anonymous_2)","line":22,"loc":{"start":{"line":22,"column":25},"end":{"line":22,"column":37}}},"3":{"name":"(anonymous_3)","line":23,"loc":{"start":{"line":23,"column":33},"end":{"line":23,"column":60}}},"4":{"name":"(anonymous_4)","line":26,"loc":{"start":{"line":26,"column":30},"end":{"line":26,"column":53}}},"5":{"name":"(anonymous_5)","line":29,"loc":{"start":{"line":29,"column":43},"end":{"line":29,"column":88}}},"6":{"name":"(anonymous_6)","line":33,"loc":{"start":{"line":33,"column":40},"end":{"line":33,"column":80}}},"7":{"name":"(anonymous_7)","line":37,"loc":{"start":{"line":37,"column":50},"end":{"line":37,"column":108}}},"8":{"name":"createMiddleware","line":48,"loc":{"start":{"line":48,"column":40},"end":{"line":48,"column":69}}},"9":{"name":"meddleRecursive","line":58,"loc":{"start":{"line":58,"column":39},"end":{"line":58,"column":84}}},"10":{"name":"(anonymous_10)","line":70,"loc":{"start":{"line":70,"column":36},"end":{"line":70,"column":48}}},"11":{"name":"(anonymous_11)","line":76,"loc":{"start":{"line":76,"column":12},"end":{"line":76,"column":34}}},"12":{"name":"meddle","line":90,"loc":{"start":{"line":90,"column":30},"end":{"line":90,"column":53}}},"13":{"name":"(anonymous_13)","line":96,"loc":{"start":{"line":96,"column":20},"end":{"line":96,"column":42}}},"14":{"name":"(anonymous_14)","line":107,"loc":{"start":{"line":107,"column":34},"end":{"line":107,"column":46}}},"15":{"name":"(anonymous_15)","line":112,"loc":{"start":{"line":112,"column":10},"end":{"line":112,"column":32}}},"16":{"name":"(anonymous_16)","line":114,"loc":{"start":{"line":114,"column":10},"end":{"line":114,"column":32}}},"17":{"name":"(anonymous_17)","line":117,"loc":{"start":{"line":117,"column":10},"end":{"line":117,"column":32}}},"18":{"name":"(anonymous_18)","line":119,"loc":{"start":{"line":119,"column":10},"end":{"line":119,"column":32}}},"19":{"name":"(anonymous_19)","line":123,"loc":{"start":{"line":123,"column":10},"end":{"line":123,"column":32}}},"20":{"name":"(anonymous_20)","line":125,"loc":{"start":{"line":125,"column":10},"end":{"line":125,"column":32}}}},"statementMap":{"1":{"start":{"line":1,"column":0},"end":{"line":1,"column":32}},"2":{"start":{"line":2,"column":0},"end":{"line":2,"column":51}},"3":{"start":{"line":4,"column":0},"end":{"line":4,"column":19}},"4":{"start":{"line":5,"column":0},"end":{"line":5,"column":16}},"5":{"start":{"line":7,"column":0},"end":{"line":7,"column":37}},"6":{"start":{"line":8,"column":0},"end":{"line":8,"column":99}},"7":{"start":{"line":9,"column":0},"end":{"line":9,"column":105}},"8":{"start":{"line":10,"column":0},"end":{"line":10,"column":78}},"9":{"start":{"line":12,"column":0},"end":{"line":20,"column":1}},"10":{"start":{"line":13,"column":2},"end":{"line":13,"column":34}},"11":{"start":{"line":14,"column":2},"end":{"line":14,"column":42}},"12":{"start":{"line":15,"column":2},"end":{"line":15,"column":48}},"13":{"start":{"line":16,"column":2},"end":{"line":16,"column":37}},"14":{"start":{"line":17,"column":2},"end":{"line":17,"column":34}},"15":{"start":{"line":19,"column":2},"end":{"line":19,"column":35}},"16":{"start":{"line":21,"column":0},"end":{"line":21,"column":38}},"17":{"start":{"line":22,"column":0},"end":{"line":22,"column":40}},"18":{"start":{"line":23,"column":0},"end":{"line":25,"column":2}},"19":{"start":{"line":24,"column":2},"end":{"line":24,"column":48}},"20":{"start":{"line":26,"column":0},"end":{"line":28,"column":2}},"21":{"start":{"line":27,"column":2},"end":{"line":27,"column":33}},"22":{"start":{"line":29,"column":0},"end":{"line":32,"column":2}},"23":{"start":{"line":30,"column":2},"end":{"line":30,"column":48}},"24":{"start":{"line":31,"column":2},"end":{"line":31,"column":38}},"25":{"start":{"line":33,"column":0},"end":{"line":36,"column":2}},"26":{"start":{"line":34,"column":2},"end":{"line":34,"column":48}},"27":{"start":{"line":35,"column":2},"end":{"line":35,"column":33}},"28":{"start":{"line":37,"column":0},"end":{"line":41,"column":2}},"29":{"start":{"line":38,"column":2},"end":{"line":38,"column":48}},"30":{"start":{"line":39,"column":2},"end":{"line":39,"column":38}},"31":{"start":{"line":40,"column":2},"end":{"line":40,"column":33}},"32":{"start":{"line":43,"column":0},"end":{"line":43,"column":56}},"33":{"start":{"line":44,"column":0},"end":{"line":44,"column":64}},"34":{"start":{"line":45,"column":0},"end":{"line":45,"column":70}},"35":{"start":{"line":46,"column":0},"end":{"line":46,"column":59}},"36":{"start":{"line":48,"column":0},"end":{"line":53,"column":1}},"37":{"start":{"line":49,"column":2},"end":{"line":49,"column":62}},"38":{"start":{"line":50,"column":2},"end":{"line":50,"column":32}},"39":{"start":{"line":52,"column":2},"end":{"line":52,"column":19}},"40":{"start":{"line":58,"column":0},"end":{"line":88,"column":1}},"41":{"start":{"line":59,"column":2},"end":{"line":59,"column":17}},"42":{"start":{"line":60,"column":2},"end":{"line":60,"column":23}},"43":{"start":{"line":62,"column":2},"end":{"line":62,"column":21}},"44":{"start":{"line":64,"column":2},"end":{"line":87,"column":3}},"45":{"start":{"line":65,"column":4},"end":{"line":65,"column":56}},"46":{"start":{"line":66,"column":9},"end":{"line":87,"column":3}},"47":{"start":{"line":68,"column":4},"end":{"line":68,"column":24}},"48":{"start":{"line":70,"column":4},"end":{"line":86,"column":6}},"49":{"start":{"line":71,"column":6},"end":{"line":75,"column":7}},"50":{"start":{"line":72,"column":8},"end":{"line":72,"column":42}},"51":{"start":{"line":74,"column":8},"end":{"line":74,"column":28}},"52":{"start":{"line":77,"column":6},"end":{"line":77,"column":39}},"53":{"start":{"line":78,"column":6},"end":{"line":82,"column":7}},"54":{"start":{"line":79,"column":8},"end":{"line":79,"column":25}},"55":{"start":{"line":81,"column":8},"end":{"line":81,"column":33}},"56":{"start":{"line":83,"column":6},"end":{"line":83,"column":23}},"57":{"start":{"line":84,"column":6},"end":{"line":84,"column":40}},"58":{"start":{"line":85,"column":6},"end":{"line":85,"column":58}},"59":{"start":{"line":90,"column":0},"end":{"line":128,"column":1}},"60":{"start":{"line":91,"column":2},"end":{"line":91,"column":17}},"61":{"start":{"line":92,"column":2},"end":{"line":92,"column":23}},"62":{"start":{"line":93,"column":2},"end":{"line":93,"column":21}},"63":{"start":{"line":94,"column":2},"end":{"line":94,"column":22}},"64":{"start":{"line":96,"column":2},"end":{"line":105,"column":3}},"65":{"start":{"line":97,"column":4},"end":{"line":101,"column":5}},"66":{"start":{"line":98,"column":6},"end":{"line":98,"column":23}},"67":{"start":{"line":99,"column":11},"end":{"line":101,"column":5}},"68":{"start":{"line":100,"column":6},"end":{"line":100,"column":31}},"69":{"start":{"line":102,"column":4},"end":{"line":102,"column":34}},"70":{"start":{"line":104,"column":4},"end":{"line":104,"column":21}},"71":{"start":{"line":107,"column":2},"end":{"line":127,"column":4}},"72":{"start":{"line":108,"column":4},"end":{"line":108,"column":35}},"73":{"start":{"line":109,"column":4},"end":{"line":109,"column":26}},"74":{"start":{"line":110,"column":4},"end":{"line":110,"column":30}},"75":{"start":{"line":111,"column":4},"end":{"line":111,"column":51}},"76":{"start":{"line":113,"column":4},"end":{"line":113,"column":49}},"77":{"start":{"line":115,"column":4},"end":{"line":115,"column":29}},"78":{"start":{"line":116,"column":4},"end":{"line":116,"column":70}},"79":{"start":{"line":118,"column":4},"end":{"line":118,"column":49}},"80":{"start":{"line":120,"column":4},"end":{"line":120,"column":29}},"81":{"start":{"line":121,"column":4},"end":{"line":121,"column":34}},"82":{"start":{"line":122,"column":4},"end":{"line":122,"column":54}},"83":{"start":{"line":124,"column":4},"end":{"line":124,"column":49}},"84":{"start":{"line":126,"column":4},"end":{"line":126,"column":21}},"85":{"start":{"line":129,"column":0},"end":{"line":129,"column":27}}},"branchMap":{"1":{"line":64,"type":"if","locations":[{"start":{"line":64,"column":2},"end":{"line":64,"column":2}},{"start":{"line":64,"column":2},"end":{"line":64,"column":2}}]},"2":{"line":66,"type":"if","locations":[{"start":{"line":66,"column":9},"end":{"line":66,"column":9}},{"start":{"line":66,"column":9},"end":{"line":66,"column":9}}]},"3":{"line":71,"type":"if","locations":[{"start":{"line":71,"column":6},"end":{"line":71,"column":6}},{"start":{"line":71,"column":6},"end":{"line":71,"column":6}}]},"4":{"line":78,"type":"if","locations":[{"start":{"line":78,"column":6},"end":{"line":78,"column":6}},{"start":{"line":78,"column":6},"end":{"line":78,"column":6}}]},"5":{"line":97,"type":"if","locations":[{"start":{"line":97,"column":4},"end":{"line":97,"column":4}},{"start":{"line":97,"column":4},"end":{"line":97,"column":4}}]},"6":{"line":99,"type":"if","locations":[{"start":{"line":99,"column":11},"end":{"line":99,"column":11}},{"start":{"line":99,"column":11},"end":{"line":99,"column":11}}]}}},"/home/katja/Dokumente/alo/lib/subscription/subscription.js":{"path":"/home/katja/Dokumente/alo/lib/subscription/subscription.js","s":{"1":1,"2":1,"3":1,"4":1,"5":1,"6":1,"7"
[...]
"90":57,"91":29,"92":29,"93":29,"94":29,"95":29,"96":28,"97":28,"98":11,"99":29,"100":29,"101":29,"102":29,"103":23,"104":23,"105":6,"106":9,"107":6,"108":6,"109":6,"110":6,"111":17,"112":23,"113":23,"114":6,"115":6,"116":7,"117":4,"118":4,"119":23,"120":21,"121":21,"122":0,"123":2,"124":23,"125":0,"126":23,"127":23,"128":23,"129":6,"130":11,"131":11,"132":11,"133":11,"134":11,"135":11,"136":14,"137":3,"138":3,"139":3,"140":3,"141":3,"142":3,"143":0,"144":0,"145":11,"146":11,"147":11,"148":11,"149":11,"150":1},"b":{"1":[11,11,0],"2":[0,5],"3":[2,6],"4":[0,3],"5":[3,3],"6":[1,7,0],"7":[0,0],"8":[0,0],"9":[0,0],"10":[0,0],"11":[0,0],"12":[0,0],"13":[5,0],"14":[5,5],"15":[5,0],"16":[11,4],"17":[0,28],"18":[29,28],"19":[23,6],"20":[6,17],"21":[6,17],"22":[4,3],"23":[21,2],"24":[21,0],"25":[0,23],"26":[3,11],"27":[3,0]},"f":{"1":4,"2":22,"3":0,"4":5,"5":8,"6":8,"7":3,"8":6,"9":0,"10":5,"11":5,"12":10,"13":5,"14":5,"15":11,"16":28,"17":57,"18":29,"19":29,"20":29,"21":23,"22":9,"23":6,"24":23,"25":7,"26":23,"27":11,"28":11,"29":14,"30":3,"31":3,"32":11,"33":11},"fnMap":{"1":{"name":"Dependency","line":11,"loc":{"start":{"line":11,"column":17},"end":{"line":11,"column":40}}},"2":{"name":"(anonymous_2)","line":34,"loc":{"start":{"line":34,"column":32},"end":{"line":34,"column":48}}},"3":{"name":"(anonymous_3)","line":47,"loc":{"start":{"line":47,"column":18},"end":{"line":47,"column":30}}},"4":{"name":"(anonymous_4)","line":48,"loc":{"start":{"line":48,"column":40},"end":{"line":48,"column":70}}},"5":{"name":"(anonymous_5)","line":53,"loc":{"start":{"line":53,"column":28},"end":{"line":53,"column":56}}},"6":{"name":"(anonymous_6)","line":64,"loc":{"start":{"line":64,"column":57},"end":{"line":64,"column":99}}},"7":{"name":"(anonymous_7)","line":65,"loc":{"start":{"line":65,"column":26},"end":{"line":65,"column":48}}},"8":{"name":"(anonymous_8)","line":83,"loc":{"start":{"line":83,"column":50},"end":{"line":83,"column":78}}},"9":{"name":"remove","line":87,"loc":{"start":{"line":87,"column":30},"end":{"line":87,"column":59}}},"10":{"name":"reduceRecursive","line":102,"loc":{"start":{"line":102,"column":39},"end":{"line":102,"column":89}}},"11":{"name":"(anonymous_11)","line":103,"loc":{"start":{"line":103,"column":34},"end":{"line":103,"column":46}}},"12":{"name":"(anonymous_12)","line":106,"loc":{"start":{"line":106,"column":19},"end":{"line":106,"column":31}}},"13":{"name":"(anonymous_13)","line":109,"loc":{"start":{"line":109,"column":44},"end":{"line":109,"column":56}}},"14":{"name":"(anonymous_14)","line":111,"loc":{"start":{"line":111,"column":20},"end":{"line":111,"column":40}}},"15":{"name":"reduce","line":131,"loc":{"start":{"line":131,"column":30},"end":{"line":131,"column":57}}},"16":{"name":"(anonymous_16)","line":135,"loc":{"start":{"line":135,"column":25},"end":{"line":135,"column":57}}},"17":{"name":"(anonymous_17)","line":141,"loc":{"start":{"line":141,"column":17},"end":{"line":141,"column":29}}},"18":{"name":"(anonymous_18)","line":143,"loc":{"start":{"line":143,"column":40},"end":{"line":143,"column":52}}},"19":{"name":"(anonymous_19)","line":145,"loc":{"start":{"line":145,"column":16},"end":{"line":145,"column":37}}},"20":{"name":"(anonymous_20)","line":157,"loc":{"start":{"line":157,"column":23},"end":{"line":157,"column":67}}},"21":{"name":"(anonymous_21)","line":162,"loc":{"start":{"line":162,"column":38},"end":{"line":162,"column":50}}},"22":{"name":"(anonymous_22)","line":164,"loc":{"start":{"line":164,"column":44},"end":{"line":164,"column":60}}},"23":{"name":"(anonymous_23)","line":168,"loc":{"start":{"line":168,"column":34},"end":{"line":168,"column":50}}},"24":{"name":"(anonymous_24)","line":175,"loc":{"start":{"line":175,"column":14},"end":{"line":175,"column":32}}},"25":{"name":"(anonymous_25)","line":179,"loc":{"start":{"line":179,"column":26},"end":{"line":179,"column":42}}},"26":{"name":"(anonymous_26)","line":195,"loc":{"start":{"line":195,"column":14},"end":{"line":195,"column":32}}},"27":{"name":"(anonymous_27)","line":213,"loc":{"start":{"line":213,"column":34},"end":{"line":213,"column":46}}},"28":{"name":"(anonymous_28)","line":215,"loc":{"start":{"line":215,"column":10},"end":{"line":215,"column":28}}},"29":{"name":"(anonymous_29)","line":218,"loc":{"start":{"line":218,"column":17},"end":{"line":218,"column":29}}},"30":{"name":"(anonymous_30)","line":221,"loc":{"start":{"line":221,"column":42},"end":{"line":221,"column":54}}},"31":{"name":"(anonymous_31)","line":223,"loc":{"start":{"line":223,"column":18},"end":{"line":223,"column":46}}},"32":{"name":"(anonymous_32)","line":237,"loc":{"start":{"line":237,"column":10},"end":{"line":237,"column":22}}},"33":{"name":"(anonymous_33)","line":239,"loc":{"start":{"line":239,"column":10},"end":{"line":239,"column":22}}}},"statementMap":{"1":{"start":{"line":1,"column":0},"end":{"line":1,"column":32}},"2":{"start":{"line":2,"column":0},"end":{"line":2,"column":19}},"3":{"start":{"line":3,"column":0},"end":{"line":3,"column":16}},"4":{"start":{"line":5,"column":0},"end":{"line":5,"column":99}},"5":{"start":{"line":6,"column":0},"end":{"line":6,"column":105}},"6":{"start":{"line":7,"column":0},"end":{"line":7,"column":78}},"7":{"start":{"line":8,"column":0},"end":{"line":8,"column":99}},"8":{"start":{"line":9,"column":0},"end":{"line":9,"column":81}},"9":{"start":{"line":11,"column":0},"end":{"line":24,"column":1}},"10":{"start":{"line":12,"column":2},"end":{"line":12,"column":31}},"11":{"start":{"line":13,"column":2},"end":{"line":13,"column":30}},"12":{"start":{"line":15,"column":2},"end":{"line":15,"column":18}},"13":{"start":{"line":17,"column":2},"end":{"line":17,"column":42}},"14":{"start":{"line":18,"column":2},"end":{"line":18,"column":48}},"15":{"start":{"line":19,"column":2},"end":{"line":19,"column":37}},"16":{"start":{"line":20,"column":2},"end":{"line":20,"column":44}},"17":{"start":{"line":21,"column":2},"end":{"line":21,"column":38}},"18":{"start":{"line":23,"column":2},"end":{"line":23,"column":33}},"19":{"start":{"line":26,"column":0},"end":{"line":26,"column":64}},"20":{"start":{"line":27,"column":0},"end":{"line":27,"column":70}},"21":{"start":{"line":28,"column":0},"end":{"line":28,"column":59}},"22":{"start":{"line":29,"column":0},"end":{"line":29,"column":66}},"23":{"start":{"line":30,"column":0},"end":{"line":30,"column":60}},"24":{"start":{"line":32,"column":0},"end":{"line":32,"column":48}},"25":{"start":{"line":33,"column":0},"end":{"line":33,"column":34}},"26":{"start":{"line":34,"column":0},"end":{"line":43,"column":2}},"27":{"start":{"line":35,"column":2},"end":{"line":42,"column":3}},"28":{"start":{"line":37,"column":6},"end":{"line":37,"column":37}},"29":{"start":{"line":39,"column":6},"end":{"line":39,"column":36}},"30":{"start":{"line":41,"column":6},"end":{"line":41,"column":68}},"31":{"start":{"line":45,"column":0},"end":{"line":45,"column":48}},"32":{"start":{"line":46,"column":0},"end":{"line":46,"column":34}},"33":{"start":{"line":47,"column":0},"end":{"line":47,"column":33}},"34":{"start":{"line":48,"column":0},"end":{"line":63,"column":2}},"35":{"start":{"line":49,"column":2},"end":{"line":49,"column":17}},"36":{"start":{"line":50,"column":2},"end":{"line":60,"column":3}},"37":{"start":{"line":51,"column":4},"end":{"line":51,"column":62}},"38":{"start":{"line":53,"column":4},"end":{"line":59,"column":6}},"39":{"start":{"line":54,"column":6},"end":{"line":58,"column":7}},"40":{"start":{"line":55,"column":8},"end":{"line":55,"column":58}},"41":{"start":{"line":57,"column":8},"end":{"line":57,"column":40}},"42":{"start":{"line":62,"column":2},"end":{"line":62,"column":13}},"43":{"start":{"line":64,"column":0},"end":{"line":82,"column":2}},"44":{"start":{"line":65,"column":2},"end":{"line":69,"column":4}},"45":{"start":{"line":66,"column":4},"end":{"line":68,"column":5}},"46":{"start":{"line":67,"column":6},"end":{"line":67,"column":68}},"47":{"start":{"line":70,"column":2},"end":{"line":79,"column":3}},"48":{"start":{"line":72,"column":6},"end":{"line":72,"column":59}},"49":{"start":{"line":73,"column":6},"end":{"line":73,"column":11}},"50":{"start":{"line":75,"column":6},"end":{"line":75,"column":58}},"51":{"start":{"line":76,"column":6},"end":{"line":76,"column":11}},"52":{"start":{"line":78,"column":6},"end":{"line":78,"column":55}},"53":{"start":{"line":81,"column":2},"end":{"line":81,"column":13}},"54":{"start":{"line":83,"column":0},"end":{"line":85,"column":2}},"55":{"start":{"line":84,"column":2},"end":{"line":84,"column":45}},"56":{"start":{"line":87,"column":0},"end":{"line":100,"column":1}},"57":{"start":{"line":88,"column":2},"end":{"line":97,"column":3}},"58":{"start":{"line":89,"column":4},"end":{"line":89,"column":66}},"59":{"start":{"line":91,"column":4},"end":{"line":93,"column":5}},"60":{"start":{"line":92,"column":6},"end":{"line":92,"column":38}},"61":{"start":{"line":94,"column":4},"end":{"line":96,"column":5}},"62":{"start":{"line":95,"column":6},"end":{"line":95,"column":37}},"63":{"start":{"line":99,"column":2},"end":{"line":99,"column":13}},"64":{"start":{"line":102,"column":0},"end":{"line":129,"column":1}},"65":{"start":{"line":103,"column":2},"end":{"line":128,"column":4}},"66":{"start":{"line":104,"column":4},"end":{"line":127,"column":5}},"67":{"start":{"line":105,"column":6},"end":{"line":105,"column":17}},"68":{"start":{"line":106,"column":6},"end":{"line":123,"column":7}},"69":{"start":{"line":107,"column":8},"end":{"line":122,"column":9}},"70":{"start":{"line":108,"column":10},"end":{"line":119,"column":11}},"71":{"start":{"line":109,"column":12},"end":{"line":115,"column":14}},"72":{"start":{"line":110,"column":14},"end":{"line":110,"column":55}},"73":{"start":{"line":112,"column":14},"end":{"line":112,"column":38}},"74":{"start":{"line":113,"column":14},"end":{"line":113,"column":19}},"75":{"start":{"line":114,"column":14},"end":{"line":114,"column":29}},"76":{"start":{"line":117,"column":12},"end":{"line":117,"column":17}},"77":{"start":{"line":118,"column":12},"end":{"line":118,"column":27}},"78":{"start":{"line":121,"column":10},"end":{"line":121,"column":30}},"79":{"start":{"line":124,"column":6},"end":{"line":124,"column":21}},"80":{"start":{"line":126,"column":6},"end":{"line":126,"column":15}},"81":{"start":{"line":131,"column":0},"end":{"line":243,"column":1}},"82":{"start":{"line":132,"column":2},"end":{"line":132,"column":17}},"83":{"start":{"line":133,"column":2},"end":{"line":133,"column":41}},"84":{"start":{"line":135,"column":2},"end":{"line":155,"column":3}},"85":{"start":{"line":136,"column":4},"end":{"line":136,"column":39}},"86":{"start":{"line":137,"column":4},"end":{"line":139,"column":5}},"87":{"start":{"line":138,"column":6},"end":{"line":138,"column":17}},"88":{"start":{"line":140,"column":4},"end":{"line":140,"column":15}},"89":{"start":{"line":141,"column":4},"end":{"line":153,"column":5}},"90":{"start":{"line":142,"column":6},"end":{"line":152,"column":7}},"91":{"start":{"line":143,"column":8},"end":{"line":149,"column":10}},"92":{"start":{"line":144,"column":10},"end":{"line":144,"column":65}},"93":{"start":{"line":146,"column":10},"end":{"line":146,"column":28}},"94":{"start":{"line":147,"column":10},"end":{"line":147,"column":15}},"95":{"start":{"line":148,"column":10},"end":{"line":148,"column":25}},"96":{"start":{"line":151,"column":8},"end":{"line":151,"column":21}},"97":{"start":{"line":154,"column":4},"end":{"line":154,"column":19}},"98":{"start":{"line":157,"column":2},"end":{"line":206,"column":3}},"99":{"start":{"line":158,"column":4},"end":{"line":158,"column":28}},"100":{"start":{"line":159,"column":4},"end":{"line":159,"column":31}},"101":{"start":{"line":160,"column":4},"end":{"line":160,"column":31}},"102":{"start":{"line":161,"column":4},"end":{"line":205,"column":5}},"103":{"start":{"line":162,"column":6},"end":{"line":202,"column":8}},"104":{"start":{"line":163,"column":8},"end":{"line":174,"column":9}},"105":{"start":{"line":164,"column":10},"end":{"line":166,"column":12}},"106":{"start":{"line":165,"column":12},"end":{"line":165,"column":54}},"107":{"start":{"line":167,"column":10},"end":{"line":167,"column":31}},"108":{"start":{"line":168,"column":10},"end":{"line":170,"column":12}},"109":{"start":{"line":169,"column":12},"end":{"line":169,"column":51}},"110":{"start":{"line":171,"column":10},"end":{"line":171,"column":55}},"111":{"start":{"line":173,"column":10},"end":{"line":173,"column":23}},"112":{"start":{"line":176,"column":8},"end":{"line":176,"column":30}},"113":{"start":{"line":177,"column":8},"end":{"line":185,"column":9}},"114":{"start":{"line":178,"column":10},"end":{"line":178,"column":29}},"115":{"start":{"line":179,"column":10},"end":{"line":184,"column":12}},"116":{"start":{"line":180,"column":12},"end":{"line":183,"column":13}},"117":{"start":{"line":181,"column":14},"end":{"line":181,"column":32}},"118":{"start":{"line":182,"column":14},"end":{"line":182,"column":26}},"119":{"start":{"line":186,"column":8},"end":{"line":194,"column":9}},"120":{"start":{"line":187,"column":10},"end":{"line":191,"column":11}},"121":{"start":{"line":188,"column":12},"end":{"line":188,"column":63}},"122":{"start":{"line":190,"column":12},"end":{"line":190,"column":23}},"123":{"start":{"line":193,"column":10},"end":{"line":193,"column":38}},"124":{"start":{"line":196,"column":8},"end":{"line":198,"column":9}},"125":{"start":{"line":197,"column":10},"end":{"line":197,"column":23}},"126":{"start":{"line":199,"column":8},"end":{"line":199,"column":36}},"127":{"start":{"line":200,"column":8},"end":{"line":200,"column":25}},"128":{"start":{"line":201,"column":8},"end":{"line":201,"column":21}},"129":{"start":{"line":204,"column":6},"end":{"line":204,"column":19}},"130":{"start":{"line":208,"column":2},"end":{"line":211,"column":3}},"131":{"start":{"line":213,"column":2},"end":{"line":242,"column":4}},"132":{"start":{"line":214,"column":4},"end":{"line":214,"column":56}},"133":{"start":{"line":216,"column":4},"end":{"line":216,"column":15}},"134":{"start":{"line":217,"column":4},"end":{"line":217,"column":56}},"135":{"start":{"line":218,"column":4},"end":{"line":235,"column":5}},"136":{"start":{"line":219,"column":6},"end":{"line":234,"column":7}},"137":{"start":{"line":220,"column":8},"end":{"line":231,"column":9}},"138":{"start":{"line":221,"column":10},"end":{"line":227,"column":12}},"139":{"start":{"line":222,"column":12},"end":{"line":222,"column":71}},"140":{"start":{"line":224,"column":12},"end":{"line":224,"column":36}},"141":{"start":{"line":225,"column":12},"end":{"line":225,"column":17}},"142":{"start":{"line":226,"column":12},"end":{"line":226,"column":27}},"143":{"start":{"line":229,"column":10},"end":{"line":229,"column":15}},"144":{"start":{"line":230,"column":10},"end":{"line":230,"column":25}},"145":{"start":{"line":233,"column":8},"end":{"line":233,"column":19}},"146":{"start":{"line":236,"column":4},"end":{"line":236,"column":19}},"147":{"start":{"line":238,"column":4},"end":{"line":238,"column":55}},"148":{"start":{"line":240,"column":4},"end":{"line":240,"column":35}},"149":{"start":{"line":241,"column":4},"end":{"line":241,"column":24}},"150":{"start":{"line":245,"column":0},"end":{"line":245,"column":27}}},"branchMap":{"1":{"line":35,"type":"switch","locations":[{"start":{"line":36,"column":4},"end":{"line":37,"column":37}},{"start":{"line":38,"column":4},"end":{"line":39,"column":36}},{"start":{"line":40,"column":4},"end":{"line":41,"column":68}}]},"2":{"line":50,"type":"if","locations":[{"start":{"line":50,"column":2},"end":{"line":50,"column":2}},{"start":{"line":50,"column":2},"end":{"line":50,"column":2}}]},"3":{"line":54,"type":"if","locations":[{"start":{"line":54,"column":6},"end":{"line":54,"column":6}},{"start":{"line":54,"column":6},"end":{"line":54,"column":6}}]},"4":{"line":66,"type":"if","locations":[{"start":{"line":66,"column":4},"end":{"line":66,"column":4}},{"start":{"line":66,"column":4},"end":{"line":66,"column":4}}]},"5":{"line":66,"type":"binary-expr","locations":[{"start":{"line":66,"column":8},"end":{"line":66,"column":31}},{"start":{"line":66,"column":35},"end":{"line":66,"column":52}}]},"6":{"line":70,"type":"switch","locations":[{"start":{"line":71,"column":4},"end":{"line":73,"column":11}},{"start":{"line":74,"column":4},"end":{"line":76,"column":11}},{"start":{"line":77,"column":4},"end":{"line":78,"column":55}}]},"7":{"line":88,"type":"if","locations":[{"start":{"line":88,"column":2},"end":{"line":88,"column":2}},{"start":{"line":88,"column":2},"end":{"line":88,"column":2}}]},"8":{"line":88,"type":"binary-expr","locations":[{"start":{"line":88,"column":6},"end":{"line":88,"column":24}},{"start":{"line":88,"column":28},"end":{"line":88,"column":68}}]},"9":{"line":91,"type":"if","locations":[{"start":{"line":91,"column":4},"end":{"line":91,"column":4}},{"start":{"line":91,"column":4},"end":{"line":91,"column":4}}]},"10":{"line":91,"type":"binary-expr","locations":[{"start":{"line":91,"column":8},"end":{"line":91,"column":26}},{"start":{"line":91,"column":30},"end":{"line":91,"column":47}}]},"11":{"line":94,"type":"if","locations":[{"start":{"line":94,"column":4},"end":{"line":94,"column":4}},{"start":{"line":94,"column":4},"end":{"line":94,"column":4}}]},"12":{"line":94,"type":"binary-expr","locations":[{"start":{"line":94,"column":8},"end":{"line":94,"column":26}},{"start":{"line":94,"column":30},"end":{"line":94,"column":46}}]},"13":{"line":104,"type":"if","locations":[{"start":{"line":104,"column":4},"end":{"line":104,"column":4}},{"start":{"line":104,"column":4},"end":{"line":104,"column":4}}]},"14":{"line":107,"type":"if","locations":[{"start":{"line":107,"column":8},"end":{"line":107,"column":8}},{"start":{"line":107,"column":8},"end":{"line":107,"column":8}}]},"15":{"line":108,"type":"if","locations":[{"start":{"line":108,"column":10},"end":{"line":108,"column":10}},{"start":{"line":108,"column":10},"end":{"line":108,"column":10}}]},"16":{"line":133,"type":"binary-expr","locations":[{"start":{"line":133,"column":20},"end":{"line":133,"column":35}},{"start":{"line":133,"column":39},"end":{"line":133,"column":41}}]},"17":{"line":137,"type":"if","locations":[{"start":{"line":137,"column":4},"end":{"line":137,"column":4}},{"start":{"line":137,"column":4},"end":{"line":137,"column":4}}]},"18":{"line":142,"type":"if","locations":[{"start":{"line":142,"column":6},"end":{"line":142,"column":6}},{"start":{"line":142,"column":6},"end":{"line":142,"column":6}}]},"19":{"line":161,"type":"if","locations":[{"start":{"line":161,"column":4},"end":{"line":161,"column":4}},{"start":{"line":161,"column":4},"end":{"line":161,"column":4}}]},"20":{"line":163,"type":"if","locations":[{"start":{"line":163,"column":8},"end":{"line":163,"column":8}},{"start":{"line":163,"column":8},"end":{"line":163,"column":8}}]},"21":{"line":177,"type":"if","locations":[{"start":{"line":177,"column":8},"end":{"line":177,"column":8}},{"start":{"line":177,"column":8},"end":{"line":177,"column":8}}]},"22":{"line":180,"type":"if","locations":[{"start":{"line":180,"column":12},"end":{"line":180,"column":12}},{"start":{"line":180,"column":12},"end":{"line":180,"column":12}}]},"23":{"line":186,"type":"if","locations":[{"start":{"line":186,"column":8},"end":{"line":186,"column":8}},{"start":{"line":186,"column":8},"end":{"line":186,"column":8}}]},"24":{"line":187,"type":"if","locations":[{"start":{"line":187,"column":10},"end":{"line":187,"column":10}},{"start":{"line":187,"column":10},"end":{"line":187,"column":10}}]},"25":{"line":196,"type":"if","locations":[{"start":{"line":196,"column":8},"end":{"line":196,"column":8}},{"start":{"line":196,"column":8},"end":{"line":196,"column":8}}]},"26":{"line":219,"type":"if","locations":[{"start":{"line":219,"column":6},"end":{"line":219,"column":6}},{"start":{"line":219,"column":6},"end":{"line":219,"column":6}}]},"27":{"line":220,"type":"if","locations":[{"start":{"line":220,"column":8},"end":{"line":220,"column":8}},{"start":{"line":220,"column":8},"end":{"line":220,"column":8}}]}}}}