{"/home/katja/Dokumente/alo/main/alo.full.js":{"path":"/home/katja/Dokumente/alo/main/alo.full.js","s":{"1":1,"2":1,"3":1},"b":{},"f":{},"fnMap":{},"statementMap":{"1":{"start":{"line":1,"column":0},"end":{"line":1,"column":36}},"2":{"start":{"line":2,"column":0},"end":{"line":2,"column":48}},"3":{"start":{"line":4,"column":0},"end":{"line":4,"column":31}}},"branchMap":{}},"/home/katja/Dokumente/alo/lib/alo.js":{"path":"/home/katja/Dokumente/alo/lib/alo.js","s":{"1":1,"2":13,"3":13,"4":13,"5":1,"6":3,"7":3,"8":3,"9":3,"10":1,"11":7,"12":7,"13":1,"14":4,"15":4,"16":4,"17":4,"18":1,"19":16,"20":16,"21":1,"22":2,"23":2,"24":2,"25":2,"26":1,"27":3,"28":3,"29":1,"30":11,"31":11,"32":11,"33":11,"34":1,"35":24,"36":24,"37":1,"38":11,"39":11,"40":11,"41":11,"42":11,"43":1,"44":35,"45":35,"46":35,"47":35,"48":35,"49":1,"50":21,"51":21,"52":1,"53":3,"54":3,"55":3,"56":3,"57":1},"b":{"1":[0,13],"2":[13,0],"3":[35,0,0],"4":[35,22]},"f":{"1":13,"2":3,"3":7,"4":4,"5":16,"6":2,"7":3,"8":11,"9":24,"10":11,"11":35,"12":21,"13":3},"fnMap":{"1":{"name":"Alo","line":1,"loc":{"start":{"line":1,"column":10},"end":{"line":1,"column":28}}},"2":{"name":"createSubscription","line":13,"loc":{"start":{"line":13,"column":35},"end":{"line":13,"column":66}}},"3":{"name":"isSubscription","line":20,"loc":{"start":{"line":20,"column":31},"end":{"line":20,"column":70}}},"4":{"name":"createDependency","line":25,"loc":{"start":{"line":25,"column":33},"end":{"line":25,"column":62}}},"5":{"name":"isDependency","line":32,"loc":{"start":{"line":32,"column":29},"end":{"line":32,"column":64}}},"6":{"name":"createMember","line":37,"loc":{"start":{"line":37,"column":29},"end":{"line":37,"column":54}}},"7":{"name":"isMember","line":44,"loc":{"start":{"line":44,"column":25},"end":{"line":44,"column":52}}},"8":{"name":"createReducer","line":72,"loc":{"start":{"line":72,"column":30},"end":{"line":72,"column":56}}},"9":{"name":"isReducer","line":86,"loc":{"start":{"line":86,"column":26},"end":{"line":86,"column":55}}},"10":{"name":"createStore","line":95,"loc":{"start":{"line":95,"column":28},"end":{"line":95,"column":52}}},"11":{"name":"isStore","line":110,"loc":{"start":{"line":110,"column":24},"end":{"line":110,"column":61}}},"12":{"name":"isMiddleware","line":118,"loc":{"start":{"line":118,"column":29},"end":{"line":118,"column":64}}},"13":{"name":"createMiddleware","line":123,"loc":{"start":{"line":123,"column":33},"end":{"line":123,"column":62}}}},"statementMap":{"1":{"start":{"line":1,"column":0},"end":{"line":11,"column":1}},"2":{"start":{"line":2,"column":2},"end":{"line":2,"column":38}},"3":{"start":{"line":9,"column":2},"end":{"line":9,"column":24}},"4":{"start":{"line":10,"column":2},"end":{"line":10,"column":78}},"5":{"start":{"line":13,"column":0},"end":{"line":18,"column":1}},"6":{"start":{"line":14,"column":2},"end":{"line":14,"column":62}},"7":{"start":{"line":15,"column":2},"end":{"line":15,"column":58}},"8":{"start":{"line":16,"column":2},"end":{"line":16,"column":45}},"9":{"start":{"line":17,"column":2},"end":{"line":17,"column":21}},"10":{"start":{"line":20,"column":0},"end":{"line":23,"column":1}},"11":{"start":{"line":21,"column":2},"end":{"line":21,"column":62}},"12":{"start":{"line":22,"column":2},"end":{"line":22,"column":47}},"13":{"start":{"line":25,"column":0},"end":{"line":30,"column":1}},"14":{"start":{"line":26,"column":2},"end":{"line":26,"column":56}},"15":{"start":{"line":27,"column":2},"end":{"line":27,"column":54}},"16":{"start":{"line":28,"column":2},"end":{"line":28,"column":41}},"17":{"start":{"line":29,"column":2},"end":{"line":29,"column":19}},"18":{"start":{"line":32,"column":0},"end":{"line":35,"column":1}},"19":{"start":{"line":33,"column":2},"end":{"line":33,"column":56}},"20":{"start":{"line":34,"column":2},"end":{"line":34,"column":43}},"21":{"start":{"line":37,"column":0},"end":{"line":42,"column":1}},"22":{"start":{"line":38,"column":2},"end":{"line":38,"column":44}},"23":{"start":{"line":39,"column":2},"end":{"line":39,"column":46}},"24":{"start":{"line":40,"column":2},"end":{"line":40,"column":33}},"25":{"start":{"line":41,"column":2},"end":{"line":41,"column":15}},"26":{"start":{"line":44,"column":0},"end":{"line":47,"column":1}},"27":{"start":{"line":45,"column":2},"end":{"line":45,"column":44}},"28":{"start":{"line":46,"column":2},"end":{"line":46,"column":35}},"29":{"start":{"line":72,"column":0},"end":{"line":77,"column":1}},"30":{"start":{"line":73,"column":2},"end":{"line":73,"column":47}},"31":{"start":{"line":74,"column":2},"end":{"line":74,"column":48}},"32":{"start":{"line":75,"column":2},"end":{"line":75,"column":35}},"33":{"start":{"line":76,"column":2},"end":{"line":76,"column":16}},"34":{"start":{"line":86,"column":0},"end":{"line":89,"column":1}},"35":{"start":{"line":87,"column":2},"end":{"line":87,"column":47}},"36":{"start":{"line":88,"column":2},"end":{"line":88,"column":37}},"37":{"start":{"line":95,"column":0},"end":{"line":101,"column":1}},"38":{"start":{"line":96,"column":2},"end":{"line":96,"column":41}},"39":{"start":{"line":97,"column":2},"end":{"line":97,"column":44}},"40":{"start":{"line":98,"column":2},"end":{"line":98,"column":31}},"41":{"start":{"line":99,"column":2},"end":{"line":99,"column":19}},"42":{"start":{"line":100,"column":2},"end":{"line":100,"column":14}},"43":{"start":{"line":110,"column":0},"end":{"line":116,"column":1}},"44":{"start":{"line":111,"column":2},"end":{"line":111,"column":36}},"45":{"start":{"line":112,"column":2},"end":{"line":112,"column":41}},"46":{"start":{"line":113,"column":2},"end":{"line":113,"column":40}},"47":{"start":{"line":114,"column":2},"end":{"line":114,"column":74}},"48":{"start":{"line":115,"column":2},"end":{"line":115,"column":27}},"49":{"start":{"line":118,"column":0},"end":{"line":121,"column":1}},"50":{"start":{"line":119,"column":2},"end":{"line":119,"column":56}},"51":{"start":{"line":120,"column":2},"end":{"line":120,"column":43}},"52":{"start":{"line":123,"column":0},"end":{"line":128,"column":1}},"53":{"start":{"line":124,"column":2},"end":{"line":124,"column":56}},"54":{"start":{"line":125,"column":2},"end":{"line":125,"column":54}},"55":{"start":{"line":126,"column":2},"end":{"line":126,"column":41}},"56":{"start":{"line":127,"column":2},"end":{"line":127,"column":19}},"57":{"start":{"line":130,"column":0},"end":{"line":130,"column":20}}},"branchMap":{"1":{"line":10,"type":"cond-expr","locations":[{"start":{"line":10,"column":53},"end":{"line":10,"column":55}},{"start":{"line":10,"column":58},"end":{"line":10,"column":78}}]},"2":{"line":10,"type":"binary-expr","locations":[{"start":{"line":10,"column":14},"end":{"line":10,"column":36}},{"start":{"line":10,"column":40},"end":{"line":10,"column":49}}]},"3":{"line":114,"type":"binary-expr","locations":[{"start":{"line":114,"column":16},"end":{"line":114,"column":27}},{"start":{"line":114,"column":32},"end":{"line":114,"column":42}},{"start":{"line":114,"column":46},"end":{"line":114,"column":73}}]},"4":{"line":115,"type":"binary-expr","locations":[{"start":{"line":115,"column":9},"end":{"line":115,"column":16}},{"start":{"line":115,"column":20},"end":{"line":115,"column":27}}]}}},"/home/katja/Dokumente/alo/main/extend/addExtras.js":{"path":"/home/katja/Dokumente/alo/main/extend/addExtras.js","s":{"1":1,"2":1,"3":1,"4":1,"5":1},"b":{},"f":{"1":1},"fnMap":{"1":{"name":"addExtras","line":1,"loc":{"start":{"line":1,"column":16},"end":{"line":1,"column":41}}}},"statementMap":{"1":{"start":{"line":1,"column":0},"end":{"line":13,"column":1}},"2":{"start":{"line":2,"column":2},"end":{"line":2,"column":54}},"3":{"start":{"line":11,"column":2},"end":{"line":11,"column":31}},"4":{"start":{"line":12,"column":2},"end":{"line":12,"column":12}},"5":{"start":{"line":15,"column":0},"end":{"line":15,"column":26}}},"branchMap":{}},"/home/katja/Dokumente/alo/lib/extras/extras.js":{"path":"/home/katja/Dokumente/alo/lib/extras/extras.js","s":{"1":1,"2":1,"3":1},"b":{},"f":{},"fnMap":{},"statementMap":{"1":{"start":{"line":6,"column":0},"end":{"line":6,"column":15}},"2":{"start":{"line":11,"column":0},"end":{"line":11,"column":42}},"3":{"start":{"line":13,"column":0},"end":{"line":13,"column":23}}},"branchMap":{}},"/home/katja/Dokumente/alo/lib/extras/reducers.js":{"path":"/home/katja/Dokumente/alo/lib/extras/reducers.js","s":{"1":1,"2":1,"3":1,"4":1,"5":1,"6":1,"7":1,"8":1,"9":1,"10":0,"11":1,"12":1},"b":{"1":[1,0],"2":[1,1,0],"3":[1,0]},"f":{"1":1,"2":1},"fnMap":{"1":{"name":"(anonymous_1)","line":12,"loc":{"start":{"line":12,"column":32},"end":{"line":12,"column":44}}},"2":{"name":"(anonymous_2)","line":13,"loc":{"start":{"line":13,"column":15},"end":{"line":13,"column":40}}}},"statementMap":{"1":{"start":{"line":1,"column":0},"end":{"line":1,"column":32}},"2":{"start":{"line":2,"column":0},"end":{"line":2,"column":19}},"3":{"start":{"line":3,"column":0},"end":{"line":3,"column":16}},"4":{"start":{"line":5,"column":0},"end":{"line":5,"column":17}},"5":{"start":{"line":12,"column":0},"end":{"line":23,"column":1}},"6":{"start":{"line":13,"column":2},"end":{"line":20,"column":3}},"7":{"start":{"line":14,"column":4},"end":{"line":18,"column":5}},"8":{"start":{"line":15,"column":6},"end":{"line":17,"column":7}},"9":{"start":{"line":16,"column":8},"end":{"line":16,"column":29}},"10":{"start":{"line":19,"column":4},"end":{"line":19,"column":16}},"11":{"start":{"line":22,"column":2},"end":{"line":22,"column":34}},"12":{"start":{"line":25,"column":0},"end":{"line":25,"column":25}}},"branchMap":{"1":{"line":14,"type":"if","locations":[{"start":{"line":14,"column":4},"end":{"line":14,"column":4}},{"start":{"line":14,"column":4},"end":{"line":14,"column":4}}]},"2":{"line":14,"type":"binary-expr","locations":[{"start":{"line":14,"column":8},"end":{"line":14,"column":33}},{"start":{"line":14,"column":37},"end":{"line":14,"column":57}},{"start":{"line":14,"column":61},"end":{"line":14,"column":79}}]},"3":{"line":15,"type":"if","locations":[{"start":{"line":15,"column":6},"end":{"line":15,"column":6}},{"start":{"line":15,"column":6},"end":{"line":15,"column":6}}]}}},"/home/katja/Dokumente/alo/lib/util/util.js":{"path":"/home/katja/Dokumente/alo/lib/util/util.js","s":{"1":1,"2":1,"3":1,"4":1,"5":1,"6":1,"7":1,"8":1,"9":1,"10":1,"11":1,"12":1,"13":1,"14":1,"15":1,"16":1,"17":1,"18":1,"19":1,"20":1,"21":1,"22":1,"23":1,"24":1,"25":1,"26":1,"27":1,"28":1,"29":1,"30":1,"31":1,"32":2,"33":1,"34":0,"35":0,"36":0,"37":0,"38":1,"39":22,"40":22,"41":22,"42":22,"43":1},"b":{},"f":{"1":15,"2":2,"3":0,"4":22},"fnMap":{"1":{"name":"(anonymous_1)","line":7,"loc":{"start":{"line":7,"column":11},"end":{"line":7,"column":23}}},"2":{"name":"createPromise","line":183,"loc":{"start":{"line":183,"column":31},"end":{"line":183,"column":72}}},"3":{"name":"createAlo","line":191,"loc":{"start":{"line":191,"column":27},"end":{"line":191,"column":49}}},"4":{"name":"createObjectRelation","line":198,"loc":{"start":{"line":198,"column":38},"end":{"line":198,"column":71}}}},"statementMap":{"1":{"start":{"line":7,"column":0},"end":{"line":7,"column":25}},"2":{"start":{"line":16,"column":0},"end":{"line":16,"column":54}},"3":{"start":{"line":18,"column":0},"end":{"line":18,"column":48}},"4":{"start":{"line":25,"column":0},"end":{"line":25,"column":48}},"5":{"start":{"line":32,"column":0},"end":{"line":32,"column":50}},"6":{"start":{"line":39,"column":0},"end":{"line":39,"column":56}},"7":{"start":{"line":46,"column":0},"end":{"line":46,"column":52}},"8":{"start":{"line":53,"column":0},"end":{"line":53,"column":52}},"9":{"start":{"line":55,"column":0},"end":{"line":55,"column":46}},"10":{"start":{"line":62,"column":0},"end":{"line":62,"column":50}},"11":{"start":{"line":69,"column":0},"end":{"line":69,"column":62}},"12":{"start":{"line":76,"column":0},"end":{"line":76,"column":50}},"13":{"start":{"line":78,"column":0},"end":{"line":78,"column":42}},"14":{"start":{"line":85,"column":0},"end":{"line":85,"column":54}},"15":{"start":{"line":92,"column":0},"end":{"line":92,"column":52}},"16":{"start":{"line":94,"column":0},"end":{"line":94,"column":50}},"17":{"start":{"line":96,"column":0},"end":{"line":96,"column":26}},"18":{"start":{"line":102,"column":0},"end":{"line":102,"column":41}},"19":{"start":{"line":109,"column":0},"end":{"line":109,"column":44}},"20":{"start":{"line":116,"column":0},"end":{"line":116,"column":39}},"21":{"start":{"line":123,"column":0},"end":{"line":123,"column":47}},"22":{"start":{"line":130,"column":0},"end":{"line":130,"column":41}},"23":{"start":{"line":137,"column":0},"end":{"line":137,"column":35}},"24":{"start":{"line":144,"column":0},"end":{"line":144,"column":33}},"25":{"start":{"line":151,"column":0},"end":{"line":151,"column":37}},"26":{"start":{"line":158,"column":0},"end":{"line":158,"column":39}},"27":{"start":{"line":165,"column":0},"end":{"line":165,"column":47}},"28":{"start":{"line":172,"column":0},"end":{"line":172,"column":35}},"29":{"start":{"line":179,"column":0},"end":{"line":179,"column":57}},"30":{"start":{"line":181,"column":0},"end":{"line":181,"column":40}},"31":{"start":{"line":183,"column":0},"end":{"line":185,"column":1}},"32":{"start":{"line":184,"column":2},"end":{"line":184,"column":42}},"33":{"start":{"line":191,"column":0},"end":{"line":196,"column":1}},"34":{"start":{"line":192,"column":2},"end":{"line":192,"column":34}},"35":{"start":{"line":193,"column":2},"end":{"line":193,"column":40}},"36":{"start":{"line":194,"column":2},"end":{"line":194,"column":27}},"37":{"start":{"line":195,"column":2},"end":{"line":195,"column":12}},"38":{"start":{"line":198,"column":0},"end":{"line":203,"column":1}},"39":{"start":{"line":199,"column":2},"end":{"line":199,"column":54}},"40":{"start":{"line":200,"column":2},"end":{"line":200,"column":62}},"41":{"start":{"line":201,"column":2},"end":{"line":201,"column":49}},"42":{"start":{"line":202,"column":2},"end":{"line":202,"column":23}},"43":{"start":{"line":205,"column":0},"end":{"line":205,"column":21}}},"branchMap":{}},"/home/katja/Dokumente/alo/main/alo.js":{"path":"/home/katja/Dokumente/alo/main/alo.js","s":{"1":1},"b":{},"f":{},"fnMap":{},"statementMap":{"1":{"start":{"line":1,"column":0},"end":{"line":1,"column":43}}},"branchMap":{}},"/home/katja/Dokumente/alo/main/alo.dev.js":{"path":"/home/katja/Dokumente/alo/main/alo.dev.js","s":{"1":1,"2":1,"3":1},"b":{},"f":{},"fnMap":{},"statementMap":{"1":{"start":{"line":1,"column":0},"end":{"line":1,"column":36}},"2":{"start":{"line":2,"column":0},"end":{"line":2,"column":42}},"3":{"start":{"line":4,"column":0},"end":{"line":4,"column":28}}},"branchMap":{}},"/home/katja/Dokumente/alo/main/extend/addDev.js":{"path":"/home/katja/Dokumente/alo/main/extend/addDev.js","s":{"1":1,"2":1,"3":0,"4":1,"5":2,"6":2,"7":2,"8":2,"9":0,"10":0,"11":0,"12":2,"13":1,"14":1,"15":1,"16":1},"b":{},"f":{"1":1,"2":0,"3":2,"4":0},"fnMap":{"1":{"name":"addDev","line":1,"loc":{"start":{"line":1,"column":13},"end":{"line":1,"column":38}}},"2":{"name":"(anonymous_2)","line":2,"loc":{"start":{"line":2,"column":23},"end":{"line":2,"column":41}}},"3":{"name":"Alo","line":6,"loc":{"start":{"line":6,"column":15},"end":{"line":6,"column":31}}},"4":{"name":"createAlo","line":10,"loc":{"start":{"line":10,"column":26},"end":{"line":10,"column":48}}}},"statementMap":{"1":{"start":{"line":1,"column":0},"end":{"line":20,"column":1}},"2":{"start":{"line":2,"column":2},"end":{"line":4,"column":3}},"3":{"start":{"line":3,"column":4},"end":{"line":3,"column":35}},"4":{"start":{"line":6,"column":2},"end":{"line":16,"column":3}},"5":{"start":{"line":7,"column":4},"end":{"line":7,"column":33}},"6":{"start":{"line":8,"column":4},"end":{"line":8,"column":44}},"7":{"start":{"line":9,"column":4},"end":{"line":9,"column":57}},"8":{"start":{"line":10,"column":4},"end":{"line":14,"column":5}},"9":{"start":{"line":11,"column":6},"end":{"line":11,"column":47}},"10":{"start":{"line":12,"column":6},"end":{"line":12,"column":34}},"11":{"start":{"line":13,"column":6},"end":{"line":13,"column":16}},"12":{"start":{"line":15,"column":4},"end":{"line":15,"column":19}},"13":{"start":{"line":17,"column":2},"end":{"line":17,"column":37}},"14":{"start":{"line":18,"column":2},"end":{"line":18,"column":50}},"15":{"start":{"line":19,"column":2},"end":{"line":19,"column":15}},"16":{"start":{"line":22,"column":0},"end":{"line":22,"column":23}}},"branchMap":{}},"/home/katja/Dokumente/alo/lib/store/store.js":{"path":"/home/katja/Dokumente/alo/lib/store/store.js","s":{"1":1,"2":1,"3":1,"4":1,"5":1,"6":1,"7":1,"8":1,"9":11,"10":7,"11":11,"12":11,"13":11,"14":1,"15":1,"16":1,"17":11,"18":11,"19":11,"20":11,"21":11,"22":11,"23":11,"24":11,"25":11,"26":1,"27":1,"28":1,"29":1,"30":1,"31":1,"32":1,"33":1,"34":1,"35":1,"36":1,"37":1,"38":1,"39":1,"40":1,"41":3,"42":3,"43":3,"44":1,"45":0,"46":0,"47":0,"48":1,"49":0,"50":0,"51":0,"52":1,"53":0,"54":0,"55":0,"56":1,"57":28,"58":1,"59":14,"60":1,"61":3,"62":1,"63":1,"64":1,"65":1,"66":1,"67":3,"68":3,"69":3,"70":1,"71":11,"72":11,"73":11,"74":11,"75":5,"76":11,"77":4,"78":11,"79":11,"80":11,"81":11,"82":4,"83":4,"84":4,"85":4,"86":4,"87":0,"88":7,"89":11,"90":0,"91":11,"92":11,"93":11,"94":11,"95":10,"96":10,"97":11,"98":11,"99":11,"100":11,"101":3,"102":3,"103":6,"104":3,"105":3,"106":3,"107":3,"108":3,"109":3,"110":0,"111":0,"112":3,"113":3,"114":8,"115":11,"116":11,"117":1},"b":{"1":[7,4],"2":[11,4],"3":[1,10],"4":[1,0],"5":[0,0],"6":[0,0],"7":[0,0],"8":[5,6],"9":[4,7],"10":[4,7],"11":[11,4],"12":[4,0],"13":[0,11],"14":[10,0],"15":[3,8],"16":[3,3],"17":[3,0]},"f":{"1":11,"2":3,"3":0,"4":0,"5":0,"6":28,"7":14,"8":3,"9":1,"10":3,"11":11,"12":11,"13":11,"14":4,"15":4,"16":11,"17":10,"18":11,"19":6,"20":3,"21":3,"22":11},"fnMap":{"1":{"name":"Store","line":17,"loc":{"start":{"line":17,"column":12},"end":{"line":17,"column":39}}},"2":{"name":"createReducer","line":174,"loc":{"start":{"line":174,"column":32},"end":{"line":174,"column":58}}},"3":{"name":"mapState","line":181,"loc":{"start":{"line":181,"column":27},"end":{"line":181,"column":52}}},"4":{"name":"mapData","line":189,"loc":{"start":{"line":189,"column":26},"end":{"line":189,"column":50}}},"5":{"name":"mapStream","line":197,"loc":{"start":{"line":197,"column":28},"end":{"line":197,"column":54}}},"6":{"name":"getStream","line":210,"loc":{"start":{"line":210,"column":28},"end":{"line":210,"column":50}}},"7":{"name":"getData","line":220,"loc":{"start":{"line":220,"column":26},"end":{"line":220,"column":46}}},"8":{"name":"getState","line":224,"loc":{"start":{"line":224,"column":27},"end":{"line":224,"column":48}}},"9":{"name":"createComputedProperty","line":228,"loc":{"start":{"line":228,"column":41},"end":{"line":228,"column":76}}},"10":{"name":"createSubscription","line":235,"loc":{"start":{"line":235,"column":37},"end":{"line":235,"column":68}}},"11":{"name":"(anonymous_11)","line":249,"loc":{"start":{"line":249,"column":27},"end":{"line":249,"column":39}}},"12":{"name":"(anonymous_12)","line":253,"loc":{"start":{"line":253,"column":21},"end":{"line":253,"column":39}}},"13":{"name":"(anonymous_13)","line":264,"loc":{"start":{"line":264,"column":34},"end":{"line":264,"column":46}}},"14":{"name":"(anonymous_14)","line":271,"loc":{"start":{"line":271,"column":38},"end":{"line":271,"column":50}}},"15":{"name":"(anonymous_15)","line":273,"loc":{"start":{"line":273,"column":14},"end":{"line":273,"column":36}}},"16":{"name":"(anonymous_16)","line":283,"loc":{"start":{"line":283,"column":10},"end":{"line":283,"column":28}}},"17":{"name":"(anonymous_17)","line":293,"loc":{"start":{"line":293,"column":40},"end":{"line":293,"column":59}}},"18":{"name":"(anonymous_18)","line":305,"loc":{"start":{"line":305,"column":38},"end":{"line":305,"column":50}}},"19":{"name":"(anonymous_19)","line":312,"loc":{"start":{"line":312,"column":23},"end":{"line":312,"column":35}}},"20":{"name":"(anonymous_20)","line":315,"loc":{"start":{"line":315,"column":48},"end":{"line":315,"column":60}}},"21":{"name":"(anonymous_21)","line":317,"loc":{"start":{"line":317,"column":24},"end":{"line":317,"column":44}}},"22":{"name":"(anonymous_22)","line":334,"loc":{"start":{"line":334,"column":14},"end":{"line":334,"column":34}}}},"statementMap":{"1":{"start":{"line":1,"column":0},"end":{"line":1,"column":32}},"2":{"start":{"line":2,"column":0},"end":{"line":2,"column":19}},"3":{"start":{"line":3,"column":0},"end":{"line":3,"column":16}},"4":{"start":{"line":5,"column":0},"end":{"line":5,"column":79}},"5":{"start":{"line":6,"column":0},"end":{"line":6,"column":94}},"6":{"start":{"line":7,"column":0},"end":{"line":7,"column":88}},"7":{"start":{"line":8,"column":0},"end":{"line":8,"column":100}},"8":{"start":{"line":17,"column":0},"end":{"line":69,"column":1}},"9":{"start":{"line":18,"column":2},"end":{"line":20,"column":3}},"10":{"start":{"line":19,"column":4},"end":{"line":19,"column":14}},"11":{"start":{"line":21,"column":2},"end":{"line":25,"column":3}},"12":{"start":{"line":35,"column":2},"end":{"line":35,"column":17}},"13":{"start":{"line":36,"column":2},"end":{"line":41,"column":3}},"14":{"start":{"line":37,"column":4},"end":{"line":37,"column":18}},"15":{"start":{"line":38,"column":4},"end":{"line":40,"column":5}},"16":{"start":{"line":39,"column":6},"end":{"line":39,"column":19}},"17":{"start":{"line":46,"column":2},"end":{"line":46,"column":38}},"18":{"start":{"line":51,"column":2},"end":{"line":51,"column":31}},"19":{"start":{"line":56,"column":2},"end":{"line":56,"column":34}},"20":{"start":{"line":61,"column":2},"end":{"line":61,"column":36}},"21":{"start":{"line":63,"column":2},"end":{"line":63,"column":29}},"22":{"start":{"line":65,"column":2},"end":{"line":65,"column":39}},"23":{"start":{"line":66,"column":2},"end":{"line":66,"column":42}},"24":{"start":{"line":67,"column":2},"end":{"line":67,"column":44}},"25":{"start":{"line":68,"column":2},"end":{"line":68,"column":48}},"26":{"start":{"line":80,"column":0},"end":{"line":80,"column":28}},"27":{"start":{"line":88,"column":0},"end":{"line":88,"column":33}},"28":{"start":{"line":98,"column":0},"end":{"line":98,"column":33}},"29":{"start":{"line":108,"column":0},"end":{"line":108,"column":36}},"30":{"start":{"line":118,"column":0},"end":{"line":118,"column":36}},"31":{"start":{"line":126,"column":0},"end":{"line":126,"column":36}},"32":{"start":{"line":136,"column":0},"end":{"line":136,"column":32}},"33":{"start":{"line":143,"column":0},"end":{"line":143,"column":38}},"34":{"start":{"line":150,"column":0},"end":{"line":150,"column":38}},"35":{"start":{"line":157,"column":0},"end":{"line":157,"column":41}},"36":{"start":{"line":159,"column":0},"end":{"line":159,"column":56}},"37":{"start":{"line":160,"column":0},"end":{"line":160,"column":59}},"38":{"start":{"line":161,"column":0},"end":{"line":161,"column":61}},"39":{"start":{"line":162,"column":0},"end":{"line":162,"column":65}},"40":{"start":{"line":174,"column":0},"end":{"line":179,"column":1}},"41":{"start":{"line":175,"column":2},"end":{"line":175,"column":56}},"42":{"start":{"line":176,"column":2},"end":{"line":176,"column":26}},"43":{"start":{"line":178,"column":2},"end":{"line":178,"column":16}},"44":{"start":{"line":181,"column":0},"end":{"line":187,"column":1}},"45":{"start":{"line":182,"column":2},"end":{"line":186,"column":3}},"46":{"start":{"line":183,"column":4},"end":{"line":183,"column":58}},"47":{"start":{"line":185,"column":4},"end":{"line":185,"column":39}},"48":{"start":{"line":189,"column":0},"end":{"line":195,"column":1}},"49":{"start":{"line":190,"column":2},"end":{"line":194,"column":3}},"50":{"start":{"line":191,"column":4},"end":{"line":191,"column":58}},"51":{"start":{"line":193,"column":4},"end":{"line":193,"column":38}},"52":{"start":{"line":197,"column":0},"end":{"line":203,"column":1}},"53":{"start":{"line":198,"column":2},"end":{"line":202,"column":3}},"54":{"start":{"line":199,"column":4},"end":{"line":199,"column":58}},"55":{"start":{"line":201,"column":4},"end":{"line":201,"column":46}},"56":{"start":{"line":210,"column":0},"end":{"line":213,"column":1}},"57":{"start":{"line":212,"column":2},"end":{"line":212,"column":21}},"58":{"start":{"line":220,"column":0},"end":{"line":222,"column":1}},"59":{"start":{"line":221,"column":2},"end":{"line":221,"column":40}},"60":{"start":{"line":224,"column":0},"end":{"line":226,"column":1}},"61":{"start":{"line":225,"column":2},"end":{"line":225,"column":29}},"62":{"start":{"line":228,"column":0},"end":{"line":233,"column":1}},"63":{"start":{"line":229,"column":2},"end":{"line":229,"column":62}},"64":{"start":{"line":230,"column":2},"end":{"line":230,"column":38}},"65":{"start":{"line":232,"column":2},"end":{"line":232,"column":19}},"66":{"start":{"line":235,"column":0},"end":{"line":239,"column":1}},"67":{"start":{"line":236,"column":2},"end":{"line":236,"column":66}},"68":{"start":{"line":237,"column":2},"end":{"line":237,"column":36}},"69":{"start":{"line":238,"column":2},"end":{"line":238,"column":21}},"70":{"start":{"line":249,"column":0},"end":{"line":341,"column":1}},"71":{"start":{"line":250,"column":2},"end":{"line":250,"column":17}},"72":{"start":{"line":251,"column":2},"end":{"line":251,"column":45}},"73":{"start":{"line":253,"column":2},"end":{"line":262,"column":3}},"74":{"start":{"line":255,"column":4},"end":{"line":257,"column":5}},"75":{"start":{"line":256,"column":6},"end":{"line":256,"column":24}},"76":{"start":{"line":258,"column":4},"end":{"line":260,"column":5}},"77":{"start":{"line":259,"column":6},"end":{"line":259,"column":27}},"78":{"start":{"line":261,"column":4},"end":{"line":261,"column":17}},"79":{"start":{"line":264,"column":2},"end":{"line":340,"column":4}},"80":{"start":{"line":268,"column":4},"end":{"line":268,"column":47}},"81":{"start":{"line":269,"column":4},"end":{"line":282,"column":5}},"82":{"start":{"line":270,"column":6},"end":{"line":270,"column":37}},"83":{"start":{"line":271,"column":6},"end":{"line":279,"column":8}},"84":{"start":{"line":272,"column":8},"end":{"line":272,"column":77}},"85":{"start":{"line":274,"column":8},"end":{"line":278,"column":9}},"86":{"start":{"line":275,"column":10},"end":{"line":275,"column":30}},"87":{"start":{"line":277,"column":10},"end":{"line":277,"column":27}},"88":{"start":{"line":281,"column":6},"end":{"line":281,"column":33}},"89":{"start":{"line":287,"column":4},"end":{"line":339,"column":5}},"90":{"start":{"line":288,"column":6},"end":{"line":288,"column":18}},"91":{"start":{"line":290,"column":6},"end":{"line":290,"column":35}},"92":{"start":{"line":291,"column":6},"end":{"line":291,"column":32}},"93":{"start":{"line":292,"column":6},"end":{"line":292,"column":32}},"94":{"start":{"line":293,"column":6},"end":{"line":297,"column":8}},"95":{"start":{"line":294,"column":8},"end":{"line":296,"column":9}},"96":{"start":{"line":295,"column":10},"end":{"line":295,"column":66}},"97":{"start":{"line":299,"column":6},"end":{"line":303,"column":7}},"98":{"start":{"line":305,"column":6},"end":{"line":338,"column":8}},"99":{"start":{"line":309,"column":8},"end":{"line":309,"column":64}},"100":{"start":{"line":310,"column":8},"end":{"line":333,"column":9}},"101":{"start":{"line":311,"column":10},"end":{"line":311,"column":21}},"102":{"start":{"line":312,"column":10},"end":{"line":329,"column":11}},"103":{"start":{"line":313,"column":12},"end":{"line":328,"column":13}},"104":{"start":{"line":314,"column":14},"end":{"line":325,"column":15}},"105":{"start":{"line":315,"column":16},"end":{"line":321,"column":18}},"106":{"start":{"line":316,"column":18},"end":{"line":316,"column":92}},"107":{"start":{"line":318,"column":18},"end":{"line":318,"column":46}},"108":{"start":{"line":319,"column":18},"end":{"line":319,"column":23}},"109":{"start":{"line":320,"column":18},"end":{"line":320,"column":33}},"110":{"start":{"line":323,"column":16},"end":{"line":323,"column":21}},"111":{"start":{"line":324,"column":16},"end":{"line":324,"column":31}},"112":{"start":{"line":327,"column":14},"end":{"line":327,"column":29}},"113":{"start":{"line":330,"column":10},"end":{"line":330,"column":25}},"114":{"start":{"line":332,"column":10},"end":{"line":332,"column":25}},"115":{"start":{"line":336,"column":8},"end":{"line":336,"column":37}},"116":{"start":{"line":337,"column":8},"end":{"line":337,"column":24}},"117":{"start":{"line":373,"column":0},"end":{"line":373,"column":22}}},"branchMap":{"1":{"line":18,"type":"if","locations":[{"start":{"line":18,"column":2},"end":{"line":18,"column":2}},{"start":{"line":18,"column":2},"end":{"line":18,"column":2}}]},"2":{"line":18,"type":"binary-expr","locations":[{"start":{"line":18,"column":6},"end":{"line":18,"column":25}},{"start":{"line":18,"column":29},"end":{"line":18,"column":43}}]},"3":{"line":36,"type":"if","locations":[{"start":{"line":36,"column":2},"end":{"line":36,"column":2}},{"start":{"line":36,"column":2},"end":{"line":36,"column":2}}]},"4":{"line":38,"type":"if","locations":[{"start":{"line":38,"column":4},"end":{"line":38,"column":4}},{"start":{"line":38,"column":4},"end":{"line":38,"column":4}}]},"5":{"line":182,"type":"if","locations":[{"start":{"line":182,"column":2},"end":{"line":182,"column":2}},{"start":{"line":182,"column":2},"end":{"line":182,"column":2}}]},"6":{"line":190,"type":"if","locations":[{"start":{"line":190,"column":2},"end":{"line":190,"column":2}},{"start":{"line":190,"column":2},"end":{"line":190,"column":2}}]},"7":{"line":198,"type":"if","locations":[{"start":{"line":198,"column":2},"end":{"line":198,"column":2}},{"start":{"line":198,"column":2},"end":{"line":198,"column":2}}]},"8":{"line":255,"type":"if","locations":[{"start":{"line":255,"column":4},"end":{"line":255,"column":4}},{"start":{"line":255,"column":4},"end":{"line":255,"column":4}}]},"9":{"line":258,"type":"if","locations":[{"start":{"line":258,"column":4},"end":{"line":258,"column":4}},{"start":{"line":258,"column":4},"end":{"line":258,"column":4}}]},"10":{"line":269,"type":"if","locations":[{"start":{"line":269,"column":4},"end":{"line":269,"column":4}},{"start":{"line":269,"column":4},"end":{"line":269,"column":4}}]},"11":{"line":269,"type":"binary-expr","locations":[{"start":{"line":269,"column":8},"end":{"line":269,"column":30}},{"start":{"line":269,"column":34},"end":{"line":269,"column":66}}]},"12":{"line":274,"type":"if","locations":[{"start":{"line":274,"column":8},"end":{"line":274,"column":8}},{"start":{"line":274,"column":8},"end":{"line":274,"column":8}}]},"13":{"line":287,"type":"if","locations":[{"start":{"line":287,"column":4},"end":{"line":287,"column":4}},{"start":{"line":287,"column":4},"end":{"line":287,"column":4}}]},"14":{"line":294,"type":"if","locations":[{"start":{"line":294,"column":8},"end":{"line":294,"column":8}},{"start":{"line":294,"column":8},"end":{"line":294,"column":8}}]},"15":{"line":310,"type":"if","locations":[{"start":{"line":310,"column":8},"end":{"line":310,"column":8}},{"start":{"line":310,"column":8},"end":{"line":310,"column":8}}]},"16":{"line":313,"type":"if","locations":[{"start":{"line":313,"column":12},"end":{"line":313,"column":12}},{"start":{"line":313,"column":12},"end":{"line":313,"column":12}}]},"17":{"line":314,"type":"if","locations":[{"start":{"line":314,"column":14},"end":{"line":314,"column":14}},{"start":{"line":314,"column":14},"end":{"line":314,"column":14}}]}}},"/home/katja/Dokumente/alo/lib/util/object-relation.js":{"path":"/home/katja/Dokumente/alo/lib/util/object-relation.js","s":{"1":1,"2":1,"3":1,"4":1,"5":132,"6":132,"7":132,"8":132,"9":1,"10":22,"11":1,"12":1,"13":22,"14":22,"15":0,"16":22,"17":22,"18":22,"19":22,"20":22,"21":22,"22":22,"23":22,"24":88,"25":88,"26":66,"27":66,"28":1,"29":123,"30":37,"31":37,"32":123,"33":123,"34":1,"35":24,"36":24,"37":96,"38":285,"39":285,"40":285,"41":285,"42":285,"43":3,"44":285,"45":24,"46":96,"47":96,"48":66,"49":96,"50":1,"51":61,"52":1,"53":1,"54":1,"55":83,"56":83,"57":3,"58":80,"59":80,"60":39,"61":80,"62":1,"63":39,"64":0,"65":39,"66":39,"67":0,"68":1,"69":1,"70":1,"71":44,"72":0,"73":44,"74":44,"75":0,"76":44,"77":22,"78":44,"79":44,"80":44,"81":1,"82":1,"83":1,"84":3,"85":1,"86":1,"87":0,"88":0,"89":1,"90":1,"91":1,"92":1,"93":0,"94":1,"95":1,"96":0,"97":1,"98":1,"99":1,"100":1,"101":1,"102":1,"103":0,"104":0,"105":0,"106":0,"107":1,"108":1,"109":1,"110":1,"111":1,"112":1,"113":1,"114":1,"115":2,"116":1},"b":{"1":[0,22],"2":[22,22],"3":[66,22],"4":[37,86],"5":[123,99],"6":[66,30],"7":[96,66],"8":[3,80],"9":[0,39],"10":[39,0],"11":[0,44],"12":[0,44],"13":[44,44],"14":[22,22],"15":[0,1],"16":[1,0],"17":[1,1],"18":[0,1],"19":[1,0],"20":[0,0]},"f":{"1":132,"2":22,"3":22,"4":88,"5":123,"6":24,"7":96,"8":285,"9":3,"10":96,"11":61,"12":83,"13":39,"14":39,"15":44,"16":1,"17":3,"18":0,"19":1,"20":0,"21":1,"22":1,"23":2},"fnMap":{"1":{"name":"(anonymous_1)","line":17,"loc":{"start":{"line":17,"column":25},"end":{"line":17,"column":49}}},"2":{"name":"ObjectRelation","line":24,"loc":{"start":{"line":24,"column":21},"end":{"line":24,"column":48}}},"3":{"name":"(anonymous_3)","line":28,"loc":{"start":{"line":28,"column":53},"end":{"line":28,"column":107}}},"4":{"name":"(anonymous_4)","line":41,"loc":{"start":{"line":41,"column":25},"end":{"line":41,"column":51}}},"5":{"name":"(anonymous_5)","line":56,"loc":{"start":{"line":56,"column":43},"end":{"line":56,"column":67}}},"6":{"name":"(anonymous_6)","line":65,"loc":{"start":{"line":65,"column":51},"end":{"line":65,"column":72}}},"7":{"name":"(anonymous_7)","line":67,"loc":{"start":{"line":67,"column":21},"end":{"line":67,"column":47}}},"8":{"name":"(anonymous_8)","line":68,"loc":{"start":{"line":68,"column":11},"end":{"line":68,"column":23}}},"9":{"name":"(anonymous_9)","line":73,"loc":{"start":{"line":73,"column":48},"end":{"line":73,"column":69}}},"10":{"name":"(anonymous_10)","line":80,"loc":{"start":{"line":80,"column":28},"end":{"line":80,"column":54}}},"11":{"name":"getId","line":89,"loc":{"start":{"line":89,"column":41},"end":{"line":89,"column":65}}},"12":{"name":"(anonymous_12)","line":95,"loc":{"start":{"line":95,"column":40},"end":{"line":95,"column":64}}},"13":{"name":"(anonymous_13)","line":102,"loc":{"start":{"line":102,"column":49},"end":{"line":102,"column":65}}},"14":{"name":"(anonymous_14)","line":108,"loc":{"start":{"line":108,"column":32},"end":{"line":108,"column":54}}},"15":{"name":"(anonymous_15)","line":122,"loc":{"start":{"line":122,"column":49},"end":{"line":122,"column":97}}},"16":{"name":"(anonymous_16)","line":140,"loc":{"start":{"line":140,"column":31},"end":{"line":140,"column":66}}},"17":{"name":"(anonymous_17)","line":143,"loc":{"start":{"line":143,"column":29},"end":{"line":143,"column":55}}},"18":{"name":"(anonymous_18)","line":149,"loc":{"start":{"line":149,"column":45},"end":{"line":149,"column":103}}},"19":{"name":"(anonymous_19)","line":157,"loc":{"start":{"line":157,"column":52},"end":{"line":157,"column":88}}},"20":{"name":"(anonymous_20)","line":175,"loc":{"start":{"line":175,"column":52},"end":{"line":175,"column":100}}},"21":{"name":"(anonymous_21)","line":183,"loc":{"start":{"line":183,"column":27},"end":{"line":183,"column":45}}},"22":{"name":"(anonymous_22)","line":186,"loc":{"start":{"line":186,"column":47},"end":{"line":186,"column":61}}},"23":{"name":"(anonymous_23)","line":195,"loc":{"start":{"line":195,"column":36},"end":{"line":195,"column":66}}}},"statementMap":{"1":{"start":{"line":1,"column":0},"end":{"line":1,"column":39}},"2":{"start":{"line":2,"column":0},"end":{"line":2,"column":18}},"3":{"start":{"line":4,"column":0},"end":{"line":15,"column":1}},"4":{"start":{"line":17,"column":0},"end":{"line":22,"column":1}},"5":{"start":{"line":18,"column":2},"end":{"line":18,"column":23}},"6":{"start":{"line":19,"column":2},"end":{"line":19,"column":33}},"7":{"start":{"line":20,"column":2},"end":{"line":20,"column":22}},"8":{"start":{"line":21,"column":2},"end":{"line":21,"column":22}},"9":{"start":{"line":24,"column":0},"end":{"line":26,"column":1}},"10":{"start":{"line":25,"column":2},"end":{"line":25,"column":39}},"11":{"start":{"line":27,"column":0},"end":{"line":27,"column":42}},"12":{"start":{"line":28,"column":0},"end":{"line":51,"column":2}},"13":{"start":{"line":29,"column":2},"end":{"line":29,"column":17}},"14":{"start":{"line":30,"column":2},"end":{"line":50,"column":3}},"15":{"start":{"line":31,"column":4},"end":{"line":31,"column":57}},"16":{"start":{"line":33,"column":4},"end":{"line":33,"column":31}},"17":{"start":{"line":34,"column":4},"end":{"line":34,"column":32}},"18":{"start":{"line":35,"column":4},"end":{"line":35,"column":36}},"19":{"start":{"line":36,"column":4},"end":{"line":36,"column":72}},"20":{"start":{"line":37,"column":4},"end":{"line":37,"column":64}},"21":{"start":{"line":38,"column":4},"end":{"line":38,"column":44}},"22":{"start":{"line":40,"column":4},"end":{"line":40,"column":23}},"23":{"start":{"line":41,"column":4},"end":{"line":49,"column":6}},"24":{"start":{"line":42,"column":6},"end":{"line":44,"column":7}},"25":{"start":{"line":45,"column":6},"end":{"line":48,"column":7}},"26":{"start":{"line":46,"column":8},"end":{"line":46,"column":86}},"27":{"start":{"line":47,"column":8},"end":{"line":47,"column":90}},"28":{"start":{"line":56,"column":0},"end":{"line":63,"column":1}},"29":{"start":{"line":57,"column":2},"end":{"line":60,"column":3}},"30":{"start":{"line":58,"column":4},"end":{"line":58,"column":25}},"31":{"start":{"line":59,"column":4},"end":{"line":59,"column":42}},"32":{"start":{"line":61,"column":2},"end":{"line":61,"column":50}},"33":{"start":{"line":62,"column":2},"end":{"line":62,"column":46}},"34":{"start":{"line":65,"column":0},"end":{"line":87,"column":1}},"35":{"start":{"line":66,"column":2},"end":{"line":66,"column":17}},"36":{"start":{"line":67,"column":2},"end":{"line":78,"column":3}},"37":{"start":{"line":68,"column":4},"end":{"line":77,"column":5}},"38":{"start":{"line":69,"column":6},"end":{"line":69,"column":23}},"39":{"start":{"line":70,"column":6},"end":{"line":70,"column":36}},"40":{"start":{"line":71,"column":6},"end":{"line":71,"column":24}},"41":{"start":{"line":72,"column":6},"end":{"line":72,"column":43}},"42":{"start":{"line":73,"column":6},"end":{"line":75,"column":8}},"43":{"start":{"line":74,"column":8},"end":{"line":74,"column":30}},"44":{"start":{"line":76,"column":6},"end":{"line":76,"column":19}},"45":{"start":{"line":80,"column":2},"end":{"line":86,"column":4}},"46":{"start":{"line":81,"column":4},"end":{"line":81,"column":40}},"47":{"start":{"line":82,"column":4},"end":{"line":84,"column":5}},"48":{"start":{"line":83,"column":6},"end":{"line":83,"column":47}},"49":{"start":{"line":85,"column":4},"end":{"line":85,"column":90}},"50":{"start":{"line":89,"column":0},"end":{"line":91,"column":1}},"51":{"start":{"line":90,"column":2},"end":{"line":90,"column":36}},"52":{"start":{"line":93,"column":0},"end":{"line":93,"column":60}},"53":{"start":{"line":94,"column":0},"end":{"line":94,"column":46}},"54":{"start":{"line":95,"column":0},"end":{"line":107,"column":2}},"55":{"start":{"line":96,"column":2},"end":{"line":96,"column":17}},"56":{"start":{"line":98,"column":2},"end":{"line":106,"column":3}},"57":{"start":{"line":99,"column":4},"end":{"line":99,"column":48}},"58":{"start":{"line":101,"column":4},"end":{"line":101,"column":19}},"59":{"start":{"line":102,"column":4},"end":{"line":104,"column":6}},"60":{"start":{"line":103,"column":6},"end":{"line":103,"column":47}},"61":{"start":{"line":105,"column":4},"end":{"line":105,"column":17}},"62":{"start":{"line":108,"column":0},"end":{"line":118,"column":2}},"63":{"start":{"line":109,"column":2},"end":{"line":117,"column":3}},"64":{"start":{"line":110,"column":4},"end":{"line":110,"column":67}},"65":{"start":{"line":112,"column":4},"end":{"line":116,"column":5}},"66":{"start":{"line":113,"column":6},"end":{"line":113,"column":54}},"67":{"start":{"line":115,"column":6},"end":{"line":115,"column":18}},"68":{"start":{"line":120,"column":0},"end":{"line":120,"column":60}},"69":{"start":{"line":121,"column":0},"end":{"line":121,"column":46}},"70":{"start":{"line":122,"column":0},"end":{"line":139,"column":2}},"71":{"start":{"line":123,"column":2},"end":{"line":136,"column":3}},"72":{"start":{"line":124,"column":4},"end":{"line":124,"column":69}},"73":{"start":{"line":126,"column":4},"end":{"line":126,"column":35}},"74":{"start":{"line":127,"column":4},"end":{"line":135,"column":5}},"75":{"start":{"line":128,"column":6},"end":{"line":128,"column":52}},"76":{"start":{"line":130,"column":6},"end":{"line":132,"column":7}},"77":{"start":{"line":131,"column":8},"end":{"line":131,"column":67}},"78":{"start":{"line":133,"column":6},"end":{"line":133,"column":64}},"79":{"start":{"line":134,"column":6},"end":{"line":134,"column":48}},"80":{"start":{"line":138,"column":2},"end":{"line":138,"column":13}},"81":{"start":{"line":140,"column":0},"end":{"line":148,"column":2}},"82":{"start":{"line":141,"column":2},"end":{"line":141,"column":17}},"83":{"start":{"line":143,"column":2},"end":{"line":145,"column":4}},"84":{"start":{"line":144,"column":4},"end":{"line":144,"column":42}},"85":{"start":{"line":147,"column":2},"end":{"line":147,"column":13}},"86":{"start":{"line":149,"column":0},"end":{"line":153,"column":2}},"87":{"start":{"line":150,"column":2},"end":{"line":150,"column":58}},"88":{"start":{"line":152,"column":2},"end":{"line":152,"column":61}},"89":{"start":{"line":155,"column":0},"end":{"line":155,"column":63}},"90":{"start":{"line":156,"column":0},"end":{"line":156,"column":52}},"91":{"start":{"line":157,"column":0},"end":{"line":174,"column":2}},"92":{"start":{"line":158,"column":2},"end":{"line":171,"column":3}},"93":{"start":{"line":159,"column":4},"end":{"line":159,"column":57}},"94":{"start":{"line":161,"column":4},"end":{"line":165,"column":5}},"95":{"start":{"line":162,"column":6},"end":{"line":164,"column":7}},"96":{"start":{"line":163,"column":8},"end":{"line":163,"column":105}},"97":{"start":{"line":166,"column":4},"end":{"line":166,"column":52}},"98":{"start":{"line":167,"column":4},"end":{"line":167,"column":64}},"99":{"start":{"line":168,"column":4},"end":{"line":170,"column":5}},"100":{"start":{"line":169,"column":6},"end":{"line":169,"column":59}},"101":{"start":{"line":173,"column":2},"end":{"line":173,"column":13}},"102":{"start":{"line":175,"column":0},"end":{"line":182,"column":2}},"103":{"start":{"line":176,"column":2},"end":{"line":181,"column":3}},"104":{"start":{"line":177,"column":4},"end":{"line":177,"column":69}},"105":{"start":{"line":179,"column":4},"end":{"line":179,"column":35}},"106":{"start":{"line":180,"column":4},"end":{"line":180,"column":54}},"107":{"start":{"line":183,"column":0},"end":{"line":191,"column":2}},"108":{"start":{"line":184,"column":2},"end":{"line":184,"column":17}},"109":{"start":{"line":186,"column":2},"end":{"line":188,"column":4}},"110":{"start":{"line":187,"column":4},"end":{"line":187,"column":33}},"111":{"start":{"line":190,"column":2},"end":{"line":190,"column":13}},"112":{"start":{"line":193,"column":0},"end":{"line":193,"column":54}},"113":{"start":{"line":194,"column":0},"end":{"line":194,"column":42}},"114":{"start":{"line":195,"column":0},"end":{"line":197,"column":2}},"115":{"start":{"line":196,"column":2},"end":{"line":196,"column":47}},"116":{"start":{"line":199,"column":0},"end":{"line":199,"column":31}}},"branchMap":{"1":{"line":30,"type":"if","locations":[{"start":{"line":30,"column":2},"end":{"line":30,"column":2}},{"start":{"line":30,"column":2},"end":{"line":30,"column":2}}]},"2":{"line":30,"type":"binary-expr","locations":[{"start":{"line":30,"column":6},"end":{"line":30,"column":23}},{"start":{"line":30,"column":27},"end":{"line":30,"column":46}}]},"3":{"line":45,"type":"if","locations":[{"start":{"line":45,"column":6},"end":{"line":45,"column":6}},{"start":{"line":45,"column":6},"end":{"line":45,"column":6}}]},"4":{"line":57,"type":"if","locations":[{"start":{"line":57,"column":2},"end":{"line":57,"column":2}},{"start":{"line":57,"column":2},"end":{"line":57,"column":2}}]},"5":{"line":57,"type":"binary-expr","locations":[{"start":{"line":57,"column":6},"end":{"line":57,"column":48}},{"start":{"line":57,"column":52},"end":{"line":57,"column":99}}]},"6":{"line":82,"type":"if","locations":[{"start":{"line":82,"column":4},"end":{"line":82,"column":4}},{"start":{"line":82,"column":4},"end":{"line":82,"column":4}}]},"7":{"line":82,"type":"binary-expr","locations":[{"start":{"line":82,"column":8},"end":{"line":82,"column":37}},{"start":{"line":82,"column":41},"end":{"line":82,"column":65}}]},"8":{"line":98,"type":"if","locations":[{"start":{"line":98,"column":2},"end":{"line":98,"column":2}},{"start":{"line":98,"column":2},"end":{"line":98,"column":2}}]},"9":{"line":109,"type":"if","locations":[{"start":{"line":109,"column":2},"end":{"line":109,"column":2}},{"start":{"line":109,"column":2},"end":{"line":109,"column":2}}]},"10":{"line":112,"type":"if","locations":[{"start":{"line":112,"column":4},"end":{"line":112,"column":4}},{"start":{"line":112,"column":4},"end":{"line":112,"column":4}}]},"11":{"line":123,"type":"if","locations":[{"start":{"line":123,"column":2},"end":{"line":123,"column":2}},{"start":{"line":123,"column":2},"end":{"line":123,"column":2}}]},"12":{"line":127,"type":"if","locations":[{"start":{"line":127,"column":4},"end":{"line":127,"column":4}},{"start":{"line":127,"column":4},"end":{"line":127,"column":4}}]},"13":{"line":127,"type":"binary-expr","locations":[{"start":{"line":127,"column":8},"end":{"line":127,"column":23}},{"start":{"line":127,"column":27},"end":{"line":127,"column":36}}]},"14":{"line":130,"type":"if","locations":[{"start":{"line":130,"column":6},"end":{"line":130,"column":6}},{"start":{"line":130,"column":6},"end":{"line":130,"column":6}}]},"15":{"line":158,"type":"if","locations":[{"start":{"line":158,"column":2},"end":{"line":158,"column":2}},{"start":{"line":158,"column":2},"end":{"line":158,"column":2}}]},"16":{"line":161,"type":"if","locations":[{"start":{"line":161,"column":4},"end":{"line":161,"column":4}},{"start":{"line":161,"column":4},"end":{"line":161,"column":4}}]},"17":{"line":161,"type":"binary-expr","locations":[{"start":{"line":161,"column":8},"end":{"line":161,"column":34}},{"start":{"line":161,"column":38},"end":{"line":161,"column":59}}]},"18":{"line":162,"type":"if","locations":[{"start":{"line":162,"column":6},"end":{"line":162,"column":6}},{"start":{"line":162,"column":6},"end":{"line":162,"column":6}}]},"19":{"line":168,"type":"if","locations":[{"start":{"line":168,"column":4},"end":{"line":168,"column":4}},{"start":{"line":168,"column":4},"end":{"line":168,"column":4}}]},"20":{"line":176,"type":"if","locations":[{"start":{"line":176,"column":2},"end":{"line":176,"column":2}},{"start":{"line":176,"column":2},"end":{"line":176,"column":2}}]}}},"/home/katja/Dokumente/alo/lib/reducer/reducer.js":{"path":"/home/katja/Dokumente/alo/lib/reducer/reducer.js","s":{"1":1,"2":1,"3":1,"4":1,"5":1,"6":1,"7":1,"8":1,"9":1,"10":11,"11":11,"12":11,"13":11,"14":11,"15":11,"16":11,"17":11,"18":11,"19":1,"20":1,"21":1,"22":5,"23":1,"24":1,"25":1,"26":0,"27":0,"28":1,"29":0,"30":0,"31":1,"32":0,"33":0,"34":0,"35":1,"36":1,"37":1,"38":1,"39":1,"40":1,"41":1,"42":1,"43":10,"44":10,"45":10,"46":5,"47":10,"48":0,"49":10,"50":10,"51":0,"52":10,"53":1,"54":0,"55":0,"56":1,"57":0,"58":0,"59":1,"60":10,"61":1,"62":0,"63":0,"64":0,"65":1},"b":{"1":[10,0],"2":[5,5],"3":[0,10]},"f":{"1":11,"2":5,"3":5,"4":1,"5":0,"6":0,"7":0,"8":10,"9":0,"10":0,"11":0,"12":10,"13":0},"fnMap":{"1":{"name":"Reducer","line":19,"loc":{"start":{"line":19,"column":14},"end":{"line":19,"column":34}}},"2":{"name":"(anonymous_2)","line":64,"loc":{"start":{"line":64,"column":22},"end":{"line":64,"column":34}}},"3":{"name":"(anonymous_3)","line":65,"loc":{"start":{"line":65,"column":30},"end":{"line":65,"column":57}}},"4":{"name":"(anonymous_4)","line":68,"loc":{"start":{"line":68,"column":27},"end":{"line":68,"column":47}}},"5":{"name":"(anonymous_5)","line":71,"loc":{"start":{"line":71,"column":40},"end":{"line":71,"column":85}}},"6":{"name":"(anonymous_6)","line":75,"loc":{"start":{"line":75,"column":37},"end":{"line":75,"column":74}}},"7":{"name":"(anonymous_7)","line":79,"loc":{"start":{"line":79,"column":47},"end":{"line":79,"column":102}}},"8":{"name":"reduce","line":132,"loc":{"start":{"line":132,"column":27},"end":{"line":132,"column":59}}},"9":{"name":"(anonymous_9)","line":138,"loc":{"start":{"line":138,"column":38},"end":{"line":138,"column":54}}},"10":{"name":"disable","line":155,"loc":{"start":{"line":155,"column":28},"end":{"line":155,"column":48}}},"11":{"name":"enable","line":166,"loc":{"start":{"line":166,"column":27},"end":{"line":166,"column":46}}},"12":{"name":"isEnabled","line":172,"loc":{"start":{"line":172,"column":30},"end":{"line":172,"column":52}}},"13":{"name":"stop","line":181,"loc":{"start":{"line":181,"column":25},"end":{"line":181,"column":42}}}},"statementMap":{"1":{"start":{"line":1,"column":0},"end":{"line":1,"column":32}},"2":{"start":{"line":2,"column":0},"end":{"line":2,"column":51}},"3":{"start":{"line":4,"column":0},"end":{"line":4,"column":19}},"4":{"start":{"line":5,"column":0},"end":{"line":5,"column":16}},"5":{"start":{"line":7,"column":0},"end":{"line":7,"column":38}},"6":{"start":{"line":9,"column":0},"end":{"line":9,"column":75}},"7":{"start":{"line":10,"column":0},"end":{"line":10,"column":87}},"8":{"start":{"line":11,"column":0},"end":{"line":11,"column":93}},"9":{"start":{"line":19,"column":0},"end":{"line":62,"column":1}},"10":{"start":{"line":27,"column":2},"end":{"line":27,"column":22}},"11":{"start":{"line":36,"column":2},"end":{"line":36,"column":17}},"12":{"start":{"line":45,"column":2},"end":{"line":45,"column":31}},"13":{"start":{"line":54,"column":2},"end":{"line":54,"column":29}},"14":{"start":{"line":56,"column":2},"end":{"line":56,"column":34}},"15":{"start":{"line":57,"column":2},"end":{"line":57,"column":37}},"16":{"start":{"line":58,"column":2},"end":{"line":58,"column":39}},"17":{"start":{"line":59,"column":2},"end":{"line":59,"column":45}},"18":{"start":{"line":61,"column":2},"end":{"line":61,"column":32}},"19":{"start":{"line":63,"column":0},"end":{"line":63,"column":35}},"20":{"start":{"line":64,"column":0},"end":{"line":64,"column":37}},"21":{"start":{"line":65,"column":0},"end":{"line":67,"column":2}},"22":{"start":{"line":66,"column":2},"end":{"line":66,"column":48}},"23":{"start":{"line":68,"column":0},"end":{"line":70,"column":2}},"24":{"start":{"line":69,"column":2},"end":{"line":69,"column":27}},"25":{"start":{"line":71,"column":0},"end":{"line":74,"column":2}},"26":{"start":{"line":72,"column":2},"end":{"line":72,"column":48}},"27":{"start":{"line":73,"column":2},"end":{"line":73,"column":38}},"28":{"start":{"line":75,"column":0},"end":{"line":78,"column":2}},"29":{"start":{"line":76,"column":2},"end":{"line":76,"column":48}},"30":{"start":{"line":77,"column":2},"end":{"line":77,"column":27}},"31":{"start":{"line":79,"column":0},"end":{"line":83,"column":2}},"32":{"start":{"line":80,"column":2},"end":{"line":80,"column":48}},"33":{"start":{"line":81,"column":2},"end":{"line":81,"column":38}},"34":{"start":{"line":82,"column":2},"end":{"line":82,"column":27}},"35":{"start":{"line":90,"column":0},"end":{"line":90,"column":30}},"36":{"start":{"line":102,"column":0},"end":{"line":102,"column":33}},"37":{"start":{"line":114,"column":0},"end":{"line":114,"column":36}},"38":{"start":{"line":116,"column":0},"end":{"line":116,"column":53}},"39":{"start":{"line":117,"column":0},"end":{"line":117,"column":56}},"40":{"start":{"line":118,"column":0},"end":{"line":118,"column":58}},"41":{"start":{"line":119,"column":0},"end":{"line":119,"column":64}},"42":{"start":{"line":132,"column":0},"end":{"line":148,"column":1}},"43":{"start":{"line":133,"column":2},"end":{"line":145,"column":3}},"44":{"start":{"line":134,"column":4},"end":{"line":134,"column":85}},"45":{"start":{"line":135,"column":4},"end":{"line":137,"column":5}},"46":{"start":{"line":136,"column":6},"end":{"line":136,"column":30}},"47":{"start":{"line":138,"column":4},"end":{"line":140,"column":6}},"48":{"start":{"line":139,"column":6},"end":{"line":139,"column":53}},"49":{"start":{"line":141,"column":4},"end":{"line":141,"column":82}},"50":{"start":{"line":142,"column":4},"end":{"line":144,"column":5}},"51":{"start":{"line":143,"column":6},"end":{"line":143,"column":30}},"52":{"start":{"line":147,"column":2},"end":{"line":147,"column":14}},"53":{"start":{"line":155,"column":0},"end":{"line":159,"column":1}},"54":{"start":{"line":156,"column":2},"end":{"line":156,"column":23}},"55":{"start":{"line":158,"column":2},"end":{"line":158,"column":13}},"56":{"start":{"line":166,"column":0},"end":{"line":170,"column":1}},"57":{"start":{"line":167,"column":2},"end":{"line":167,"column":22}},"58":{"start":{"line":169,"column":2},"end":{"line":169,"column":13}},"59":{"start":{"line":172,"column":0},"end":{"line":174,"column":1}},"60":{"start":{"line":173,"column":2},"end":{"line":173,"column":22}},"61":{"start":{"line":181,"column":0},"end":{"line":185,"column":1}},"62":{"start":{"line":182,"column":2},"end":{"line":182,"column":20}},"63":{"start":{"line":183,"column":2},"end":{"line":183,"column":16}},"64":{"start":{"line":184,"column":2},"end":{"line":184,"column":13}},"65":{"start":{"line":187,"column":0},"end":{"line":187,"column":24}}},"branchMap":{"1":{"line":133,"type":"if","locations":[{"start":{"line":133,"column":2},"end":{"line":133,"column":2}},{"start":{"line":133,"column":2},"end":{"line":133,"column":2}}]},"2":{"line":135,"type":"if","locations":[{"start":{"line":135,"column":4},"end":{"line":135,"column":4}},{"start":{"line":135,"column":4},"end":{"line":135,"column":4}}]},"3":{"line":142,"type":"if","locations":[{"start":{"line":142,"column":4},"end":{"line":142,"column":4}},{"start":{"line":142,"column":4},"end":{"line":142,"column":4}}]}}},"/home/katja/Dokumente/alo/lib/util/customizer.js":{"path":"/home/katja/Dokumente/alo/lib/util/customizer.js","s":{"1":1,"2":1,"3":1,"4":1,"5":1,"6":1,"7":2,"8":2,"9":2,"10":2,"11":8,"12":1,"13":17,"14":17,"15":34,"16":1,"17":2,"18":1,"19":1,"20":1,"21":10,"22":0,"23":10,"24":10,"25":1,"26":0,"27":0,"28":0,"29":0,"30":0,"31":0,"32":0,"33":0,"34":1,"35":1,"36":1,"37":44,"38":0,"39":44,"40":1,"41":44,"42":0,"43":44,"44":44,"45":14,"46":30,"47":30,"48":0,"49":30,"50":30,"51":20,"52":20,"53":10,"54":1},"b":{"1":[0,10],"2":[0,0],"3":[0,0],"4":[0,0],"5":[0,44],"6":[0,44],"7":[14,30],"8":[0,30],"9":[20,10]},"f":{"1":2,"2":8,"3":17,"4":34,"5":2,"6":10,"7":0,"8":0,"9":44,"10":44,"11":20},"fnMap":{"1":{"name":"(anonymous_1)","line":14,"loc":{"start":{"line":14,"column":17},"end":{"line":14,"column":34}}},"2":{"name":"(anonymous_2)","line":20,"loc":{"start":{"line":20,"column":23},"end":{"line":20,"column":49}}},"3":{"name":"(anonymous_3)","line":27,"loc":{"start":{"line":27,"column":39},"end":{"line":27,"column":57}}},"4":{"name":"(anonymous_4)","line":29,"loc":{"start":{"line":29,"column":29},"end":{"line":29,"column":45}}},"5":{"name":"(anonymous_5)","line":34,"loc":{"start":{"line":34,"column":47},"end":{"line":34,"column":64}}},"6":{"name":"(anonymous_6)","line":43,"loc":{"start":{"line":43,"column":53},"end":{"line":43,"column":83}}},"7":{"name":"(anonymous_7)","line":53,"loc":{"start":{"line":53,"column":47},"end":{"line":53,"column":71}}},"8":{"name":"(anonymous_8)","line":60,"loc":{"start":{"line":60,"column":35},"end":{"line":60,"column":57}}},"9":{"name":"(anonymous_9)","line":73,"loc":{"start":{"line":73,"column":43},"end":{"line":73,"column":67}}},"10":{"name":"(anonymous_10)","line":81,"loc":{"start":{"line":81,"column":46},"end":{"line":81,"column":70}}},"11":{"name":"(anonymous_11)","line":99,"loc":{"start":{"line":99,"column":40},"end":{"line":99,"column":52}}}},"statementMap":{"1":{"start":{"line":1,"column":0},"end":{"line":1,"column":31}},"2":{"start":{"line":2,"column":0},"end":{"line":2,"column":18}},"3":{"start":{"line":3,"column":0},"end":{"line":3,"column":52}},"4":{"start":{"line":5,"column":0},"end":{"line":10,"column":1}},"5":{"start":{"line":12,"column":0},"end":{"line":12,"column":45}},"6":{"start":{"line":14,"column":0},"end":{"line":25,"column":1}},"7":{"start":{"line":15,"column":2},"end":{"line":15,"column":17}},"8":{"start":{"line":17,"column":2},"end":{"line":17,"column":31}},"9":{"start":{"line":19,"column":2},"end":{"line":19,"column":21}},"10":{"start":{"line":20,"column":2},"end":{"line":24,"column":4}},"11":{"start":{"line":21,"column":4},"end":{"line":23,"column":5}},"12":{"start":{"line":27,"column":0},"end":{"line":32,"column":1}},"13":{"start":{"line":28,"column":2},"end":{"line":28,"column":26}},"14":{"start":{"line":29,"column":2},"end":{"line":31,"column":4}},"15":{"start":{"line":30,"column":4},"end":{"line":30,"column":37}},"16":{"start":{"line":34,"column":0},"end":{"line":36,"column":1}},"17":{"start":{"line":35,"column":2},"end":{"line":35,"column":75}},"18":{"start":{"line":41,"column":0},"end":{"line":41,"column":66}},"19":{"start":{"line":42,"column":0},"end":{"line":42,"column":52}},"20":{"start":{"line":43,"column":0},"end":{"line":51,"column":2}},"21":{"start":{"line":44,"column":2},"end":{"line":48,"column":3}},"22":{"start":{"line":45,"column":4},"end":{"line":45,"column":51}},"23":{"start":{"line":47,"column":4},"end":{"line":47,"column":34}},"24":{"start":{"line":50,"column":2},"end":{"line":50,"column":13}},"25":{"start":{"line":53,"column":0},"end":{"line":69,"column":1}},"26":{"start":{"line":54,"column":2},"end":{"line":54,"column":17}},"27":{"start":{"line":56,"column":2},"end":{"line":66,"column":3}},"28":{"start":{"line":57,"column":4},"end":{"line":57,"column":70}},"29":{"start":{"line":59,"column":4},"end":{"line":65,"column":5}},"30":{"start":{"line":60,"column":6},"end":{"line":62,"column":8}},"31":{"start":{"line":61,"column":8},"end":{"line":61,"column":34}},"32":{"start":{"line":64,"column":6},"end":{"line":64,"column":37}},"33":{"start":{"line":68,"column":2},"end":{"line":68,"column":13}},"34":{"start":{"line":71,"column":0},"end":{"line":71,"column":66}},"35":{"start":{"line":72,"column":0},"end":{"line":72,"column":52}},"36":{"start":{"line":73,"column":0},"end":{"line":79,"column":2}},"37":{"start":{"line":74,"column":2},"end":{"line":78,"column":3}},"38":{"start":{"line":75,"column":4},"end":{"line":75,"column":51}},"39":{"start":{"line":77,"column":4},"end":{"line":77,"column":34}},"40":{"start":{"line":81,"column":0},"end":{"line":107,"column":1}},"41":{"start":{"line":82,"column":2},"end":{"line":106,"column":3}},"42":{"start":{"line":83,"column":4},"end":{"line":83,"column":59}},"43":{"start":{"line":85,"column":4},"end":{"line":85,"column":39}},"44":{"start":{"line":86,"column":4},"end":{"line":105,"column":5}},"45":{"start":{"line":87,"column":6},"end":{"line":87,"column":22}},"46":{"start":{"line":89,"column":6},"end":{"line":89,"column":36}},"47":{"start":{"line":94,"column":6},"end":{"line":96,"column":7}},"48":{"start":{"line":95,"column":8},"end":{"line":95,"column":61}},"49":{"start":{"line":97,"column":6},"end":{"line":97,"column":26}},"50":{"start":{"line":98,"column":6},"end":{"line":104,"column":7}},"51":{"start":{"line":99,"column":8},"end":{"line":101,"column":10}},"52":{"start":{"line":100,"column":10},"end":{"line":100,"column":39}},"53":{"start":{"line":103,"column":8},"end":{"line":103,"column":37}},"54":{"start":{"line":109,"column":0},"end":{"line":109,"column":27}}},"branchMap":{"1":{"line":44,"type":"if","locations":[{"start":{"line":44,"column":2},"end":{"line":44,"column":2}},{"start":{"line":44,"column":2},"end":{"line":44,"column":2}}]},"2":{"line":56,"type":"if","locations":[{"start":{"line":56,"column":2},"end":{"line":56,"column":2}},{"start":{"line":56,"column":2},"end":{"line":56,"column":2}}]},"3":{"line":56,"type":"binary-expr","locations":[{"start":{"line":56,"column":6},"end":{"line":56,"column":24}},{"start":{"line":56,"column":28},"end":{"line":56,"column":64}}]},"4":{"line":59,"type":"if","locations":[{"start":{"line":59,"column":4},"end":{"line":59,"column":4}},{"start":{"line":59,"column":4},"end":{"line":59,"column":4}}]},"5":{"line":74,"type":"if","locations":[{"start":{"line":74,"column":2},"end":{"line":74,"column":2}},{"start":{"line":74,"column":2},"end":{"line":74,"column":2}}]},"6":{"line":82,"type":"if","locations":[{"start":{"line":82,"column":2},"end":{"line":82,"column":2}},{"start":{"line":82,"column":2},"end":{"line":82,"column":2}}]},"7":{"line":86,"type":"if","locations":[{"start":{"line":86,"column":4},"end":{"line":86,"column":4}},{"start":{"line":86,"column":4},"end":{"line":86,"column":4}}]},"8":{"line":94,"type":"if","locations":[{"start":{"line":94,"column":6},"end":{"line":94,"column":6}},{"start":{"line":94,"column":6},"end":{"line":94,"column":6}}]},"9":{"line":98,"type":"if","locations":[{"start":{"line":98,"column":6},"end":{"line":98,"column":6}},{"start":{"line":98,"column":6},"end":{"line":98,"column":6}}]}}},"/home/katja/Dokumente/alo/lib/middleware/middleware.js":{"path":"/home/katja/Dokumente/alo/lib/middleware/middleware.js","s":{"1":1,"2":1,"3":1,"4":1,"5":1,"6":1,"7":1,"8":1,"9":1,"10":3,"11":3,"12":3,"13":3,"14":3,"15":1,"16":1,"17":1,"18":1,"19":1,"20":28,"21":28,"22":28,"23":28,"24":0,"25":28,"26":16,"27":12,"28":12,"29":12,"30":0,"31":12,"32":12,"33":0,"34":12,"35":12,"36":12,"37":12,"38":1,"39":12,"40":12,"41":12,"42":12,"43":12,"44":36,"45":8,"46":28,"47":4,"48":36,"49":36,"50":12,"51":12,"52":12,"53":12,"54":12,"55":12,"56":12,"57":12,"58":12,"59":12,"60":12,"61":12,"62":12,"63":12,"64":1},"b":{"1":[0,28],"2":[16,12],"3":[12,0],"4":[0,12],"5":[8,28],"6":[4,24]},"f":{"1":3,"2":28,"3":12,"4":12,"5":12,"6":36,"7":12,"8":12,"9":12,"10":12},"fnMap":{"1":{"name":"Middleware","line":13,"loc":{"start":{"line":13,"column":17},"end":{"line":13,"column":40}}},"2":{"name":"meddleRecursive","line":29,"loc":{"start":{"line":29,"column":39},"end":{"line":29,"column":84}}},"3":{"name":"(anonymous_3)","line":41,"loc":{"start":{"line":41,"column":36},"end":{"line":41,"column":48}}},"4":{"name":"(anonymous_4)","line":47,"loc":{"start":{"line":47,"column":12},"end":{"line":47,"column":34}}},"5":{"name":"meddle","line":61,"loc":{"start":{"line":61,"column":30},"end":{"line":61,"column":53}}},"6":{"name":"(anonymous_6)","line":67,"loc":{"start":{"line":67,"column":20},"end":{"line":67,"column":42}}},"7":{"name":"(anonymous_7)","line":78,"loc":{"start":{"line":78,"column":34},"end":{"line":78,"column":46}}},"8":{"name":"(anonymous_8)","line":83,"loc":{"start":{"line":83,"column":10},"end":{"line":83,"column":32}}},"9":{"name":"(anonymous_9)","line":87,"loc":{"start":{"line":87,"column":10},"end":{"line":87,"column":32}}},"10":{"name":"(anonymous_10)","line":92,"loc":{"start":{"line":92,"column":10},"end":{"line":92,"column":32}}}},"statementMap":{"1":{"start":{"line":1,"column":0},"end":{"line":1,"column":32}},"2":{"start":{"line":2,"column":0},"end":{"line":2,"column":51}},"3":{"start":{"line":4,"column":0},"end":{"line":4,"column":19}},"4":{"start":{"line":5,"column":0},"end":{"line":5,"column":16}},"5":{"start":{"line":7,"column":0},"end":{"line":7,"column":37}},"6":{"start":{"line":8,"column":0},"end":{"line":8,"column":99}},"7":{"start":{"line":9,"column":0},"end":{"line":9,"column":105}},"8":{"start":{"line":10,"column":0},"end":{"line":10,"column":78}},"9":{"start":{"line":13,"column":0},"end":{"line":19,"column":1}},"10":{"start":{"line":14,"column":2},"end":{"line":14,"column":34}},"11":{"start":{"line":15,"column":2},"end":{"line":15,"column":42}},"12":{"start":{"line":16,"column":2},"end":{"line":16,"column":48}},"13":{"start":{"line":17,"column":2},"end":{"line":17,"column":37}},"14":{"start":{"line":18,"column":2},"end":{"line":18,"column":34}},"15":{"start":{"line":21,"column":0},"end":{"line":21,"column":56}},"16":{"start":{"line":22,"column":0},"end":{"line":22,"column":64}},"17":{"start":{"line":23,"column":0},"end":{"line":23,"column":70}},"18":{"start":{"line":24,"column":0},"end":{"line":24,"column":59}},"19":{"start":{"line":29,"column":0},"end":{"line":59,"column":1}},"20":{"start":{"line":30,"column":2},"end":{"line":30,"column":17}},"21":{"start":{"line":31,"column":2},"end":{"line":31,"column":23}},"22":{"start":{"line":33,"column":2},"end":{"line":33,"column":21}},"23":{"start":{"line":35,"column":2},"end":{"line":58,"column":3}},"24":{"start":{"line":36,"column":4},"end":{"line":36,"column":56}},"25":{"start":{"line":37,"column":9},"end":{"line":58,"column":3}},"26":{"start":{"line":39,"column":4},"end":{"line":39,"column":24}},"27":{"start":{"line":41,"column":4},"end":{"line":57,"column":6}},"28":{"start":{"line":42,"column":6},"end":{"line":46,"column":7}},"29":{"start":{"line":43,"column":8},"end":{"line":43,"column":42}},"30":{"start":{"line":45,"column":8},"end":{"line":45,"column":28}},"31":{"start":{"line":48,"column":6},"end":{"line":48,"column":39}},"32":{"start":{"line":49,"column":6},"end":{"line":53,"column":7}},"33":{"start":{"line":50,"column":8},"end":{"line":50,"column":25}},"34":{"start":{"line":52,"column":8},"end":{"line":52,"column":33}},"35":{"start":{"line":54,"column":6},"end":{"line":54,"column":23}},"36":{"start":{"line":55,"column":6},"end":{"line":55,"column":40}},"37":{"start":{"line":56,"column":6},"end":{"line":56,"column":58}},"38":{"start":{"line":61,"column":0},"end":{"line":96,"column":1}},"39":{"start":{"line":62,"column":2},"end":{"line":62,"column":17}},"40":{"start":{"line":63,"column":2},"end":{"line":63,"column":23}},"41":{"start":{"line":64,"column":2},"end":{"line":64,"column":21}},"42":{"start":{"line":65,"column":2},"end":{"line":65,"column":22}},"43":{"start":{"line":67,"column":2},"end":{"line":76,"column":3}},"44":{"start":{"line":68,"column":4},"end":{"line":72,"column":5}},"45":{"start":{"line":69,"column":6},"end":{"line":69,"column":23}},"46":{"start":{"line":70,"column":11},"end":{"line":72,"column":5}},"47":{"start":{"line":71,"column":6},"end":{"line":71,"column":31}},"48":{"start":{"line":73,"column":4},"end":{"line":73,"column":34}},"49":{"start":{"line":75,"column":4},"end":{"line":75,"column":21}},"50":{"start":{"line":78,"column":2},"end":{"line":95,"column":4}},"51":{"start":{"line":79,"column":4},"end":{"line":79,"column":35}},"52":{"start":{"line":80,"column":4},"end":{"line":80,"column":26}},"53":{"start":{"line":81,"column":4},"end":{"line":81,"column":30}},"54":{"start":{"line":82,"column":4},"end":{"line":82,"column":51}},"55":{"start":{"line":84,"column":4},"end":{"line":84,"column":40}},"56":{"start":{"line":85,"column":4},"end":{"line":85,"column":29}},"57":{"start":{"line":86,"column":4},"end":{"line":86,"column":70}},"58":{"start":{"line":88,"column":4},"end":{"line":88,"column":40}},"59":{"start":{"line":89,"column":4},"end":{"line":89,"column":29}},"60":{"start":{"line":90,"column":4},"end":{"line":90,"column":34}},"61":{"start":{"line":91,"column":4},"end":{"line":91,"column":54}},"62":{"start":{"line":93,"column":4},"end":{"line":93,"column":40}},"63":{"start":{"line":94,"column":4},"end":{"line":94,"column":21}},"64":{"start":{"line":97,"column":0},"end":{"line":97,"column":27}}},"branchMap":{"1":{"line":35,"type":"if","locations":[{"start":{"line":35,"column":2},"end":{"line":35,"column":2}},{"start":{"line":35,"column":2},"end":{"line":35,"column":2}}]},"2":{"line":37,"type":"if","locations":[{"start":{"line":37,"column":9},"end":{"line":37,"column":9}},{"start":{"line":37,"column":9},"end":{"line":37,"column":9}}]},"3":{"line":42,"type":"if","locations":[{"start":{"line":42,"column":6},"end":{"line":42,"column":6}},{"start":{"line":42,"column":6},"end":{"line":42,"column":6}}]},"4":{"line":49,"type":"if","locations":[{"start":{"line":49,"column":6},"end":{"line":49,"column":6}},{"start":{"line":49,"column":6},"end":{"line":49,"column":6}}]},"5":{"line":68,"type":"if","locations":[{"start":{"line":68,"column":4},"end":{"line":68,"column":4}},{"start":{"line":68,"column":4},"end":{"line":68,"column":4}}]},"6":{"line":70,"type":"if","locations":[{"start":{"line":70,"column":11},"end":{"line":70,"column":11}},{"start":{"line":70,"column":11},"end":{"line":70,"column":11}}]}}},"/home/katja/Dokumente/alo/lib/dependency/dependency.js":{"path":"/home/katja/Dokumente/alo/lib/dependency/dependency.js","s":{"1":1,"2":1,"3":1,"4":1,"5":1,"6":1,"7":1,"8":1,"9":1,"10":4,"11":4,"12":4,"13":4,"14":4,"15":4,"16":4,"17":4,"18":4,"19":1,"20":1,"21":1,"22":1,"23":1,"24":1,"25":1,"26":1,"27":22,"28":11,"29":11,"30":0,"31":1,"32":1,"33":1,"34":1,"35":5,"36":5,"37":0,"38":5,"39":8,"40":2,"41":6,"42":5,"43":1,"44":8,"45":3,"46":0,"47":8,"48":1,"49":1,"50":7,"51":7,"52":0,"53":8,"54":1,"55":6,"56":1,"57":0,"58":0,"59":0,"60":0,"61":0,"62":0,"63":0,"64":1,"65":11,"66":11,"67":11,"68":28,"69":28,"70":0,"71":28,"72":28,"73":57,"74":29,"75":29,"76":29,"77":29,"78":29,"79":28,"80":28,"81":11,"82":29,"83":29,"84":29,"85":29,"86":23,"87":23,"88":6,"89":9,"90":6,"91":6,"92":6,"93":6,"94":17,"95":23,"96":23,"97":6,"98":6,"99":7,"100":4,"101":4,"102":23,"103":21,"104":21,"105":0,"106":2,"107":23,"108":0,"109":23,"110":23,"111":23,"112":6,"113":11,"114":11,"115":11,"116":11,"117":11,"118":11,"119":14,"120":3,"121":3,"122":3,"123":3,"124":3,"125":3,"126":0,"127":0,"128":11,"129":11,"130":11,"131":11,"132":11,"133":1},"b":{"1":[11,11,0],"2":[0,5],"3":[2,6],"4":[0,3],"5":[3,3],"6":[1,7,0],"7":[0,0],"8":[0,0],"9":[0,0],"10":[0,0],"11":[0,0],"12":[0,0],"13":[11,4],"14":[0,28],"15":[29,28],"16":[23,6],"17":[6,17],"18":[6,17],"19":[4,3],"20":[21,2],"21":[21,0],"22":[0,23],"23":[3,11],"24":[3,0]},"f":{"1":4,"2":22,"3":0,"4":5,"5":8,"6":8,"7":3,"8":6,"9":0,"10":11,"11":28,"12":57,"13":29,"14":29,"15":29,"16":23,"17":9,"18":6,"19":23,"20":7,"21":23,"22":11,"23":11,"24":14,"25":3,"26":3,"27":11,"28":11},"fnMap":{"1":{"name":"Dependency","line":11,"loc":{"start":{"line":11,"column":17},"end":{"line":11,"column":40}}},"2":{"name":"(anonymous_2)","line":34,"loc":{"start":{"line":34,"column":32},"end":{"line":34,"column":48}}},"3":{"name":"(anonymous_3)","line":47,"loc":{"start":{"line":47,"column":18},"end":{"line":47,"column":30}}},"4":{"name":"(anonymous_4)","line":48,"loc":{"start":{"line":48,"column":40},"end":{"line":48,"column":70}}},"5":{"name":"(anonymous_5)","line":53,"loc":{"start":{"line":53,"column":28},"end":{"line":53,"column":56}}},"6":{"name":"(anonymous_6)","line":64,"loc":{"start":{"line":64,"column":57},"end":{"line":64,"column":99}}},"7":{"name":"(anonymous_7)","line":65,"loc":{"start":{"line":65,"column":26},"end":{"line":65,"column":48}}},"8":{"name":"(anonymous_8)","line":83,"loc":{"start":{"line":83,"column":50},"end":{"line":83,"column":78}}},"9":{"name":"remove","line":87,"loc":{"start":{"line":87,"column":30},"end":{"line":87,"column":59}}},"10":{"name":"reduce","line":102,"loc":{"start":{"line":102,"column":30},"end":{"line":102,"column":57}}},"11":{"name":"(anonymous_11)","line":106,"loc":{"start":{"line":106,"column":25},"end":{"line":106,"column":57}}},"12":{"name":"(anonymous_12)","line":112,"loc":{"start":{"line":112,"column":17},"end":{"line":112,"column":29}}},"13":{"name":"(anonymous_13)","line":114,"loc":{"start":{"line":114,"column":40},"end":{"line":114,"column":52}}},"14":{"name":"(anonymous_14)","line":116,"loc":{"start":{"line":116,"column":16},"end":{"line":116,"column":37}}},"15":{"name":"(anonymous_15)","line":128,"loc":{"start":{"line":128,"column":23},"end":{"line":128,"column":67}}},"16":{"name":"(anonymous_16)","line":133,"loc":{"start":{"line":133,"column":38},"end":{"line":133,"column":50}}},"17":{"name":"(anonymous_17)","line":135,"loc":{"start":{"line":135,"column":44},"end":{"line":135,"column":60}}},"18":{"name":"(anonymous_18)","line":139,"loc":{"start":{"line":139,"column":34},"end":{"line":139,"column":50}}},"19":{"name":"(anonymous_19)","line":146,"loc":{"start":{"line":146,"column":14},"end":{"line":146,"column":32}}},"20":{"name":"(anonymous_20)","line":150,"loc":{"start":{"line":150,"column":26},"end":{"line":150,"column":42}}},"21":{"name":"(anonymous_21)","line":166,"loc":{"start":{"line":166,"column":14},"end":{"line":166,"column":32}}},"22":{"name":"(anonymous_22)","line":184,"loc":{"start":{"line":184,"column":34},"end":{"line":184,"column":46}}},"23":{"name":"(anonymous_23)","line":186,"loc":{"start":{"line":186,"column":10},"end":{"line":186,"column":28}}},"24":{"name":"(anonymous_24)","line":189,"loc":{"start":{"line":189,"column":17},"end":{"line":189,"column":29}}},"25":{"name":"(anonymous_25)","line":192,"loc":{"start":{"line":192,"column":42},"end":{"line":192,"column":54}}},"26":{"name":"(anonymous_26)","line":194,"loc":{"start":{"line":194,"column":18},"end":{"line":194,"column":46}}},"27":{"name":"(anonymous_27)","line":208,"loc":{"start":{"line":208,"column":10},"end":{"line":208,"column":22}}},"28":{"name":"(anonymous_28)","line":210,"loc":{"start":{"line":210,"column":10},"end":{"line":210,"column":22}}}},"statementMap":{"1":{"start":{"line":1,"column":0},"end":{"line":1,"column":32}},"2":{"start":{"line":2,"column":0},"end":{"line":2,"column":19}},"3":{"start":{"line":3,"column":0},"end":{"line":3,"column":16}},"4":{"start":{"line":5,"column":0},"end":{"line":5,"column":99}},"5":{"start":{"line":6,"column":0},"end":{"line":6,"column":105}},"6":{"start":{"line":7,"column":0},"end":{"line":7,"column":78}},"7":{"start":{"line":8,"column":0},"end":{"line":8,"column":99}},"8":{"start":{"line":9,"column":0},"end":{"line":9,"column":81}},"9":{"start":{"line":11,"column":0},"end":{"line":24,"column":1}},"10":{"start":{"line":12,"column":2},"end":{"line":12,"column":31}},"11":{"start":{"line":13,"column":2},"end":{"line":13,"column":30}},"12":{"start":{"line":15,"column":2},"end":{"line":15,"column":18}},"13":{"start":{"line":17,"column":2},"end":{"line":17,"column":42}},"14":{"start":{"line":18,"column":2},"end":{"line":18,"column":48}},"15":{"start":{"line":19,"column":2},"end":{"line":19,"column":37}},"16":{"start":{"line":20,"column":2},"end":{"line":20,"column":44}},"17":{"start":{"line":21,"column":2},"end":{"line":21,"column":38}},"18":{"start":{"line":23,"column":2},"end":{"line":23,"column":33}},"19":{"start":{"line":26,"column":0},"end":{"line":26,"column":64}},"20":{"start":{"line":27,"column":0},"end":{"line":27,"column":70}},"21":{"start":{"line":28,"column":0},"end":{"line":28,"column":59}},"22":{"start":{"line":29,"column":0},"end":{"line":29,"column":66}},"23":{"start":{"line":30,"column":0},"end":{"line":30,"column":60}},"24":{"start":{"line":32,"column":0},"end":{"line":32,"column":48}},"25":{"start":{"line":33,"column":0},"end":{"line":33,"column":34}},"26":{"start":{"line":34,"column":0},"end":{"line":43,"column":2}},"27":{"start":{"line":35,"column":2},"end":{"line":42,"column":3}},"28":{"start":{"line":37,"column":6},"end":{"line":37,"column":37}},"29":{"start":{"line":39,"column":6},"end":{"line":39,"column":36}},"30":{"start":{"line":41,"column":6},"end":{"line":41,"column":68}},"31":{"start":{"line":45,"column":0},"end":{"line":45,"column":48}},"32":{"start":{"line":46,"column":0},"end":{"line":46,"column":34}},"33":{"start":{"line":47,"column":0},"end":{"line":47,"column":33}},"34":{"start":{"line":48,"column":0},"end":{"line":63,"column":2}},"35":{"start":{"line":49,"column":2},"end":{"line":49,"column":17}},"36":{"start":{"line":50,"column":2},"end":{"line":60,"column":3}},"37":{"start":{"line":51,"column":4},"end":{"line":51,"column":62}},"38":{"start":{"line":53,"column":4},"end":{"line":59,"column":6}},"39":{"start":{"line":54,"column":6},"end":{"line":58,"column":7}},"40":{"start":{"line":55,"column":8},"end":{"line":55,"column":58}},"41":{"start":{"line":57,"column":8},"end":{"line":57,"column":40}},"42":{"start":{"line":62,"column":2},"end":{"line":62,"column":13}},"43":{"start":{"line":64,"column":0},"end":{"line":82,"column":2}},"44":{"start":{"line":65,"column":2},"end":{"line":69,"column":4}},"45":{"start":{"line":66,"column":4},"end":{"line":68,"column":5}},"46":{"start":{"line":67,"column":6},"end":{"line":67,"column":68}},"47":{"start":{"line":70,"column":2},"end":{"line":79,"column":3}},"48":{"start":{"line":72,"column":6},"end":{"line":72,"column":59}},"49":{"start":{"line":73,"column":6},"end":{"line":73,"column":11}},"50":{"start":{"line":75,"column":6},"end":{"line":75,"column":58}},"51":{"start":{"line":76,"column":6},"end":{"line":76,"column":11}},"52":{"start":{"line":78,"column":6},"end":{"line":78,"column":55}},"53":{"start":{"line":81,"column":2},"end":{"line":81,"column":13}},"54":{"start":{"line":83,"column":0},"end":{"line":85,"column":2}},"55":{"start":{"line":84,"column":2},"end":{"line":84,"column":45}},"56":{"start":{"line":87,"column":0},"end":{"line":100,"column":1}},"57":{"start":{"line":88,"column":2},"end":{"line":97,"column":3}},"58":{"start":{"line":89,"column":4},"end":{"line":89,"column":66}},"59":{"start":{"line":91,"column":4},"end":{"line":93,"column":5}},"60":{"start":{"line":92,"column":6},"end":{"line":92,"column":38}},"61":{"start":{"line":94,"column":4},"end":{"line":96,"column":5}},"62":{"start":{"line":95,"column":6},"end":{"line":95,"column":37}},"63":{"start":{"line":99,"column":2},"end":{"line":99,"column":13}},"64":{"start":{"line":102,"column":0},"end":{"line":214,"column":1}},"65":{"start":{"line":103,"column":2},"end":{"line":103,"column":17}},"66":{"start":{"line":104,"column":2},"end":{"line":104,"column":41}},"67":{"start":{"line":106,"column":2},"end":{"line":126,"column":3}},"68":{"start":{"line":107,"column":4},"end":{"line":107,"column":39}},"69":{"start":{"line":108,"column":4},"end":{"line":110,"column":5}},"70":{"start":{"line":109,"column":6},"end":{"line":109,"column":17}},"71":{"start":{"line":111,"column":4},"end":{"line":111,"column":15}},"72":{"start":{"line":112,"column":4},"end":{"line":124,"column":5}},"73":{"start":{"line":113,"column":6},"end":{"line":123,"column":7}},"74":{"start":{"line":114,"column":8},"end":{"line":120,"column":10}},"75":{"start":{"line":115,"column":10},"end":{"line":115,"column":65}},"76":{"start":{"line":117,"column":10},"end":{"line":117,"column":28}},"77":{"start":{"line":118,"column":10},"end":{"line":118,"column":15}},"78":{"start":{"line":119,"column":10},"end":{"line":119,"column":25}},"79":{"start":{"line":122,"column":8},"end":{"line":122,"column":21}},"80":{"start":{"line":125,"column":4},"end":{"line":125,"column":19}},"81":{"start":{"line":128,"column":2},"end":{"line":177,"column":3}},"82":{"start":{"line":129,"column":4},"end":{"line":129,"column":28}},"83":{"start":{"line":130,"column":4},"end":{"line":130,"column":31}},"84":{"start":{"line":131,"column":4},"end":{"line":131,"column":31}},"85":{"start":{"line":132,"column":4},"end":{"line":176,"column":5}},"86":{"start":{"line":133,"column":6},"end":{"line":173,"column":8}},"87":{"start":{"line":134,"column":8},"end":{"line":145,"column":9}},"88":{"start":{"line":135,"column":10},"end":{"line":137,"column":12}},"89":{"start":{"line":136,"column":12},"end":{"line":136,"column":54}},"90":{"start":{"line":138,"column":10},"end":{"line":138,"column":31}},"91":{"start":{"line":139,"column":10},"end":{"line":141,"column":12}},"92":{"start":{"line":140,"column":12},"end":{"line":140,"column":51}},"93":{"start":{"line":142,"column":10},"end":{"line":142,"column":55}},"94":{"start":{"line":144,"column":10},"end":{"line":144,"column":23}},"95":{"start":{"line":147,"column":8},"end":{"line":147,"column":30}},"96":{"start":{"line":148,"column":8},"end":{"line":156,"column":9}},"97":{"start":{"line":149,"column":10},"end":{"line":149,"column":29}},"98":{"start":{"line":150,"column":10},"end":{"line":155,"column":12}},"99":{"start":{"line":151,"column":12},"end":{"line":154,"column":13}},"100":{"start":{"line":152,"column":14},"end":{"line":152,"column":32}},"101":{"start":{"line":153,"column":14},"end":{"line":153,"column":26}},"102":{"start":{"line":157,"column":8},"end":{"line":165,"column":9}},"103":{"start":{"line":158,"column":10},"end":{"line":162,"column":11}},"104":{"start":{"line":159,"column":12},"end":{"line":159,"column":63}},"105":{"start":{"line":161,"column":12},"end":{"line":161,"column":23
[...]
"line":41,"column":2},"end":{"line":41,"column":37}},"21":{"start":{"line":45,"column":0},"end":{"line":45,"column":40}},"22":{"start":{"line":46,"column":0},"end":{"line":46,"column":42}},"23":{"start":{"line":47,"column":0},"end":{"line":50,"column":2}},"24":{"start":{"line":48,"column":2},"end":{"line":48,"column":34}},"25":{"start":{"line":49,"column":2},"end":{"line":49,"column":25}},"26":{"start":{"line":51,"column":0},"end":{"line":53,"column":2}},"27":{"start":{"line":52,"column":2},"end":{"line":52,"column":34}},"28":{"start":{"line":54,"column":0},"end":{"line":56,"column":2}},"29":{"start":{"line":55,"column":2},"end":{"line":55,"column":25}},"30":{"start":{"line":57,"column":0},"end":{"line":59,"column":2}},"31":{"start":{"line":58,"column":2},"end":{"line":58,"column":25}},"32":{"start":{"line":61,"column":0},"end":{"line":61,"column":39}},"33":{"start":{"line":62,"column":0},"end":{"line":62,"column":39}},"34":{"start":{"line":64,"column":0},"end":{"line":132,"column":1}},"35":{"start":{"line":65,"column":2},"end":{"line":65,"column":17}},"36":{"start":{"line":67,"column":2},"end":{"line":70,"column":3}},"37":{"start":{"line":68,"column":4},"end":{"line":68,"column":26}},"38":{"start":{"line":69,"column":4},"end":{"line":69,"column":23}},"39":{"start":{"line":71,"column":2},"end":{"line":74,"column":3}},"40":{"start":{"line":72,"column":4},"end":{"line":72,"column":38}},"41":{"start":{"line":73,"column":4},"end":{"line":73,"column":35}},"42":{"start":{"line":76,"column":2},"end":{"line":76,"column":18}},"43":{"start":{"line":77,"column":2},"end":{"line":77,"column":40}},"44":{"start":{"line":78,"column":2},"end":{"line":80,"column":4}},"45":{"start":{"line":79,"column":4},"end":{"line":79,"column":35}},"46":{"start":{"line":81,"column":2},"end":{"line":121,"column":13}},"47":{"start":{"line":82,"column":4},"end":{"line":82,"column":24}},"48":{"start":{"line":83,"column":4},"end":{"line":87,"column":6}},"49":{"start":{"line":84,"column":6},"end":{"line":86,"column":7}},"50":{"start":{"line":85,"column":8},"end":{"line":85,"column":51}},"51":{"start":{"line":88,"column":4},"end":{"line":120,"column":6}},"52":{"start":{"line":89,"column":6},"end":{"line":89,"column":50}},"53":{"start":{"line":90,"column":6},"end":{"line":117,"column":7}},"54":{"start":{"line":91,"column":8},"end":{"line":94,"column":9}},"55":{"start":{"line":95,"column":8},"end":{"line":95,"column":19}},"56":{"start":{"line":96,"column":8},"end":{"line":113,"column":9}},"57":{"start":{"line":97,"column":10},"end":{"line":112,"column":11}},"58":{"start":{"line":98,"column":12},"end":{"line":109,"column":13}},"59":{"start":{"line":99,"column":14},"end":{"line":105,"column":16}},"60":{"start":{"line":100,"column":16},"end":{"line":100,"column":72}},"61":{"start":{"line":102,"column":16},"end":{"line":102,"column":45}},"62":{"start":{"line":103,"column":16},"end":{"line":103,"column":21}},"63":{"start":{"line":104,"column":16},"end":{"line":104,"column":31}},"64":{"start":{"line":107,"column":14},"end":{"line":107,"column":19}},"65":{"start":{"line":108,"column":14},"end":{"line":108,"column":29}},"66":{"start":{"line":111,"column":12},"end":{"line":111,"column":37}},"67":{"start":{"line":114,"column":8},"end":{"line":114,"column":23}},"68":{"start":{"line":116,"column":8},"end":{"line":116,"column":17}},"69":{"start":{"line":119,"column":6},"end":{"line":119,"column":54}},"70":{"start":{"line":122,"column":2},"end":{"line":131,"column":18}},"71":{"start":{"line":123,"column":4},"end":{"line":123,"column":55}},"72":{"start":{"line":124,"column":4},"end":{"line":130,"column":5}},"73":{"start":{"line":128,"column":6},"end":{"line":128,"column":27}},"74":{"start":{"line":129,"column":6},"end":{"line":129,"column":25}},"75":{"start":{"line":134,"column":0},"end":{"line":134,"column":39}},"76":{"start":{"line":135,"column":0},"end":{"line":135,"column":42}},"77":{"start":{"line":137,"column":0},"end":{"line":137,"column":61}},"78":{"start":{"line":138,"column":0},"end":{"line":138,"column":62}},"79":{"start":{"line":139,"column":0},"end":{"line":139,"column":66}},"80":{"start":{"line":141,"column":0},"end":{"line":146,"column":1}},"81":{"start":{"line":142,"column":2},"end":{"line":142,"column":54}},"82":{"start":{"line":143,"column":2},"end":{"line":143,"column":24}},"83":{"start":{"line":145,"column":2},"end":{"line":145,"column":15}},"84":{"start":{"line":148,"column":0},"end":{"line":156,"column":1}},"85":{"start":{"line":149,"column":2},"end":{"line":151,"column":4}},"86":{"start":{"line":150,"column":4},"end":{"line":150,"column":46}},"87":{"start":{"line":152,"column":2},"end":{"line":155,"column":4}},"88":{"start":{"line":153,"column":4},"end":{"line":153,"column":48}},"89":{"start":{"line":154,"column":4},"end":{"line":154,"column":17}},"90":{"start":{"line":158,"column":0},"end":{"line":185,"column":1}},"91":{"start":{"line":159,"column":2},"end":{"line":159,"column":17}},"92":{"start":{"line":160,"column":2},"end":{"line":184,"column":3}},"93":{"start":{"line":161,"column":4},"end":{"line":161,"column":22}},"94":{"start":{"line":162,"column":4},"end":{"line":182,"column":6}},"95":{"start":{"line":163,"column":6},"end":{"line":163,"column":52}},"96":{"start":{"line":165,"column":6},"end":{"line":174,"column":7}},"97":{"start":{"line":166,"column":8},"end":{"line":166,"column":34}},"98":{"start":{"line":167,"column":8},"end":{"line":167,"column":25}},"99":{"start":{"line":168,"column":8},"end":{"line":170,"column":10}},"100":{"start":{"line":169,"column":10},"end":{"line":169,"column":67}},"101":{"start":{"line":171,"column":8},"end":{"line":171,"column":38}},"102":{"start":{"line":173,"column":8},"end":{"line":173,"column":20}},"103":{"start":{"line":176,"column":6},"end":{"line":178,"column":7}},"104":{"start":{"line":177,"column":8},"end":{"line":177,"column":53}},"105":{"start":{"line":180,"column":6},"end":{"line":180,"column":25}},"106":{"start":{"line":181,"column":6},"end":{"line":181,"column":17}},"107":{"start":{"line":183,"column":4},"end":{"line":183,"column":18}},"108":{"start":{"line":187,"column":0},"end":{"line":187,"column":36}},"109":{"start":{"line":188,"column":0},"end":{"line":188,"column":37}},"110":{"start":{"line":191,"column":0},"end":{"line":201,"column":1}},"111":{"start":{"line":192,"column":2},"end":{"line":192,"column":17}},"112":{"start":{"line":194,"column":2},"end":{"line":194,"column":19}},"113":{"start":{"line":196,"column":2},"end":{"line":198,"column":4}},"114":{"start":{"line":197,"column":4},"end":{"line":197,"column":56}},"115":{"start":{"line":200,"column":2},"end":{"line":200,"column":32}},"116":{"start":{"line":203,"column":0},"end":{"line":208,"column":1}},"117":{"start":{"line":204,"column":2},"end":{"line":204,"column":16}},"118":{"start":{"line":205,"column":2},"end":{"line":205,"column":20}},"119":{"start":{"line":207,"column":2},"end":{"line":207,"column":13}},"120":{"start":{"line":210,"column":0},"end":{"line":212,"column":1}},"121":{"start":{"line":211,"column":2},"end":{"line":211,"column":21}},"122":{"start":{"line":214,"column":0},"end":{"line":216,"column":1}},"123":{"start":{"line":215,"column":2},"end":{"line":215,"column":40}},"124":{"start":{"line":218,"column":0},"end":{"line":223,"column":1}},"125":{"start":{"line":219,"column":2},"end":{"line":219,"column":62}},"126":{"start":{"line":220,"column":2},"end":{"line":220,"column":32}},"127":{"start":{"line":222,"column":2},"end":{"line":222,"column":19}},"128":{"start":{"line":225,"column":0},"end":{"line":225,"column":49}},"129":{"start":{"line":226,"column":0},"end":{"line":226,"column":34}},"130":{"start":{"line":227,"column":0},"end":{"line":239,"column":2}},"131":{"start":{"line":228,"column":2},"end":{"line":233,"column":3}},"132":{"start":{"line":229,"column":4},"end":{"line":229,"column":56}},"133":{"start":{"line":231,"column":4},"end":{"line":231,"column":39}},"134":{"start":{"line":232,"column":4},"end":{"line":232,"column":33}},"135":{"start":{"line":234,"column":2},"end":{"line":238,"column":3}},"136":{"start":{"line":236,"column":6},"end":{"line":236,"column":36}},"137":{"start":{"line":241,"column":0},"end":{"line":241,"column":29}}},"branchMap":{"1":{"line":67,"type":"if","locations":[{"start":{"line":67,"column":2},"end":{"line":67,"column":2}},{"start":{"line":67,"column":2},"end":{"line":67,"column":2}}]},"2":{"line":71,"type":"if","locations":[{"start":{"line":71,"column":2},"end":{"line":71,"column":2}},{"start":{"line":71,"column":2},"end":{"line":71,"column":2}}]},"3":{"line":84,"type":"if","locations":[{"start":{"line":84,"column":6},"end":{"line":84,"column":6}},{"start":{"line":84,"column":6},"end":{"line":84,"column":6}}]},"4":{"line":90,"type":"if","locations":[{"start":{"line":90,"column":6},"end":{"line":90,"column":6}},{"start":{"line":90,"column":6},"end":{"line":90,"column":6}}]},"5":{"line":97,"type":"if","locations":[{"start":{"line":97,"column":10},"end":{"line":97,"column":10}},{"start":{"line":97,"column":10},"end":{"line":97,"column":10}}]},"6":{"line":98,"type":"if","locations":[{"start":{"line":98,"column":12},"end":{"line":98,"column":12}},{"start":{"line":98,"column":12},"end":{"line":98,"column":12}}]},"7":{"line":124,"type":"if","locations":[{"start":{"line":124,"column":4},"end":{"line":124,"column":4}},{"start":{"line":124,"column":4},"end":{"line":124,"column":4}}]},"8":{"line":124,"type":"binary-expr","locations":[{"start":{"line":124,"column":8},"end":{"line":124,"column":31}},{"start":{"line":125,"column":7},"end":{"line":125,"column":27}},{"start":{"line":125,"column":31},"end":{"line":125,"column":77}},{"start":{"line":126,"column":7},"end":{"line":126,"column":25}},{"start":{"line":126,"column":29},"end":{"line":126,"column":79}}]},"9":{"line":160,"type":"if","locations":[{"start":{"line":160,"column":2},"end":{"line":160,"column":2}},{"start":{"line":160,"column":2},"end":{"line":160,"column":2}}]},"10":{"line":165,"type":"if","locations":[{"start":{"line":165,"column":6},"end":{"line":165,"column":6}},{"start":{"line":165,"column":6},"end":{"line":165,"column":6}}]},"11":{"line":176,"type":"if","locations":[{"start":{"line":176,"column":6},"end":{"line":176,"column":6}},{"start":{"line":176,"column":6},"end":{"line":176,"column":6}}]},"12":{"line":228,"type":"if","locations":[{"start":{"line":228,"column":2},"end":{"line":228,"column":2}},{"start":{"line":228,"column":2},"end":{"line":228,"column":2}}]}}},"/home/katja/Dokumente/alo/lib/member/member.js":{"path":"/home/katja/Dokumente/alo/lib/member/member.js","s":{"1":1,"2":1,"3":1,"4":1,"5":1,"6":1,"7":2,"8":2,"9":2,"10":2,"11":2,"12":2,"13":2,"14":1,"15":1,"16":2,"17":1,"18":0,"19":1,"20":0,"21":0,"22":1,"23":1,"24":1,"25":3,"26":3,"27":3,"28":3,"29":3,"30":3,"31":3,"32":2,"33":2,"34":2,"35":4,"36":2,"37":2,"38":2,"39":2,"40":2,"41":2,"42":0,"43":0,"44":2,"45":2,"46":1,"47":3,"48":3,"49":3,"50":3,"51":0,"52":0,"53":0,"54":1,"55":1,"56":1,"57":1,"58":1,"59":0,"60":0,"61":1,"62":0,"63":0,"64":1,"65":3,"66":1,"67":3,"68":1,"69":2,"70":0,"71":2,"72":2,"73":1,"74":0,"75":0,"76":0,"77":1},"b":{"1":[3,0],"2":[3,0],"3":[2,1],"4":[2,2],"5":[2,0],"6":[3,0],"7":[3,1,1],"8":[0,0],"9":[0,2]},"f":{"1":2,"2":2,"3":0,"4":0,"5":3,"6":3,"7":4,"8":2,"9":2,"10":3,"11":1,"12":0,"13":0,"14":3,"15":3,"16":2,"17":0},"fnMap":{"1":{"name":"Member","line":8,"loc":{"start":{"line":8,"column":13},"end":{"line":8,"column":32}}},"2":{"name":"(anonymous_2)","line":19,"loc":{"start":{"line":19,"column":29},"end":{"line":19,"column":45}}},"3":{"name":"(anonymous_3)","line":22,"loc":{"start":{"line":22,"column":27},"end":{"line":22,"column":51}}},"4":{"name":"(anonymous_4)","line":25,"loc":{"start":{"line":25,"column":37},"end":{"line":25,"column":67}}},"5":{"name":"_call","line":33,"loc":{"start":{"line":33,"column":25},"end":{"line":33,"column":59}}},"6":{"name":"(anonymous_6)","line":39,"loc":{"start":{"line":39,"column":38},"end":{"line":39,"column":50}}},"7":{"name":"(anonymous_7)","line":47,"loc":{"start":{"line":47,"column":23},"end":{"line":47,"column":35}}},"8":{"name":"(anonymous_8)","line":50,"loc":{"start":{"line":50,"column":48},"end":{"line":50,"column":60}}},"9":{"name":"(anonymous_9)","line":52,"loc":{"start":{"line":52,"column":24},"end":{"line":52,"column":44}}},"10":{"name":"(anonymous_10)","line":69,"loc":{"start":{"line":69,"column":14},"end":{"line":69,"column":34}}},"11":{"name":"createDependency","line":86,"loc":{"start":{"line":86,"column":36},"end":{"line":86,"column":65}}},"12":{"name":"disable","line":93,"loc":{"start":{"line":93,"column":27},"end":{"line":93,"column":47}}},"13":{"name":"enable","line":98,"loc":{"start":{"line":98,"column":26},"end":{"line":98,"column":45}}},"14":{"name":"isEnabled","line":103,"loc":{"start":{"line":103,"column":29},"end":{"line":103,"column":51}}},"15":{"name":"getFunction","line":107,"loc":{"start":{"line":107,"column":31},"end":{"line":107,"column":55}}},"16":{"name":"setFunction","line":111,"loc":{"start":{"line":111,"column":31},"end":{"line":111,"column":59}}},"17":{"name":"stop","line":121,"loc":{"start":{"line":121,"column":24},"end":{"line":121,"column":41}}}},"statementMap":{"1":{"start":{"line":1,"column":0},"end":{"line":1,"column":32}},"2":{"start":{"line":2,"column":0},"end":{"line":2,"column":19}},"3":{"start":{"line":3,"column":0},"end":{"line":3,"column":16}},"4":{"start":{"line":5,"column":0},"end":{"line":5,"column":95}},"5":{"start":{"line":6,"column":0},"end":{"line":6,"column":89}},"6":{"start":{"line":8,"column":0},"end":{"line":17,"column":1}},"7":{"start":{"line":9,"column":2},"end":{"line":9,"column":23}},"8":{"start":{"line":10,"column":2},"end":{"line":10,"column":23}},"9":{"start":{"line":11,"column":2},"end":{"line":11,"column":22}},"10":{"start":{"line":12,"column":2},"end":{"line":12,"column":23}},"11":{"start":{"line":14,"column":2},"end":{"line":14,"column":44}},"12":{"start":{"line":15,"column":2},"end":{"line":15,"column":42}},"13":{"start":{"line":16,"column":2},"end":{"line":16,"column":31}},"14":{"start":{"line":18,"column":0},"end":{"line":18,"column":34}},"15":{"start":{"line":19,"column":0},"end":{"line":21,"column":2}},"16":{"start":{"line":20,"column":2},"end":{"line":20,"column":24}},"17":{"start":{"line":22,"column":0},"end":{"line":24,"column":2}},"18":{"start":{"line":23,"column":2},"end":{"line":23,"column":34}},"19":{"start":{"line":25,"column":0},"end":{"line":28,"column":2}},"20":{"start":{"line":26,"column":2},"end":{"line":26,"column":34}},"21":{"start":{"line":27,"column":2},"end":{"line":27,"column":24}},"22":{"start":{"line":30,"column":0},"end":{"line":30,"column":62}},"23":{"start":{"line":31,"column":0},"end":{"line":31,"column":60}},"24":{"start":{"line":33,"column":0},"end":{"line":84,"column":1}},"25":{"start":{"line":34,"column":2},"end":{"line":34,"column":17}},"26":{"start":{"line":36,"column":2},"end":{"line":82,"column":3}},"27":{"start":{"line":37,"column":4},"end":{"line":37,"column":33}},"28":{"start":{"line":38,"column":4},"end":{"line":78,"column":5}},"29":{"start":{"line":39,"column":6},"end":{"line":77,"column":8}},"30":{"start":{"line":40,"column":8},"end":{"line":40,"column":52}},"31":{"start":{"line":41,"column":8},"end":{"line":68,"column":9}},"32":{"start":{"line":42,"column":10},"end":{"line":42,"column":21}},"33":{"start":{"line":43,"column":10},"end":{"line":46,"column":11}},"34":{"start":{"line":47,"column":10},"end":{"line":64,"column":11}},"35":{"start":{"line":48,"column":12},"end":{"line":63,"column":13}},"36":{"start":{"line":49,"column":14},"end":{"line":60,"column":15}},"37":{"start":{"line":50,"column":16},"end":{"line":56,"column":18}},"38":{"start":{"line":51,"column":18},"end":{"line":51,"column":74}},"39":{"start":{"line":53,"column":18},"end":{"line":53,"column":47}},"40":{"start":{"line":54,"column":18},"end":{"line":54,"column":23}},"41":{"start":{"line":55,"column":18},"end":{"line":55,"column":33}},"42":{"start":{"line":58,"column":16},"end":{"line":58,"column":21}},"43":{"start":{"line":59,"column":16},"end":{"line":59,"column":31}},"44":{"start":{"line":62,"column":14},"end":{"line":62,"column":39}},"45":{"start":{"line":65,"column":10},"end":{"line":65,"column":25}},"46":{"start":{"line":67,"column":10},"end":{"line":67,"column":25}},"47":{"start":{"line":70,"column":8},"end":{"line":70,"column":54}},"48":{"start":{"line":71,"column":8},"end":{"line":76,"column":9}},"49":{"start":{"line":74,"column":10},"end":{"line":74,"column":35}},"50":{"start":{"line":75,"column":10},"end":{"line":75,"column":32}},"51":{"start":{"line":79,"column":4},"end":{"line":81,"column":5}},"52":{"start":{"line":80,"column":6},"end":{"line":80,"column":28}},"53":{"start":{"line":83,"column":2},"end":{"line":83,"column":13}},"54":{"start":{"line":86,"column":0},"end":{"line":91,"column":1}},"55":{"start":{"line":87,"column":2},"end":{"line":87,"column":62}},"56":{"start":{"line":88,"column":2},"end":{"line":88,"column":32}},"57":{"start":{"line":90,"column":2},"end":{"line":90,"column":19}},"58":{"start":{"line":93,"column":0},"end":{"line":96,"column":1}},"59":{"start":{"line":94,"column":2},"end":{"line":94,"column":23}},"60":{"start":{"line":95,"column":2},"end":{"line":95,"column":13}},"61":{"start":{"line":98,"column":0},"end":{"line":101,"column":1}},"62":{"start":{"line":99,"column":2},"end":{"line":99,"column":22}},"63":{"start":{"line":100,"column":2},"end":{"line":100,"column":13}},"64":{"start":{"line":103,"column":0},"end":{"line":105,"column":1}},"65":{"start":{"line":104,"column":2},"end":{"line":104,"column":22}},"66":{"start":{"line":107,"column":0},"end":{"line":109,"column":1}},"67":{"start":{"line":108,"column":2},"end":{"line":108,"column":23}},"68":{"start":{"line":111,"column":0},"end":{"line":119,"column":1}},"69":{"start":{"line":112,"column":2},"end":{"line":116,"column":3}},"70":{"start":{"line":113,"column":4},"end":{"line":113,"column":60}},"71":{"start":{"line":115,"column":4},"end":{"line":115,"column":25}},"72":{"start":{"line":118,"column":2},"end":{"line":118,"column":13}},"73":{"start":{"line":121,"column":0},"end":{"line":126,"column":1}},"74":{"start":{"line":122,"column":2},"end":{"line":122,"column":16}},"75":{"start":{"line":123,"column":2},"end":{"line":123,"column":27}},"76":{"start":{"line":125,"column":2},"end":{"line":125,"column":13}},"77":{"start":{"line":128,"column":0},"end":{"line":128,"column":23}}},"branchMap":{"1":{"line":36,"type":"if","locations":[{"start":{"line":36,"column":2},"end":{"line":36,"column":2}},{"start":{"line":36,"column":2},"end":{"line":36,"column":2}}]},"2":{"line":38,"type":"if","locations":[{"start":{"line":38,"column":4},"end":{"line":38,"column":4}},{"start":{"line":38,"column":4},"end":{"line":38,"column":4}}]},"3":{"line":41,"type":"if","locations":[{"start":{"line":41,"column":8},"end":{"line":41,"column":8}},{"start":{"line":41,"column":8},"end":{"line":41,"column":8}}]},"4":{"line":48,"type":"if","locations":[{"start":{"line":48,"column":12},"end":{"line":48,"column":12}},{"start":{"line":48,"column":12},"end":{"line":48,"column":12}}]},"5":{"line":49,"type":"if","locations":[{"start":{"line":49,"column":14},"end":{"line":49,"column":14}},{"start":{"line":49,"column":14},"end":{"line":49,"column":14}}]},"6":{"line":71,"type":"if","locations":[{"start":{"line":71,"column":8},"end":{"line":71,"column":8}},{"start":{"line":71,"column":8},"end":{"line":71,"column":8}}]},"7":{"line":71,"type":"binary-expr","locations":[{"start":{"line":71,"column":12},"end":{"line":71,"column":35}},{"start":{"line":72,"column":11},"end":{"line":72,"column":29}},{"start":{"line":72,"column":33},"end":{"line":72,"column":69}}]},"8":{"line":79,"type":"if","locations":[{"start":{"line":79,"column":4},"end":{"line":79,"column":4}},{"start":{"line":79,"column":4},"end":{"line":79,"column":4}}]},"9":{"line":112,"type":"if","locations":[{"start":{"line":112,"column":2},"end":{"line":112,"column":2}},{"start":{"line":112,"column":2},"end":{"line":112,"column":2}}]}}}}