TN:
SF:/home/katja/Dokumente/alo/main/alo.full.js
FNF:0
FNH:0
DA:1,1
DA:2,1
DA:4,1
LF:3
LH:3
BRF:0
BRH:0
end_of_record
TN:
SF:/home/katja/Dokumente/alo/lib/alo.js
FN:1,Alo
FN:13,createSubscription
FN:20,isSubscription
FN:25,createDependency
FN:32,isDependency
FN:37,createMember
FN:44,isMember
FN:72,createReducer
FN:86,isReducer
FN:95,createStore
FN:110,isStore
FN:118,isMiddleware
FN:123,createMiddleware
FNF:13
FNH:13
FNDA:13,Alo
FNDA:3,createSubscription
FNDA:7,isSubscription
FNDA:4,createDependency
FNDA:16,isDependency
FNDA:2,createMember
FNDA:3,isMember
FNDA:11,createReducer
FNDA:24,isReducer
FNDA:11,createStore
FNDA:35,isStore
FNDA:21,isMiddleware
FNDA:3,createMiddleware
DA:1,1
DA:2,13
DA:9,13
DA:10,13
DA:13,1
DA:14,3
DA:15,3
DA:16,3
DA:17,3
DA:20,1
DA:21,7
DA:22,7
DA:25,1
DA:26,4
DA:27,4
DA:28,4
DA:29,4
DA:32,1
DA:33,16
DA:34,16
DA:37,1
DA:38,2
DA:39,2
DA:40,2
DA:41,2
DA:44,1
DA:45,3
DA:46,3
DA:72,1
DA:73,11
DA:74,11
DA:75,11
DA:76,11
DA:86,1
DA:87,24
DA:88,24
DA:95,1
DA:96,11
DA:97,11
DA:98,11
DA:99,11
DA:100,11
DA:110,1
DA:111,35
DA:112,35
DA:113,35
DA:114,35
DA:115,35
DA:118,1
DA:119,21
DA:120,21
DA:123,1
DA:124,3
DA:125,3
DA:126,3
DA:127,3
DA:130,1
LF:57
LH:57
BRDA:10,1,0,0
BRDA:10,1,1,13
BRDA:10,2,0,13
BRDA:10,2,1,0
BRDA:114,3,0,35
BRDA:114,3,1,0
BRDA:114,3,2,0
BRDA:115,4,0,35
BRDA:115,4,1,22
BRF:9
BRH:5
end_of_record
TN:
SF:/home/katja/Dokumente/alo/main/extend/addExtras.js
FN:1,addExtras
FNF:1
FNH:1
FNDA:1,addExtras
DA:1,1
DA:2,1
DA:11,1
DA:12,1
DA:15,1
LF:5
LH:5
BRF:0
BRH:0
end_of_record
TN:
SF:/home/katja/Dokumente/alo/lib/extras/extras.js
FNF:0
FNH:0
DA:6,1
DA:11,1
DA:13,1
LF:3
LH:3
BRF:0
BRH:0
end_of_record
TN:
SF:/home/katja/Dokumente/alo/lib/extras/reducers.js
FN:12,(anonymous_1)
FN:13,(anonymous_2)
FNF:2
FNH:2
FNDA:1,(anonymous_1)
FNDA:1,(anonymous_2)
DA:1,1
DA:2,1
DA:3,1
DA:5,1
DA:12,1
DA:13,1
DA:14,1
DA:15,1
DA:16,1
DA:19,0
DA:22,1
DA:25,1
LF:12
LH:11
BRDA:14,1,0,1
BRDA:14,1,1,0
BRDA:14,2,0,1
BRDA:14,2,1,1
BRDA:14,2,2,0
BRDA:15,3,0,1
BRDA:15,3,1,0
BRF:7
BRH:4
end_of_record
TN:
SF:/home/katja/Dokumente/alo/lib/util/util.js
FN:7,(anonymous_1)
FN:183,createPromise
FN:191,createAlo
FN:198,createObjectRelation
FNF:4
FNH:3
FNDA:15,(anonymous_1)
FNDA:2,createPromise
FNDA:0,createAlo
FNDA:22,createObjectRelation
DA:7,1
DA:16,1
DA:18,1
DA:25,1
DA:32,1
DA:39,1
DA:46,1
DA:53,1
DA:55,1
DA:62,1
DA:69,1
DA:76,1
DA:78,1
DA:85,1
DA:92,1
DA:94,1
DA:96,1
DA:102,1
DA:109,1
DA:116,1
DA:123,1
DA:130,1
DA:137,1
DA:144,1
DA:151,1
DA:158,1
DA:165,1
DA:172,1
DA:179,1
DA:181,1
DA:183,1
DA:184,2
DA:191,1
DA:192,0
DA:193,0
DA:194,0
DA:195,0
DA:198,1
DA:199,22
DA:200,22
DA:201,22
DA:202,22
DA:205,1
LF:43
LH:39
BRF:0
BRH:0
end_of_record
TN:
SF:/home/katja/Dokumente/alo/main/alo.js
FNF:0
FNH:0
DA:1,1
LF:1
LH:1
BRF:0
BRH:0
end_of_record
TN:
SF:/home/katja/Dokumente/alo/main/alo.dev.js
FNF:0
FNH:0
DA:1,1
DA:2,1
DA:4,1
LF:3
LH:3
BRF:0
BRH:0
end_of_record
TN:
SF:/home/katja/Dokumente/alo/main/extend/addDev.js
FN:1,addDev
FN:2,(anonymous_2)
FN:6,Alo
FN:10,createAlo
FNF:4
FNH:2
FNDA:1,addDev
FNDA:0,(anonymous_2)
FNDA:2,Alo
FNDA:0,createAlo
DA:1,1
DA:2,1
DA:3,0
DA:6,1
DA:7,2
DA:8,2
DA:9,2
DA:10,2
DA:11,0
DA:12,0
DA:13,0
DA:15,2
DA:17,1
DA:18,1
DA:19,1
DA:22,1
LF:16
LH:12
BRF:0
BRH:0
end_of_record
TN:
SF:/home/katja/Dokumente/alo/lib/store/store.js
FN:17,Store
FN:174,createReducer
FN:181,mapState
FN:189,mapData
FN:197,mapStream
FN:210,getStream
FN:220,getData
FN:224,getState
FN:228,createComputedProperty
FN:235,createSubscription
FN:249,(anonymous_11)
FN:253,(anonymous_12)
FN:264,(anonymous_13)
FN:271,(anonymous_14)
FN:273,(anonymous_15)
FN:283,(anonymous_16)
FN:293,(anonymous_17)
FN:305,(anonymous_18)
FN:312,(anonymous_19)
FN:315,(anonymous_20)
FN:317,(anonymous_21)
FN:334,(anonymous_22)
FNF:22
FNH:19
FNDA:11,Store
FNDA:3,createReducer
FNDA:0,mapState
FNDA:0,mapData
FNDA:0,mapStream
FNDA:28,getStream
FNDA:14,getData
FNDA:3,getState
FNDA:1,createComputedProperty
FNDA:3,createSubscription
FNDA:11,(anonymous_11)
FNDA:11,(anonymous_12)
FNDA:11,(anonymous_13)
FNDA:4,(anonymous_14)
FNDA:4,(anonymous_15)
FNDA:11,(anonymous_16)
FNDA:10,(anonymous_17)
FNDA:11,(anonymous_18)
FNDA:6,(anonymous_19)
FNDA:3,(anonymous_20)
FNDA:3,(anonymous_21)
FNDA:11,(anonymous_22)
DA:1,1
DA:2,1
DA:3,1
DA:5,1
DA:6,1
DA:7,1
DA:8,1
DA:17,1
DA:18,11
DA:19,7
DA:21,11
DA:35,11
DA:36,11
DA:37,1
DA:38,1
DA:39,1
DA:46,11
DA:51,11
DA:56,11
DA:61,11
DA:63,11
DA:65,11
DA:66,11
DA:67,11
DA:68,11
DA:80,1
DA:88,1
DA:98,1
DA:108,1
DA:118,1
DA:126,1
DA:136,1
DA:143,1
DA:150,1
DA:157,1
DA:159,1
DA:160,1
DA:161,1
DA:162,1
DA:174,1
DA:175,3
DA:176,3
DA:178,3
DA:181,1
DA:182,0
DA:183,0
DA:185,0
DA:189,1
DA:190,0
DA:191,0
DA:193,0
DA:197,1
DA:198,0
DA:199,0
DA:201,0
DA:210,1
DA:212,28
DA:220,1
DA:221,14
DA:224,1
DA:225,3
DA:228,1
DA:229,1
DA:230,1
DA:232,1
DA:235,1
DA:236,3
DA:237,3
DA:238,3
DA:249,1
DA:250,11
DA:251,11
DA:253,11
DA:255,11
DA:256,5
DA:258,11
DA:259,4
DA:261,11
DA:264,11
DA:268,11
DA:269,11
DA:270,4
DA:271,4
DA:272,4
DA:274,4
DA:275,4
DA:277,0
DA:281,7
DA:287,11
DA:288,0
DA:290,11
DA:291,11
DA:292,11
DA:293,11
DA:294,10
DA:295,10
DA:299,11
DA:305,11
DA:309,11
DA:310,11
DA:311,3
DA:312,3
DA:313,6
DA:314,3
DA:315,3
DA:316,3
DA:318,3
DA:319,3
DA:320,3
DA:323,0
DA:324,0
DA:327,3
DA:330,3
DA:332,8
DA:336,11
DA:337,11
DA:373,1
LF:117
LH:104
BRDA:18,1,0,7
BRDA:18,1,1,4
BRDA:18,2,0,11
BRDA:18,2,1,4
BRDA:36,3,0,1
BRDA:36,3,1,10
BRDA:38,4,0,1
BRDA:38,4,1,0
BRDA:182,5,0,0
BRDA:182,5,1,0
BRDA:190,6,0,0
BRDA:190,6,1,0
BRDA:198,7,0,0
BRDA:198,7,1,0
BRDA:255,8,0,5
BRDA:255,8,1,6
BRDA:258,9,0,4
BRDA:258,9,1,7
BRDA:269,10,0,4
BRDA:269,10,1,7
BRDA:269,11,0,11
BRDA:269,11,1,4
BRDA:274,12,0,4
BRDA:274,12,1,0
BRDA:287,13,0,0
BRDA:287,13,1,11
BRDA:294,14,0,10
BRDA:294,14,1,0
BRDA:310,15,0,3
BRDA:310,15,1,8
BRDA:313,16,0,3
BRDA:313,16,1,3
BRDA:314,17,0,3
BRDA:314,17,1,0
BRF:34
BRH:23
end_of_record
TN:
SF:/home/katja/Dokumente/alo/lib/util/object-relation.js
FN:17,(anonymous_1)
FN:24,ObjectRelation
FN:28,(anonymous_3)
FN:41,(anonymous_4)
FN:56,(anonymous_5)
FN:65,(anonymous_6)
FN:67,(anonymous_7)
FN:68,(anonymous_8)
FN:73,(anonymous_9)
FN:80,(anonymous_10)
FN:89,getId
FN:95,(anonymous_12)
FN:102,(anonymous_13)
FN:108,(anonymous_14)
FN:122,(anonymous_15)
FN:140,(anonymous_16)
FN:143,(anonymous_17)
FN:149,(anonymous_18)
FN:157,(anonymous_19)
FN:175,(anonymous_20)
FN:183,(anonymous_21)
FN:186,(anonymous_22)
FN:195,(anonymous_23)
FNF:23
FNH:21
FNDA:132,(anonymous_1)
FNDA:22,ObjectRelation
FNDA:22,(anonymous_3)
FNDA:88,(anonymous_4)
FNDA:123,(anonymous_5)
FNDA:24,(anonymous_6)
FNDA:96,(anonymous_7)
FNDA:285,(anonymous_8)
FNDA:3,(anonymous_9)
FNDA:96,(anonymous_10)
FNDA:61,getId
FNDA:83,(anonymous_12)
FNDA:39,(anonymous_13)
FNDA:39,(anonymous_14)
FNDA:44,(anonymous_15)
FNDA:1,(anonymous_16)
FNDA:3,(anonymous_17)
FNDA:0,(anonymous_18)
FNDA:1,(anonymous_19)
FNDA:0,(anonymous_20)
FNDA:1,(anonymous_21)
FNDA:1,(anonymous_22)
FNDA:2,(anonymous_23)
DA:1,1
DA:2,1
DA:4,1
DA:17,1
DA:18,132
DA:19,132
DA:20,132
DA:21,132
DA:24,1
DA:25,22
DA:27,1
DA:28,1
DA:29,22
DA:30,22
DA:31,0
DA:33,22
DA:34,22
DA:35,22
DA:36,22
DA:37,22
DA:38,22
DA:40,22
DA:41,22
DA:42,88
DA:45,88
DA:46,66
DA:47,66
DA:56,1
DA:57,123
DA:58,37
DA:59,37
DA:61,123
DA:62,123
DA:65,1
DA:66,24
DA:67,24
DA:68,96
DA:69,285
DA:70,285
DA:71,285
DA:72,285
DA:73,285
DA:74,3
DA:76,285
DA:80,24
DA:81,96
DA:82,96
DA:83,66
DA:85,96
DA:89,1
DA:90,61
DA:93,1
DA:94,1
DA:95,1
DA:96,83
DA:98,83
DA:99,3
DA:101,80
DA:102,80
DA:103,39
DA:105,80
DA:108,1
DA:109,39
DA:110,0
DA:112,39
DA:113,39
DA:115,0
DA:120,1
DA:121,1
DA:122,1
DA:123,44
DA:124,0
DA:126,44
DA:127,44
DA:128,0
DA:130,44
DA:131,22
DA:133,44
DA:134,44
DA:138,44
DA:140,1
DA:141,1
DA:143,1
DA:144,3
DA:147,1
DA:149,1
DA:150,0
DA:152,0
DA:155,1
DA:156,1
DA:157,1
DA:158,1
DA:159,0
DA:161,1
DA:162,1
DA:163,0
DA:166,1
DA:167,1
DA:168,1
DA:169,1
DA:173,1
DA:175,1
DA:176,0
DA:177,0
DA:179,0
DA:180,0
DA:183,1
DA:184,1
DA:186,1
DA:187,1
DA:190,1
DA:193,1
DA:194,1
DA:195,1
DA:196,2
DA:199,1
LF:116
LH:103
BRDA:30,1,0,0
BRDA:30,1,1,22
BRDA:30,2,0,22
BRDA:30,2,1,22
BRDA:45,3,0,66
BRDA:45,3,1,22
BRDA:57,4,0,37
BRDA:57,4,1,86
BRDA:57,5,0,123
BRDA:57,5,1,99
BRDA:82,6,0,66
BRDA:82,6,1,30
BRDA:82,7,0,96
BRDA:82,7,1,66
BRDA:98,8,0,3
BRDA:98,8,1,80
BRDA:109,9,0,0
BRDA:109,9,1,39
BRDA:112,10,0,39
BRDA:112,10,1,0
BRDA:123,11,0,0
BRDA:123,11,1,44
BRDA:127,12,0,0
BRDA:127,12,1,44
BRDA:127,13,0,44
BRDA:127,13,1,44
BRDA:130,14,0,22
BRDA:130,14,1,22
BRDA:158,15,0,0
BRDA:158,15,1,1
BRDA:161,16,0,1
BRDA:161,16,1,0
BRDA:161,17,0,1
BRDA:161,17,1,1
BRDA:162,18,0,0
BRDA:162,18,1,1
BRDA:168,19,0,1
BRDA:168,19,1,0
BRDA:176,20,0,0
BRDA:176,20,1,0
BRF:40
BRH:29
end_of_record
TN:
SF:/home/katja/Dokumente/alo/lib/reducer/reducer.js
FN:19,Reducer
FN:64,(anonymous_2)
FN:65,(anonymous_3)
FN:68,(anonymous_4)
FN:71,(anonymous_5)
FN:75,(anonymous_6)
FN:79,(anonymous_7)
FN:132,reduce
FN:138,(anonymous_9)
FN:155,disable
FN:166,enable
FN:172,isEnabled
FN:181,stop
FNF:13
FNH:6
FNDA:11,Reducer
FNDA:5,(anonymous_2)
FNDA:5,(anonymous_3)
FNDA:1,(anonymous_4)
FNDA:0,(anonymous_5)
FNDA:0,(anonymous_6)
FNDA:0,(anonymous_7)
FNDA:10,reduce
FNDA:0,(anonymous_9)
FNDA:0,disable
FNDA:0,enable
FNDA:10,isEnabled
FNDA:0,stop
DA:1,1
DA:2,1
DA:4,1
DA:5,1
DA:7,1
DA:9,1
DA:10,1
DA:11,1
DA:19,1
DA:27,11
DA:36,11
DA:45,11
DA:54,11
DA:56,11
DA:57,11
DA:58,11
DA:59,11
DA:61,11
DA:63,1
DA:64,1
DA:65,1
DA:66,5
DA:68,1
DA:69,1
DA:71,1
DA:72,0
DA:73,0
DA:75,1
DA:76,0
DA:77,0
DA:79,1
DA:80,0
DA:81,0
DA:82,0
DA:90,1
DA:102,1
DA:114,1
DA:116,1
DA:117,1
DA:118,1
DA:119,1
DA:132,1
DA:133,10
DA:134,10
DA:135,10
DA:136,5
DA:138,10
DA:139,0
DA:141,10
DA:142,10
DA:143,0
DA:147,10
DA:155,1
DA:156,0
DA:158,0
DA:166,1
DA:167,0
DA:169,0
DA:172,1
DA:173,10
DA:181,1
DA:182,0
DA:183,0
DA:184,0
DA:187,1
LF:65
LH:49
BRDA:133,1,0,10
BRDA:133,1,1,0
BRDA:135,2,0,5
BRDA:135,2,1,5
BRDA:142,3,0,0
BRDA:142,3,1,10
BRF:6
BRH:4
end_of_record
TN:
SF:/home/katja/Dokumente/alo/lib/util/customizer.js
FN:14,(anonymous_1)
FN:20,(anonymous_2)
FN:27,(anonymous_3)
FN:29,(anonymous_4)
FN:34,(anonymous_5)
FN:43,(anonymous_6)
FN:53,(anonymous_7)
FN:60,(anonymous_8)
FN:73,(anonymous_9)
FN:81,(anonymous_10)
FN:99,(anonymous_11)
FNF:11
FNH:9
FNDA:2,(anonymous_1)
FNDA:8,(anonymous_2)
FNDA:17,(anonymous_3)
FNDA:34,(anonymous_4)
FNDA:2,(anonymous_5)
FNDA:10,(anonymous_6)
FNDA:0,(anonymous_7)
FNDA:0,(anonymous_8)
FNDA:44,(anonymous_9)
FNDA:44,(anonymous_10)
FNDA:20,(anonymous_11)
DA:1,1
DA:2,1
DA:3,1
DA:5,1
DA:12,1
DA:14,1
DA:15,2
DA:17,2
DA:19,2
DA:20,2
DA:21,8
DA:27,1
DA:28,17
DA:29,17
DA:30,34
DA:34,1
DA:35,2
DA:41,1
DA:42,1
DA:43,1
DA:44,10
DA:45,0
DA:47,10
DA:50,10
DA:53,1
DA:54,0
DA:56,0
DA:57,0
DA:59,0
DA:60,0
DA:61,0
DA:64,0
DA:68,0
DA:71,1
DA:72,1
DA:73,1
DA:74,44
DA:75,0
DA:77,44
DA:81,1
DA:82,44
DA:83,0
DA:85,44
DA:86,44
DA:87,14
DA:89,30
DA:94,30
DA:95,0
DA:97,30
DA:98,30
DA:99,20
DA:100,20
DA:103,10
DA:109,1
LF:54
LH:42
BRDA:44,1,0,0
BRDA:44,1,1,10
BRDA:56,2,0,0
BRDA:56,2,1,0
BRDA:56,3,0,0
BRDA:56,3,1,0
BRDA:59,4,0,0
BRDA:59,4,1,0
BRDA:74,5,0,0
BRDA:74,5,1,44
BRDA:82,6,0,0
BRDA:82,6,1,44
BRDA:86,7,0,14
BRDA:86,7,1,30
BRDA:94,8,0,0
BRDA:94,8,1,30
BRDA:98,9,0,20
BRDA:98,9,1,10
BRF:18
BRH:8
end_of_record
TN:
SF:/home/katja/Dokumente/alo/lib/middleware/middleware.js
FN:13,Middleware
FN:29,meddleRecursive
FN:41,(anonymous_3)
FN:47,(anonymous_4)
FN:61,meddle
FN:67,(anonymous_6)
FN:78,(anonymous_7)
FN:83,(anonymous_8)
FN:87,(anonymous_9)
FN:92,(anonymous_10)
FNF:10
FNH:10
FNDA:3,Middleware
FNDA:28,meddleRecursive
FNDA:12,(anonymous_3)
FNDA:12,(anonymous_4)
FNDA:12,meddle
FNDA:36,(anonymous_6)
FNDA:12,(anonymous_7)
FNDA:12,(anonymous_8)
FNDA:12,(anonymous_9)
FNDA:12,(anonymous_10)
DA:1,1
DA:2,1
DA:4,1
DA:5,1
DA:7,1
DA:8,1
DA:9,1
DA:10,1
DA:13,1
DA:14,3
DA:15,3
DA:16,3
DA:17,3
DA:18,3
DA:21,1
DA:22,1
DA:23,1
DA:24,1
DA:29,1
DA:30,28
DA:31,28
DA:33,28
DA:35,28
DA:36,0
DA:37,28
DA:39,16
DA:41,12
DA:42,12
DA:43,12
DA:45,0
DA:48,12
DA:49,12
DA:50,0
DA:52,12
DA:54,12
DA:55,12
DA:56,12
DA:61,1
DA:62,12
DA:63,12
DA:64,12
DA:65,12
DA:67,12
DA:68,36
DA:69,8
DA:70,28
DA:71,4
DA:73,36
DA:75,36
DA:78,12
DA:79,12
DA:80,12
DA:81,12
DA:82,12
DA:84,12
DA:85,12
DA:86,12
DA:88,12
DA:89,12
DA:90,12
DA:91,12
DA:93,12
DA:94,12
DA:97,1
LF:64
LH:61
BRDA:35,1,0,0
BRDA:35,1,1,28
BRDA:37,2,0,16
BRDA:37,2,1,12
BRDA:42,3,0,12
BRDA:42,3,1,0
BRDA:49,4,0,0
BRDA:49,4,1,12
BRDA:68,5,0,8
BRDA:68,5,1,28
BRDA:70,6,0,4
BRDA:70,6,1,24
BRF:12
BRH:9
end_of_record
TN:
SF:/home/katja/Dokumente/alo/lib/dependency/dependency.js
FN:11,Dependency
FN:34,(anonymous_2)
FN:47,(anonymous_3)
FN:48,(anonymous_4)
FN:53,(anonymous_5)
FN:64,(anonymous_6)
FN:65,(anonymous_7)
FN:83,(anonymous_8)
FN:87,remove
FN:102,reduce
FN:106,(anonymous_11)
FN:112,(anonymous_12)
FN:114,(anonymous_13)
FN:116,(anonymous_14)
FN:128,(anonymous_15)
FN:133,(anonymous_16)
FN:135,(anonymous_17)
FN:139,(anonymous_18)
FN:146,(anonymous_19)
FN:150,(anonymous_20)
FN:166,(anonymous_21)
FN:184,(anonymous_22)
FN:186,(anonymous_23)
FN:189,(anonymous_24)
FN:192,(anonymous_25)
FN:194,(anonymous_26)
FN:208,(anonymous_27)
FN:210,(anonymous_28)
FNF:28
FNH:26
FNDA:4,Dependency
FNDA:22,(anonymous_2)
FNDA:0,(anonymous_3)
FNDA:5,(anonymous_4)
FNDA:8,(anonymous_5)
FNDA:8,(anonymous_6)
FNDA:3,(anonymous_7)
FNDA:6,(anonymous_8)
FNDA:0,remove
FNDA:11,reduce
FNDA:28,(anonymous_11)
FNDA:57,(anonymous_12)
FNDA:29,(anonymous_13)
FNDA:29,(anonymous_14)
FNDA:29,(anonymous_15)
FNDA:23,(anonymous_16)
FNDA:9,(anonymous_17)
FNDA:6,(anonymous_18)
FNDA:23,(anonymous_19)
FNDA:7,(anonymous_20)
FNDA:23,(anonymous_21)
FNDA:11,(anonymous_22)
FNDA:11,(anonymous_23)
FNDA:14,(anonymous_24)
FNDA:3,(anonymous_25)
FNDA:3,(anonymous_26)
FNDA:11,(anonymous_27)
FNDA:11,(anonymous_28)
DA:1,1
DA:2,1
DA:3,1
DA:5,1
DA:6,1
DA:7,1
DA:8,1
DA:9,1
DA:11,1
DA:12,4
DA:13,4
DA:15,4
DA:17,4
DA:18,4
DA:19,4
DA:20,4
DA:21,4
DA:23,4
DA:26,1
DA:27,1
DA:28,1
DA:29,1
DA:30,1
DA:32,1
DA:33,1
DA:34,1
DA:35,22
DA:37,11
DA:39,11
DA:41,0
DA:45,1
DA:46,1
DA:47,1
DA:48,1
DA:49,5
DA:50,5
DA:51,0
DA:53,5
DA:54,8
DA:55,2
DA:57,6
DA:62,5
DA:64,1
DA:65,8
DA:66,3
DA:67,0
DA:70,8
DA:72,1
DA:73,1
DA:75,7
DA:76,7
DA:78,0
DA:81,8
DA:83,1
DA:84,6
DA:87,1
DA:88,0
DA:89,0
DA:91,0
DA:92,0
DA:94,0
DA:95,0
DA:99,0
DA:102,1
DA:103,11
DA:104,11
DA:106,11
DA:107,28
DA:108,28
DA:109,0
DA:111,28
DA:112,28
DA:113,57
DA:114,29
DA:115,29
DA:117,29
DA:118,29
DA:119,29
DA:122,28
DA:125,28
DA:128,11
DA:129,29
DA:130,29
DA:131,29
DA:132,29
DA:133,23
DA:134,23
DA:135,6
DA:136,9
DA:138,6
DA:139,6
DA:140,6
DA:142,6
DA:144,17
DA:147,23
DA:148,23
DA:149,6
DA:150,6
DA:151,7
DA:152,4
DA:153,4
DA:157,23
DA:158,21
DA:159,21
DA:161,0
DA:164,2
DA:167,23
DA:168,0
DA:170,23
DA:171,23
DA:172,23
DA:175,6
DA:179,11
DA:184,11
DA:185,11
DA:187,11
DA:188,11
DA:189,11
DA:190,14
DA:191,3
DA:192,3
DA:193,3
DA:195,3
DA:196,3
DA:197,3
DA:200,0
DA:201,0
DA:204,11
DA:207,11
DA:209,11
DA:211,11
DA:212,11
DA:216,1
LF:133
LH:117
BRDA:35,1,0,11
BRDA:35,1,1,11
BRDA:35,1,2,0
BRDA:50,2,0,0
BRDA:50,2,1,5
BRDA:54,3,0,2
BRDA:54,3,1,6
BRDA:66,4,0,0
BRDA:66,4,1,3
BRDA:66,5,0,3
BRDA:66,5,1,3
BRDA:70,6,0,1
BRDA:70,6,1,7
BRDA:70,6,2,0
BRDA:88,7,0,0
BRDA:88,7,1,0
BRDA:88,8,0,0
BRDA:88,8,1,0
BRDA:91,9,0,0
BRDA:91,9,1,0
BRDA:91,10,0,0
BRDA:91,10,1,0
BRDA:94,11,0,0
BRDA:94,11,1,0
BRDA:94,12,0,0
BRDA:94,12,1,0
BRDA:104,13,0,11
BRDA:104,13,1,4
BRDA:108,14,0,0
BRDA:108,14,1,28
BRDA:113,15,0,29
BRDA:113,15,1,28
BRDA:132,16,0,23
BRDA:132,16,1,6
BRDA:134,17,0,6
BRDA:134,17,1,17
BRDA:148,18,0,6
BRDA:148,18,1,17
BRDA:151,19,0,4
BRDA:151,19,1,3
BRDA:157,20,0,21
BRDA:157,20,1,2
BRDA:158,21,0,21
BRDA:158,21,1,0
BRDA:167,22,0,0
BRDA:167,22,1,23
BRDA:190,23,0,3
BRDA:190,23,1,11
BRDA:191,24,0,3
BRDA:191,24,1,0
BRF:50
BRH:30
end_of_record
TN:
SF:/home/katja/Dokumente/alo/lib/subscription/subscription.js
FN:19,Subscription
FN:46,(anonymous_2)
FN:47,(anonymous_3)
FN:51,(anonymous_4)
FN:54,(anonymous_5)
FN:57,(anonymous_6)
FN:64,(anonymous_7)
FN:78,(anonymous_8)
FN:81,(anonymous_9)
FN:83,(anonymous_10)
FN:88,(anonymous_11)
FN:96,(anonymous_12)
FN:99,(anonymous_13)
FN:101,(anonymous_14)
FN:118,(anonymous_15)
FN:122,(anonymous_16)
FN:141,createMember
FN:148,(anonymous_18)
FN:149,(anonymous_19)
FN:152,(anonymous_20)
FN:158,(anonymous_21)
FN:162,(anonymous_22)
FN:164,(anonymous_23)
FN:168,(anonymous_24)
FN:175,(anonymous_25)
FN:179,(anonymous_26)
FN:191,remember
FN:196,(anonymous_28)
FN:203,stop
FN:210,getStream
FN:214,getData
FN:218,createDependency
FN:227,(anonymous_33)
FN:235,(anonymous_34)
FNF:34
FNH:24
FNDA:3,Subscription
FNDA:3,(anonymous_2)
FNDA:0,(anonymous_3)
FNDA:0,(anonymous_4)
FNDA:0,(anonymous_5)
FNDA:0,(anonymous_6)
FNDA:3,(anonymous_7)
FNDA:3,(anonymous_8)
FNDA:6,(anonymous_9)
FNDA:18,(anonymous_10)
FNDA:6,(anonymous_11)
FNDA:6,(anonymous_12)
FNDA:3,(anonymous_13)
FNDA:3,(anonymous_14)
FNDA:6,(anonymous_15)
FNDA:6,(anonymous_16)
FNDA:2,createMember
FNDA:8,(anonymous_18)
FNDA:0,(anonymous_19)
FNDA:8,(anonymous_20)
FNDA:5,(anonymous_21)
FNDA:4,(anonymous_22)
FNDA:4,(anonymous_23)
FNDA:3,(anonymous_24)
FNDA:4,(anonymous_25)
FNDA:4,(anonymous_26)
FNDA:0,remember
FNDA:0,(anonymous_28)
FNDA:0,stop
FNDA:4,getStream
FNDA:4,getData
FNDA:1,createDependency
FNDA:0,(anonymous_33)
FNDA:0,(anonymous_34)
DA:1,1
DA:2,1
DA:3,1
DA:5,1
DA:6,1
DA:7,1
DA:19,1
DA:20,3
DA:22,3
DA:23,3
DA:24,3
DA:26,3
DA:31,3
DA:32,3
DA:33,3
DA:35,3
DA:37,3
DA:38,3
DA:39,3
DA:41,3
DA:45,1
DA:46,1
DA:47,1
DA:48,0
DA:49,0
DA:51,1
DA:52,0
DA:54,1
DA:55,0
DA:57,1
DA:58,0
DA:61,1
DA:62,1
DA:64,1
DA:65,3
DA:67,3
DA:68,0
DA:69,0
DA:71,3
DA:72,0
DA:73,0
DA:76,3
DA:77,3
DA:78,3
DA:79,3
DA:81,3
DA:82,6
DA:83,6
DA:84,18
DA:85,6
DA:88,6
DA:89,6
DA:90,6
DA:91,3
DA:95,3
DA:96,3
DA:97,6
DA:98,3
DA:99,3
DA:100,3
DA:102,3
DA:103,3
DA:104,3
DA:107,0
DA:108,0
DA:111,3
DA:114,3
DA:116,3
DA:119,6
DA:122,3
DA:123,6
DA:124,6
DA:128,5
DA:129,5
DA:134,1
DA:135,1
DA:137,1
DA:138,1
DA:139,1
DA:141,1
DA:142,2
DA:143,2
DA:145,2
DA:148,1
DA:149,8
DA:150,0
DA:152,8
DA:153,8
DA:154,8
DA:158,1
DA:159,5
DA:160,5
DA:161,4
DA:162,4
DA:163,4
DA:165,4
DA:166,4
DA:167,4
DA:168,4
DA:169,3
DA:171,4
DA:173,0
DA:176,4
DA:177,4
DA:180,4
DA:181,4
DA:183,4
DA:187,1
DA:188,1
DA:191,1
DA:192,0
DA:194,0
DA:196,0
DA:197,0
DA:200,0
DA:203,1
DA:204,0
DA:205,0
DA:207,0
DA:210,1
DA:211,4
DA:214,1
DA:215,4
DA:218,1
DA:219,1
DA:220,1
DA:222,1
DA:225,1
DA:226,1
DA:227,1
DA:228,0
DA:229,0
DA:231,0
DA:232,0
DA:234,0
DA:236,0
DA:241,1
LF:137
LH:110
BRDA:67,1,0,0
BRDA:67,1,1,3
BRDA:71,2,0,0
BRDA:71,2,1,3
BRDA:84,3,0,6
BRDA:84,3,1,12
BRDA:90,4,0,3
BRDA:90,4,1,3
BRDA:97,5,0,3
BRDA:97,5,1,3
BRDA:98,6,0,3
BRDA:98,6,1,0
BRDA:124,7,0,5
BRDA:124,7,1,1
BRDA:124,8,0,6
BRDA:124,8,1,3
BRDA:124,8,2,1
BRDA:124,8,3,2
BRDA:124,8,4,2
BRDA:160,9,0,4
BRDA:160,9,1,1
BRDA:165,10,0,4
BRDA:165,10,1,0
BRDA:176,11,0,4
BRDA:176,11,1,0
BRDA:228,12,0,0
BRDA:228,12,1,0
BRF:27
BRH:20
end_of_record
TN:
SF:/home/katja/Dokumente/alo/lib/member/member.js
FN:8,Member
FN:19,(anonymous_2)
FN:22,(anonymous_3)
FN:25,(anonymous_4)
FN:33,_call
FN:39,(anonymous_6)
FN:47,(anonymous_7)
FN:50,(anonymous_8)
FN:52,(anonymous_9)
FN:69,(anonymous_10)
FN:86,createDependency
FN:93,disable
FN:98,enable
FN:103,isEnabled
FN:107,getFunction
FN:111,setFunction
FN:121,stop
FNF:17
FNH:12
FNDA:2,Member
FNDA:2,(anonymous_2)
FNDA:0,(anonymous_3)
FNDA:0,(anonymous_4)
FNDA:3,_call
FNDA:3,(anonymous_6)
FNDA:4,(anonymous_7)
FNDA:2,(anonymous_8)
FNDA:2,(anonymous_9)
FNDA:3,(anonymous_10)
FNDA:1,createDependency
FNDA:0,disable
FNDA:0,enable
FNDA:3,isEnabled
FNDA:3,getFunction
FNDA:2,setFunction
FNDA:0,stop
DA:1,1
DA:2,1
DA:3,1
DA:5,1
DA:6,1
DA:8,1
DA:9,2
DA:10,2
DA:11,2
DA:12,2
DA:14,2
DA:15,2
DA:16,2
DA:18,1
DA:19,1
DA:20,2
DA:22,1
DA:23,0
DA:25,1
DA:26,0
DA:27,0
DA:30,1
DA:31,1
DA:33,1
DA:34,3
DA:36,3
DA:37,3
DA:38,3
DA:39,3
DA:40,3
DA:41,3
DA:42,2
DA:43,2
DA:47,2
DA:48,4
DA:49,2
DA:50,2
DA:51,2
DA:53,2
DA:54,2
DA:55,2
DA:58,0
DA:59,0
DA:62,2
DA:65,2
DA:67,1
DA:70,3
DA:71,3
DA:74,3
DA:75,3
DA:79,0
DA:80,0
DA:83,0
DA:86,1
DA:87,1
DA:88,1
DA:90,1
DA:93,1
DA:94,0
DA:95,0
DA:98,1
DA:99,0
DA:100,0
DA:103,1
DA:104,3
DA:107,1
DA:108,3
DA:111,1
DA:112,2
DA:113,0
DA:115,2
DA:118,2
DA:121,1
DA:122,0
DA:123,0
DA:125,0
DA:128,1
LF:77
LH:61
BRDA:36,1,0,3
BRDA:36,1,1,0
BRDA:38,2,0,3
BRDA:38,2,1,0
BRDA:41,3,0,2
BRDA:41,3,1,1
BRDA:48,4,0,2
BRDA:48,4,1,2
BRDA:49,5,0,2
BRDA:49,5,1,0
BRDA:71,6,0,3
BRDA:71,6,1,0
BRDA:71,7,0,3
BRDA:71,7,1,1
BRDA:71,7,2,1
BRDA:79,8,0,0
BRDA:79,8,1,0
BRDA:112,9,0,0
BRDA:112,9,1,2
BRF:19
BRH:12
end_of_record
