TN:
SF:/home/katja/Dokumente/alo/main/alo.full.dev.js
FNF:0
FNH:0
DA:1,1
DA:2,1
DA:3,1
DA:5,1
LF:4
LH:4
BRF:0
BRH:0
end_of_record
TN:
SF:/home/katja/Dokumente/alo/lib/alo.js
FN:1,Alo
FN:13,createSubscription
FN:20,isSubscription
FN:25,createDependency
FN:32,isDependency
FN:37,createMember
FN:44,isMember
FN:72,createReducer
FN:86,isReducer
FN:95,createStore
FN:110,isStore
FN:118,isMiddleware
FN:123,createMiddleware
FNF:13
FNH:13
FNDA:16,Alo
FNDA:12,createSubscription
FNDA:21,isSubscription
FNDA:4,createDependency
FNDA:16,isDependency
FNDA:3,createMember
FNDA:4,isMember
FNDA:13,createReducer
FNDA:25,isReducer
FNDA:17,createStore
FNDA:70,isStore
FNDA:15,isMiddleware
FNDA:5,createMiddleware
DA:1,1
DA:2,16
DA:9,16
DA:10,16
DA:13,1
DA:14,12
DA:15,12
DA:16,12
DA:17,12
DA:20,1
DA:21,21
DA:22,21
DA:25,1
DA:26,4
DA:27,4
DA:28,4
DA:29,4
DA:32,1
DA:33,16
DA:34,16
DA:37,1
DA:38,3
DA:39,3
DA:40,3
DA:41,3
DA:44,1
DA:45,4
DA:46,4
DA:72,1
DA:73,13
DA:74,13
DA:75,13
DA:76,13
DA:86,1
DA:87,25
DA:88,25
DA:95,1
DA:96,17
DA:97,17
DA:98,17
DA:99,17
DA:100,17
DA:110,1
DA:111,70
DA:112,70
DA:113,70
DA:114,70
DA:115,70
DA:118,1
DA:119,15
DA:120,15
DA:123,1
DA:124,5
DA:125,5
DA:126,5
DA:127,5
DA:130,1
LF:57
LH:57
BRDA:10,1,0,0
BRDA:10,1,1,16
BRDA:10,2,0,16
BRDA:10,2,1,0
BRDA:114,3,0,70
BRDA:114,3,1,0
BRDA:114,3,2,0
BRDA:115,4,0,70
BRDA:115,4,1,39
BRF:9
BRH:5
end_of_record
TN:
SF:/home/katja/Dokumente/alo/main/extend/addExtras.js
FN:1,addExtras
FNF:1
FNH:1
FNDA:2,addExtras
DA:1,1
DA:2,2
DA:11,2
DA:12,2
DA:15,1
LF:5
LH:5
BRF:0
BRH:0
end_of_record
TN:
SF:/home/katja/Dokumente/alo/main/extend/addDev.js
FN:1,addDev
FN:2,(anonymous_2)
FN:6,Alo
FN:10,createAlo
FNF:4
FNH:2
FNDA:2,addDev
FNDA:0,(anonymous_2)
FNDA:4,Alo
FNDA:0,createAlo
DA:1,1
DA:2,2
DA:3,0
DA:6,2
DA:7,4
DA:8,4
DA:9,4
DA:10,4
DA:11,0
DA:12,0
DA:13,0
DA:15,4
DA:17,2
DA:18,2
DA:19,2
DA:22,1
LF:16
LH:12
BRF:0
BRH:0
end_of_record
TN:
SF:/home/katja/Dokumente/alo/lib/extras/extras.js
FNF:0
FNH:0
DA:6,1
DA:11,1
DA:15,1
DA:17,1
LF:4
LH:4
BRF:0
BRH:0
end_of_record
TN:
SF:/home/katja/Dokumente/alo/lib/extras/reducers.js
FN:12,(anonymous_1)
FN:13,(anonymous_2)
FNF:2
FNH:2
FNDA:2,(anonymous_1)
FNDA:2,(anonymous_2)
DA:1,1
DA:2,1
DA:3,1
DA:5,1
DA:12,1
DA:13,2
DA:14,2
DA:15,2
DA:16,2
DA:19,0
DA:22,2
DA:25,1
LF:12
LH:11
BRDA:14,1,0,2
BRDA:14,1,1,0
BRDA:14,2,0,2
BRDA:14,2,1,2
BRDA:14,2,2,0
BRDA:15,3,0,2
BRDA:15,3,1,0
BRF:7
BRH:4
end_of_record
TN:
SF:/home/katja/Dokumente/alo/lib/util/util.js
FN:7,(anonymous_1)
FN:178,createPromise
FN:186,createAlo
FN:193,createObjectRelation
FNF:4
FNH:3
FNDA:18,(anonymous_1)
FNDA:11,createPromise
FNDA:0,createAlo
FNDA:22,createObjectRelation
DA:7,1
DA:16,1
DA:18,1
DA:25,1
DA:32,1
DA:39,1
DA:46,1
DA:53,1
DA:55,1
DA:62,1
DA:69,1
DA:76,1
DA:78,1
DA:85,1
DA:87,1
DA:94,1
DA:96,1
DA:98,1
DA:104,1
DA:111,1
DA:118,1
DA:125,1
DA:132,1
DA:139,1
DA:146,1
DA:153,1
DA:160,1
DA:167,1
DA:174,1
DA:176,1
DA:178,1
DA:179,11
DA:186,1
DA:187,0
DA:188,0
DA:189,0
DA:190,0
DA:193,1
DA:194,22
DA:195,22
DA:196,22
DA:197,22
DA:200,1
LF:43
LH:39
BRF:0
BRH:0
end_of_record
TN:
SF:/home/katja/Dokumente/alo/lib/extras/middlewares.js
FN:10,createThunk
FN:11,(anonymous_2)
FN:14,(anonymous_3)
FN:17,(anonymous_4)
FN:19,(anonymous_5)
FNF:5
FNH:5
FNDA:1,createThunk
FNDA:1,(anonymous_2)
FNDA:2,(anonymous_3)
FNDA:2,(anonymous_4)
FNDA:2,(anonymous_5)
DA:1,1
DA:2,1
DA:3,1
DA:8,1
DA:10,1
DA:11,1
DA:12,1
DA:13,1
DA:14,1
DA:15,2
DA:16,2
DA:17,2
DA:18,2
DA:20,2
DA:21,1
DA:22,1
DA:24,1
DA:25,1
DA:30,1
DA:31,1
DA:33,0
DA:34,0
DA:38,1
DA:41,1
LF:24
LH:22
BRDA:20,1,0,1
BRDA:20,1,1,1
BRDA:30,2,0,1
BRDA:30,2,1,0
BRF:4
BRH:3
end_of_record
TN:
SF:/home/katja/Dokumente/alo/main/alo.full.js
FNF:0
FNH:0
DA:1,1
DA:2,1
DA:4,1
LF:3
LH:3
BRF:0
BRH:0
end_of_record
TN:
SF:/home/katja/Dokumente/alo/main/alo.js
FNF:0
FNH:0
DA:1,1
LF:1
LH:1
BRF:0
BRH:0
end_of_record
TN:
SF:/home/katja/Dokumente/alo/main/alo.dev.js
FNF:0
FNH:0
DA:1,1
DA:2,1
DA:4,1
LF:3
LH:3
BRF:0
BRH:0
end_of_record
TN:
SF:/home/katja/Dokumente/alo/lib/store/store.js
FN:17,Store
FN:174,createReducer
FN:181,mapState
FN:189,mapData
FN:197,mapStream
FN:210,getStream
FN:220,getData
FN:224,getState
FN:228,createComputedProperty
FN:235,createSubscription
FN:250,(anonymous_11)
FN:254,(anonymous_12)
FN:265,(anonymous_13)
FN:272,(anonymous_14)
FN:274,(anonymous_15)
FN:284,(anonymous_16)
FN:294,(anonymous_17)
FN:306,(anonymous_18)
FN:313,(anonymous_19)
FN:316,(anonymous_20)
FN:318,(anonymous_21)
FN:335,(anonymous_22)
FNF:22
FNH:19
FNDA:17,Store
FNDA:4,createReducer
FNDA:0,mapState
FNDA:0,mapData
FNDA:0,mapStream
FNDA:35,getStream
FNDA:14,getData
FNDA:4,getState
FNDA:1,createComputedProperty
FNDA:11,createSubscription
FNDA:10,(anonymous_11)
FNDA:10,(anonymous_12)
FNDA:10,(anonymous_13)
FNDA:2,(anonymous_14)
FNDA:2,(anonymous_15)
FNDA:10,(anonymous_16)
FNDA:9,(anonymous_17)
FNDA:10,(anonymous_18)
FNDA:6,(anonymous_19)
FNDA:3,(anonymous_20)
FNDA:3,(anonymous_21)
FNDA:10,(anonymous_22)
DA:1,1
DA:2,1
DA:3,1
DA:5,1
DA:6,1
DA:7,1
DA:8,1
DA:17,1
DA:18,17
DA:19,10
DA:21,17
DA:35,17
DA:36,17
DA:37,2
DA:38,2
DA:39,2
DA:46,17
DA:51,17
DA:56,17
DA:61,17
DA:63,17
DA:65,17
DA:66,17
DA:67,17
DA:68,17
DA:80,1
DA:88,1
DA:98,1
DA:108,1
DA:118,1
DA:126,1
DA:136,1
DA:143,1
DA:150,1
DA:157,1
DA:159,1
DA:160,1
DA:161,1
DA:162,1
DA:174,1
DA:175,4
DA:176,4
DA:178,4
DA:181,1
DA:182,0
DA:183,0
DA:185,0
DA:189,1
DA:190,0
DA:191,0
DA:193,0
DA:197,1
DA:198,0
DA:199,0
DA:201,0
DA:210,1
DA:212,35
DA:220,1
DA:221,14
DA:224,1
DA:225,4
DA:228,1
DA:229,1
DA:230,1
DA:232,1
DA:235,1
DA:236,11
DA:237,11
DA:238,11
DA:240,1
DA:250,1
DA:251,10
DA:252,10
DA:254,10
DA:256,10
DA:257,6
DA:259,10
DA:260,5
DA:262,10
DA:265,10
DA:269,10
DA:270,10
DA:271,2
DA:272,2
DA:273,2
DA:275,2
DA:276,2
DA:278,0
DA:282,8
DA:288,10
DA:289,0
DA:291,10
DA:292,10
DA:293,10
DA:294,10
DA:295,9
DA:296,9
DA:300,10
DA:306,10
DA:310,10
DA:311,10
DA:312,3
DA:313,3
DA:314,6
DA:315,3
DA:316,3
DA:317,3
DA:319,3
DA:320,3
DA:321,3
DA:324,0
DA:325,0
DA:328,3
DA:331,3
DA:333,7
DA:337,10
DA:338,10
DA:374,1
LF:118
LH:105
BRDA:18,1,0,10
BRDA:18,1,1,7
BRDA:18,2,0,17
BRDA:18,2,1,7
BRDA:36,3,0,2
BRDA:36,3,1,15
BRDA:38,4,0,2
BRDA:38,4,1,0
BRDA:182,5,0,0
BRDA:182,5,1,0
BRDA:190,6,0,0
BRDA:190,6,1,0
BRDA:198,7,0,0
BRDA:198,7,1,0
BRDA:256,8,0,6
BRDA:256,8,1,4
BRDA:259,9,0,5
BRDA:259,9,1,5
BRDA:270,10,0,2
BRDA:270,10,1,8
BRDA:270,11,0,10
BRDA:270,11,1,2
BRDA:275,12,0,2
BRDA:275,12,1,0
BRDA:288,13,0,0
BRDA:288,13,1,10
BRDA:295,14,0,9
BRDA:295,14,1,0
BRDA:311,15,0,3
BRDA:311,15,1,7
BRDA:314,16,0,3
BRDA:314,16,1,3
BRDA:315,17,0,3
BRDA:315,17,1,0
BRF:34
BRH:23
end_of_record
TN:
SF:/home/katja/Dokumente/alo/lib/util/object-relation.js
FN:26,(anonymous_1)
FN:33,ObjectRelation
FN:37,(anonymous_3)
FN:50,(anonymous_4)
FN:66,(anonymous_5)
FN:75,(anonymous_6)
FN:77,(anonymous_7)
FN:78,(anonymous_8)
FN:82,(anonymous_9)
FN:86,(anonymous_10)
FN:93,(anonymous_11)
FN:102,getId
FN:108,(anonymous_13)
FN:115,(anonymous_14)
FN:121,(anonymous_15)
FN:135,(anonymous_16)
FN:157,(anonymous_17)
FN:160,(anonymous_18)
FN:166,(anonymous_19)
FN:174,(anonymous_20)
FN:192,(anonymous_21)
FN:200,(anonymous_22)
FN:203,(anonymous_23)
FN:210,(anonymous_24)
FN:214,(anonymous_25)
FN:229,(anonymous_26)
FN:255,(anonymous_27)
FN:261,(anonymous_28)
FNF:28
FNH:24
FNDA:264,(anonymous_1)
FNDA:22,ObjectRelation
FNDA:22,(anonymous_3)
FNDA:154,(anonymous_4)
FNDA:188,(anonymous_5)
FNDA:24,(anonymous_6)
FNDA:162,(anonymous_7)
FNDA:354,(anonymous_8)
FNDA:0,(anonymous_9)
FNDA:11,(anonymous_10)
FNDA:162,(anonymous_11)
FNDA:105,getId
FNDA:100,(anonymous_13)
FNDA:33,(anonymous_14)
FNDA:33,(anonymous_15)
FNDA:70,(anonymous_16)
FNDA:1,(anonymous_17)
FNDA:3,(anonymous_18)
FNDA:0,(anonymous_19)
FNDA:1,(anonymous_20)
FNDA:0,(anonymous_21)
FNDA:1,(anonymous_22)
FNDA:1,(anonymous_23)
FNDA:4,(anonymous_24)
FNDA:9,(anonymous_25)
FNDA:1,(anonymous_26)
FNDA:0,(anonymous_27)
FNDA:2,(anonymous_28)
DA:1,1
DA:2,1
DA:4,1
DA:26,1
DA:27,264
DA:28,264
DA:29,264
DA:30,264
DA:33,1
DA:34,22
DA:36,1
DA:37,1
DA:38,22
DA:39,22
DA:40,0
DA:42,22
DA:43,22
DA:44,22
DA:45,22
DA:46,22
DA:47,22
DA:49,22
DA:50,22
DA:51,154
DA:55,154
DA:56,132
DA:57,132
DA:66,1
DA:67,188
DA:68,56
DA:69,56
DA:71,188
DA:72,188
DA:75,1
DA:76,24
DA:77,24
DA:78,162
DA:79,354
DA:80,354
DA:81,354
DA:82,354
DA:83,0
DA:85,354
DA:86,354
DA:87,11
DA:89,354
DA:93,24
DA:94,162
DA:95,162
DA:96,132
DA:98,162
DA:102,1
DA:103,105
DA:106,1
DA:107,1
DA:108,1
DA:109,100
DA:111,100
DA:112,11
DA:114,89
DA:115,89
DA:116,33
DA:118,89
DA:121,1
DA:122,33
DA:123,0
DA:125,33
DA:126,33
DA:128,0
DA:133,1
DA:134,1
DA:135,1
DA:136,70
DA:137,0
DA:139,70
DA:140,70
DA:141,0
DA:143,70
DA:144,35
DA:146,70
DA:147,70
DA:148,0
DA:150,70
DA:155,70
DA:157,1
DA:158,1
DA:160,1
DA:161,3
DA:164,1
DA:166,1
DA:167,0
DA:169,0
DA:172,1
DA:173,1
DA:174,1
DA:175,1
DA:176,0
DA:178,1
DA:179,1
DA:180,0
DA:183,1
DA:184,1
DA:185,1
DA:186,1
DA:190,1
DA:192,1
DA:193,0
DA:194,0
DA:196,0
DA:197,0
DA:200,1
DA:201,1
DA:203,1
DA:204,1
DA:207,1
DA:210,1
DA:211,4
DA:214,1
DA:215,9
DA:217,9
DA:218,5
DA:219,4
DA:220,0
DA:222,4
DA:225,9
DA:227,1
DA:229,1
DA:230,1
DA:231,0
DA:233,1
DA:235,1
DA:236,0
DA:237,1
DA:238,0
DA:240,1
DA:243,1
DA:244,1
DA:245,1
DA:246,1
DA:249,1
DA:253,1
DA:254,1
DA:255,1
DA:256,0
DA:259,1
DA:260,1
DA:261,1
DA:262,2
DA:265,1
LF:149
LH:129
BRDA:39,1,0,0
BRDA:39,1,1,22
BRDA:39,2,0,22
BRDA:39,2,1,22
BRDA:55,3,0,132
BRDA:55,3,1,22
BRDA:67,4,0,56
BRDA:67,4,1,132
BRDA:67,5,0,188
BRDA:67,5,1,148
BRDA:95,6,0,132
BRDA:95,6,1,30
BRDA:95,7,0,162
BRDA:95,7,1,132
BRDA:111,8,0,11
BRDA:111,8,1,89
BRDA:122,9,0,0
BRDA:122,9,1,33
BRDA:125,10,0,33
BRDA:125,10,1,0
BRDA:136,11,0,0
BRDA:136,11,1,70
BRDA:140,12,0,0
BRDA:140,12,1,70
BRDA:140,13,0,70
BRDA:140,13,1,70
BRDA:143,14,0,35
BRDA:143,14,1,35
BRDA:147,15,0,0
BRDA:147,15,1,70
BRDA:175,16,0,0
BRDA:175,16,1,1
BRDA:178,17,0,1
BRDA:178,17,1,0
BRDA:178,18,0,1
BRDA:178,18,1,1
BRDA:179,19,0,0
BRDA:179,19,1,1
BRDA:185,20,0,1
BRDA:185,20,1,0
BRDA:193,21,0,0
BRDA:193,21,1,0
BRDA:217,22,0,5
BRDA:217,22,1,4
BRDA:217,23,0,9
BRDA:217,23,1,4
BRDA:219,24,0,0
BRDA:219,24,1,4
BRDA:230,25,0,0
BRDA:230,25,1,1
BRDA:235,26,0,0
BRDA:235,26,1,1
BRDA:235,27,0,1
BRDA:235,27,1,1
BRDA:237,28,0,0
BRDA:237,28,1,1
BRDA:244,29,0,1
BRDA:244,29,1,0
BRDA:244,30,0,1
BRDA:244,30,1,1
BRF:60
BRH:43
end_of_record
TN:
SF:/home/katja/Dokumente/alo/lib/reducer/reducer.js
FN:19,Reducer
FN:64,(anonymous_2)
FN:65,(anonymous_3)
FN:68,(anonymous_4)
FN:71,(anonymous_5)
FN:75,(anonymous_6)
FN:79,(anonymous_7)
FN:121,(anonymous_8)
FN:139,reduce
FN:145,(anonymous_10)
FN:162,disable
FN:173,enable
FN:179,isEnabled
FN:188,stop
FNF:14
FNH:6
FNDA:13,Reducer
FNDA:5,(anonymous_2)
FNDA:7,(anonymous_3)
FNDA:1,(anonymous_4)
FNDA:0,(anonymous_5)
FNDA:0,(anonymous_6)
FNDA:0,(anonymous_7)
FNDA:0,(anonymous_8)
FNDA:9,reduce
FNDA:0,(anonymous_10)
FNDA:0,disable
FNDA:0,enable
FNDA:9,isEnabled
FNDA:0,stop
DA:1,1
DA:2,1
DA:4,1
DA:5,1
DA:7,1
DA:9,1
DA:10,1
DA:11,1
DA:19,1
DA:27,13
DA:36,13
DA:45,13
DA:54,13
DA:56,13
DA:57,13
DA:58,13
DA:59,13
DA:61,13
DA:63,1
DA:64,1
DA:65,1
DA:66,7
DA:68,1
DA:69,1
DA:71,1
DA:72,0
DA:73,0
DA:75,1
DA:76,0
DA:77,0
DA:79,1
DA:80,0
DA:81,0
DA:82,0
DA:90,1
DA:102,1
DA:114,1
DA:116,1
DA:117,1
DA:118,1
DA:119,1
DA:121,1
DA:122,0
DA:123,0
DA:125,0
DA:139,1
DA:140,9
DA:141,9
DA:142,9
DA:143,7
DA:145,9
DA:146,0
DA:148,9
DA:149,9
DA:150,0
DA:154,9
DA:162,1
DA:163,0
DA:165,0
DA:173,1
DA:174,0
DA:176,0
DA:179,1
DA:180,9
DA:188,1
DA:189,0
DA:190,0
DA:191,0
DA:194,1
LF:69
LH:50
BRDA:140,1,0,9
BRDA:140,1,1,0
BRDA:142,2,0,7
BRDA:142,2,1,2
BRDA:149,3,0,0
BRDA:149,3,1,9
BRF:6
BRH:4
end_of_record
TN:
SF:/home/katja/Dokumente/alo/lib/util/customizer.js
FN:14,(anonymous_1)
FN:20,(anonymous_2)
FN:27,(anonymous_3)
FN:29,(anonymous_4)
FN:34,(anonymous_5)
FN:43,(anonymous_6)
FN:53,(anonymous_7)
FN:60,(anonymous_8)
FN:73,(anonymous_9)
FN:81,(anonymous_10)
FN:99,(anonymous_11)
FNF:11
FNH:9
FNDA:2,(anonymous_1)
FNDA:8,(anonymous_2)
FNDA:23,(anonymous_3)
FNDA:46,(anonymous_4)
FNDA:2,(anonymous_5)
FNDA:14,(anonymous_6)
FNDA:0,(anonymous_7)
FNDA:0,(anonymous_8)
FNDA:28,(anonymous_9)
FNDA:28,(anonymous_10)
FNDA:7,(anonymous_11)
DA:1,1
DA:2,1
DA:3,1
DA:5,1
DA:12,1
DA:14,1
DA:15,2
DA:17,2
DA:19,2
DA:20,2
DA:21,8
DA:27,1
DA:28,23
DA:29,23
DA:30,46
DA:34,1
DA:35,2
DA:41,1
DA:42,1
DA:43,1
DA:44,14
DA:45,0
DA:47,14
DA:50,14
DA:53,1
DA:54,0
DA:56,0
DA:57,0
DA:59,0
DA:60,0
DA:61,0
DA:64,0
DA:68,0
DA:71,1
DA:72,1
DA:73,1
DA:74,28
DA:75,0
DA:77,28
DA:81,1
DA:82,28
DA:83,0
DA:85,28
DA:86,28
DA:87,12
DA:89,16
DA:94,16
DA:95,0
DA:97,16
DA:98,16
DA:99,7
DA:100,7
DA:103,9
DA:109,1
LF:54
LH:42
BRDA:44,1,0,0
BRDA:44,1,1,14
BRDA:56,2,0,0
BRDA:56,2,1,0
BRDA:56,3,0,0
BRDA:56,3,1,0
BRDA:59,4,0,0
BRDA:59,4,1,0
BRDA:74,5,0,0
BRDA:74,5,1,28
BRDA:82,6,0,0
BRDA:82,6,1,28
BRDA:86,7,0,12
BRDA:86,7,1,16
BRDA:94,8,0,0
BRDA:94,8,1,16
BRDA:98,9,0,7
BRDA:98,9,1,9
BRF:18
BRH:8
end_of_record
TN:
SF:/home/katja/Dokumente/alo/lib/middleware/middleware.js
FN:12,Middleware
FN:22,(anonymous_2)
FN:23,(anonymous_3)
FN:26,(anonymous_4)
FN:29,(anonymous_5)
FN:33,(anonymous_6)
FN:37,(anonymous_7)
FN:48,createMiddleware
FN:58,meddleRecursive
FN:70,(anonymous_10)
FN:76,(anonymous_11)
FN:90,meddle
FN:96,(anonymous_13)
FN:107,(anonymous_14)
FN:112,(anonymous_15)
FN:114,(anonymous_16)
FN:117,(anonymous_17)
FN:119,(anonymous_18)
FN:123,(anonymous_19)
FN:125,(anonymous_20)
FNF:20
FNH:16
FNDA:5,Middleware
FNDA:3,(anonymous_2)
FNDA:2,(anonymous_3)
FNDA:0,(anonymous_4)
FNDA:0,(anonymous_5)
FNDA:0,(anonymous_6)
FNDA:0,(anonymous_7)
FNDA:1,createMiddleware
FNDA:12,meddleRecursive
FNDA:5,(anonymous_10)
FNDA:5,(anonymous_11)
FNDA:5,meddle
FNDA:15,(anonymous_13)
FNDA:5,(anonymous_14)
FNDA:5,(anonymous_15)
FNDA:5,(anonymous_16)
FNDA:5,(anonymous_17)
FNDA:5,(anonymous_18)
FNDA:5,(anonymous_19)
FNDA:5,(anonymous_20)
DA:1,1
DA:2,1
DA:4,1
DA:5,1
DA:7,1
DA:8,1
DA:9,1
DA:10,1
DA:12,1
DA:13,5
DA:14,5
DA:15,5
DA:16,5
DA:17,5
DA:19,5
DA:21,1
DA:22,1
DA:23,1
DA:24,2
DA:26,1
DA:27,0
DA:29,1
DA:30,0
DA:31,0
DA:33,1
DA:34,0
DA:35,0
DA:37,1
DA:38,0
DA:39,0
DA:40,0
DA:43,1
DA:44,1
DA:45,1
DA:46,1
DA:48,1
DA:49,1
DA:50,1
DA:52,1
DA:58,1
DA:59,12
DA:60,12
DA:62,12
DA:64,12
DA:65,0
DA:66,12
DA:68,7
DA:70,5
DA:71,5
DA:72,5
DA:74,0
DA:77,5
DA:78,5
DA:79,0
DA:81,5
DA:83,5
DA:84,5
DA:85,5
DA:90,1
DA:91,5
DA:92,5
DA:93,5
DA:94,5
DA:96,5
DA:97,15
DA:98,4
DA:99,11
DA:100,1
DA:102,15
DA:104,15
DA:107,5
DA:108,5
DA:109,5
DA:110,5
DA:111,5
DA:113,5
DA:115,5
DA:116,5
DA:118,5
DA:120,5
DA:121,5
DA:122,5
DA:124,5
DA:126,5
DA:129,1
LF:85
LH:74
BRDA:64,1,0,0
BRDA:64,1,1,12
BRDA:66,2,0,7
BRDA:66,2,1,5
BRDA:71,3,0,5
BRDA:71,3,1,0
BRDA:78,4,0,0
BRDA:78,4,1,5
BRDA:97,5,0,4
BRDA:97,5,1,11
BRDA:99,6,0,1
BRDA:99,6,1,10
BRF:12
BRH:9
end_of_record
TN:
SF:/home/katja/Dokumente/alo/lib/subscription/subscription.js
FN:19,Subscription
FN:45,(anonymous_2)
FN:46,(anonymous_3)
FN:50,(anonymous_4)
FN:53,(anonymous_5)
FN:56,(anonymous_6)
FN:63,(anonymous_7)
FN:77,(anonymous_8)
FN:80,(anonymous_9)
FN:82,(anonymous_10)
FN:87,(anonymous_11)
FN:98,(anonymous_12)
FN:102,(anonymous_13)
FN:121,createMember
FN:128,(anonymous_15)
FN:129,(anonymous_16)
FN:132,(anonymous_17)
FN:138,(anonymous_18)
FN:142,(anonymous_19)
FN:144,(anonymous_20)
FN:149,(anonymous_21)
FN:156,(anonymous_22)
FN:161,(anonymous_23)
FN:173,remember
FN:178,(anonymous_25)
FN:185,stop
FN:192,getStream
FN:196,getData
FN:200,createDependency
FN:209,(anonymous_30)
FN:217,(anonymous_31)
FNF:31
FNH:22
FNDA:12,Subscription
FNDA:11,(anonymous_2)
FNDA:0,(anonymous_3)
FNDA:0,(anonymous_4)
FNDA:0,(anonymous_5)
FNDA:1,(anonymous_6)
FNDA:11,(anonymous_7)
FNDA:11,(anonymous_8)
FNDA:15,(anonymous_9)
FNDA:45,(anonymous_10)
FNDA:15,(anonymous_11)
FNDA:15,(anonymous_12)
FNDA:15,(anonymous_13)
FNDA:3,createMember
FNDA:26,(anonymous_15)
FNDA:0,(anonymous_16)
FNDA:26,(anonymous_17)
FNDA:13,(anonymous_18)
FNDA:13,(anonymous_19)
FNDA:13,(anonymous_20)
FNDA:5,(anonymous_21)
FNDA:13,(anonymous_22)
FNDA:13,(anonymous_23)
FNDA:0,remember
FNDA:0,(anonymous_25)
FNDA:0,stop
FNDA:13,getStream
FNDA:13,getData
FNDA:1,createDependency
FNDA:0,(anonymous_30)
FNDA:0,(anonymous_31)
DA:1,1
DA:2,1
DA:3,1
DA:5,1
DA:6,1
DA:7,1
DA:19,1
DA:20,12
DA:22,12
DA:23,12
DA:24,12
DA:26,12
DA:31,12
DA:32,12
DA:33,12
DA:35,12
DA:37,12
DA:38,12
DA:39,12
DA:41,12
DA:44,1
DA:45,1
DA:46,1
DA:47,0
DA:48,0
DA:50,1
DA:51,0
DA:53,1
DA:54,0
DA:56,1
DA:57,1
DA:60,1
DA:61,1
DA:63,1
DA:64,11
DA:66,11
DA:67,0
DA:68,0
DA:70,11
DA:71,0
DA:72,0
DA:75,11
DA:76,11
DA:77,11
DA:78,11
DA:80,11
DA:81,15
DA:82,15
DA:83,45
DA:84,15
DA:87,15
DA:88,15
DA:89,15
DA:90,3
DA:94,3
DA:96,12
DA:99,15
DA:102,11
DA:103,15
DA:104,15
DA:108,13
DA:109,13
DA:114,1
DA:115,1
DA:117,1
DA:118,1
DA:119,1
DA:121,1
DA:122,3
DA:123,3
DA:125,3
DA:128,1
DA:129,26
DA:130,0
DA:132,26
DA:133,26
DA:134,26
DA:138,1
DA:139,13
DA:140,13
DA:141,13
DA:142,13
DA:143,13
DA:145,13
DA:146,13
DA:147,13
DA:148,13
DA:149,13
DA:150,5
DA:152,13
DA:154,0
DA:157,13
DA:158,13
DA:159,13
DA:162,13
DA:163,13
DA:165,13
DA:169,1
DA:170,1
DA:173,1
DA:174,0
DA:176,0
DA:178,0
DA:179,0
DA:182,0
DA:185,1
DA:186,0
DA:187,0
DA:189,0
DA:192,1
DA:193,13
DA:196,1
DA:197,13
DA:200,1
DA:201,1
DA:202,1
DA:204,1
DA:207,1
DA:208,1
DA:209,1
DA:210,0
DA:211,0
DA:213,0
DA:214,0
DA:216,0
DA:218,0
DA:223,1
LF:127
LH:103
BRDA:66,1,0,0
BRDA:66,1,1,11
BRDA:70,2,0,0
BRDA:70,2,1,11
BRDA:83,3,0,15
BRDA:83,3,1,30
BRDA:89,4,0,3
BRDA:89,4,1,12
BRDA:104,5,0,13
BRDA:104,5,1,2
BRDA:104,6,0,15
BRDA:104,6,1,4
BRDA:104,6,2,2
BRDA:104,6,3,3
BRDA:104,6,4,2
BRDA:140,7,0,13
BRDA:140,7,1,0
BRDA:146,8,0,13
BRDA:146,8,1,0
BRDA:157,9,0,13
BRDA:157,9,1,0
BRDA:210,10,0,0
BRDA:210,10,1,0
BRF:23
BRH:16
end_of_record
TN:
SF:/home/katja/Dokumente/alo/lib/member/member.js
FN:8,Member
FN:19,(anonymous_2)
FN:22,(anonymous_3)
FN:25,(anonymous_4)
FN:33,_call
FN:38,(anonymous_6)
FN:49,(anonymous_7)
FN:64,createDependency
FN:71,disable
FN:76,enable
FN:81,isEnabled
FN:85,getFunction
FN:89,setFunction
FN:99,stop
FNF:14
FNH:9
FNDA:3,Member
FNDA:3,(anonymous_2)
FNDA:0,(anonymous_3)
FNDA:0,(anonymous_4)
FNDA:5,_call
FNDA:5,(anonymous_6)
FNDA:5,(anonymous_7)
FNDA:1,createDependency
FNDA:0,disable
FNDA:0,enable
FNDA:5,isEnabled
FNDA:5,getFunction
FNDA:3,setFunction
FNDA:0,stop
DA:1,1
DA:2,1
DA:3,1
DA:5,1
DA:6,1
DA:8,1
DA:9,3
DA:10,3
DA:11,3
DA:12,3
DA:14,3
DA:15,3
DA:16,3
DA:18,1
DA:19,1
DA:20,3
DA:22,1
DA:23,0
DA:25,1
DA:26,0
DA:27,0
DA:30,1
DA:31,1
DA:33,1
DA:34,5
DA:35,5
DA:36,5
DA:37,5
DA:38,5
DA:39,5
DA:40,5
DA:41,2
DA:45,2
DA:47,3
DA:50,5
DA:51,5
DA:55,5
DA:56,5
DA:61,0
DA:64,1
DA:65,1
DA:66,1
DA:68,1
DA:71,1
DA:72,0
DA:73,0
DA:76,1
DA:77,0
DA:78,0
DA:81,1
DA:82,5
DA:85,1
DA:86,5
DA:89,1
DA:90,3
DA:91,0
DA:93,3
DA:96,3
DA:99,1
DA:100,0
DA:101,0
DA:103,0
DA:106,1
LF:63
LH:51
BRDA:35,1,0,5
BRDA:35,1,1,0
BRDA:37,2,0,5
BRDA:37,2,1,0
BRDA:40,3,0,2
BRDA:40,3,1,3
BRDA:51,4,0,5
BRDA:51,4,1,0
BRDA:51,5,0,5
BRDA:51,5,1,2
BRDA:51,5,2,1
BRDA:51,5,3,1
BRDA:90,6,0,0
BRDA:90,6,1,3
BRF:14
BRH:10
end_of_record
TN:
SF:/home/katja/Dokumente/alo/lib/dependency/dependency.js
FN:11,Dependency
FN:34,(anonymous_2)
FN:47,(anonymous_3)
FN:48,(anonymous_4)
FN:53,(anonymous_5)
FN:64,(anonymous_6)
FN:65,(anonymous_7)
FN:83,(anonymous_8)
FN:87,remove
FN:102,reduceRecursive
FN:103,(anonymous_11)
FN:106,(anonymous_12)
FN:109,(anonymous_13)
FN:111,(anonymous_14)
FN:131,reduce
FN:135,(anonymous_16)
FN:141,(anonymous_17)
FN:143,(anonymous_18)
FN:145,(anonymous_19)
FN:157,(anonymous_20)
FN:162,(anonymous_21)
FN:164,(anonymous_22)
FN:168,(anonymous_23)
FN:175,(anonymous_24)
FN:179,(anonymous_25)
FN:195,(anonymous_26)
FN:213,(anonymous_27)
FN:215,(anonymous_28)
FN:218,(anonymous_29)
FN:221,(anonymous_30)
FN:223,(anonymous_31)
FN:237,(anonymous_32)
FN:239,(anonymous_33)
FNF:33
FNH:31
FNDA:4,Dependency
FNDA:22,(anonymous_2)
FNDA:0,(anonymous_3)
FNDA:5,(anonymous_4)
FNDA:8,(anonymous_5)
FNDA:8,(anonymous_6)
FNDA:3,(anonymous_7)
FNDA:6,(anonymous_8)
FNDA:0,remove
FNDA:5,reduceRecursive
FNDA:5,(anonymous_11)
FNDA:10,(anonymous_12)
FNDA:5,(anonymous_13)
FNDA:5,(anonymous_14)
FNDA:11,reduce
FNDA:28,(anonymous_16)
FNDA:57,(anonymous_17)
FNDA:29,(anonymous_18)
FNDA:29,(anonymous_19)
FNDA:29,(anonymous_20)
FNDA:23,(anonymous_21)
FNDA:9,(anonymous_22)
FNDA:6,(anonymous_23)
FNDA:23,(anonymous_24)
FNDA:7,(anonymous_25)
FNDA:23,(anonymous_26)
FNDA:11,(anonymous_27)
FNDA:11,(anonymous_28)
FNDA:14,(anonymous_29)
FNDA:3,(anonymous_30)
FNDA:3,(anonymous_31)
FNDA:11,(anonymous_32)
FNDA:11,(anonymous_33)
DA:1,1
DA:2,1
DA:3,1
DA:5,1
DA:6,1
DA:7,1
DA:8,1
DA:9,1
DA:11,1
DA:12,4
DA:13,4
DA:15,4
DA:17,4
DA:18,4
DA:19,4
DA:20,4
DA:21,4
DA:23,4
DA:26,1
DA:27,1
DA:28,1
DA:29,1
DA:30,1
DA:32,1
DA:33,1
DA:34,1
DA:35,22
DA:37,11
DA:39,11
DA:41,0
DA:45,1
DA:46,1
DA:47,1
DA:48,1
DA:49,5
DA:50,5
DA:51,0
DA:53,5
DA:54,8
DA:55,2
DA:57,6
DA:62,5
DA:64,1
DA:65,8
DA:66,3
DA:67,0
DA:70,8
DA:72,1
DA:73,1
DA:75,7
DA:76,7
DA:78,0
DA:81,8
DA:83,1
DA:84,6
DA:87,1
DA:88,0
DA:89,0
DA:91,0
DA:92,0
DA:94,0
DA:95,0
DA:99,0
DA:102,1
DA:103,5
DA:104,5
DA:105,5
DA:106,5
DA:107,10
DA:108,5
DA:109,5
DA:110,5
DA:112,5
DA:113,5
DA:114,5
DA:117,0
DA:118,0
DA:121,5
DA:124,5
DA:126,0
DA:131,1
DA:132,11
DA:133,11
DA:135,11
DA:136,28
DA:137,28
DA:138,0
DA:140,28
DA:141,28
DA:142,57
DA:143,29
DA:144,29
DA:146,29
DA:147,29
DA:148,29
DA:151,28
DA:154,28
DA:157,11
DA:158,29
DA:159,29
DA:160,29
DA:161,29
DA:162,23
DA:163,23
DA:164,6
DA:165,9
DA:167,6
DA:168,6
DA:169,6
DA:171,6
DA:173,17
DA:176,23
DA:177,23
DA:178,6
DA:179,6
DA:180,7
DA:181,4
DA:182,4
DA:186,23
DA:187,21
DA:188,21
DA:190,0
DA:193,2
DA:196,23
DA:197,0
DA:199,23
DA:200,23
DA:201,23
DA:204,6
DA:208,11
DA:213,11
DA:214,11
DA:216,11
DA:217,11
DA:218,11
DA:219,14
DA:220,3
DA:221,3
DA:222,3
DA:224,3
DA:225,3
DA:226,3
DA:229,0
DA:230,0
DA:233,11
DA:236,11
DA:238,11
DA:240,11
DA:241,11
DA:245,1
LF:150
LH:131
BRDA:35,1,0,11
BRDA:35,1,1,11
BRDA:35,1,2,0
BRDA:50,2,0,0
BRDA:50,2,1,5
BRDA:54,3,0,2
BRDA:54,3,1,6
BRDA:66,4,0,0
BRDA:66,4,1,3
BRDA:66,5,0,3
BRDA:66,5,1,3
BRDA:70,6,0,1
BRDA:70,6,1,7
BRDA:70,6,2,0
BRDA:88,7,0,0
BRDA:88,7,1,0
BRDA:88,8,0,0
BRDA:88,8,1,0
BRDA:91,9,0,0
BRDA:91,9,1,0
BRDA:91,10,0,0
BRDA:91,10,1,0
BRDA:94,11,0,0
BRDA:94,11,1,0
BRDA:94,12,0,0
BRDA:94,12,1,0
BRDA:104,13,0,5
BRDA:104,13,1,0
BRDA:107,14,0,5
BRDA:107,14,1,5
BRDA:108,15,0,5
BRDA:108,15,1,0
BRDA:133,16,0,11
BRDA:133,16,1,4
BRDA:137,17,0,0
BRDA:137,17,1,28
BRDA:142,18,0,29
BRDA:142,18,1,28
BRDA:161,19,0,23
BRDA:161,19,1,6
BRDA:163,20,0,6
BRDA:163,20,1,17
BRDA:177,21,0,6
BRDA:177,21,1,17
BRDA:180,22,0,4
BRDA:180,22,1,3
BRDA:186,23,0,21
BRDA:186,23,1,2
BRDA:187,24,0,21
BRDA:187,24,1,0
BRDA:196,25,0,0
BRDA:196,25,1,23
BRDA:219,26,0,3
BRDA:219,26,1,11
BRDA:220,27,0,3
BRDA:220,27,1,0
BRF:56
BRH:34
end_of_record
